              {
                "values": {
                  "TerminalSessionId": "1",
                  "ProcessGuid": "{C784477D-780A-63BA-FE0A-000000004A00}",
                  "ProcessId": "6268",
                  "Product": "WinRAR",
                  "Description": "Command line RAR",
                  "Company": "Alexander Roshal",
                  "ParentProcessGuid": "{C784477D-77DF-63BA-750A-000000004A00}",
                  "User": "DESKTOP-B0T93D6\\george",
                  "Hashes": "MD5=60D5648D35BACF5C7AA713B2A0D267D3,SHA256=4B16EA1B1273F8746CF399C71BFC1F5BFF7378B5414B4EA044C55E0EE08C89D3,IMPHASH=44D2677E8E5BFC0B36E493C644C96D3E",
                  "OriginalFileName": "-",
                  "ParentImage": "C:\\Users\\george\\Desktop\\WindowsComponentServices.exe",
                  "FileVersion": "6.2.0",
                  "ParentProcessId": "5336",
                  "CurrentDirectory": "C:\\Users\\george\\Desktop\\",
                  "CommandLine": "\"C:\\ProgramData\\Software Distributions\\WinRAR\\Rar.exe\" a -r -ep1 -df -v2500k -hpa0a5636cf3d7ffe197114b55d0e0d81a_d01247a1eaf1c24ffbc851e883e67f9b \"C:\\ProgramData\\Software Distributions\\DataSnap\\sysHistory_08-01-2023-00-00-10\" \"C:\\ProgramData\\Software Distributions\\DataSnap\\*.qfg\"",
                  "EventID": "1",
                  "LogonGuid": "C784477D-D3D5-63A4-962D-040000000000",
                  "LogonId": "273814",
                  "Image": "C:\\ProgramData\\Software Distributions\\WinRAR\\Rar.exe",
                  "IntegrityLevel": "High",
                  "ParentCommandLine": "\"C:\\Users\\george\\Desktop\\WindowsComponentServices.exe\" ",
                  "UtcTime": "1673164810",
                  "RuleName": "-"
                }
              },
              {
                "values": {
                  "TerminalSessionId": "1",
                  "ProcessGuid": "{C784477D-780B-63BA-000B-000000004A00}",
                  "ProcessId": "6996",
                  "Product": "WinRAR",
                  "Description": "Command line RAR",
                  "Company": "Alexander Roshal",
                  "ParentProcessGuid": "{C784477D-77D3-63BA-690A-000000004A00}",
                  "User": "DESKTOP-B0T93D6\\george",
                  "Hashes": "MD5=60D5648D35BACF5C7AA713B2A0D267D3,SHA256=4B16EA1B1273F8746CF399C71BFC1F5BFF7378B5414B4EA044C55E0EE08C89D3,IMPHASH=44D2677E8E5BFC0B36E493C644C96D3E",
                  "OriginalFileName": "-",
                  "ParentImage": "C:\\Users\\george\\Desktop\\WindowsComponentServices.exe",
                  "FileVersion": "6.2.0",
                  "ParentProcessId": "7144",
                  "CurrentDirectory": "C:\\Users\\george\\Desktop\\",
                  "CommandLine": "\"C:\\ProgramData\\Software Distributions\\WinRAR\\Rar.exe\" a -r -ep1 -df -v2500k -hpa0a5636cf3d7ffe197114b55d0e0d81a_d01247a1eaf1c24ffbc851e883e67f9b \"C:\\ProgramData\\Software Distributions\\DataSnap\\sysHistory_08-01-2023-00-00-11\" \"C:\\ProgramData\\Software Distributions\\DataSnap\\*.qfg\"",
                  "EventID": "1",
                  "LogonGuid": "C784477D-D3D5-63A4-962D-040000000000",
                  "LogonId": "273814",
                  "Image": "C:\\ProgramData\\Software Distributions\\WinRAR\\Rar.exe",
                  "IntegrityLevel": "High",
                  "ParentCommandLine": "\"C:\\Users\\george\\Desktop\\WindowsComponentServices.exe\"",
                  "UtcTime": "1673164811",
                  "RuleName": "-"
                }
              },
              {
                "values": {
                  "TerminalSessionId": "1",
                  "ProcessGuid": "{C784477D-780B-63BA-020B-000000004A00}",
                  "ProcessId": "3372",
                  "Product": "WinRAR",
                  "Description": "Command line RAR",
                  "Company": "Alexander Roshal",
                  "ParentProcessGuid": "{C784477D-77D3-63BA-690A-000000004A00}",
                  "User": "DESKTOP-B0T93D6\\george",
                  "Hashes": "MD5=60D5648D35BACF5C7AA713B2A0D267D3,SHA256=4B16EA1B1273F8746CF399C71BFC1F5BFF7378B5414B4EA044C55E0EE08C89D3,IMPHASH=44D2677E8E5BFC0B36E493C644C96D3E",
                  "OriginalFileName": "-",
                  "ParentImage": "C:\\Users\\george\\Desktop\\WindowsComponentServices.exe",
                  "FileVersion": "6.2.0",
                  "ParentProcessId": "7144",
                  "CurrentDirectory": "C:\\Users\\george\\Desktop\\",
                  "CommandLine": "\"C:\\ProgramData\\Software Distributions\\WinRAR\\Rar.exe\" a -r -ep1 -df -v2500k -hpa0a5636cf3d7ffe197114b55d0e0d81a_d01247a1eaf1c24ffbc851e883e67f9b \"C:\\ProgramData\\Software Distributions\\DataSnap\\sysHistory_08-01-2023-00-00-11\" \"C:\\ProgramData\\Software Distributions\\DataSnap\\*.qfg\"",
                  "EventID": "1",
                  "LogonGuid": "C784477D-D3D5-63A4-962D-040000000000",
                  "LogonId": "273814",
                  "Image": "C:\\ProgramData\\Software Distributions\\WinRAR\\Rar.exe",
                  "IntegrityLevel": "High",
                  "ParentCommandLine": "\"C:\\Users\\george\\Desktop\\WindowsComponentServices.exe\"",
                  "UtcTime": "1673164811",
                  "RuleName": "-"
                }
              },
              {
                "values": {
                  "TerminalSessionId": "1",
                  "ProcessGuid": "{C784477D-780B-63BA-040B-000000004A00}",
                  "ProcessId": "6536",
                  "Product": "WinRAR",
                  "Description": "Command line RAR",
                  "Company": "Alexander Roshal",
                  "ParentProcessGuid": "{C784477D-77DF-63BA-750A-000000004A00}",
                  "User": "DESKTOP-B0T93D6\\george",
                  "Hashes": "MD5=60D5648D35BACF5C7AA713B2A0D267D3,SHA256=4B16EA1B1273F8746CF399C71BFC1F5BFF7378B5414B4EA044C55E0EE08C89D3,IMPHASH=44D2677E8E5BFC0B36E493C644C96D3E",
                  "OriginalFileName": "-",
                  "ParentImage": "C:\\Users\\george\\Desktop\\WindowsComponentServices.exe",
                  "FileVersion": "6.2.0",
                  "ParentProcessId": "5336",
                  "CurrentDirectory": "C:\\Users\\george\\Desktop\\",
                  "CommandLine": "\"C:\\ProgramData\\Software Distributions\\WinRAR\\Rar.exe\" a -r -ep1 -df -v2500k -hpa0a5636cf3d7ffe197114b55d0e0d81a_d01247a1eaf1c24ffbc851e883e67f9b \"C:\\ProgramData\\Software Distributions\\DataSnap\\sysHistory_08-01-2023-00-00-11\" \"C:\\ProgramData\\Software Distributions\\DataSnap\\*.qfg\"",
                  "EventID": "1",
                  "LogonGuid": "C784477D-D3D5-63A4-962D-040000000000",
                  "LogonId": "273814",
                  "Image": "C:\\ProgramData\\Software Distributions\\WinRAR\\Rar.exe",
                  "IntegrityLevel": "High",
                  "ParentCommandLine": "\"C:\\Users\\george\\Desktop\\WindowsComponentServices.exe\" ",
                  "UtcTime": "1673164811",
                  "RuleName": "-"
                }
              },
              {
                "values": {
                  "TerminalSessionId": "1",
                  "ProcessGuid": "{C784477D-780B-63BA-060B-000000004A00}",
                  "ProcessId": "6488",
                  "Product": "WinRAR",
                  "Description": "Command line RAR",
                  "Company": "Alexander Roshal",
                  "ParentProcessGuid": "{C784477D-77D3-63BA-690A-000000004A00}",
                  "User": "DESKTOP-B0T93D6\\george",
                  "Hashes": "MD5=60D5648D35BACF5C7AA713B2A0D267D3,SHA256=4B16EA1B1273F8746CF399C71BFC1F5BFF7378B5414B4EA044C55E0EE08C89D3,IMPHASH=44D2677E8E5BFC0B36E493C644C96D3E",
                  "OriginalFileName": "-",
                  "ParentImage": "C:\\Users\\george\\Desktop\\WindowsComponentServices.exe",
                  "FileVersion": "6.2.0",
                  "ParentProcessId": "7144",
                  "CurrentDirectory": "C:\\Users\\george\\Desktop\\",
                  "CommandLine": "\"C:\\ProgramData\\Software Distributions\\WinRAR\\Rar.exe\" a -r -ep1 -df -v2500k -hpa0a5636cf3d7ffe197114b55d0e0d81a_d01247a1eaf1c24ffbc851e883e67f9b \"C:\\ProgramData\\Software Distributions\\DataSnap\\sysHistory_08-01-2023-00-00-11\" \"C:\\ProgramData\\Software Distributions\\DataSnap\\*.qfg\"",
                  "EventID": "1",
                  "LogonGuid": "C784477D-D3D5-63A4-962D-040000000000",
                  "LogonId": "273814",
                  "Image": "C:\\ProgramData\\Software Distributions\\WinRAR\\Rar.exe",
                  "IntegrityLevel": "High",
                  "ParentCommandLine": "\"C:\\Users\\george\\Desktop\\WindowsComponentServices.exe\"",
                  "UtcTime": "1673164811",
                  "RuleName": "-"
                }
              },
              {
                "values": {
                  "TerminalSessionId": "1",
                  "ProcessGuid": "{C784477D-780B-63BA-080B-000000004A00}",
                  "ProcessId": "5504",
                  "Product": "WinRAR",
                  "Description": "Command line RAR",
                  "Company": "Alexander Roshal",
                  "ParentProcessGuid": "{C784477D-77D3-63BA-690A-000000004A00}",
                  "User": "DESKTOP-B0T93D6\\george",
                  "Hashes": "MD5=60D5648D35BACF5C7AA713B2A0D267D3,SHA256=4B16EA1B1273F8746CF399C71BFC1F5BFF7378B5414B4EA044C55E0EE08C89D3,IMPHASH=44D2677E8E5BFC0B36E493C644C96D3E",
                  "OriginalFileName": "-",
                  "ParentImage": "C:\\Users\\george\\Desktop\\WindowsComponentServices.exe",
                  "FileVersion": "6.2.0",
                  "ParentProcessId": "7144",
                  "CurrentDirectory": "C:\\Users\\george\\Desktop\\",
                  "CommandLine": "\"C:\\ProgramData\\Software Distributions\\WinRAR\\Rar.exe\" a -r -ep1 -df -v2500k -hpa0a5636cf3d7ffe197114b55d0e0d81a_d01247a1eaf1c24ffbc851e883e67f9b \"C:\\ProgramData\\Software Distributions\\DataSnap\\sysHistory_08-01-2023-00-00-11\" \"C:\\ProgramData\\Software Distributions\\DataSnap\\*.qfg\"",
                  "EventID": "1",
                  "LogonGuid": "C784477D-D3D5-63A4-962D-040000000000",
                  "LogonId": "273814",
                  "Image": "C:\\ProgramData\\Software Distributions\\WinRAR\\Rar.exe",
                  "IntegrityLevel": "High",
                  "ParentCommandLine": "\"C:\\Users\\george\\Desktop\\WindowsComponentServices.exe\"",
                  "UtcTime": "1673164811",
                  "RuleName": "-"
                }
              },
              {
                "values": {
                  "TerminalSessionId": "1",
                  "ProcessGuid": "{C784477D-780C-63BA-0A0B-000000004A00}",
                  "ProcessId": "6436",
                  "Product": "WinRAR",
                  "Description": "Command line RAR",
                  "Company": "Alexander Roshal",
                  "ParentProcessGuid": "{C784477D-77DF-63BA-750A-000000004A00}",
                  "User": "DESKTOP-B0T93D6\\george",
                  "Hashes": "MD5=60D5648D35BACF5C7AA713B2A0D267D3,SHA256=4B16EA1B1273F8746CF399C71BFC1F5BFF7378B5414B4EA044C55E0EE08C89D3,IMPHASH=44D2677E8E5BFC0B36E493C644C96D3E",
                  "OriginalFileName": "-",
                  "ParentImage": "C:\\Users\\george\\Desktop\\WindowsComponentServices.exe",
                  "FileVersion": "6.2.0",
                  "ParentProcessId": "5336",
                  "CurrentDirectory": "C:\\Users\\george\\Desktop\\",
                  "CommandLine": "\"C:\\ProgramData\\Software Distributions\\WinRAR\\Rar.exe\" a -r -ep1 -df -v2500k -hpa0a5636cf3d7ffe197114b55d0e0d81a_d01247a1eaf1c24ffbc851e883e67f9b \"C:\\ProgramData\\Software Distributions\\DataSnap\\sysHistory_08-01-2023-00-00-12\" \"C:\\ProgramData\\Software Distributions\\DataSnap\\*.qfg\"",
                  "EventID": "1",
                  "LogonGuid": "C784477D-D3D5-63A4-962D-040000000000",
                  "LogonId": "273814",
                  "Image": "C:\\ProgramData\\Software Distributions\\WinRAR\\Rar.exe",
                  "IntegrityLevel": "High",
                  "ParentCommandLine": "\"C:\\Users\\george\\Desktop\\WindowsComponentServices.exe\" ",
                  "UtcTime": "1673164812",
                  "RuleName": "-"
                }
              },
              {
                "values": {
                  "TerminalSessionId": "1",
                  "ProcessGuid": "{C784477D-780C-63BA-0C0B-000000004A00}",
                  "ProcessId": "4076",
                  "Product": "WinRAR",
                  "Description": "Command line RAR",
                  "Company": "Alexander Roshal",
                  "ParentProcessGuid": "{C784477D-77D3-63BA-690A-000000004A00}",
                  "User": "DESKTOP-B0T93D6\\george",
                  "Hashes": "MD5=60D5648D35BACF5C7AA713B2A0D267D3,SHA256=4B16EA1B1273F8746CF399C71BFC1F5BFF7378B5414B4EA044C55E0EE08C89D3,IMPHASH=44D2677E8E5BFC0B36E493C644C96D3E",
                  "OriginalFileName": "-",
                  "ParentImage": "C:\\Users\\george\\Desktop\\WindowsComponentServices.exe",
                  "FileVersion": "6.2.0",
                  "ParentProcessId": "7144",
                  "CurrentDirectory": "C:\\Users\\george\\Desktop\\",
                  "CommandLine": "\"C:\\ProgramData\\Software Distributions\\WinRAR\\Rar.exe\" a -r -ep1 -df -v2500k -hpa0a5636cf3d7ffe197114b55d0e0d81a_d01247a1eaf1c24ffbc851e883e67f9b \"C:\\ProgramData\\Software Distributions\\DataSnap\\sysHistory_08-01-2023-00-00-12\" \"C:\\ProgramData\\Software Distributions\\DataSnap\\*.qfg\"",
                  "EventID": "1",
                  "LogonGuid": "C784477D-D3D5-63A4-962D-040000000000",
                  "LogonId": "273814",
                  "Image": "C:\\ProgramData\\Software Distributions\\WinRAR\\Rar.exe",
                  "IntegrityLevel": "High",
                  "ParentCommandLine": "\"C:\\Users\\george\\Desktop\\WindowsComponentServices.exe\"",
                  "UtcTime": "1673164812",
                  "RuleName": "-"
                }
              },
              {
                "values": {
                  "TerminalSessionId": "1",
                  "ProcessGuid": "{C784477D-780C-63BA-0D0B-000000004A00}",
                  "ProcessId": "3988",
                  "Product": "WinRAR",
                  "Description": "Command line RAR",
                  "Company": "Alexander Roshal",
                  "ParentProcessGuid": "{C784477D-77DF-63BA-750A-000000004A00}",
                  "User": "DESKTOP-B0T93D6\\george",
                  "Hashes": "MD5=60D5648D35BACF5C7AA713B2A0D267D3,SHA256=4B16EA1B1273F8746CF399C71BFC1F5BFF7378B5414B4EA044C55E0EE08C89D3,IMPHASH=44D2677E8E5BFC0B36E493C644C96D3E",
                  "OriginalFileName": "-",
                  "ParentImage": "C:\\Users\\george\\Desktop\\WindowsComponentServices.exe",
                  "FileVersion": "6.2.0",
                  "ParentProcessId": "5336",
                  "CurrentDirectory": "C:\\Users\\george\\Desktop\\",
                  "CommandLine": "\"C:\\ProgramData\\Software Distributions\\WinRAR\\Rar.exe\" a -r -ep1 -df -v2500k -hpa0a5636cf3d7ffe197114b55d0e0d81a_d01247a1eaf1c24ffbc851e883e67f9b \"C:\\ProgramData\\Software Distributions\\DataSnap\\sysHistory_08-01-2023-00-00-12\" \"C:\\ProgramData\\Software Distributions\\DataSnap\\*.qfg\"",
                  "EventID": "1",
                  "LogonGuid": "C784477D-D3D5-63A4-962D-040000000000",
                  "LogonId": "273814",
                  "Image": "C:\\ProgramData\\Software Distributions\\WinRAR\\Rar.exe",
                  "IntegrityLevel": "High",
                  "ParentCommandLine": "\"C:\\Users\\george\\Desktop\\WindowsComponentServices.exe\" ",
                  "UtcTime": "1673164812",
                  "RuleName": "-"
                }
              },
              {
                "values": {
                  "TerminalSessionId": "1",
                  "ProcessGuid": "{C784477D-780C-63BA-100B-000000004A00}",
                  "ProcessId": "3808",
                  "Product": "WinRAR",
                  "Description": "Command line RAR",
                  "Company": "Alexander Roshal",
                  "ParentProcessGuid": "{C784477D-77D3-63BA-690A-000000004A00}",
                  "User": "DESKTOP-B0T93D6\\george",
                  "Hashes": "MD5=60D5648D35BACF5C7AA713B2A0D267D3,SHA256=4B16EA1B1273F8746CF399C71BFC1F5BFF7378B5414B4EA044C55E0EE08C89D3,IMPHASH=44D2677E8E5BFC0B36E493C644C96D3E",
                  "OriginalFileName": "-",
                  "ParentImage": "C:\\Users\\george\\Desktop\\WindowsComponentServices.exe",
                  "FileVersion": "6.2.0",
                  "ParentProcessId": "7144",
                  "CurrentDirectory": "C:\\Users\\george\\Desktop\\",
                  "CommandLine": "\"C:\\ProgramData\\Software Distributions\\WinRAR\\Rar.exe\" a -r -ep1 -df -v2500k -hpa0a5636cf3d7ffe197114b55d0e0d81a_d01247a1eaf1c24ffbc851e883e67f9b \"C:\\ProgramData\\Software Distributions\\DataSnap\\sysHistory_08-01-2023-00-00-12\" \"C:\\ProgramData\\Software Distributions\\DataSnap\\*.qfg\"",
                  "EventID": "1",
                  "LogonGuid": "C784477D-D3D5-63A4-962D-040000000000",
                  "LogonId": "273814",
                  "Image": "C:\\ProgramData\\Software Distributions\\WinRAR\\Rar.exe",
                  "IntegrityLevel": "High",
                  "ParentCommandLine": "\"C:\\Users\\george\\Desktop\\WindowsComponentServices.exe\"",
                  "UtcTime": "1673164812",
                  "RuleName": "-"
                }
              },
              {
                "values": {
                  "TerminalSessionId": "1",
                  "ProcessGuid": "{C784477D-780D-63BA-120B-000000004A00}",
                  "ProcessId": "6992",
                  "Product": "WinRAR",
                  "Description": "Command line RAR",
                  "Company": "Alexander Roshal",
                  "ParentProcessGuid": "{C784477D-77DF-63BA-750A-000000004A00}",
                  "User": "DESKTOP-B0T93D6\\george",
                  "Hashes": "MD5=60D5648D35BACF5C7AA713B2A0D267D3,SHA256=4B16EA1B1273F8746CF399C71BFC1F5BFF7378B5414B4EA044C55E0EE08C89D3,IMPHASH=44D2677E8E5BFC0B36E493C644C96D3E",
                  "OriginalFileName": "-",
                  "ParentImage": "C:\\Users\\george\\Desktop\\WindowsComponentServices.exe",
                  "FileVersion": "6.2.0",
                  "ParentProcessId": "5336",
                  "CurrentDirectory": "C:\\Users\\george\\Desktop\\",
                  "CommandLine": "\"C:\\ProgramData\\Software Distributions\\WinRAR\\Rar.exe\" a -r -ep1 -df -v2500k -hpa0a5636cf3d7ffe197114b55d0e0d81a_d01247a1eaf1c24ffbc851e883e67f9b \"C:\\ProgramData\\Software Distributions\\DataSnap\\sysHistory_08-01-2023-00-00-13\" \"C:\\ProgramData\\Software Distributions\\DataSnap\\*.qfg\"",
                  "EventID": "1",
                  "LogonGuid": "C784477D-D3D5-63A4-962D-040000000000",
                  "LogonId": "273814",
                  "Image": "C:\\ProgramData\\Software Distributions\\WinRAR\\Rar.exe",
                  "IntegrityLevel": "High",
                  "ParentCommandLine": "\"C:\\Users\\george\\Desktop\\WindowsComponentServices.exe\" ",
                  "UtcTime": "1673164813",
                  "RuleName": "-"
                }
              },
              {
                "values": {
                  "TerminalSessionId": "1",
                  "ProcessGuid": "{C784477D-780D-63BA-140B-000000004A00}",
                  "ProcessId": "6796",
                  "Product": "WinRAR",
                  "Description": "Command line RAR",
                  "Company": "Alexander Roshal",
                  "ParentProcessGuid": "{C784477D-77D3-63BA-690A-000000004A00}",
                  "User": "DESKTOP-B0T93D6\\george",
                  "Hashes": "MD5=60D5648D35BACF5C7AA713B2A0D267D3,SHA256=4B16EA1B1273F8746CF399C71BFC1F5BFF7378B5414B4EA044C55E0EE08C89D3,IMPHASH=44D2677E8E5BFC0B36E493C644C96D3E",
                  "OriginalFileName": "-",
                  "ParentImage": "C:\\Users\\george\\Desktop\\WindowsComponentServices.exe",
                  "FileVersion": "6.2.0",
                  "ParentProcessId": "7144",
                  "CurrentDirectory": "C:\\Users\\george\\Desktop\\",
                  "CommandLine": "\"C:\\ProgramData\\Software Distributions\\WinRAR\\Rar.exe\" a -r -ep1 -df -v2500k -hpa0a5636cf3d7ffe197114b55d0e0d81a_d01247a1eaf1c24ffbc851e883e67f9b \"C:\\ProgramData\\Software Distributions\\DataSnap\\sysHistory_08-01-2023-00-00-13\" \"C:\\ProgramData\\Software Distributions\\DataSnap\\*.qfg\"",
                  "EventID": "1",
                  "LogonGuid": "C784477D-D3D5-63A4-962D-040000000000",
                  "LogonId": "273814",
                  "Image": "C:\\ProgramData\\Software Distributions\\WinRAR\\Rar.exe",
                  "IntegrityLevel": "High",
                  "ParentCommandLine": "\"C:\\Users\\george\\Desktop\\WindowsComponentServices.exe\"",
                  "UtcTime": "1673164813",
                  "RuleName": "-"
                }
              },
              {
                "values": {
                  "TerminalSessionId": "1",
                  "ProcessGuid": "{C784477D-780D-63BA-160B-000000004A00}",
                  "ProcessId": "4712",
                  "Product": "WinRAR",
                  "Description": "Command line RAR",
                  "Company": "Alexander Roshal",
                  "ParentProcessGuid": "{C784477D-77DF-63BA-750A-000000004A00}",
                  "User": "DESKTOP-B0T93D6\\george",
                  "Hashes": "MD5=60D5648D35BACF5C7AA713B2A0D267D3,SHA256=4B16EA1B1273F8746CF399C71BFC1F5BFF7378B5414B4EA044C55E0EE08C89D3,IMPHASH=44D2677E8E5BFC0B36E493C644C96D3E",
                  "OriginalFileName": "-",
                  "ParentImage": "C:\\Users\\george\\Desktop\\WindowsComponentServices.exe",
                  "FileVersion": "6.2.0",
                  "ParentProcessId": "5336",
                  "CurrentDirectory": "C:\\Users\\george\\Desktop\\",
                  "CommandLine": "\"C:\\ProgramData\\Software Distributions\\WinRAR\\Rar.exe\" a -r -ep1 -df -v2500k -hpa0a5636cf3d7ffe197114b55d0e0d81a_d01247a1eaf1c24ffbc851e883e67f9b \"C:\\ProgramData\\Software Distributions\\DataSnap\\sysHistory_08-01-2023-00-00-13\" \"C:\\ProgramData\\Software Distributions\\DataSnap\\*.qfg\"",
                  "EventID": "1",
                  "LogonGuid": "C784477D-D3D5-63A4-962D-040000000000",
                  "LogonId": "273814",
                  "Image": "C:\\ProgramData\\Software Distributions\\WinRAR\\Rar.exe",
                  "IntegrityLevel": "High",
                  "ParentCommandLine": "\"C:\\Users\\george\\Desktop\\WindowsComponentServices.exe\" ",
                  "UtcTime": "1673164813",
                  "RuleName": "-"
                }
              },
              {
                "values": {
                  "TerminalSessionId": "1",
                  "ProcessGuid": "{C784477D-780D-63BA-180B-000000004A00}",
                  "ProcessId": "6420",
                  "Product": "WinRAR",
                  "Description": "Command line RAR",
                  "Company": "Alexander Roshal",
                  "ParentProcessGuid": "{C784477D-77DF-63BA-750A-000000004A00}",
                  "User": "DESKTOP-B0T93D6\\george",
                  "Hashes": "MD5=60D5648D35BACF5C7AA713B2A0D267D3,SHA256=4B16EA1B1273F8746CF399C71BFC1F5BFF7378B5414B4EA044C55E0EE08C89D3,IMPHASH=44D2677E8E5BFC0B36E493C644C96D3E",
                  "OriginalFileName": "-",
                  "ParentImage": "C:\\Users\\george\\Desktop\\WindowsComponentServices.exe",
                  "FileVersion": "6.2.0",
                  "ParentProcessId": "5336",
                  "CurrentDirectory": "C:\\Users\\george\\Desktop\\",
                  "CommandLine": "\"C:\\ProgramData\\Software Distributions\\WinRAR\\Rar.exe\" a -r -ep1 -df -v2500k -hpa0a5636cf3d7ffe197114b55d0e0d81a_d01247a1eaf1c24ffbc851e883e67f9b \"C:\\ProgramData\\Software Distributions\\DataSnap\\sysHistory_08-01-2023-00-00-13\" \"C:\\ProgramData\\Software Distributions\\DataSnap\\*.qfg\"",
                  "EventID": "1",
                  "LogonGuid": "C784477D-D3D5-63A4-962D-040000000000",
                  "LogonId": "273814",
                  "Image": "C:\\ProgramData\\Software Distributions\\WinRAR\\Rar.exe",
                  "IntegrityLevel": "High",
                  "ParentCommandLine": "\"C:\\Users\\george\\Desktop\\WindowsComponentServices.exe\" ",
                  "UtcTime": "1673164813",
                  "RuleName": "-"
                }
              },
              {
                "values": {
                  "TerminalSessionId": "1",
                  "ProcessGuid": "{C784477D-780D-63BA-190B-000000004A00}",
                  "ProcessId": "6424",
                  "Product": "WinRAR",
                  "Description": "Command line RAR",
                  "Company": "Alexander Roshal",
                  "ParentProcessGuid": "{C784477D-77D3-63BA-690A-000000004A00}",
                  "User": "DESKTOP-B0T93D6\\george",
                  "Hashes": "MD5=60D5648D35BACF5C7AA713B2A0D267D3,SHA256=4B16EA1B1273F8746CF399C71BFC1F5BFF7378B5414B4EA044C55E0EE08C89D3,IMPHASH=44D2677E8E5BFC0B36E493C644C96D3E",
                  "OriginalFileName": "-",
                  "ParentImage": "C:\\Users\\george\\Desktop\\WindowsComponentServices.exe",
                  "FileVersion": "6.2.0",
                  "ParentProcessId": "7144",
                  "CurrentDirectory": "C:\\Users\\george\\Desktop\\",
                  "CommandLine": "\"C:\\ProgramData\\Software Distributions\\WinRAR\\Rar.exe\" a -r -ep1 -df -v2500k -hpa0a5636cf3d7ffe197114b55d0e0d81a_d01247a1eaf1c24ffbc851e883e67f9b \"C:\\ProgramData\\Software Distributions\\DataSnap\\sysHistory_08-01-2023-00-00-13\" \"C:\\ProgramData\\Software Distributions\\DataSnap\\*.qfg\"",
                  "EventID": "1",
                  "LogonGuid": "C784477D-D3D5-63A4-962D-040000000000",
                  "LogonId": "273814",
                  "Image": "C:\\ProgramData\\Software Distributions\\WinRAR\\Rar.exe",
                  "IntegrityLevel": "High",
                  "ParentCommandLine": "\"C:\\Users\\george\\Desktop\\WindowsComponentServices.exe\"",
                  "UtcTime": "1673164813",
                  "RuleName": "-"
                }
              },
              {
                "values": {
                  "TerminalSessionId": "1",
                  "ProcessGuid": "{C784477D-780E-63BA-1C0B-000000004A00}",
                  "ProcessId": "6484",
                  "Product": "WinRAR",
                  "Description": "Command line RAR",
                  "Company": "Alexander Roshal",
                  "ParentProcessGuid": "{C784477D-77DF-63BA-750A-000000004A00}",
                  "User": "DESKTOP-B0T93D6\\george",
                  "Hashes": "MD5=60D5648D35BACF5C7AA713B2A0D267D3,SHA256=4B16EA1B1273F8746CF399C71BFC1F5BFF7378B5414B4EA044C55E0EE08C89D3,IMPHASH=44D2677E8E5BFC0B36E493C644C96D3E",
                  "OriginalFileName": "-",
                  "ParentImage": "C:\\Users\\george\\Desktop\\WindowsComponentServices.exe",
                  "FileVersion": "6.2.0",
                  "ParentProcessId": "5336",
                  "CurrentDirectory": "C:\\Users\\george\\Desktop\\",
                  "CommandLine": "\"C:\\ProgramData\\Software Distributions\\WinRAR\\Rar.exe\" a -r -ep1 -df -v2500k -hpa0a5636cf3d7ffe197114b55d0e0d81a_d01247a1eaf1c24ffbc851e883e67f9b \"C:\\ProgramData\\Software Distributions\\DataSnap\\sysHistory_08-01-2023-00-00-14\" \"C:\\ProgramData\\Software Distributions\\DataSnap\\*.qfg\"",
                  "EventID": "1",
                  "LogonGuid": "C784477D-D3D5-63A4-962D-040000000000",
                  "LogonId": "273814",
                  "Image": "C:\\ProgramData\\Software Distributions\\WinRAR\\Rar.exe",
                  "IntegrityLevel": "High",
                  "ParentCommandLine": "\"C:\\Users\\george\\Desktop\\WindowsComponentServices.exe\" ",
                  "UtcTime": "1673164814",
                  "RuleName": "-"
                }
              },
              {
                "values": {
                  "TerminalSessionId": "1",
                  "ProcessGuid": "{C784477D-780E-63BA-1D0B-000000004A00}",
                  "ProcessId": "5292",
                  "Product": "WinRAR",
                  "Description": "Command line RAR",
                  "Company": "Alexander Roshal",
                  "ParentProcessGuid": "{C784477D-77D3-63BA-690A-000000004A00}",
                  "User": "DESKTOP-B0T93D6\\george",
                  "Hashes": "MD5=60D5648D35BACF5C7AA713B2A0D267D3,SHA256=4B16EA1B1273F8746CF399C71BFC1F5BFF7378B5414B4EA044C55E0EE08C89D3,IMPHASH=44D2677E8E5BFC0B36E493C644C96D3E",
                  "OriginalFileName": "-",
                  "ParentImage": "C:\\Users\\george\\Desktop\\WindowsComponentServices.exe",
                  "FileVersion": "6.2.0",
                  "ParentProcessId": "7144",
                  "CurrentDirectory": "C:\\Users\\george\\Desktop\\",
                  "CommandLine": "\"C:\\ProgramData\\Software Distributions\\WinRAR\\Rar.exe\" a -r -ep1 -df -v2500k -hpa0a5636cf3d7ffe197114b55d0e0d81a_d01247a1eaf1c24ffbc851e883e67f9b \"C:\\ProgramData\\Software Distributions\\DataSnap\\sysHistory_08-01-2023-00-00-14\" \"C:\\ProgramData\\Software Distributions\\DataSnap\\*.qfg\"",
                  "EventID": "1",
                  "LogonGuid": "C784477D-D3D5-63A4-962D-040000000000",
                  "LogonId": "273814",
                  "Image": "C:\\ProgramData\\Software Distributions\\WinRAR\\Rar.exe",
                  "IntegrityLevel": "High",
                  "ParentCommandLine": "\"C:\\Users\\george\\Desktop\\WindowsComponentServices.exe\"",
                  "UtcTime": "1673164814",
                  "RuleName": "-"
                }
              },
              {
                "values": {
                  "TerminalSessionId": "1",
                  "ProcessGuid": "{C784477D-780E-63BA-200B-000000004A00}",
                  "ProcessId": "6124",
                  "Product": "WinRAR",
                  "Description": "Command line RAR",
                  "Company": "Alexander Roshal",
                  "ParentProcessGuid": "{C784477D-77DF-63BA-750A-000000004A00}",
                  "User": "DESKTOP-B0T93D6\\george",
                  "Hashes": "MD5=60D5648D35BACF5C7AA713B2A0D267D3,SHA256=4B16EA1B1273F8746CF399C71BFC1F5BFF7378B5414B4EA044C55E0EE08C89D3,IMPHASH=44D2677E8E5BFC0B36E493C644C96D3E",
                  "OriginalFileName": "-",
                  "ParentImage": "C:\\Users\\george\\Desktop\\WindowsComponentServices.exe",
                  "FileVersion": "6.2.0",
                  "ParentProcessId": "5336",
                  "CurrentDirectory": "C:\\Users\\george\\Desktop\\",
                  "CommandLine": "\"C:\\ProgramData\\Software Distributions\\WinRAR\\Rar.exe\" a -r -ep1 -df -v2500k -hpa0a5636cf3d7ffe197114b55d0e0d81a_d01247a1eaf1c24ffbc851e883e67f9b \"C:\\ProgramData\\Software Distributions\\DataSnap\\sysHistory_08-01-2023-00-00-14\" \"C:\\ProgramData\\Software Distributions\\DataSnap\\*.qfg\"",
                  "EventID": "1",
                  "LogonGuid": "C784477D-D3D5-63A4-962D-040000000000",
                  "LogonId": "273814",
                  "Image": "C:\\ProgramData\\Software Distributions\\WinRAR\\Rar.exe",
                  "IntegrityLevel": "High",
                  "ParentCommandLine": "\"C:\\Users\\george\\Desktop\\WindowsComponentServices.exe\" ",
                  "UtcTime": "1673164814",
                  "RuleName": "-"
                }
              },
              {
                "values": {
                  "TerminalSessionId": "1",
                  "ProcessGuid": "{C784477D-780E-63BA-220B-000000004A00}",
                  "ProcessId": "6456",
                  "Product": "WinRAR",
                  "Description": "Command line RAR",
                  "Company": "Alexander Roshal",
                  "ParentProcessGuid": "{C784477D-77D3-63BA-690A-000000004A00}",
                  "User": "DESKTOP-B0T93D6\\george",
                  "Hashes": "MD5=60D5648D35BACF5C7AA713B2A0D267D3,SHA256=4B16EA1B1273F8746CF399C71BFC1F5BFF7378B5414B4EA044C55E0EE08C89D3,IMPHASH=44D2677E8E5BFC0B36E493C644C96D3E",
                  "OriginalFileName": "-",
                  "ParentImage": "C:\\Users\\george\\Desktop\\WindowsComponentServices.exe",
                  "FileVersion": "6.2.0",
                  "ParentProcessId": "7144",
                  "CurrentDirectory": "C:\\Users\\george\\Desktop\\",
                  "CommandLine": "\"C:\\ProgramData\\Software Distributions\\WinRAR\\Rar.exe\" a -r -ep1 -df -v2500k -hpa0a5636cf3d7ffe197114b55d0e0d81a_d01247a1eaf1c24ffbc851e883e67f9b \"C:\\ProgramData\\Software Distributions\\DataSnap\\sysHistory_08-01-2023-00-00-14\" \"C:\\ProgramData\\Software Distributions\\DataSnap\\*.qfg\"",
                  "EventID": "1",
                  "LogonGuid": "C784477D-D3D5-63A4-962D-040000000000",
                  "LogonId": "273814",
                  "Image": "C:\\ProgramData\\Software Distributions\\WinRAR\\Rar.exe",
                  "IntegrityLevel": "High",
                  "ParentCommandLine": "\"C:\\Users\\george\\Desktop\\WindowsComponentServices.exe\"",
                  "UtcTime": "1673164814",
                  "RuleName": "-"
                }
              },
              {
                "values": {
                  "TerminalSessionId": "1",
                  "ProcessGuid": "{C784477D-780F-63BA-240B-000000004A00}",
                  "ProcessId": "5780",
                  "Product": "WinRAR",
                  "Description": "Command line RAR",
                  "Company": "Alexander Roshal",
                  "ParentProcessGuid": "{C784477D-77DF-63BA-750A-000000004A00}",
                  "User": "DESKTOP-B0T93D6\\george",
                  "Hashes": "MD5=60D5648D35BACF5C7AA713B2A0D267D3,SHA256=4B16EA1B1273F8746CF399C71BFC1F5BFF7378B5414B4EA044C55E0EE08C89D3,IMPHASH=44D2677E8E5BFC0B36E493C644C96D3E",
                  "OriginalFileName": "-",
                  "ParentImage": "C:\\Users\\george\\Desktop\\WindowsComponentServices.exe",
                  "FileVersion": "6.2.0",
                  "ParentProcessId": "5336",
                  "CurrentDirectory": "C:\\Users\\george\\Desktop\\",
                  "CommandLine": "\"C:\\ProgramData\\Software Distributions\\WinRAR\\Rar.exe\" a -r -ep1 -df -v2500k -hpa0a5636cf3d7ffe197114b55d0e0d81a_d01247a1eaf1c24ffbc851e883e67f9b \"C:\\ProgramData\\Software Distributions\\DataSnap\\sysHistory_08-01-2023-00-00-15\" \"C:\\ProgramData\\Software Distributions\\DataSnap\\*.qfg\"",
                  "EventID": "1",
                  "LogonGuid": "C784477D-D3D5-63A4-962D-040000000000",
                  "LogonId": "273814",
                  "Image": "C:\\ProgramData\\Software Distributions\\WinRAR\\Rar.exe",
                  "IntegrityLevel": "High",
                  "ParentCommandLine": "\"C:\\Users\\george\\Desktop\\WindowsComponentServices.exe\" ",
                  "UtcTime": "1673164815",
                  "RuleName": "-"
                }
              },
              {
                "values": {
                  "TerminalSessionId": "1",
                  "ProcessGuid": "{C784477D-780F-63BA-260B-000000004A00}",
                  "ProcessId": "6736",
                  "Product": "WinRAR",
                  "Description": "Command line RAR",
                  "Company": "Alexander Roshal",
                  "ParentProcessGuid": "{C784477D-77D3-63BA-690A-000000004A00}",
                  "User": "DESKTOP-B0T93D6\\george",
                  "Hashes": "MD5=60D5648D35BACF5C7AA713B2A0D267D3,SHA256=4B16EA1B1273F8746CF399C71BFC1F5BFF7378B5414B4EA044C55E0EE08C89D3,IMPHASH=44D2677E8E5BFC0B36E493C644C96D3E",
                  "OriginalFileName": "-",
                  "ParentImage": "C:\\Users\\george\\Desktop\\WindowsComponentServices.exe",
                  "FileVersion": "6.2.0",
                  "ParentProcessId": "7144",
                  "CurrentDirectory": "C:\\Users\\george\\Desktop\\",
                  "CommandLine": "\"C:\\ProgramData\\Software Distributions\\WinRAR\\Rar.exe\" a -r -ep1 -df -v2500k -hpa0a5636cf3d7ffe197114b55d0e0d81a_d01247a1eaf1c24ffbc851e883e67f9b \"C:\\ProgramData\\Software Distributions\\DataSnap\\sysHistory_08-01-2023-00-00-15\" \"C:\\ProgramData\\Software Distributions\\DataSnap\\*.qfg\"",
                  "EventID": "1",
                  "LogonGuid": "C784477D-D3D5-63A4-962D-040000000000",
                  "LogonId": "273814",
                  "Image": "C:\\ProgramData\\Software Distributions\\WinRAR\\Rar.exe",
                  "IntegrityLevel": "High",
                  "ParentCommandLine": "\"C:\\Users\\george\\Desktop\\WindowsComponentServices.exe\"",
                  "UtcTime": "1673164815",
                  "RuleName": "-"
                }
              },
              {
                "values": {
                  "TerminalSessionId": "1",
                  "ProcessGuid": "{C784477D-780F-63BA-280B-000000004A00}",
                  "ProcessId": "6868",
                  "Product": "WinRAR",
                  "Description": "Command line RAR",
                  "Company": "Alexander Roshal",
                  "ParentProcessGuid": "{C784477D-77D3-63BA-690A-000000004A00}",
                  "User": "DESKTOP-B0T93D6\\george",
                  "Hashes": "MD5=60D5648D35BACF5C7AA713B2A0D267D3,SHA256=4B16EA1B1273F8746CF399C71BFC1F5BFF7378B5414B4EA044C55E0EE08C89D3,IMPHASH=44D2677E8E5BFC0B36E493C644C96D3E",
                  "OriginalFileName": "-",
                  "ParentImage": "C:\\Users\\george\\Desktop\\WindowsComponentServices.exe",
                  "FileVersion": "6.2.0",
                  "ParentProcessId": "7144",
                  "CurrentDirectory": "C:\\Users\\george\\Desktop\\",
                  "CommandLine": "\"C:\\ProgramData\\Software Distributions\\WinRAR\\Rar.exe\" a -r -ep1 -df -v2500k -hpa0a5636cf3d7ffe197114b55d0e0d81a_d01247a1eaf1c24ffbc851e883e67f9b \"C:\\ProgramData\\Software Distributions\\DataSnap\\sysHistory_08-01-2023-00-00-15\" \"C:\\ProgramData\\Software Distributions\\DataSnap\\*.qfg\"",
                  "EventID": "1",
                  "LogonGuid": "C784477D-D3D5-63A4-962D-040000000000",
                  "LogonId": "273814",
                  "Image": "C:\\ProgramData\\Software Distributions\\WinRAR\\Rar.exe",
                  "IntegrityLevel": "High",
                  "ParentCommandLine": "\"C:\\Users\\george\\Desktop\\WindowsComponentServices.exe\"",
                  "UtcTime": "1673164815",
                  "RuleName": "-"
                }
              },
              {
                "values": {
                  "TerminalSessionId": "1",
                  "ProcessGuid": "{C784477D-780F-63BA-2A0B-000000004A00}",
                  "ProcessId": "4012",
                  "Product": "WinRAR",
                  "Description": "Command line RAR",
                  "Company": "Alexander Roshal",
                  "ParentProcessGuid": "{C784477D-77DF-63BA-750A-000000004A00}",
                  "User": "DESKTOP-B0T93D6\\george",
                  "Hashes": "MD5=60D5648D35BACF5C7AA713B2A0D267D3,SHA256=4B16EA1B1273F8746CF399C71BFC1F5BFF7378B5414B4EA044C55E0EE08C89D3,IMPHASH=44D2677E8E5BFC0B36E493C644C96D3E",
                  "OriginalFileName": "-",
                  "ParentImage": "C:\\Users\\george\\Desktop\\WindowsComponentServices.exe",
                  "FileVersion": "6.2.0",
                  "ParentProcessId": "5336",
                  "CurrentDirectory": "C:\\Users\\george\\Desktop\\",
                  "CommandLine": "\"C:\\ProgramData\\Software Distributions\\WinRAR\\Rar.exe\" a -r -ep1 -df -v2500k -hpa0a5636cf3d7ffe197114b55d0e0d81a_d01247a1eaf1c24ffbc851e883e67f9b \"C:\\ProgramData\\Software Distributions\\DataSnap\\sysHistory_08-01-2023-00-00-15\" \"C:\\ProgramData\\Software Distributions\\DataSnap\\*.qfg\"",
                  "EventID": "1",
                  "LogonGuid": "C784477D-D3D5-63A4-962D-040000000000",
                  "LogonId": "273814",
                  "Image": "C:\\ProgramData\\Software Distributions\\WinRAR\\Rar.exe",
                  "IntegrityLevel": "High",
                  "ParentCommandLine": "\"C:\\Users\\george\\Desktop\\WindowsComponentServices.exe\" ",
                  "UtcTime": "1673164815",
                  "RuleName": "-"
                }
              },
              {
                "values": {
                  "TerminalSessionId": "1",
                  "ProcessGuid": "{C784477D-7810-63BA-2C0B-000000004A00}",
                  "ProcessId": "6676",
                  "Product": "WinRAR",
                  "Description": "Command line RAR",
                  "Company": "Alexander Roshal",
                  "ParentProcessGuid": "{C784477D-77DF-63BA-750A-000000004A00}",
                  "User": "DESKTOP-B0T93D6\\george",
                  "Hashes": "MD5=60D5648D35BACF5C7AA713B2A0D267D3,SHA256=4B16EA1B1273F8746CF399C71BFC1F5BFF7378B5414B4EA044C55E0EE08C89D3,IMPHASH=44D2677E8E5BFC0B36E493C644C96D3E",
                  "OriginalFileName": "-",
                  "ParentImage": "C:\\Users\\george\\Desktop\\WindowsComponentServices.exe",
                  "FileVersion": "6.2.0",
                  "ParentProcessId": "5336",
                  "CurrentDirectory": "C:\\Users\\george\\Desktop\\",
                  "CommandLine": "\"C:\\ProgramData\\Software Distributions\\WinRAR\\Rar.exe\" a -r -ep1 -df -v2500k -hpa0a5636cf3d7ffe197114b55d0e0d81a_d01247a1eaf1c24ffbc851e883e67f9b \"C:\\ProgramData\\Software Distributions\\DataSnap\\sysHistory_08-01-2023-00-00-16\" \"C:\\ProgramData\\Software Distributions\\DataSnap\\*.qfg\"",
                  "EventID": "1",
                  "LogonGuid": "C784477D-D3D5-63A4-962D-040000000000",
                  "LogonId": "273814",
                  "Image": "C:\\ProgramData\\Software Distributions\\WinRAR\\Rar.exe",
                  "IntegrityLevel": "High",
                  "ParentCommandLine": "\"C:\\Users\\george\\Desktop\\WindowsComponentServices.exe\" ",
                  "UtcTime": "1673164816",
                  "RuleName": "-"
                }
              },
              {
                "values": {
                  "TerminalSessionId": "1",
                  "ProcessGuid": "{C784477D-7810-63BA-2E0B-000000004A00}",
                  "ProcessId": "6432",
                  "Product": "WinRAR",
                  "Description": "Command line RAR",
                  "Company": "Alexander Roshal",
                  "ParentProcessGuid": "{C784477D-77D3-63BA-690A-000000004A00}",
                  "User": "DESKTOP-B0T93D6\\george",
                  "Hashes": "MD5=60D5648D35BACF5C7AA713B2A0D267D3,SHA256=4B16EA1B1273F8746CF399C71BFC1F5BFF7378B5414B4EA044C55E0EE08C89D3,IMPHASH=44D2677E8E5BFC0B36E493C644C96D3E",
                  "OriginalFileName": "-",
                  "ParentImage": "C:\\Users\\george\\Desktop\\WindowsComponentServices.exe",
                  "FileVersion": "6.2.0",
                  "ParentProcessId": "7144",
                  "CurrentDirectory": "C:\\Users\\george\\Desktop\\",
                  "CommandLine": "\"C:\\ProgramData\\Software Distributions\\WinRAR\\Rar.exe\" a -r -ep1 -df -v2500k -hpa0a5636cf3d7ffe197114b55d0e0d81a_d01247a1eaf1c24ffbc851e883e67f9b \"C:\\ProgramData\\Software Distributions\\DataSnap\\sysHistory_08-01-2023-00-00-16\" \"C:\\ProgramData\\Software Distributions\\DataSnap\\*.qfg\"",
                  "EventID": "1",
                  "LogonGuid": "C784477D-D3D5-63A4-962D-040000000000",
                  "LogonId": "273814",
                  "Image": "C:\\ProgramData\\Software Distributions\\WinRAR\\Rar.exe",
                  "IntegrityLevel": "High",
                  "ParentCommandLine": "\"C:\\Users\\george\\Desktop\\WindowsComponentServices.exe\"",
                  "UtcTime": "1673164816",
                  "RuleName": "-"
                }
              },
              {
                "values": {
                  "TerminalSessionId": "1",
                  "ProcessGuid": "{C784477D-7810-63BA-300B-000000004A00}",
                  "ProcessId": "6788",
                  "Product": "WinRAR",
                  "Description": "Command line RAR",
                  "Company": "Alexander Roshal",
                  "ParentProcessGuid": "{C784477D-77DF-63BA-750A-000000004A00}",
                  "User": "DESKTOP-B0T93D6\\george",
                  "Hashes": "MD5=60D5648D35BACF5C7AA713B2A0D267D3,SHA256=4B16EA1B1273F8746CF399C71BFC1F5BFF7378B5414B4EA044C55E0EE08C89D3,IMPHASH=44D2677E8E5BFC0B36E493C644C96D3E",
                  "OriginalFileName": "-",
                  "ParentImage": "C:\\Users\\george\\Desktop\\WindowsComponentServices.exe",
                  "FileVersion": "6.2.0",
                  "ParentProcessId": "5336",
                  "CurrentDirectory": "C:\\Users\\george\\Desktop\\",
                  "CommandLine": "\"C:\\ProgramData\\Software Distributions\\WinRAR\\Rar.exe\" a -r -ep1 -df -v2500k -hpa0a5636cf3d7ffe197114b55d0e0d81a_d01247a1eaf1c24ffbc851e883e67f9b \"C:\\ProgramData\\Software Distributions\\DataSnap\\sysHistory_08-01-2023-00-00-16\" \"C:\\ProgramData\\Software Distributions\\DataSnap\\*.qfg\"",
                  "EventID": "1",
                  "LogonGuid": "C784477D-D3D5-63A4-962D-040000000000",
                  "LogonId": "273814",
                  "Image": "C:\\ProgramData\\Software Distributions\\WinRAR\\Rar.exe",
                  "IntegrityLevel": "High",
                  "ParentCommandLine": "\"C:\\Users\\george\\Desktop\\WindowsComponentServices.exe\" ",
                  "UtcTime": "1673164816",
                  "RuleName": "-"
                }
              },
              {
                "values": {
                  "TerminalSessionId": "1",
                  "ProcessGuid": "{C784477D-7811-63BA-320B-000000004A00}",
                  "ProcessId": "6668",
                  "Product": "WinRAR",
                  "Description": "Command line RAR",
                  "Company": "Alexander Roshal",
                  "ParentProcessGuid": "{C784477D-77D3-63BA-690A-000000004A00}",
                  "User": "DESKTOP-B0T93D6\\george",
                  "Hashes": "MD5=60D5648D35BACF5C7AA713B2A0D267D3,SHA256=4B16EA1B1273F8746CF399C71BFC1F5BFF7378B5414B4EA044C55E0EE08C89D3,IMPHASH=44D2677E8E5BFC0B36E493C644C96D3E",
                  "OriginalFileName": "-",
                  "ParentImage": "C:\\Users\\george\\Desktop\\WindowsComponentServices.exe",
                  "FileVersion": "6.2.0",
                  "ParentProcessId": "7144",
                  "CurrentDirectory": "C:\\Users\\george\\Desktop\\",
                  "CommandLine": "\"C:\\ProgramData\\Software Distributions\\WinRAR\\Rar.exe\" a -r -ep1 -df -v2500k -hpa0a5636cf3d7ffe197114b55d0e0d81a_d01247a1eaf1c24ffbc851e883e67f9b \"C:\\ProgramData\\Software Distributions\\DataSnap\\sysHistory_08-01-2023-00-00-16\" \"C:\\ProgramData\\Software Distributions\\DataSnap\\*.qfg\"",
                  "EventID": "1",
                  "LogonGuid": "C784477D-D3D5-63A4-962D-040000000000",
                  "LogonId": "273814",
                  "Image": "C:\\ProgramData\\Software Distributions\\WinRAR\\Rar.exe",
                  "IntegrityLevel": "High",
                  "ParentCommandLine": "\"C:\\Users\\george\\Desktop\\WindowsComponentServices.exe\"",
                  "UtcTime": "1673164817",
                  "RuleName": "-"
                }
              }
            ],
            "rule_level": "high",
            "rule_id": "02930d34935e0616b2711790272271498e2a5a03bcf66372f0985d2e89cee1af",
            "rule_source": "Sigma Integrated Rule Set (GitHub)",
            "rule_title": "Rar Usage with Password and Compression Level",
            "rule_description": "Detects the use of rar.exe, on the command line, to create an archive with password protection or with a specific compression level. This is pretty indicative of malicious actions.",
            "rule_author": "@ROxPinTeddy"
          },
