              {
                "values": {
                  "TerminalSessionId": "1",
                  "ProcessGuid": "C784477D-F306-62FD-3908-000000004700",
                  "ProcessId": "6004",
                  "Product": "Microsoft\u00ae Windows\u00ae Operating System",
                  "Description": "Eventing Command Line Utility",
                  "Company": "Microsoft Corporation",
                  "ParentProcessGuid": "C784477D-F2ED-62FD-7600-000000004700",
                  "User": "DESKTOP-B0T93D6\\george",
                  "Hashes": "MD5=0269064AA2DD91125F13635FB194F499,SHA256=AB86C6C090FA85C2920A637D2BE274335A86FBC0A7FB706E893493B50840DC0A,IMPHASH=89A3D9DE9FED48F734C9553D16342280",
                  "OriginalFileName": "wevtutil.exe",
                  "ParentImage": "C:\\Windows\\System32\\cmd.exe",
                  "FileVersion": "10.0.17134.81 (WinBuild.160101.0800)",
                  "ParentProcessId": "4224",
                  "CurrentDirectory": "C:\\Windows\\system32\\",
                  "CommandLine": "wevtutil  cl \"PlayReadyPerformanceChannel\"",
                  "EventID": "1",
                  "LogonGuid": "C784477D-F2ED-62FD-7E4B-040000000000",
                  "LogonId": "281470",
                  "Image": "C:\\Windows\\System32\\wevtutil.exe",
                  "IntegrityLevel": "High",
                  "ParentCommandLine": "C:\\Windows\\SYSTEM32\\cmd.exe /c \"C:\\startup.bat\"",
                  "UtcTime": "2022-08-18 08:06:30.487",
                  "RuleName": "-"
                }
              },
              {
                "values": {
                  "TerminalSessionId": "1",
                  "ProcessGuid": "C784477D-F306-62FD-3A08-000000004700",
                  "ProcessId": "1236",
                  "Product": "Microsoft\u00ae Windows\u00ae Operating System",
                  "Description": "Eventing Command Line Utility",
                  "Company": "Microsoft Corporation",
                  "ParentProcessGuid": "C784477D-F2F9-62FD-B300-000000004700",
                  "User": "DESKTOP-B0T93D6\\george",
                  "Hashes": "MD5=0269064AA2DD91125F13635FB194F499,SHA256=AB86C6C090FA85C2920A637D2BE274335A86FBC0A7FB706E893493B50840DC0A,IMPHASH=89A3D9DE9FED48F734C9553D16342280",
                  "OriginalFileName": "wevtutil.exe",
                  "ParentImage": "C:\\Windows\\System32\\cmd.exe",
                  "FileVersion": "10.0.17134.81 (WinBuild.160101.0800)",
                  "ParentProcessId": "3656",
                  "CurrentDirectory": "C:\\",
                  "CommandLine": "wevtutil  cl \"Microsoft-Windows-StorageSpaces-SpaceManager/Diagnostic\"",
                  "EventID": "1",
                  "LogonGuid": "C784477D-F2ED-62FD-7E4B-040000000000",
                  "LogonId": "281470",
                  "Image": "C:\\Windows\\System32\\wevtutil.exe",
                  "IntegrityLevel": "High",
                  "ParentCommandLine": "\"C:\\Windows\\System32\\cmd.exe\" /C \"C:\\startup.bat\" ",
                  "UtcTime": "2022-08-18 08:06:30.498",
                  "RuleName": "-"
                }
              },
              {
                "values": {
                  "TerminalSessionId": "1",
                  "ProcessGuid": "C784477D-F306-62FD-3B08-000000004700",
                  "ProcessId": "5800",
                  "Product": "Microsoft\u00ae Windows\u00ae Operating System",
                  "Description": "Eventing Command Line Utility",
                  "Company": "Microsoft Corporation",
                  "ParentProcessGuid": "C784477D-F2ED-62FD-7600-000000004700",
                  "User": "DESKTOP-B0T93D6\\george",
                  "Hashes": "MD5=0269064AA2DD91125F13635FB194F499,SHA256=AB86C6C090FA85C2920A637D2BE274335A86FBC0A7FB706E893493B50840DC0A,IMPHASH=89A3D9DE9FED48F734C9553D16342280",
                  "OriginalFileName": "wevtutil.exe",
                  "ParentImage": "C:\\Windows\\System32\\cmd.exe",
                  "FileVersion": "10.0.17134.81 (WinBuild.160101.0800)",
                  "ParentProcessId": "4224",
                  "CurrentDirectory": "C:\\Windows\\system32\\",
                  "CommandLine": "wevtutil  cl \"RTWorkQueueExtended\"",
                  "EventID": "1",
                  "LogonGuid": "C784477D-F2ED-62FD-7E4B-040000000000",
                  "LogonId": "281470",
                  "Image": "C:\\Windows\\System32\\wevtutil.exe",
                  "IntegrityLevel": "High",
                  "ParentCommandLine": "C:\\Windows\\SYSTEM32\\cmd.exe /c \"C:\\startup.bat\"",
                  "UtcTime": "2022-08-18 08:06:30.498",
                  "RuleName": "-"
                }
              },
              {
                "values": {
                  "TerminalSessionId": "1",
                  "ProcessGuid": "C784477D-F306-62FD-3C08-000000004700",
                  "ProcessId": "868",
                  "Product": "Microsoft\u00ae Windows\u00ae Operating System",
                  "Description": "Eventing Command Line Utility",
                  "Company": "Microsoft Corporation",
                  "ParentProcessGuid": "C784477D-F2ED-62FD-7600-000000004700",
                  "User": "DESKTOP-B0T93D6\\george",
                  "Hashes": "MD5=0269064AA2DD91125F13635FB194F499,SHA256=AB86C6C090FA85C2920A637D2BE274335A86FBC0A7FB706E893493B50840DC0A,IMPHASH=89A3D9DE9FED48F734C9553D16342280",
                  "OriginalFileName": "wevtutil.exe",
                  "ParentImage": "C:\\Windows\\System32\\cmd.exe",
                  "FileVersion": "10.0.17134.81 (WinBuild.160101.0800)",
                  "ParentProcessId": "4224",
                  "CurrentDirectory": "C:\\Windows\\system32\\",
                  "CommandLine": "wevtutil  cl \"RTWorkQueueTheading\"",
                  "EventID": "1",
                  "LogonGuid": "C784477D-F2ED-62FD-7E4B-040000000000",
                  "LogonId": "281470",
                  "Image": "C:\\Windows\\System32\\wevtutil.exe",
                  "IntegrityLevel": "High",
                  "ParentCommandLine": "C:\\Windows\\SYSTEM32\\cmd.exe /c \"C:\\startup.bat\"",
                  "UtcTime": "2022-08-18 08:06:30.508",
                  "RuleName": "-"
                }
              },
              {
                "values": {
                  "TerminalSessionId": "1",
                  "ProcessGuid": "C784477D-F306-62FD-3D08-000000004700",
                  "ProcessId": "3104",
                  "Product": "Microsoft\u00ae Windows\u00ae Operating System",
                  "Description": "Eventing Command Line Utility",
                  "Company": "Microsoft Corporation",
                  "ParentProcessGuid": "C784477D-F2F9-62FD-B300-000000004700",
                  "User": "DESKTOP-B0T93D6\\george",
                  "Hashes": "MD5=0269064AA2DD91125F13635FB194F499,SHA256=AB86C6C090FA85C2920A637D2BE274335A86FBC0A7FB706E893493B50840DC0A,IMPHASH=89A3D9DE9FED48F734C9553D16342280",
                  "OriginalFileName": "wevtutil.exe",
                  "ParentImage": "C:\\Windows\\System32\\cmd.exe",
                  "FileVersion": "10.0.17134.81 (WinBuild.160101.0800)",
                  "ParentProcessId": "3656",
                  "CurrentDirectory": "C:\\",
                  "CommandLine": "wevtutil  cl \"Microsoft-Windows-StorageSpaces-SpaceManager/Operational\"",
                  "EventID": "1",
                  "LogonGuid": "C784477D-F2ED-62FD-7E4B-040000000000",
                  "LogonId": "281470",
                  "Image": "C:\\Windows\\System32\\wevtutil.exe",
                  "IntegrityLevel": "High",
                  "ParentCommandLine": "\"C:\\Windows\\System32\\cmd.exe\" /C \"C:\\startup.bat\" ",
                  "UtcTime": "2022-08-18 08:06:30.511",
                  "RuleName": "-"
                }
              },
              {
                "values": {
                  "TerminalSessionId": "1",
                  "ProcessGuid": "C784477D-F306-62FD-3E08-000000004700",
                  "ProcessId": "3164",
                  "Product": "Microsoft\u00ae Windows\u00ae Operating System",
                  "Description": "Eventing Command Line Utility",
                  "Company": "Microsoft Corporation",
                  "ParentProcessGuid": "C784477D-F2ED-62FD-7600-000000004700",
                  "User": "DESKTOP-B0T93D6\\george",
                  "Hashes": "MD5=0269064AA2DD91125F13635FB194F499,SHA256=AB86C6C090FA85C2920A637D2BE274335A86FBC0A7FB706E893493B50840DC0A,IMPHASH=89A3D9DE9FED48F734C9553D16342280",
                  "OriginalFileName": "wevtutil.exe",
                  "ParentImage": "C:\\Windows\\System32\\cmd.exe",
                  "FileVersion": "10.0.17134.81 (WinBuild.160101.0800)",
                  "ParentProcessId": "4224",
                  "CurrentDirectory": "C:\\Windows\\system32\\",
                  "CommandLine": "wevtutil  cl \"SMSApi\"",
                  "EventID": "1",
                  "LogonGuid": "C784477D-F2ED-62FD-7E4B-040000000000",
                  "LogonId": "281470",
                  "Image": "C:\\Windows\\System32\\wevtutil.exe",
                  "IntegrityLevel": "High",
                  "ParentCommandLine": "C:\\Windows\\SYSTEM32\\cmd.exe /c \"C:\\startup.bat\"",
                  "UtcTime": "2022-08-18 08:06:30.518",
                  "RuleName": "-"
                }
              },
              {
                "values": {
                  "TerminalSessionId": "1",
                  "ProcessGuid": "C784477D-F306-62FD-3F08-000000004700",
                  "ProcessId": "752",
                  "Product": "Microsoft\u00ae Windows\u00ae Operating System",
                  "Description": "Eventing Command Line Utility",
                  "Company": "Microsoft Corporation",
                  "ParentProcessGuid": "C784477D-F2F9-62FD-B300-000000004700",
                  "User": "DESKTOP-B0T93D6\\george",
                  "Hashes": "MD5=0269064AA2DD91125F13635FB194F499,SHA256=AB86C6C090FA85C2920A637D2BE274335A86FBC0A7FB706E893493B50840DC0A,IMPHASH=89A3D9DE9FED48F734C9553D16342280",
                  "OriginalFileName": "wevtutil.exe",
                  "ParentImage": "C:\\Windows\\System32\\cmd.exe",
                  "FileVersion": "10.0.17134.81 (WinBuild.160101.0800)",
                  "ParentProcessId": "3656",
                  "CurrentDirectory": "C:\\",
                  "CommandLine": "wevtutil  cl \"Microsoft-Windows-Store/Operational\"",
                  "EventID": "1",
                  "LogonGuid": "C784477D-F2ED-62FD-7E4B-040000000000",
                  "LogonId": "281470",
                  "Image": "C:\\Windows\\System32\\wevtutil.exe",
                  "IntegrityLevel": "High",
                  "ParentCommandLine": "\"C:\\Windows\\System32\\cmd.exe\" /C \"C:\\startup.bat\" ",
                  "UtcTime": "2022-08-18 08:06:30.523",
                  "RuleName": "-"
                }
              },
              {
                "values": {
                  "TerminalSessionId": "1",
                  "ProcessGuid": "C784477D-F306-62FD-4008-000000004700",
                  "ProcessId": "5336",
                  "Product": "Microsoft\u00ae Windows\u00ae Operating System",
                  "Description": "Eventing Command Line Utility",
                  "Company": "Microsoft Corporation",
                  "ParentProcessGuid": "C784477D-F2ED-62FD-7600-000000004700",
                  "User": "DESKTOP-B0T93D6\\george",
                  "Hashes": "MD5=0269064AA2DD91125F13635FB194F499,SHA256=AB86C6C090FA85C2920A637D2BE274335A86FBC0A7FB706E893493B50840DC0A,IMPHASH=89A3D9DE9FED48F734C9553D16342280",
                  "OriginalFileName": "wevtutil.exe",
                  "ParentImage": "C:\\Windows\\System32\\cmd.exe",
                  "FileVersion": "10.0.17134.81 (WinBuild.160101.0800)",
                  "ParentProcessId": "4224",
                  "CurrentDirectory": "C:\\Windows\\system32\\",
                  "CommandLine": "wevtutil  cl \"Security\"",
                  "EventID": "1",
                  "LogonGuid": "C784477D-F2ED-62FD-7E4B-040000000000",
                  "LogonId": "281470",
                  "Image": "C:\\Windows\\System32\\wevtutil.exe",
                  "IntegrityLevel": "High",
                  "ParentCommandLine": "C:\\Windows\\SYSTEM32\\cmd.exe /c \"C:\\startup.bat\"",
                  "UtcTime": "2022-08-18 08:06:30.534",
                  "RuleName": "-"
                }
              },
              {
                "values": {
                  "TerminalSessionId": "1",
                  "ProcessGuid": "C784477D-F306-62FD-4108-000000004700",
                  "ProcessId": "5972",
                  "Product": "Microsoft\u00ae Windows\u00ae Operating System",
                  "Description": "Eventing Command Line Utility",
                  "Company": "Microsoft Corporation",
                  "ParentProcessGuid": "C784477D-F2F9-62FD-B300-000000004700",
                  "User": "DESKTOP-B0T93D6\\george",
                  "Hashes": "MD5=0269064AA2DD91125F13635FB194F499,SHA256=AB86C6C090FA85C2920A637D2BE274335A86FBC0A7FB706E893493B50840DC0A,IMPHASH=89A3D9DE9FED48F734C9553D16342280",
                  "OriginalFileName": "wevtutil.exe",
                  "ParentImage": "C:\\Windows\\System32\\cmd.exe",
                  "FileVersion": "10.0.17134.81 (WinBuild.160101.0800)",
                  "ParentProcessId": "3656",
                  "CurrentDirectory": "C:\\",
                  "CommandLine": "wevtutil  cl \"Microsoft-Windows-Subsys-Csr/Operational\"",
                  "EventID": "1",
                  "LogonGuid": "C784477D-F2ED-62FD-7E4B-040000000000",
                  "LogonId": "281470",
                  "Image": "C:\\Windows\\System32\\wevtutil.exe",
                  "IntegrityLevel": "High",
                  "ParentCommandLine": "\"C:\\Windows\\System32\\cmd.exe\" /C \"C:\\startup.bat\" ",
                  "UtcTime": "2022-08-18 08:06:30.536",
                  "RuleName": "-"
                }
              },
              {
                "values": {
                  "TerminalSessionId": "1",
                  "ProcessGuid": "C784477D-F306-62FD-4208-000000004700",
                  "ProcessId": "3688",
                  "Product": "Microsoft\u00ae Windows\u00ae Operating System",
                  "Description": "Eventing Command Line Utility",
                  "Company": "Microsoft Corporation",
                  "ParentProcessGuid": "C784477D-F2F9-62FD-B300-000000004700",
                  "User": "DESKTOP-B0T93D6\\george",
                  "Hashes": "MD5=0269064AA2DD91125F13635FB194F499,SHA256=AB86C6C090FA85C2920A637D2BE274335A86FBC0A7FB706E893493B50840DC0A,IMPHASH=89A3D9DE9FED48F734C9553D16342280",
                  "OriginalFileName": "wevtutil.exe",
                  "ParentImage": "C:\\Windows\\System32\\cmd.exe",
                  "FileVersion": "10.0.17134.81 (WinBuild.160101.0800)",
                  "ParentProcessId": "3656",
                  "CurrentDirectory": "C:\\",
                  "CommandLine": "wevtutil  cl \"Microsoft-Windows-Subsys-SMSS/Operational\"",
                  "EventID": "1",
                  "LogonGuid": "C784477D-F2ED-62FD-7E4B-040000000000",
                  "LogonId": "281470",
                  "Image": "C:\\Windows\\System32\\wevtutil.exe",
                  "IntegrityLevel": "High",
                  "ParentCommandLine": "\"C:\\Windows\\System32\\cmd.exe\" /C \"C:\\startup.bat\" ",
                  "UtcTime": "2022-08-18 08:06:30.546",
                  "RuleName": "-"
                }
              },
              {
                "values": {
                  "TerminalSessionId": "1",
                  "ProcessGuid": "C784477D-F306-62FD-4308-000000004700",
                  "ProcessId": "5384",
                  "Product": "Microsoft\u00ae Windows\u00ae Operating System",
                  "Description": "Eventing Command Line Utility",
                  "Company": "Microsoft Corporation",
                  "ParentProcessGuid": "C784477D-F2ED-62FD-7600-000000004700",
                  "User": "DESKTOP-B0T93D6\\george",
                  "Hashes": "MD5=0269064AA2DD91125F13635FB194F499,SHA256=AB86C6C090FA85C2920A637D2BE274335A86FBC0A7FB706E893493B50840DC0A,IMPHASH=89A3D9DE9FED48F734C9553D16342280",
                  "OriginalFileName": "wevtutil.exe",
                  "ParentImage": "C:\\Windows\\System32\\cmd.exe",
                  "FileVersion": "10.0.17134.81 (WinBuild.160101.0800)",
                  "ParentProcessId": "4224",
                  "CurrentDirectory": "C:\\Windows\\system32\\",
                  "CommandLine": "wevtutil  cl \"Setup\"",
                  "EventID": "1",
                  "LogonGuid": "C784477D-F2ED-62FD-7E4B-040000000000",
                  "LogonId": "281470",
                  "Image": "C:\\Windows\\System32\\wevtutil.exe",
                  "IntegrityLevel": "High",
                  "ParentCommandLine": "C:\\Windows\\SYSTEM32\\cmd.exe /c \"C:\\startup.bat\"",
                  "UtcTime": "2022-08-18 08:06:30.551",
                  "RuleName": "-"
                }
              },
              {
                "values": {
                  "TerminalSessionId": "1",
                  "ProcessGuid": "C784477D-F306-62FD-4408-000000004700",
                  "ProcessId": "3412",
                  "Product": "Microsoft\u00ae Windows\u00ae Operating System",
                  "Description": "Eventing Command Line Utility",
                  "Company": "Microsoft Corporation",
                  "ParentProcessGuid": "C784477D-F2F9-62FD-B300-000000004700",
                  "User": "DESKTOP-B0T93D6\\george",
                  "Hashes": "MD5=0269064AA2DD91125F13635FB194F499,SHA256=AB86C6C090FA85C2920A637D2BE274335A86FBC0A7FB706E893493B50840DC0A,IMPHASH=89A3D9DE9FED48F734C9553D16342280",
                  "OriginalFileName": "wevtutil.exe",
                  "ParentImage": "C:\\Windows\\System32\\cmd.exe",
                  "FileVersion": "10.0.17134.81 (WinBuild.160101.0800)",
                  "ParentProcessId": "3656",
                  "CurrentDirectory": "C:\\",
                  "CommandLine": "wevtutil  cl \"Microsoft-Windows-Superfetch/Main\"",
                  "EventID": "1",
                  "LogonGuid": "C784477D-F2ED-62FD-7E4B-040000000000",
                  "LogonId": "281470",
                  "Image": "C:\\Windows\\System32\\wevtutil.exe",
                  "IntegrityLevel": "High",
                  "ParentCommandLine": "\"C:\\Windows\\System32\\cmd.exe\" /C \"C:\\startup.bat\" ",
                  "UtcTime": "2022-08-18 08:06:30.555",
                  "RuleName": "-"
                }
              },
              {
                "values": {
                  "TerminalSessionId": "1",
                  "ProcessGuid": "C784477D-F306-62FD-4508-000000004700",
                  "ProcessId": "3440",
                  "Product": "Microsoft\u00ae Windows\u00ae Operating System",
                  "Description": "Eventing Command Line Utility",
                  "Company": "Microsoft Corporation",
                  "ParentProcessGuid": "C784477D-F2F9-62FD-B300-000000004700",
                  "User": "DESKTOP-B0T93D6\\george",
                  "Hashes": "MD5=0269064AA2DD91125F13635FB194F499,SHA256=AB86C6C090FA85C2920A637D2BE274335A86FBC0A7FB706E893493B50840DC0A,IMPHASH=89A3D9DE9FED48F734C9553D16342280",
                  "OriginalFileName": "wevtutil.exe",
                  "ParentImage": "C:\\Windows\\System32\\cmd.exe",
                  "FileVersion": "10.0.17134.81 (WinBuild.160101.0800)",
                  "ParentProcessId": "3656",
                  "CurrentDirectory": "C:\\",
                  "CommandLine": "wevtutil  cl \"Microsoft-Windows-Superfetch/PfApLog\"",
                  "EventID": "1",
                  "LogonGuid": "C784477D-F2ED-62FD-7E4B-040000000000",
                  "LogonId": "281470",
                  "Image": "C:\\Windows\\System32\\wevtutil.exe",
                  "IntegrityLevel": "High",
                  "ParentCommandLine": "\"C:\\Windows\\System32\\cmd.exe\" /C \"C:\\startup.bat\" ",
                  "UtcTime": "2022-08-18 08:06:30.565",
                  "RuleName": "-"
                }
              },
              {
                "values": {
                  "TerminalSessionId": "1",
                  "ProcessGuid": "C784477D-F306-62FD-4608-000000004700",
                  "ProcessId": "5796",
                  "Product": "Microsoft\u00ae Windows\u00ae Operating System",
                  "Description": "Eventing Command Line Utility",
                  "Company": "Microsoft Corporation",
                  "ParentProcessGuid": "C784477D-F2ED-62FD-7600-000000004700",
                  "User": "DESKTOP-B0T93D6\\george",
                  "Hashes": "MD5=0269064AA2DD91125F13635FB194F499,SHA256=AB86C6C090FA85C2920A637D2BE274335A86FBC0A7FB706E893493B50840DC0A,IMPHASH=89A3D9DE9FED48F734C9553D16342280",
                  "OriginalFileName": "wevtutil.exe",
                  "ParentImage": "C:\\Windows\\System32\\cmd.exe",
                  "FileVersion": "10.0.17134.81 (WinBuild.160101.0800)",
                  "ParentProcessId": "4224",
                  "CurrentDirectory": "C:\\Windows\\system32\\",
                  "CommandLine": "wevtutil  cl \"SmbWmiAnalytic\"",
                  "EventID": "1",
                  "LogonGuid": "C784477D-F2ED-62FD-7E4B-040000000000",
                  "LogonId": "281470",
                  "Image": "C:\\Windows\\System32\\wevtutil.exe",
                  "IntegrityLevel": "High",
                  "ParentCommandLine": "C:\\Windows\\SYSTEM32\\cmd.exe /c \"C:\\startup.bat\"",
                  "UtcTime": "2022-08-18 08:06:30.565",
                  "RuleName": "-"
                }
              },
              {
                "values": {
                  "TerminalSessionId": "1",
                  "ProcessGuid": "C784477D-F306-62FD-4708-000000004700",
                  "ProcessId": "5936",
                  "Product": "Microsoft\u00ae Windows\u00ae Operating System",
                  "Description": "Eventing Command Line Utility",
                  "Company": "Microsoft Corporation",
                  "ParentProcessGuid": "C784477D-F2F9-62FD-B300-000000004700",
                  "User": "DESKTOP-B0T93D6\\george",
                  "Hashes": "MD5=0269064AA2DD91125F13635FB194F499,SHA256=AB86C6C090FA85C2920A637D2BE274335A86FBC0A7FB706E893493B50840DC0A,IMPHASH=89A3D9DE9FED48F734C9553D16342280",
                  "OriginalFileName": "wevtutil.exe",
                  "ParentImage": "C:\\Windows\\System32\\cmd.exe",
                  "FileVersion": "10.0.17134.81 (WinBuild.160101.0800)",
                  "ParentProcessId": "3656",
                  "CurrentDirectory": "C:\\",
                  "CommandLine": "wevtutil  cl \"Microsoft-Windows-Superfetch/StoreLog\"",
                  "EventID": "1",
                  "LogonGuid": "C784477D-F2ED-62FD-7E4B-040000000000",
                  "LogonId": "281470",
                  "Image": "C:\\Windows\\System32\\wevtutil.exe",
                  "IntegrityLevel": "High",
                  "ParentCommandLine": "\"C:\\Windows\\System32\\cmd.exe\" /C \"C:\\startup.bat\" ",
                  "UtcTime": "2022-08-18 08:06:30.575",
                  "RuleName": "-"
                }
              },
              {
                "values": {
                  "TerminalSessionId": "1",
                  "ProcessGuid": "C784477D-F306-62FD-4808-000000004700",
                  "ProcessId": "5484",
                  "Product": "Microsoft\u00ae Windows\u00ae Operating System",
                  "Description": "Eventing Command Line Utility",
                  "Company": "Microsoft Corporation",
                  "ParentProcessGuid": "C784477D-F2ED-62FD-7600-000000004700",
                  "User": "DESKTOP-B0T93D6\\george",
                  "Hashes": "MD5=0269064AA2DD91125F13635FB194F499,SHA256=AB86C6C090FA85C2920A637D2BE274335A86FBC0A7FB706E893493B50840DC0A,IMPHASH=89A3D9DE9FED48F734C9553D16342280",
                  "OriginalFileName": "wevtutil.exe",
                  "ParentImage": "C:\\Windows\\System32\\cmd.exe",
                  "FileVersion": "10.0.17134.81 (WinBuild.160101.0800)",
                  "ParentProcessId": "4224",
                  "CurrentDirectory": "C:\\Windows\\system32\\",
                  "CommandLine": "wevtutil  cl \"System\"",
                  "EventID": "1",
                  "LogonGuid": "C784477D-F2ED-62FD-7E4B-040000000000",
                  "LogonId": "281470",
                  "Image": "C:\\Windows\\System32\\wevtutil.exe",
                  "IntegrityLevel": "High",
                  "ParentCommandLine": "C:\\Windows\\SYSTEM32\\cmd.exe /c \"C:\\startup.bat\"",
                  "UtcTime": "2022-08-18 08:06:30.576",
                  "RuleName": "-"
                }
              },
              {
                "values": {
                  "TerminalSessionId": "1",
                  "ProcessGuid": "C784477D-F306-62FD-4908-000000004700",
                  "ProcessId": "2228",
                  "Product": "Microsoft\u00ae Windows\u00ae Operating System",
                  "Description": "Eventing Command Line Utility",
                  "Company": "Microsoft Corporation",
                  "ParentProcessGuid": "C784477D-F2F9-62FD-B300-000000004700",
                  "User": "DESKTOP-B0T93D6\\george",
                  "Hashes": "MD5=0269064AA2DD91125F13635FB194F499,SHA256=AB86C6C090FA85C2920A637D2BE274335A86FBC0A7FB706E893493B50840DC0A,IMPHASH=89A3D9DE9FED48F734C9553D16342280",
                  "OriginalFileName": "wevtutil.exe",
                  "ParentImage": "C:\\Windows\\System32\\cmd.exe",
                  "FileVersion": "10.0.17134.81 (WinBuild.160101.0800)",
                  "ParentProcessId": "3656",
                  "CurrentDirectory": "C:\\",
                  "CommandLine": "wevtutil  cl \"Microsoft-Windows-Sysmon/Operational\"",
                  "EventID": "1",
                  "LogonGuid": "C784477D-F2ED-62FD-7E4B-040000000000",
                  "LogonId": "281470",
                  "Image": "C:\\Windows\\System32\\wevtutil.exe",
                  "IntegrityLevel": "High",
                  "ParentCommandLine": "\"C:\\Windows\\System32\\cmd.exe\" /C \"C:\\startup.bat\" ",
                  "UtcTime": "2022-08-18 08:06:30.584",
                  "RuleName": "-"
                }
              },
              {
                "values": {
                  "TerminalSessionId": "1",
                  "ProcessGuid": "C784477D-F306-62FD-4A08-000000004700",
                  "ProcessId": "5912",
                  "Product": "Microsoft\u00ae Windows\u00ae Operating System",
                  "Description": "Eventing Command Line Utility",
                  "Company": "Microsoft Corporation",
                  "ParentProcessGuid": "C784477D-F2ED-62FD-7600-000000004700",
                  "User": "DESKTOP-B0T93D6\\george",
                  "Hashes": "MD5=0269064AA2DD91125F13635FB194F499,SHA256=AB86C6C090FA85C2920A637D2BE274335A86FBC0A7FB706E893493B50840DC0A,IMPHASH=89A3D9DE9FED48F734C9553D16342280",
                  "OriginalFileName": "wevtutil.exe",
                  "ParentImage": "C:\\Windows\\System32\\cmd.exe",
                  "FileVersion": "10.0.17134.81 (WinBuild.160101.0800)",
                  "ParentProcessId": "4224",
                  "CurrentDirectory": "C:\\Windows\\system32\\",
                  "CommandLine": "wevtutil  cl \"SystemEventsBroker\"",
                  "EventID": "1",
                  "LogonGuid": "C784477D-F2ED-62FD-7E4B-040000000000",
                  "LogonId": "281470",
                  "Image": "C:\\Windows\\System32\\wevtutil.exe",
                  "IntegrityLevel": "High",
                  "ParentCommandLine": "C:\\Windows\\SYSTEM32\\cmd.exe /c \"C:\\startup.bat\"",
                  "UtcTime": "2022-08-18 08:06:30.591",
                  "RuleName": "-"
                }
              },
              {
                "values": {
                  "TerminalSessionId": "1",
                  "ProcessGuid": "C784477D-F306-62FD-4B08-000000004700",
                  "ProcessId": "5328",
                  "Product": "Microsoft\u00ae Windows\u00ae Operating System",
                  "Description": "Eventing Command Line Utility",
                  "Company": "Microsoft Corporation",
                  "ParentProcessGuid": "C784477D-F2F9-62FD-B300-000000004700",
                  "User": "DESKTOP-B0T93D6\\george",
                  "Hashes": "MD5=0269064AA2DD91125F13635FB194F499,SHA256=AB86C6C090FA85C2920A637D2BE274335A86FBC0A7FB706E893493B50840DC0A,IMPHASH=89A3D9DE9FED48F734C9553D16342280",
                  "OriginalFileName": "wevtutil.exe",
                  "ParentImage": "C:\\Windows\\System32\\cmd.exe",
                  "FileVersion": "10.0.17134.81 (WinBuild.160101.0800)",
                  "ParentProcessId": "3656",
                  "CurrentDirectory": "C:\\",
                  "CommandLine": "wevtutil  cl \"Microsoft-Windows-Sysprep/Analytic\"",
                  "EventID": "1",
                  "LogonGuid": "C784477D-F2ED-62FD-7E4B-040000000000",
                  "LogonId": "281470",
                  "Image": "C:\\Windows\\System32\\wevtutil.exe",
                  "IntegrityLevel": "High",
                  "ParentCommandLine": "\"C:\\Windows\\System32\\cmd.exe\" /C \"C:\\startup.bat\" ",
                  "UtcTime": "2022-08-18 08:06:30.599",
                  "RuleName": "-"
                }
              },
              {
                "values": {
                  "TerminalSessionId": "1",
                  "ProcessGuid": "C784477D-F306-62FD-4C08-000000004700",
                  "ProcessId": "5956",
                  "Product": "Microsoft\u00ae Windows\u00ae Operating System",
                  "Description": "Eventing Command Line Utility",
                  "Company": "Microsoft Corporation",
                  "ParentProcessGuid": "C784477D-F2ED-62FD-7600-000000004700",
                  "User": "DESKTOP-B0T93D6\\george",
                  "Hashes": "MD5=0269064AA2DD91125F13635FB194F499,SHA256=AB86C6C090FA85C2920A637D2BE274335A86FBC0A7FB706E893493B50840DC0A,IMPHASH=89A3D9DE9FED48F734C9553D16342280",
                  "OriginalFileName": "wevtutil.exe",
                  "ParentImage": "C:\\Windows\\System32\\cmd.exe",
                  "FileVersion": "10.0.17134.81 (WinBuild.160101.0800)",
                  "ParentProcessId": "4224",
                  "CurrentDirectory": "C:\\Windows\\system32\\",
                  "CommandLine": "wevtutil  cl \"TabletPC_InputPanel_Channel\"",
                  "EventID": "1",
                  "LogonGuid": "C784477D-F2ED-62FD-7E4B-040000000000",
                  "LogonId": "281470",
                  "Image": "C:\\Windows\\System32\\wevtutil.exe",
                  "IntegrityLevel": "High",
                  "ParentCommandLine": "C:\\Windows\\SYSTEM32\\cmd.exe /c \"C:\\startup.bat\"",
                  "UtcTime": "2022-08-18 08:06:30.601",
                  "RuleName": "-"
                }
              },
              {
                "values": {
                  "TerminalSessionId": "1",
                  "ProcessGuid": "C784477D-F306-62FD-4D08-000000004700",
                  "ProcessId": "984",
                  "Product": "Microsoft\u00ae Windows\u00ae Operating System",
                  "Description": "Eventing Command Line Utility",
                  "Company": "Microsoft Corporation",
                  "ParentProcessGuid": "C784477D-F2F9-62FD-B300-000000004700",
                  "User": "DESKTOP-B0T93D6\\george",
                  "Hashes": "MD5=0269064AA2DD91125F13635FB194F499,SHA256=AB86C6C090FA85C2920A637D2BE274335A86FBC0A7FB706E893493B50840DC0A,IMPHASH=89A3D9DE9FED48F734C9553D16342280",
                  "OriginalFileName": "wevtutil.exe",
                  "ParentImage": "C:\\Windows\\System32\\cmd.exe",
                  "FileVersion": "10.0.17134.81 (WinBuild.160101.0800)",
                  "ParentProcessId": "3656",
                  "CurrentDirectory": "C:\\",
                  "CommandLine": "wevtutil  cl \"Microsoft-Windows-System-Profile-HardwareId/Diagnostic\"",
                  "EventID": "1",
                  "LogonGuid": "C784477D-F2ED-62FD-7E4B-040000000000",
                  "LogonId": "281470",
                  "Image": "C:\\Windows\\System32\\wevtutil.exe",
                  "IntegrityLevel": "High",
                  "ParentCommandLine": "\"C:\\Windows\\System32\\cmd.exe\" /C \"C:\\startup.bat\" ",
                  "UtcTime": "2022-08-18 08:06:30.608",
                  "RuleName": "-"
                }
              },
              {
                "values": {
                  "TerminalSessionId": "1",
                  "ProcessGuid": "C784477D-F306-62FD-4E08-000000004700",
                  "ProcessId": "3600",
                  "Product": "Microsoft\u00ae Windows\u00ae Operating System",
                  "Description": "Eventing Command Line Utility",
                  "Company": "Microsoft Corporation",
                  "ParentProcessGuid": "C784477D-F2ED-62FD-7600-000000004700",
                  "User": "DESKTOP-B0T93D6\\george",
                  "Hashes": "MD5=0269064AA2DD91125F13635FB194F499,SHA256=AB86C6C090FA85C2920A637D2BE274335A86FBC0A7FB706E893493B50840DC0A,IMPHASH=89A3D9DE9FED48F734C9553D16342280",
                  "OriginalFileName": "wevtutil.exe",
                  "ParentImage": "C:\\Windows\\System32\\cmd.exe",
                  "FileVersion": "10.0.17134.81 (WinBuild.160101.0800)",
                  "ParentProcessId": "4224",
                  "CurrentDirectory": "C:\\Windows\\system32\\",
                  "CommandLine": "wevtutil  cl \"TabletPC_InputPanel_Channel/IHM\"",
                  "EventID": "1",
                  "LogonGuid": "C784477D-F2ED-62FD-7E4B-040000000000",
                  "LogonId": "281470",
                  "Image": "C:\\Windows\\System32\\wevtutil.exe",
                  "IntegrityLevel": "High",
                  "ParentCommandLine": "C:\\Windows\\SYSTEM32\\cmd.exe /c \"C:\\startup.bat\"",
                  "UtcTime": "2022-08-18 08:06:30.612",
                  "RuleName": "-"
                }
              },
              {
                "values": {
                  "TerminalSessionId": "1",
                  "ProcessGuid": "C784477D-F306-62FD-4F08-000000004700",
                  "ProcessId": "820",
                  "Product": "Microsoft\u00ae Windows\u00ae Operating System",
                  "Description": "Eventing Command Line Utility",
                  "Company": "Microsoft Corporation",
                  "ParentProcessGuid": "C784477D-F2F9-62FD-B300-000000004700",
                  "User": "DESKTOP-B0T93D6\\george",
                  "Hashes": "MD5=0269064AA2DD91125F13635FB194F499,SHA256=AB86C6C090FA85C2920A637D2BE274335A86FBC0A7FB706E893493B50840DC0A,IMPHASH=89A3D9DE9FED48F734C9553D16342280",
                  "OriginalFileName": "wevtutil.exe",
                  "ParentImage": "C:\\Windows\\System32\\cmd.exe",
                  "FileVersion": "10.0.17134.81 (WinBuild.160101.0800)",
                  "ParentProcessId": "3656",
                  "CurrentDirectory": "C:\\",
                  "CommandLine": "wevtutil  cl \"Microsoft-Windows-SystemSettingsHandlers/Debug\"",
                  "EventID": "1",
                  "LogonGuid": "C784477D-F2ED-62FD-7E4B-040000000000",
                  "LogonId": "281470",
                  "Image": "C:\\Windows\\System32\\wevtutil.exe",
                  "IntegrityLevel": "High",
                  "ParentCommandLine": "\"C:\\Windows\\System32\\cmd.exe\" /C \"C:\\startup.bat\" ",
                  "UtcTime": "2022-08-18 08:06:30.617",
                  "RuleName": "-"
                }
              },
              {
                "values": {
                  "TerminalSessionId": "1",
                  "ProcessGuid": "C784477D-F306-62FD-5008-000000004700",
                  "ProcessId": "4780",
                  "Product": "Microsoft\u00ae Windows\u00ae Operating System",
                  "Description": "Eventing Command Line Utility",
                  "Company": "Microsoft Corporation",
                  "ParentProcessGuid": "C784477D-F2ED-62FD-7600-000000004700",
                  "User": "DESKTOP-B0T93D6\\george",
                  "Hashes": "MD5=0269064AA2DD91125F13635FB194F499,SHA256=AB86C6C090FA85C2920A637D2BE274335A86FBC0A7FB706E893493B50840DC0A,IMPHASH=89A3D9DE9FED48F734C9553D16342280",
                  "OriginalFileName": "wevtutil.exe",
                  "ParentImage": "C:\\Windows\\System32\\cmd.exe",
                  "FileVersion": "10.0.17134.81 (WinBuild.160101.0800)",
                  "ParentProcessId": "4224",
                  "CurrentDirectory": "C:\\Windows\\system32\\",
                  "CommandLine": "wevtutil  cl \"TimeBroker\"",
                  "EventID": "1",
                  "LogonGuid": "C784477D-F2ED-62FD-7E4B-040000000000",
                  "LogonId": "281470",
                  "Image": "C:\\Windows\\System32\\wevtutil.exe",
                  "IntegrityLevel": "High",
                  "ParentCommandLine": "C:\\Windows\\SYSTEM32\\cmd.exe /c \"C:\\startup.bat\"",
                  "UtcTime": "2022-08-18 08:06:30.622",
                  "RuleName": "-"
                }
              },
              {
                "values": {
                  "TerminalSessionId": "1",
                  "ProcessGuid": "C784477D-F306-62FD-5108-000000004700",
                  "ProcessId": "5648",
                  "Product": "Microsoft\u00ae Windows\u00ae Operating System",
                  "Description": "Eventing Command Line Utility",
                  "Company": "Microsoft Corporation",
                  "ParentProcessGuid": "C784477D-F2F9-62FD-B300-000000004700",
                  "User": "DESKTOP-B0T93D6\\george",
                  "Hashes": "MD5=0269064AA2DD91125F13635FB194F499,SHA256=AB86C6C090FA85C2920A637D2BE274335A86FBC0A7FB706E893493B50840DC0A,IMPHASH=89A3D9DE9FED48F734C9553D16342280",
                  "OriginalFileName": "wevtutil.exe",
                  "ParentImage": "C:\\Windows\\System32\\cmd.exe",
                  "FileVersion": "10.0.17134.81 (WinBuild.160101.0800)",
                  "ParentProcessId": "3656",
                  "CurrentDirectory": "C:\\",
                  "CommandLine": "wevtutil  cl \"Microsoft-Windows-SystemSettingsThreshold/Debug\"",
                  "EventID": "1",
                  "LogonGuid": "C784477D-F2ED-62FD-7E4B-040000000000",
                  "LogonId": "281470",
                  "Image": "C:\\Windows\\System32\\wevtutil.exe",
                  "IntegrityLevel": "High",
                  "ParentCommandLine": "\"C:\\Windows\\System32\\cmd.exe\" /C \"C:\\startup.bat\" ",
                  "UtcTime": "2022-08-18 08:06:30.627",
                  "RuleName": "-"
                }
              },
              {
                "values": {
                  "TerminalSessionId": "1",
                  "ProcessGuid": "C784477D-F306-62FD-5208-000000004700",
                  "ProcessId": "5888",
                  "Product": "Microsoft\u00ae Windows\u00ae Operating System",
                  "Description": "Eventing Command Line Utility",
                  "Company": "Microsoft Corporation",
                  "ParentProcessGuid": "C784477D-F2ED-62FD-7600-000000004700",
                  "User": "DESKTOP-B0T93D6\\george",
                  "Hashes": "MD5=0269064AA2DD91125F13635FB194F499,SHA256=AB86C6C090FA85C2920A637D2BE274335A86FBC0A7FB706E893493B50840DC0A,IMPHASH=89A3D9DE9FED48F734C9553D16342280",
                  "OriginalFileName": "wevtutil.exe",
                  "ParentImage": "C:\\Windows\\System32\\cmd.exe",
                  "FileVersion": "10.0.17134.81 (WinBuild.160101.0800)",
                  "ParentProcessId": "4224",
                  "CurrentDirectory": "C:\\Windows\\system32\\",
                  "CommandLine": "wevtutil  cl \"UIManager_Channel\"",
                  "EventID": "1",
                  "LogonGuid": "C784477D-F2ED-62FD-7E4B-040000000000",
                  "LogonId": "281470",
                  "Image": "C:\\Windows\\System32\\wevtutil.exe",
                  "IntegrityLevel": "High",
                  "ParentCommandLine": "C:\\Windows\\SYSTEM32\\cmd.exe /c \"C:\\startup.bat\"",
                  "UtcTime": "2022-08-18 08:06:30.632",
                  "RuleName": "-"
                }
              },
              {
                "values": {
                  "TerminalSessionId": "1",
                  "ProcessGuid": "C784477D-F306-62FD-5308-000000004700",
                  "ProcessId": "4708",
                  "Product": "Microsoft\u00ae Windows\u00ae Operating System",
                  "Description": "Eventing Command Line Utility",
                  "Company": "Microsoft Corporation",
                  "ParentProcessGuid": "C784477D-F2F9-62FD-B300-000000004700",
                  "User": "DESKTOP-B0T93D6\\george",
                  "Hashes": "MD5=0269064AA2DD91125F13635FB194F499,SHA256=AB86C6C090FA85C2920A637D2BE274335A86FBC0A7FB706E893493B50840DC0A,IMPHASH=89A3D9DE9FED48F734C9553D16342280",
                  "OriginalFileName": "wevtutil.exe",
                  "ParentImage": "C:\\Windows\\System32\\cmd.exe",
                  "FileVersion": "10.0.17134.81 (WinBuild.160101.0800)",
                  "ParentProcessId": "3656",
                  "CurrentDirectory": "C:\\",
                  "CommandLine": "wevtutil  cl \"Microsoft-Windows-SystemSettingsThreshold/Diagnostic\"",
                  "EventID": "1",
                  "LogonGuid": "C784477D-F2ED-62FD-7E4B-040000000000",
                  "LogonId": "281470",
                  "Image": "C:\\Windows\\System32\\wevtutil.exe",
                  "IntegrityLevel": "High",
                  "ParentCommandLine": "\"C:\\Windows\\System32\\cmd.exe\" /C \"C:\\startup.bat\" ",
                  "UtcTime": "2022-08-18 08:06:30.637",
                  "RuleName": "-"
                }
              },
              {
                "values": {
                  "TerminalSessionId": "1",
                  "ProcessGuid": "C784477D-F306-62FD-5408-000000004700",
                  "ProcessId": "3988",
                  "Product": "Microsoft\u00ae Windows\u00ae Operating System",
                  "Description": "Eventing Command Line Utility",
                  "Company": "Microsoft Corporation",
                  "ParentProcessGuid": "C784477D-F2ED-62FD-7600-000000004700",
                  "User": "DESKTOP-B0T93D6\\george",
                  "Hashes": "MD5=0269064AA2DD91125F13635FB194F499,SHA256=AB86C6C090FA85C2920A637D2BE274335A86FBC0A7FB706E893493B50840DC0A,IMPHASH=89A3D9DE9FED48F734C9553D16342280",
                  "OriginalFileName": "wevtutil.exe",
                  "ParentImage": "C:\\Windows\\System32\\cmd.exe",
                  "FileVersion": "10.0.17134.81 (WinBuild.160101.0800)",
                  "ParentProcessId": "4224",
                  "CurrentDirectory": "C:\\Windows\\system32\\",
                  "CommandLine": "wevtutil  cl \"WINDOWS_KS_CHANNEL\"",
                  "EventID": "1",
                  "LogonGuid": "C784477D-F2ED-62FD-7E4B-040000000000",
                  "LogonId": "281470",
                  "Image": "C:\\Windows\\System32\\wevtutil.exe",
                  "IntegrityLevel": "High",
                  "ParentCommandLine": "C:\\Windows\\SYSTEM32\\cmd.exe /c \"C:\\startup.bat\"",
                  "UtcTime": "2022-08-18 08:06:30.643",
                  "RuleName": "-"
                }
              },
              {
                "values": {
                  "TerminalSessionId": "1",
                  "ProcessGuid": "C784477D-F306-62FD-5508-000000004700",
                  "ProcessId": "3412",
                  "Product": "Microsoft\u00ae Windows\u00ae Operating System",
                  "Description": "Eventing Command Line Utility",
                  "Company": "Microsoft Corporation",
                  "ParentProcessGuid": "C784477D-F2F9-62FD-B300-000000004700",
                  "User": "DESKTOP-B0T93D6\\george",
                  "Hashes": "MD5=0269064AA2DD91125F13635FB194F499,SHA256=AB86C6C090FA85C2920A637D2BE274335A86FBC0A7FB706E893493B50840DC0A,IMPHASH=89A3D9DE9FED48F734C9553D16342280",
                  "OriginalFileName": "wevtutil.exe",
                  "ParentImage": "C:\\Windows\\System32\\cmd.exe",
                  "FileVersion": "10.0.17134.81 (WinBuild.160101.0800)",
                  "ParentProcessId": "3656",
                  "CurrentDirectory": "C:\\",
                  "CommandLine": "wevtutil  cl \"Microsoft-Windows-SystemSettingsThreshold/Operational\"",
                  "EventID": "1",
                  "LogonGuid": "C784477D-F2ED-62FD-7E4B-040000000000",
                  "LogonId": "281470",
                  "Image": "C:\\Windows\\System32\\wevtutil.exe",
                  "IntegrityLevel": "High",
                  "ParentCommandLine": "\"C:\\Windows\\System32\\cmd.exe\" /C \"C:\\startup.bat\" ",
                  "UtcTime": "2022-08-18 08:06:30.646",
                  "RuleName": "-"
                }
              },
              {
                "values": {
                  "TerminalSessionId": "1",
                  "ProcessGuid": "C784477D-F306-62FD-5608-000000004700",
                  "ProcessId": "5880",
                  "Product": "Microsoft\u00ae Windows\u00ae Operating System",
                  "Description": "Eventing Command Line Utility",
                  "Company": "Microsoft Corporation",
                  "ParentProcessGuid": "C784477D-F2ED-62FD-7600-000000004700",
                  "User": "DESKTOP-B0T93D6\\george",
                  "Hashes": "MD5=0269064AA2DD91125F13635FB194F499,SHA256=AB86C6C090FA85C2920A637D2BE274335A86FBC0A7FB706E893493B50840DC0A,IMPHASH=89A3D9DE9FED48F734C9553D16342280",
                  "OriginalFileName": "wevtutil.exe",
                  "ParentImage": "C:\\Windows\\System32\\cmd.exe",
                  "FileVersion": "10.0.17134.81 (WinBuild.160101.0800)",
                  "ParentProcessId": "4224",
                  "CurrentDirectory": "C:\\Windows\\system32\\",
                  "CommandLine": "wevtutil  cl \"WINDOWS_MFH264Enc_CHANNEL\"",
                  "EventID": "1",
                  "LogonGuid": "C784477D-F2ED-62FD-7E4B-040000000000",
                  "LogonId": "281470",
                  "Image": "C:\\Windows\\System32\\wevtutil.exe",
                  "IntegrityLevel": "High",
                  "ParentCommandLine": "C:\\Windows\\SYSTEM32\\cmd.exe /c \"C:\\startup.bat\"",
                  "UtcTime": "2022-08-18 08:06:30.654",
                  "RuleName": "-"
                }
              },
              {
                "values": {
                  "TerminalSessionId": "1",
                  "ProcessGuid": "C784477D-F306-62FD-5708-000000004700",
                  "ProcessId": "5644",
                  "Product": "Microsoft\u00ae Windows\u00ae Operating System",
                  "Description": "Eventing Command Line Utility",
                  "Company": "Microsoft Corporation",
                  "ParentProcessGuid": "C784477D-F2F9-62FD-B300-000000004700",
                  "User": "DESKTOP-B0T93D6\\george",
                  "Hashes": "MD5=0269064AA2DD91125F13635FB194F499,SHA256=AB86C6C090FA85C2920A637D2BE274335A86FBC0A7FB706E893493B50840DC0A,IMPHASH=89A3D9DE9FED48F734C9553D16342280",
                  "OriginalFileName": "wevtutil.exe",
                  "ParentImage": "C:\\Windows\\System32\\cmd.exe",
                  "FileVersion": "10.0.17134.81 (WinBuild.160101.0800)",
                  "ParentProcessId": "3656",
                  "CurrentDirectory": "C:\\",
                  "CommandLine": "wevtutil  cl \"Microsoft-Windows-TCPIP/Diagnostic\"",
                  "EventID": "1",
                  "LogonGuid": "C784477D-F2ED-62FD-7E4B-040000000000",
                  "LogonId": "281470",
                  "Image": "C:\\Windows\\System32\\wevtutil.exe",
                  "IntegrityLevel": "High",
                  "ParentCommandLine": "\"C:\\Windows\\System32\\cmd.exe\" /C \"C:\\startup.bat\" ",
                  "UtcTime": "2022-08-18 08:06:30.659",
                  "RuleName": "-"
                }
              },
