              {
                "values": {
                  "TerminalSessionId": "1",
                  "ProcessGuid": "C784477D-F440-62FD-050A-000000004700",
                  "ProcessId": "6624",
                  "Product": "Microsoft\u00ae Windows\u00ae Operating System",
                  "Description": "Lists the current running tasks",
                  "Company": "Microsoft Corporation",
                  "ParentProcessGuid": "C784477D-F440-62FD-FD09-000000004700",
                  "User": "DESKTOP-B0T93D6\\george",
                  "Hashes": "MD5=6B7D2FC3FB98B10A5F77B23DEF745F6F,SHA256=1A3F8B8C89F7D3DAA25A738E63D90C4806B3FD119596C58D335F98F96C777858,IMPHASH=D16A743355B243B7509AE74891F10F6B",
                  "OriginalFileName": "tasklist.exe",
                  "ParentImage": "C:\\Windows\\SysWOW64\\cmd.exe",
                  "FileVersion": "10.0.17134.1 (WinBuild.160101.0800)",
                  "ParentProcessId": "6472",
                  "CurrentDirectory": "C:\\Program Files (x86)\\AutoIt3\\",
                  "CommandLine": "tasklist  /svc ",
                  "EventID": "1",
                  "LogonGuid": "C784477D-F2ED-62FD-7E4B-040000000000",
                  "LogonId": "281470",
                  "Image": "C:\\Windows\\SysWOW64\\tasklist.exe",
                  "IntegrityLevel": "High",
                  "ParentCommandLine": "C:\\Windows\\system32\\cmd.exe /c tasklist /svc | find \"svchost.exe\" >> \\\\192.168.2.1\\joe-windows-g10-3\\logs\\services.log",
                  "UtcTime": "2022-08-18 08:11:44.543",
                  "RuleName": "-"
                }
              }
            ],
            "rule_level": "low",
            "rule_id": "54b43d3a279bdcbcca22abf416f8b57c691f2c84a9363507162ca472e30ab902",
            "rule_source": "Sigma Integrated Rule Set (GitHub)",
            "rule_title": "Suspicious Tasklist Discovery Command",
            "rule_description": "Adversaries may attempt to get information about running processes on a system. Information obtained could be used to gain an understanding of common software/applications running on systems within the network",
            "rule_author": "frack113"
          },
          {
            "match_context": [
              {
                "values": {
                  "TerminalSessionId": "1",
                  "ProcessGuid": "C784477D-F43F-62FD-F309-000000004700",
                  "ProcessId": "1100",
                  "Product": "Microsoft\u00ae Windows\u00ae Operating System",
                  "Description": "Windows Command Processor",
                  "Company": "Microsoft Corporation",
                  "ParentProcessGuid": "C784477D-F43E-62FD-EF09-000000004700",
                  "User": "DESKTOP-B0T93D6\\george",
                  "Hashes": "MD5=F3BDBE3BB6F734E357235F4D5898582D,SHA256=3685495D051137B1C4EFDE22C26DF0883614B6453B762FA84588DA55ED2E7744,IMPHASH=0AF8419BE362159398343D7B31721726",
                  "OriginalFileName": "Cmd.Exe",
                  "ParentImage": "C:\\Program Files (x86)\\AutoIt3\\AutoIt3.exe",
                  "FileVersion": "10.0.17134.1 (WinBuild.160101.0800)",
                  "ParentProcessId": "6228",
                  "CurrentDirectory": "C:\\Program Files (x86)\\AutoIt3\\",
                  "CommandLine": "C:\\Windows\\system32\\cmd.exe /c arp -a > C:\\windows\\runiso.out 2>&1",
                  "EventID": "1",
                  "LogonGuid": "C784477D-F2ED-62FD-7E4B-040000000000",
                  "LogonId": "281470",
                  "Image": "C:\\Windows\\SysWOW64\\cmd.exe",
                  "IntegrityLevel": "High",
                  "ParentCommandLine": "\"C:\\Program Files (x86)\\AutoIt3\\AutoIt3.exe\" \"C:\\Users\\george\\Desktop\\script.0.au3\"",
                  "UtcTime": "2022-08-18 08:11:43.637",
                  "RuleName": "-"
                }
              }
            ],
            "rule_level": "low",
            "rule_id": "76a1e5bc5c7d4b95d8c382b4ecefb6a628ea4fba6cbf029fbb3cc32d36dcce57",
            "rule_source": "Sigma Integrated Rule Set (GitHub)",
            "rule_title": "Suspicious Network Command",
            "rule_description": "Adversaries may look for details about the network configuration and settings of systems they access or through information discovery of remote systems",
            "rule_author": "frack113, Christopher Peacock '@securepeacock', SCYTHE '@scythe_io'"
          },
          {
            "match_context": [
              {
                "values": {
                  "EventID": "4104",
                  "ScriptBlockText": "#Joebox\r\n#Creating Win32_Fan class and settings values being checked (not everything!)\r\n$newClass = New-Object System.Management.ManagementClass(\"root\\cimv2\", [String]::Empty, $null); \r\n$newClass[\"__CLASS\"] = \"Win32_Fan\"; \r\n$newClass.Qualifiers.Add(\"Static\", $true)\r\n$newClass.Properties.Add(\"Name\", [System.Management.CimType]::String, $false)\r\n$newClass.Properties[\"Name\"].Qualifiers.Add(\"read\", $true)\r\n$newClass.Properties[\"Name\"].Qualifiers.Add(\"Key\", $true)\r\n$newClass.Put()\r\nSet-WmiInstance -Path \\\\.\\root\\cimv2:Win32_Fan -Arguments @{Name=\"Cooling Device\";}\r\n\r\n#Creating MSAcpi_ThermalZoneTemperature class and settings values being checked (not everything!)\r\n$newClass = New-Object System.Management.ManagementClass(\"root\\wmi\", [String]::Empty, $null); \r\n$newClass[\"__CLASS\"] = \"MSAcpi_ThermalZoneTemperature\"; \r\n$newClass.Qualifiers.Add(\"Static\", $true)\r\n$newClass.Properties.Add(\"CurrentTemperature\", [System.Management.CimType]::UInt32, $false)\r\n$newClass.Properties[\"CurrentTemperature\"].Qualifiers.Add(\"read\", $true)\r\n$newClass.Properties[\"CurrentTemperature\"].Qualifiers.Add(\"Key\", $true)\r\n$newClass.Put()\r\n$temp = Get-Random -Minimum 2000 -Maximum 3000\r\nSet-WmiInstance -Path \\\\.\\root\\wmi:MSAcpi_ThermalZoneTemperature -Arguments @{CurrentTemperature=$temp.ToString();}\r\n\r\nfunction Get-RandomCharacters($length, $characters) { \r\n    $random = 1..$length | ForEach-Object { Get-Random -Maximum $characters.length } \r\n    $private:ofs=\"\" \r\n    return [String]$characters[$random]\r\n}\r\n\r\n#Joebox\r\n<#\r\n# Win32_CacheMemory\r\n$newClass = New-Object System.Management.ManagementClass(\"root\\cimv2\", [String]::Empty, $null); \r\n$newClass[\"__CLASS\"] = \"Win32_CacheMemory\"; \r\n$newClass.Qualifiers.Add(\"Static\", $true)\r\n$newClass.Properties.Add(\"DeviceID\", [System.Management.CimType]::String, $false)\r\n$newClass.Properties[\"DeviceID\"].Qualifiers.Add(\"read\", $true)\r\n$newClass.Properties[\"DeviceID\"].Qualifiers.Add(\"Key\", $true)\r\n$newClass.Put()\r\nSet-WmiInstance -Path \\\\.\\root\\cimv2:Win32_CacheMemory -Arguments @{DeviceID=\"Cache Memory 0\";}\r\n\r\n# Win32_PhysicalMemory\r\n$newClass = New-Object System.Management.ManagementClass(\"root\\cimv2\", [String]::Empty, $null); \r\n$newClass[\"__CLASS\"] = \"Win32_PhysicalMemory\"; \r\n$newClass.Qualifiers.Add(\"Static\", $true)\r\n$newClass.Properties.Add(\"Name\", [System.Management.CimType]::String, $false)\r\n$newClass.Properties[\"Name\"].Qualifiers.Add(\"read\", $true)\r\n$newClass.Properties[\"Name\"].Qualifiers.Add(\"Key\", $true)\r\n$newClass.Put()\r\nSet-WmiInstance -Path \\\\.\\root\\cimv2:Win32_PhysicalMemory -Arguments @{Name=\"Physical Memory\";}\r\n\r\n# Win32_MemoryDevice\r\n$newClass = New-Object System.Management.ManagementClass(\"root\\cimv2\", [String]::Empty, $null); \r\n$newClass[\"__CLASS\"] = \"Win32_MemoryDevice\"; \r\n$newClass.Qualifiers.Add(\"Static\", $true)\r\n$newClass.Properties.Add(\"Name\", [System.Management.CimType]::String, $false)\r\n$newClass.Properties[\"Name\"].Qualifiers.Add(\"read\", $true)\r\n$newClass.Properties[\"Name\"].Qualifiers.Add(\"Key\", $true)\r\n$newClass.Put()\r\nSet-WmiInstance -Path \\\\.\\root\\cimv2:Win32_MemoryDevice -Arguments @{Name=\"Memory Device\";}\r\n\r\n# Win32_MemoryArray\r\n$newClass = New-Object System.Management.ManagementClass(\"root\\cimv2\", [String]::Empty, $null); \r\n$newClass[\"__CLASS\"] = \"Win32_MemoryArray\"; \r\n$newClass.Qualifiers.Add(\"Static\", $true)\r\n$newClass.Properties.Add(\"Name\", [System.Management.CimType]::String, $false)\r\n$newClass.Properties[\"Name\"].Qualifiers.Add(\"read\", $true)\r\n$newClass.Properties[\"Name\"].Qualifiers.Add(\"Key\", $true)\r\n$newClass.Put()\r\nSet-WmiInstance -Path \\\\.\\root\\cimv2:Win32_MemoryArray -Arguments @{Name=\"Memory Array\";}\r\n\r\n# Win32_PortConnector\r\n$newClass = New-Object System.Management.ManagementClass(\"root\\cimv2\", [String]::Empty, $null); \r\n$newClass[\"__CLASS\"] = \"Win32_PortConnector\"; \r\n$newClass.Qualifiers.Add(\"Static\", $true)\r\n$newClass.Properties.Add(\"Tag\", [System.Management.CimType]::String, $false)\r\n$newClass.Properties[\"Tag\"].Qualifiers.Add(\"read\", $true)\r\n$newClass.Properties[\"Tag\"].Qualifiers.Add(\"Key\", $true)\r\n$newClass.Put()\r\nSet-WmiInstance -Path \\\\.\\root\\cimv2:Win32_PortConnector -Arguments @{Tag=\"Port Connector 0\";}\r\n\r\n# Win32_SMBIOSMemory\r\n$newClass = New-Object System.Management.ManagementClass(\"root\\cimv2\", [String]::Empty, $null); \r\n$newClass[\"__CLASS\"] = \"Win32_SMBIOSMemory\"; \r\n$newClass.Qualifiers.Add(\"Static\", $true)\r\n$newClass.Properties.Add(\"Name\", [System.Management.CimType]::String, $false)\r\n$newClass.Properties[\"Name\"].Qualifiers.Add(\"read\", $true)\r\n$newClass.Properties[\"Name\"].Qualifiers.Add(\"Key\", $true)\r\n$newClass.Put()\r\nSet-WmiInstance -Path \\\\.\\root\\cimv2:Win32_SMBIOSMemory -Arguments @{Name=\"Memory Array\";}\r\n\r\n# Win32_VoltageProbe\r\n$newClass = New-Object System.Management.ManagementClass(\"root\\cimv2\", [String]::Empty, $null); \r\n$newClass[\"__CLASS\"] = \"Win32_VoltageProbe\"; \r\n$newClass.Qualifiers.Add(\"Static\", $true)\r\n$newClass.Properties.Add(\"Description\", [System.Management.CimType]::String, $false)\r\n$newClass.Properties[\"Description\"].Qualifiers.Add(\"read\", $true)\r\n$newClass.Properties[\"Description\"].Qualifiers.Add(\"Key\", $true)\r\n$newClass.Put()\r\nSet-WmiInstance -Path \\\\.\\root\\cimv2:Win32_VoltageProbe -Arguments @{Description=\"LM78A\";}\r\n\r\n\r\n\r\n# Win32_PerfFormattedData_Counters_ThermalZoneInformation\r\n$newClass = New-Object System.Management.ManagementClass(\"root\\cimv2\", [String]::Empty, $null); \r\n$newClass[\"__CLASS\"] = \"Win32_PerfFormattedData_Counters_ThermalZoneInformation\"; \r\n$newClass.Qualifiers.Add(\"Static\", $true)\r\n$newClass.Properties.Add(\"Name\", [System.Management.CimType]::String, $false)\r\n$newClass.Properties[\"Name\"].Qualifiers.Add(\"read\", $true)\r\n$newClass.Properties[\"Name\"].Qualifiers.Add(\"Key\", $true)\r\n$newClass.Put()\r\nSet-WmiInstance -Path \\\\.\\root\\cimv2:Win32_PerfFormattedData_Counters_ThermalZoneInformation -Arguments @{Name=\"\\\\_TZ.TZ01\";}\r\n#>\r\n<#\r\n\r\n# CIM_VoltageSensor\r\n$newClass = New-Object System.Management.ManagementClass(\"root\\cimv2\", [String]::Empty, $null); \r\n$newClass[\"__CLASS\"] = \"CIM_VoltageSensor\"; \r\n$newClass.Qualifiers.Add(\"Static\", $true)\r\n$newClass.Properties.Add(\"Description\", [System.Management.CimType]::String, $false)\r\n$newClass.Properties[\"Description\"].Qualifiers.Add(\"read\", $true)\r\n$newClass.Properties[\"Description\"].Qualifiers.Add(\"Key\", $true)\r\n$newClass.Put()\r\nSet-WmiInstance -Path \\\\.\\root\\cimv2:CIM_VoltageSensor -Arguments @{Description=\"LM78A\";}\r\n\r\n# CIM_Memory\r\n$newClass = New-Object System.Management.ManagementClass(\"root\\cimv2\", [String]::Empty, $null); \r\n$newClass[\"__CLASS\"] = \"CIM_Memory\"; \r\n$newClass.Qualifiers.Add(\"Static\", $true)\r\n$newClass.Properties.Add(\"DeviceID\", [System.Management.CimType]::String, $false)\r\n$newClass.Properties[\"DeviceID\"].Qualifiers.Add(\"read\", $true)\r\n$newClass.Properties[\"DeviceID\"].Qualifiers.Add(\"Key\", $true)\r\n$newClass.Put()\r\nSet-WmiInstance -Path \\\\.\\root\\cimv2:CIM_Memory -Arguments @{DeviceID=\"Cache Memory 0\";}\r\n\r\n# CIM_Sensor\r\n$newClass = New-Object System.Management.ManagementClass(\"root\\cimv2\", [String]::Empty, $null); \r\n$newClass[\"__CLASS\"] = \"CIM_Sensor\"; \r\n$newClass.Qualifiers.Add(\"Static\", $true)\r\n$newClass.Properties.Add(\"Name\", [System.Management.CimType]::String, $false)\r\n$newClass.Properties[\"Name\"].Qualifiers.Add(\"read\", $true)\r\n$newClass.Properties[\"Name\"].Qualifiers.Add(\"Key\", $true)\r\n$newClass.Put()\r\nSet-WmiInstance -Path \\\\.\\root\\cimv2:CIM_Sensor -Arguments @{Name=\"Numeric Sensor\";}\r\n\r\n# CIM_NumericSensor\r\n$newClass = New-Object System.Management.ManagementClass(\"root\\cimv2\", [String]::Empty, $null); \r\n$newClass[\"__CLASS\"] = \"CIM_NumericSensor\"; \r\n$newClass.Qualifiers.Add(\"Static\", $true)\r\n$newClass.Properties.Add(\"Name\", [System.Management.CimType]::String, $false)\r\n$newClass.Properties[\"Name\"].Qualifiers.Add(\"read\", $true)\r\n$newClass.Properties[\"Name\"].Qualifiers.Add(\"Key\", $true)\r\n$newClass.Put()\r\nSet-WmiInstance -Path \\\\.\\root\\cimv2:CIM_NumericSensor -Arguments @{Name=\"Numeric Sensor\";}\r\n\r\n# CIM_TemperatureSensor\r\n$newClass = New-Object System.Management.ManagementClass(\"root\\cimv2\", [String]::Empty, $null); \r\n$newClass[\"__CLASS\"] = \"CIM_TemperatureSensor\"; \r\n$newClass.Qualifiers.Add(\"Static\", $true)\r\n$newClass.Properties.Add(\"Name\", [System.Management.CimType]::String, $false)\r\n$newClass.Properties[\"Name\"].Qualifiers.Add(\"read\", $true)\r\n$newClass.Properties[\"Name\"].Qualifiers.Add(\"Key\", $true)\r\n$newClass.Put()\r\nSet-WmiInstance -Path \\\\.\\root\\cimv2:CIM_TemperatureSensor -Arguments @{Name=\"Numeric Sensor\";}\r\n\r\n# CIM_PhysicalConnector\r\n$newClass = New-Object System.Management.ManagementClass(\"root\\cimv2\", [String]::Empty, $null); \r\n$newClass[\"__CLASS\"] = \"CIM_PhysicalConnector\"; \r\n$newClass.Qualifiers.Add(\"Static\", $true)\r\n$newClass.Properties.Add(\"Tag\", [System.Management.CimType]::String, $false)\r\n$newClass.Properties[\"Tag\"].Qualifiers.Add(\"read\", $true)\r\n$newClass.Properties[\"Tag\"].Qualifiers.Add(\"Key\", $true)\r\n$newClass.Put()\r\nSet-WmiInstance -Path \\\\.\\root\\cimv2:CIM_PhysicalConnector -Arguments @{Tag=\"Port Connector 0\";}\r\n\r\n# CIM_Slot\r\n$newClass = New-Object System.Management.ManagementClass(\"root\\cimv2\", [String]::Empty, $null); \r\n$newClass[\"__CLASS\"] = \"CIM_Slot\"; \r\n$newClass.Qualifiers.Add(\"Static\", $true)\r\n$newClass.Properties.Add(\"Tag\", [System.Management.CimType]::String, $false)\r\n$newClass.Properties[\"Tag\"].Qualifiers.Add(\"read\", $true)\r\n$newClass.Properties[\"Tag\"].Qualifiers.Add(\"Key\", $true)\r\n$newClass.Put()\r\nSet-WmiInstance -Path \\\\.\\root\\cimv2:CIM_Slot -Arguments @{Tag=\"System Slot 0\";}\r\n\r\n#>\r\n\r\n#Joebox\r\n\r\n#Creating Win32_BIOS fake class\r\n$newClass = New-Object System.Management.ManagementClass(\"root\\cimv2\", [String]::Empty, $null); \r\n$newClass[\"__CLASS\"] = \"Win32_BIOS\";\r\n$newClass.Qualifiers.Add(\"Static\", $true)\r\n\r\n$objWMi = get-wmiobject -computername localhost -Namespace root\\CIMV2 -Query \"Select * from Win32_BIOS\"\r\n\r\nforeach ($obj in $objWmi)\r\n{\r\n\tforeach ($pr in $obj.Properties)\r\n\t{\r\n\t\tif($pr.Name -eq \"SerialNumber\")\r\n\t\t{\t$value = Get-RandomCharacters -length 10 -characters 'ABCDEFGHKLMNOPRSTUVWXYZ123456789'\r\n\r\n\t\t\t$newClass.Properties.Add($pr.Name, $value, $pr.Type)\r\n\t\t\t$newClass.Properties[$pr.Name].Qualifiers.Add(\"Key\", $true)\r\n\t\t} elseif($pr.Name -eq \"BIOSVersion\")\r\n\t\t{\r\n\t\t\t$value = Get-RandomCharacters -length 10 -characters 'ABCDEFGHKLMNOPRSTUVWXYZ123456789'\r\n\r\n\t\t\t$newClass.Properties.Add($pr.Name, @($value), $pr.Type)\r\n\t\t} elseif($pr.Name -eq \"Manufacturer\" -or $pr.Name -eq \"Version\" -or $pr.Name -eq \"SMBIOSBIOSVersion\")\r\n\t\t{\r\n\t\t\t$value = Get-RandomCharacters -length 5 -characters 'ABCDEFGHKLMNOPRSTUVWXYZ123456789'\r\n\r\n\t\t\t$newClass.Properties.Add($pr.Name, $value, $pr.Type)\r\n\t\t} else\r\n\t\t{\r\n\t\t\t$newClass.Properties.Add($pr.Name, $pr.Value, $pr.Type)\r\n\t\t}\r\n\t}\r\n}\r\n\r\n$newClass.Put()\r\nSet-WmiInstance -Path \\\\.\\root\\cimv2:Win32_BIOS \r\n\r\nfunction Get-RandomCharacters($length, $characters) { \r\n    $random = 1..$length | ForEach-Object { Get-Random -Maximum $characters.length } \r\n    $private:ofs=\"\" \r\n    return [String]$characters[$random]\r\n}\r\n\r\n#Joebox\r\n\r\n#Creating Win32_Processor fake class\r\n$newClass = New-Object System.Management.ManagementClass(\"root\\cimv2\", [String]::Empty, $null); \r\n$newClass[\"__CLASS\"] = \"Win32_Processor\";\r\n$newClass.Qualifiers.Add(\"Static\", $true);\r\n\r\n$objWMi = get-wmiobject -computername localhost -Namespace root\\CIMV2 -Query \"Select * from Win32_Processor\"\r\n\r\nif(-Not ($objWMi -is [array]))\r\n{\r\n\t$objWMi = @($objWMi)\r\n}\r\n\r\nforeach ($pr in $objWmi[0].Properties)\r\n{\r\n\t$newClass.Properties.Add($pr.Name, $pr.Type, $false)\t\r\n\tif($pr.Name -eq \"ProcessorId\")\r\n\t{\r\n\t\t$newClass.Properties[$pr.Name].Qualifiers.Add(\"Key\", $true)\r\n\t}\r\n\t$newClass.Properties[$pr.Name].Qualifiers.Add(\"read\", $true)\r\n}\r\n\r\n$newClass.Put()\r\n\r\nforeach ($obj in $objWmi)\r\n{\t\r\n\t$args = @{}\r\n\tforeach ($pr in $obj.Properties)\r\n\t{\t\r\n\t\tif($pr.Name -eq \"ProcessorId\")\r\n\t\t{\r\n\t\t\t$value = Get-RandomCharacters -length 10 -characters 'ABCDEF0123456789'\r\n\t\t\t$args.add($pr.Name, $value)\r\n\t\t} elseif($pr.Name -eq \"Name\" -and $pr.Value -match 'Xeon')\r\n\t\t{\r\n\t\t\t$value = $pr.Value.replace(\"Xeon\", \"Core\")\r\n\t\t\t$args.add($pr.Name, $pr.Value)\r\n\t\t\t\r\n\t\t} elseif($pr.Name -eq \"NumberOfCores\" -and $pr.Value -lt 4)\r\n\t\t{\r\n\t\t\t$args.add($pr.Name, 4)\r\n\t\t} else\r\n\t\t{\r\n\t\t\t$args.add($pr.Name, $pr.Value)\r\n\t\t}\r\n\t}\r\n\tSet-WmiInstance -Path \\\\.\\root\\cimv2:Win32_Processor -Arguments $args\r\n}\r\n\r\n#Joebox\r\n\r\n#Creating Win32_ComputerSystem fake class\r\n$newClass = New-Object System.Management.ManagementClass(\"root\\cimv2\", [String]::Empty, $null); \r\n$newClass[\"__CLASS\"] = \"Win32_ComputerSystem\";\r\n$newClass.Qualifiers.Add(\"Static\", $true)\r\n\r\n$objWMi = get-wmiobject -computername localhost -Namespace root\\CIMV2 -Query \"Select * from Win32_ComputerSystem\"\r\n\r\nforeach ($obj in $objWmi)\r\n{\r\n\tforeach ($pr in $obj.Properties)\r\n\t{\r\n\t\tif($pr.Name -eq \"Manufacturer\")\r\n\t\t{\r\n\t\t\t$value = Get-RandomCharacters -length 15 -characters 'ABCDEFGHKLMNOPRSTUVWXYZabcdefghklmnoprstuvwxyz123456789 '\r\n\r\n\t\t\t$newClass.Properties.Add($pr.Name, $value, $pr.Type)\r\n\t\t\t$newClass.Properties[$pr.Name].Qualifiers.Add(\"Key\", $true)\r\n\t\t} elseif($pr.Name -eq \"Model\")\r\n\t\t{\r\n\t\t\t$value = Get-RandomCharacters -length 8 -characters 'ABCDEFGHKLMNOPRSTUVWXYZabcdefghklmnoprstuvwxyz123456789 '\r\n\t\t\t$newClass.Properties.Add($pr.Name, $value, $pr.Type)\r\n\t\t} elseif($pr.Name -eq \"Domain\")\r\n\t\t{\r\n\t\t\t$value = Get-RandomCharacters -length 5 -characters 'ABCDEFGHKLMNOPRSTUVWXYZabcdefghklmnoprstuvwxyz123456789'\r\n\t\t\t$newClass.Properties.Add($pr.Name, $value, $pr.Type)\r\n\t\t} elseif($pr.Name -eq \"OEMStringArray\")\r\n\t\t{\r\n\t\t\t$value = Get-RandomCharacters -length 10 -characters 'ABCDEFGHKLMNOPRSTUVWXYZabcdefghklmnoprstuvwxyz123456789'\r\n\t\t\t$newClass.Properties.Add($pr.Name, @($value), $pr.Type)\r\n\t\t} else\r\n\t\t{\r\n\t\t\t$newClass.Properties.Add($pr.Name, $pr.Value, $pr.Type)\r\n\t\t}\r\n\t}\r\n}\r\n\r\n$newClass.Put()\r\nSet-WmiInstance -Path \\\\.\\root\\cimv2:Win32_ComputerSystem \r\n\r\n#Joebox\r\n\r\n#Creating Win32_PnPEntity fake class\r\n$newClass = New-Object System.Management.ManagementClass(\"root\\cimv2\", [String]::Empty, $null); \r\n$newClass[\"__CLASS\"] = \"Win32_PnPEntity\";\r\n$newClass.Qualifiers.Add(\"Static\", $true);\r\n\r\n$objWMi = get-wmiobject -computername localhost -Namespace root\\CIMV2 -Query \"Select * from Win32_PnPEntity\"\r\n\r\nforeach ($pr in $objWmi[0].Properties)\r\n{\r\n\t$newClass.Properties.Add($pr.Name, $pr.Type, $false)\t\r\n\tif($pr.Name -eq \"DeviceID\")\r\n\t{\r\n\t\t$newClass.Properties[$pr.Name].Qualifiers.Add(\"Key\", $true)\r\n\t}\r\n\t$newClass.Properties[$pr.Name].Qualifiers.Add(\"read\", $true)\r\n}\r\n\r\n$newClass.Put()\r\n\r\nforeach ($obj in $objWmi)\r\n{\t\r\n\t$args = @{}\r\n\tforeach ($pr in $obj.Properties)\r\n\t{\t\r\n\t\tif(($pr.Name -eq \"DeviceId\" -or $pr.Name -eq \"Caption\" -or $pr.Name -eq \"Name\" -or $pr.Name -eq \"PNPDeviceID\"  -or $pr.Name -eq \"Service\") -and ($pr.Value -match 'VEN_80EE' -or $pr.Value -match 'VEN_15AD' -or $pr.Value -match 'VBOX' -or $pr.Value -match 'VBox' -or $pr.Value -match 'VMWARE' -or $pr.Value -match '82801FB' -or $pr.Value -match '82441FX' -or $pr.Value -match '82371SB' -or $pr.Value -match 'OpenHCD'))\r\n\t\t{\r\n\t\t\t$value = Get-RandomCharacters -length 8 -characters 'ABCDEFGHKLMNOPRSTUVWXYZ123456789_'\r\n\t\t\t$value = $pr.Value.replace(\"VEN_80EE\", $value).replace(\"VEN_15AD\", $value).replace(\"VBOX\", $value).replace(\"VBox\", $value).replace(\"VMWARE\", $value).replace(\"82801FB\", $value).replace(\"82441FX\", $value).replace(\"82371SB\", $value).replace(\"OpenHCD\", $value)\r\n\t\t\t\r\n\t\t\t# 82801FB 82441FX 82371SB OpenHCD\r\n\t\t\t\t\r\n\t\t\t$args.add($pr.Name, $value)\r\n\t\t\t\r\n\t\t} else\r\n\t\t{\r\n\t\t\t$args.add($pr.Name, $pr.Value)\r\n\t\t}\r\n\t}\r\n\t\r\n\tSet-WmiInstance -Path \\\\.\\root\\cimv2:Win32_PnPEntity -Arguments $args\r\n}\r\n\r\n#Joebox\r\n\r\n#Creating Win32_DiskDrive fake class\r\n$newClass = New-Object System.Management.ManagementClass(\"root\\cimv2\", [String]::Empty, $null); \r\n$newClass[\"__CLASS\"] = \"Win32_DiskDrive\";\r\n$newClass.Qualifiers.Add(\"Static\", $true);\r\n\r\n$objWMi = get-wmiobject -computername localhost -Namespace root\\CIMV2 -Query \"Select * from Win32_DiskDrive\"\r\n\r\nif(-Not ($objWMi -is [array]))\r\n{\r\n\t$objWMi = @($objWMi)\r\n}\r\n\r\nforeach ($pr in $objWmi[0].Properties)\r\n{\r\n\t$newClass.Properties.Add($pr.Name, $pr.Type, $false)\t\r\n\tif($pr.Name -eq \"DeviceID\")\r\n\t{\r\n\t\t$newClas",
                  "ScriptBlockId": "dd5693c7-f339-43e5-a858-20a0b4f40c81",
                  "MessageNumber": "\u0001",
                  "MessageTotal": "\u0002",
                  "Path": "C:\\Program Files (x86)\\Joebox\\unpack\\wmievasions.ps1"
                }
              }
            ],
            "rule_level": "low",
            "rule_id": "7cf1e08df2c1e71b9ecbab0ba652d8d7adc890f53db8c630b859d32064f3eb3a",
            "rule_source": "Sigma Integrated Rule Set (GitHub)",
            "rule_title": "Powershell Suspicious Win32_PnPEntity",
            "rule_description": "Adversaries may attempt to gather information about attached peripheral devices and components connected to a computer system.",
            "rule_author": "frack113"
          },
          {
            "match_context": [
              {
                "values": {
                  "TerminalSessionId": "1",
                  "ProcessGuid": "C784477D-F440-62FD-FC09-000000004700",
                  "ProcessId": "5920",
                  "Product": "Microsoft\u00ae Windows\u00ae Operating System",
                  "Description": "Net Command",
                  "Company": "Microsoft Corporation",
                  "ParentProcessGuid": "C784477D-F440-62FD-FA09-000000004700",
                  "User": "DESKTOP-B0T93D6\\george",
                  "Hashes": "MD5=DD0561156F62BC1958CE0E370B23711B,SHA256=FD41D0261C6D22572DA448BCB5CBBB98F78A2922D1F1074D25237CC82C8CE432,IMPHASH=86350518EAE83E4A09BBF6317BA1C570",
                  "OriginalFileName": "net.exe",
                  "ParentImage": "C:\\Windows\\SysWOW64\\cmd.exe",
                  "FileVersion": "10.0.17134.1 (WinBuild.160101.0800)",
                  "ParentProcessId": "6404",
                  "CurrentDirectory": "C:\\Program Files (x86)\\AutoIt3\\",
                  "CommandLine": "net  stop SysMain",
                  "EventID": "1",
                  "LogonGuid": "C784477D-F2ED-62FD-7E4B-040000000000",
                  "LogonId": "281470",
                  "Image": "C:\\Windows\\SysWOW64\\net.exe",
                  "IntegrityLevel": "High",
                  "ParentCommandLine": "C:\\Windows\\system32\\cmd.exe /c net stop SysMain",
                  "UtcTime": "2022-08-18 08:11:44.479",
                  "RuleName": "-"
                }
              },
              {
                "values": {
                  "TerminalSessionId": "1",
                  "ProcessGuid": "C784477D-F440-62FD-FE09-000000004700",
                  "ProcessId": "6480",
                  "Product": "Microsoft\u00ae Windows\u00ae Operating System",
                  "Description": "Net Command",
                  "Company": "Microsoft Corporation",
                  "ParentProcessGuid": "C784477D-F440-62FD-FC09-000000004700",
                  "User": "DESKTOP-B0T93D6\\george",
                  "Hashes": "MD5=B5A26C2BF17222E86B91D26F1247AF3E,SHA256=14CC5BE4C833ACC652195DEAD113E1C3B4AC0B98EA1AEAD11957836F9AE721CF,IMPHASH=3D3E7537BD3BA07738DC5CA8AD01B073",
                  "OriginalFileName": "net1.exe",
                  "ParentImage": "C:\\Windows\\SysWOW64\\net.exe",
                  "FileVersion": "10.0.17134.1 (WinBuild.160101.0800)",
                  "ParentProcessId": "5920",
                  "CurrentDirectory": "C:\\Program Files (x86)\\AutoIt3\\",
                  "CommandLine": "C:\\Windows\\system32\\net1  stop SysMain",
                  "EventID": "1",
                  "LogonGuid": "C784477D-F2ED-62FD-7E4B-040000000000",
                  "LogonId": "281470",
                  "Image": "C:\\Windows\\SysWOW64\\net1.exe",
                  "IntegrityLevel": "High",
                  "ParentCommandLine": "net  stop SysMain",
                  "UtcTime": "2022-08-18 08:11:44.498",
                  "RuleName": "-"
                }
              },
              {
                "values": {
                  "TerminalSessionId": "1",
                  "ProcessGuid": "C784477D-F441-62FD-0F0A-000000004700",
                  "ProcessId": "6852",
                  "Product": "Microsoft\u00ae Windows\u00ae Operating System",
                  "Description": "Net Command",
                  "Company": "Microsoft Corporation",
                  "ParentProcessGuid": "C784477D-F440-62FD-0B0A-000000004700",
                  "User": "DESKTOP-B0T93D6\\george",
                  "Hashes": "MD5=DD0561156F62BC1958CE0E370B23711B,SHA256=FD41D0261C6D22572DA448BCB5CBBB98F78A2922D1F1074D25237CC82C8CE432,IMPHASH=86350518EAE83E4A09BBF6317BA1C570",
                  "OriginalFileName": "net.exe",
                  "ParentImage": "C:\\Windows\\SysWOW64\\cmd.exe",
                  "FileVersion": "10.0.17134.1 (WinBuild.160101.0800)",
                  "ParentProcessId": "2400",
                  "CurrentDirectory": "C:\\Program Files (x86)\\AutoIt3\\",
                  "CommandLine": "net  stop AdobeARMservice",
                  "EventID": "1",
                  "LogonGuid": "C784477D-F2ED-62FD-7E4B-040000000000",
                  "LogonId": "281470",
                  "Image": "C:\\Windows\\SysWOW64\\net.exe",
                  "IntegrityLevel": "High",
                  "ParentCommandLine": "C:\\Windows\\system32\\cmd.exe /c net stop AdobeARMservice",
                  "UtcTime": "2022-08-18 08:11:45.431",
                  "RuleName": "-"
                }
              },
              {
                "values": {
                  "TerminalSessionId": "1",
                  "ProcessGuid": "C784477D-F441-62FD-100A-000000004700",
                  "ProcessId": "5480",
                  "Product": "Microsoft\u00ae Windows\u00ae Operating System",
                  "Description": "Net Command",
                  "Company": "Microsoft Corporation",
                  "ParentProcessGuid": "C784477D-F441-62FD-0F0A-000000004700",
                  "User": "DESKTOP-B0T93D6\\george",
                  "Hashes": "MD5=B5A26C2BF17222E86B91D26F1247AF3E,SHA256=14CC5BE4C833ACC652195DEAD113E1C3B4AC0B98EA1AEAD11957836F9AE721CF,IMPHASH=3D3E7537BD3BA07738DC5CA8AD01B073",
                  "OriginalFileName": "net1.exe",
                  "ParentImage": "C:\\Windows\\SysWOW64\\net.exe",
                  "FileVersion": "10.0.17134.1 (WinBuild.160101.0800)",
                  "ParentProcessId": "6852",
                  "CurrentDirectory": "C:\\Program Files (x86)\\AutoIt3\\",
                  "CommandLine": "C:\\Windows\\system32\\net1  stop AdobeARMservice",
                  "EventID": "1",
                  "LogonGuid": "C784477D-F2ED-62FD-7E4B-040000000000",
                  "LogonId": "281470",
                  "Image": "C:\\Windows\\SysWOW64\\net1.exe",
                  "IntegrityLevel": "High",
                  "ParentCommandLine": "net  stop AdobeARMservice",
                  "UtcTime": "2022-08-18 08:11:45.497",
                  "RuleName": "-"
                }
              },
              {
                "values": {
                  "TerminalSessionId": "1",
                  "ProcessGuid": "C784477D-F441-62FD-1B0A-000000004700",
                  "ProcessId": "6996",
                  "Product": "Microsoft\u00ae Windows\u00ae Operating System",
                  "Description": "Net Command",
                  "Company": "Microsoft Corporation",
                  "ParentProcessGuid": "C784477D-F441-62FD-160A-000000004700",
                  "User": "DESKTOP-B0T93D6\\george",
                  "Hashes": "MD5=DD0561156F62BC1958CE0E370B23711B,SHA256=FD41D0261C6D22572DA448BCB5CBBB98F78A2922D1F1074D25237CC82C8CE432,IMPHASH=86350518EAE83E4A09BBF6317BA1C570",
                  "OriginalFileName": "net.exe",
                  "ParentImage": "C:\\Windows\\SysWOW64\\cmd.exe",
                  "FileVersion": "10.0.17134.1 (WinBuild.160101.0800)",
                  "ParentProcessId": "5484",
                  "CurrentDirectory": "C:\\Program Files (x86)\\AutoIt3\\",
                  "CommandLine": "net  stop gupdatem",
                  "EventID": "1",
                  "LogonGuid": "C784477D-F2ED-62FD-7E4B-040000000000",
                  "LogonId": "281470",
                  "Image": "C:\\Windows\\SysWOW64\\net.exe",
                  "IntegrityLevel": "High",
                  "ParentCommandLine": "C:\\Windows\\system32\\cmd.exe /c net stop gupdatem",
                  "UtcTime": "2022-08-18 08:11:45.895",
                  "RuleName": "-"
                }
              },
              {
                "values": {
                  "TerminalSessionId": "1",
                  "ProcessGuid": "C784477D-F441-62FD-1C0A-000000004700",
                  "ProcessId": "7028",
                  "Product": "Microsoft\u00ae Windows\u00ae Operating System",
                  "Description": "Net Command",
                  "Company": "Microsoft Corporation",
                  "ParentProcessGuid": "C784477D-F441-62FD-150A-000000004700",
                  "User": "DESKTOP-B0T93D6\\george",
                  "Hashes": "MD5=DD0561156F62BC1958CE0E370B23711B,SHA256=FD41D0261C6D22572DA448BCB5CBBB98F78A2922D1F1074D25237CC82C8CE432,IMPHASH=86350518EAE83E4A09BBF6317BA1C570",
                  "OriginalFileName": "net.exe",
                  "ParentImage": "C:\\Windows\\SysWOW64\\cmd.exe",
                  "FileVersion": "10.0.17134.1 (WinBuild.160101.0800)",
                  "ParentProcessId": "1032",
                  "CurrentDirectory": "C:\\Program Files (x86)\\AutoIt3\\",
                  "CommandLine": "net  stop gupdate",
                  "EventID": "1",
                  "LogonGuid": "C784477D-F2ED-62FD-7E4B-040000000000",
                  "LogonId": "281470",
                  "Image": "C:\\Windows\\SysWOW64\\net.exe",
                  "IntegrityLevel": "High",
                  "ParentCommandLine": "C:\\Windows\\system32\\cmd.exe /c net stop gupdate",
                  "UtcTime": "2022-08-18 08:11:45.906",
                  "RuleName": "-"
                }
              },
              {
                "values": {
                  "TerminalSessionId": "1",
                  "ProcessGuid": "C784477D-F441-62FD-1D0A-000000004700",
                  "ProcessId": "7000",
                  "Product": "Microsoft\u00ae Windows\u00ae Operating System",
                  "Description": "Net Command",
                  "Company": "Microsoft Corporation",
                  "ParentProcessGuid": "C784477D-F441-62FD-1B0A-000000004700",
                  "User": "DESKTOP-B0T93D6\\george",
                  "Hashes": "MD5=B5A26C2BF17222E86B91D26F1247AF3E,SHA256=14CC5BE4C833ACC652195DEAD113E1C3B4AC0B98EA1AEAD11957836F9AE721CF,IMPHASH=3D3E7537BD3BA07738DC5CA8AD01B073",
                  "OriginalFileName": "net1.exe",
                  "ParentImage": "C:\\Windows\\SysWOW64\\net.exe",
                  "FileVersion": "10.0.17134.1 (WinBuild.160101.0800)",
                  "ParentProcessId": "6996",
                  "CurrentDirectory": "C:\\Program Files (x86)\\AutoIt3\\",
                  "CommandLine": "C:\\Windows\\system32\\net1  stop gupdatem",
                  "EventID": "1",
                  "LogonGuid": "C784477D-F2ED-62FD-7E4B-040000000000",
                  "LogonId": "281470",
                  "Image": "C:\\Windows\\SysWOW64\\net1.exe",
                  "IntegrityLevel": "High",
                  "ParentCommandLine": "net  stop gupdatem",
                  "UtcTime": "2022-08-18 08:11:45.915",
                  "RuleName": "-"
                }
              },
              {
                "values": {
                  "TerminalSessionId": "1",
                  "ProcessGuid": "C784477D-F441-62FD-1E0A-000000004700",
                  "ProcessId": "7004",
                  "Product": "Microsoft\u00ae Windows\u00ae Operating System",
                  "Description": "Net Command",
                  "Company": "Microsoft Corporation",
                  "ParentProcessGuid": "C784477D-F441-62FD-1C0A-000000004700",
                  "User": "DESKTOP-B0T93D6\\george",
                  "Hashes": "MD5=B5A26C2BF17222E86B91D26F1247AF3E,SHA256=14CC5BE4C833ACC652195DEAD113E1C3B4AC0B98EA1AEAD11957836F9AE721CF,IMPHASH=3D3E7537BD3BA07738DC5CA8AD01B073",
                  "OriginalFileName": "net1.exe",
                  "ParentImage": "C:\\Windows\\SysWOW64\\net.exe",
                  "FileVersion": "10.0.17134.1 (WinBuild.160101.0800)",
                  "ParentProcessId": "7028",
                  "CurrentDirectory": "C:\\Program Files (x86)\\AutoIt3\\",
                  "CommandLine": "C:\\Windows\\system32\\net1  stop gupdate",
                  "EventID": "1",
                  "LogonGuid": "C784477D-F2ED-62FD-7E4B-040000000000",
                  "LogonId": "281470",
                  "Image": "C:\\Windows\\SysWOW64\\net1.exe",
                  "IntegrityLevel": "High",
                  "ParentCommandLine": "net  stop gupdate",
                  "UtcTime": "2022-08-18 08:11:45.948",
                  "RuleName": "-"
                }
              },
              {
                "values": {
                  "TerminalSessionId": "1",
                  "ProcessGuid": "C784477D-F442-62FD-290A-000000004700",
                  "ProcessId": "5696",
                  "Product": "Microsoft\u00ae Windows\u00ae Operating System",
                  "Description": "Net Command",
                  "Company": "Microsoft Corporation",
                  "ParentProcessGuid": "C784477D-F441-62FD-200A-000000004700",
                  "User": "DESKTOP-B0T93D6\\george",
                  "Hashes": "MD5=DD0561156F62BC1958CE0E370B23711B,SHA256=FD41D0261C6D22572DA448BCB5CBBB98F78A2922D1F1074D25237CC82C8CE432,IMPHASH=86350518EAE83E4A09BBF6317BA1C570",
                  "OriginalFileName": "net.exe",
                  "ParentImage": "C:\\Windows\\SysWOW64\\cmd.exe",
                  "FileVersion": "10.0.17134.1 (WinBuild.160101.0800)",
                  "ParentProcessId": "7132",
                  "CurrentDirectory": "C:\\Program Files (x86)\\AutoIt3\\",
                  "CommandLine": "net  stop MozillaMaintenance",
                  "EventID": "1",
                  "LogonGuid": "C784477D-F2ED-62FD-7E4B-040000000000",
                  "LogonId": "281470",
                  "Image": "C:\\Windows\\SysWOW64\\net.exe",
                  "IntegrityLevel": "High",
                  "ParentCommandLine": "C:\\Windows\\system32\\cmd.exe /c net stop MozillaMaintenance",
                  "UtcTime": "2022-08-18 08:11:46.047",
                  "RuleName": "-"
                }
              },
              {
                "values": {
                  "TerminalSessionId": "1",
                  "ProcessGuid": "C784477D-F442-62FD-2A0A-000000004700",
                  "ProcessId": "6312",
                  "Product": "Microsoft\u00ae Windows\u00ae Operating System",
                  "Description": "Net Command",
                  "Company": "Microsoft Corporation",
                  "ParentProcessGuid": "C784477D-F442-62FD-290A-000000004700",
                  "User": "DESKTOP-B0T93D6\\george",
                  "Hashes": "MD5=B5A26C2BF17222E86B91D26F1247AF3E,SHA256=14CC5BE4C833ACC652195DEAD113E1C3B4AC0B98EA1AEAD11957836F9AE721CF,IMPHASH=3D3E7537BD3BA07738DC5CA8AD01B073",
                  "OriginalFileName": "net1.exe",
                  "ParentImage": "C:\\Windows\\SysWOW64\\net.exe",
                  "FileVersion": "10.0.17134.1 (WinBuild.160101.0800)",
                  "ParentProcessId": "5696",
                  "CurrentDirectory": "C:\\Program Files (x86)\\AutoIt3\\",
                  "CommandLine": "C:\\Windows\\system32\\net1  stop MozillaMaintenance",
                  "EventID": "1",
                  "LogonGuid": "C784477D-F2ED-62FD-7E4B-040000000000",
                  "LogonId": "281470",
                  "Image": "C:\\Windows\\SysWOW64\\net1.exe",
                  "IntegrityLevel": "High",
                  "ParentCommandLine": "net  stop MozillaMaintenance",
                  "UtcTime": "2022-08-18 08:11:46.060",
                  "RuleName": "-"
                }
              },
              {
                "values": {
                  "TerminalSessionId": "1",
                  "ProcessGuid": "C784477D-F442-62FD-2B0A-000000004700",
                  "ProcessId": "5388",
                  "Product": "Microsoft\u00ae Windows\u00ae Operating System",
                  "Description": "Net Command",
                  "Company": "Microsoft Corporation",
                  "ParentProcessGuid": "C784477D-F442-62FD-250A-000000004700",
                  "User": "DESKTOP-B0T93D6\\george",
                  "Hashes": "MD5=DD0561156F62BC1958CE0E370B23711B,SHA256=FD41D0261C6D22572DA448BCB5CBBB98F78A2922D1F1074D25237CC82C8CE432,IMPHASH=86350518EAE83E4A09BBF6317BA1C570",
                  "OriginalFileName": "net.exe",
                  "ParentImage": "C:\\Windows\\SysWOW64\\cmd.exe",
                  "FileVersion": "10.0.17134.1 (WinBuild.160101.0800)",
                  "ParentProcessId": "6960",
                  "CurrentDirectory": "C:\\Program Files (x86)\\AutoIt3\\",
                  "CommandLine": "net  stop edgeupdatem",
                  "EventID": "1",
                  "LogonGuid": "C784477D-F2ED-62FD-7E4B-040000000000",
                  "LogonId": "281470",
                  "Image": "C:\\Windows\\SysWOW64\\net.exe",
                  "IntegrityLevel": "High",
                  "ParentCommandLine": "C:\\Windows\\system32\\cmd.exe /c net stop edgeupdatem",
                  "UtcTime": "2022-08-18 08:11:46.069",
                  "RuleName": "-"
                }
              },
              {
                "values": {
                  "TerminalSessionId": "1",
                  "ProcessGuid": "C784477D-F442-62FD-2C0A-000000004700",
                  "ProcessId": "5860",
                  "Product": "Microsoft\u00ae Windows\u00ae Operating System",
                  "Description": "Net Command",
                  "Company": "Microsoft Corporation",
                  "ParentProcessGuid": "C784477D-F442-62FD-2B0A-000000004700",
                  "User": "DESKTOP-B0T93D6\\george",
                  "Hashes": "MD5=B5A26C2BF17222E86B91D26F1247AF3E,SHA256=14CC5BE4C833ACC652195DEAD113E1C3B4AC0B98EA1AEAD11957836F9AE721CF,IMPHASH=3D3E7537BD3BA07738DC5CA8AD01B073",
                  "OriginalFileName": "net1.exe",
                  "ParentImage": "C:\\Windows\\SysWOW64\\net.exe",
                  "FileVersion": "10.0.17134.1 (WinBuild.160101.0800)",
                  "ParentProcessId": "5388",
                  "CurrentDirectory": "C:\\Program Files (x86)\\AutoIt3\\",
                  "CommandLine": "C:\\Windows\\system32\\net1  stop edgeupdatem",
                  "EventID": "1",
                  "LogonGuid": "C784477D-F2ED-62FD-7E4B-040000000000",
                  "LogonId": "281470",
                  "Image": "C:\\Windows\\SysWOW64\\net1.exe",
                  "IntegrityLevel": "High",
                  "ParentCommandLine": "net  stop edgeupdatem",
                  "UtcTime": "2022-08-18 08:11:46.090",
                  "RuleName": "-"
                }
              },
              {
                "values": {
                  "TerminalSessionId": "1",
                  "ProcessGuid": "C784477D-F442-62FD-330A-000000004700",
                  "ProcessId": "5748",
                  "Product": "Microsoft\u00ae Windows\u00ae Operating System",
                  "Description": "Net Command",
                  "Company": "Microsoft Corporation",
                  "ParentProcessGuid": "C784477D-F442-62FD-2E0A-000000004700",
                  "User": "DESKTOP-B0T93D6\\george",
                  "Hashes": "MD5=DD0561156F62BC1958CE0E370B23711B,SHA256=FD41D0261C6D22572DA448BCB5CBBB98F78A2922D1F1074D25237CC82C8CE432,IMPHASH=86350518EAE83E4A09BBF6317BA1C570",
                  "OriginalFileName": "net.exe",
                  "ParentImage": "C:\\Windows\\SysWOW64\\cmd.exe",
                  "FileVersion": "10.0.17134.1 (WinBuild.160101.0800)",
                  "ParentProcessId": "3332",
                  "CurrentDirectory": "C:\\Program Files (x86)\\AutoIt3\\",
                  "CommandLine": "net  stop dnscache",
                  "EventID": "1",
                  "LogonGuid": "C784477D-F2ED-62FD-7E4B-040000000000",
                  "LogonId": "281470",
                  "Image": "C:\\Windows\\SysWOW64\\net.exe",
                  "IntegrityLevel": "High",
                  "ParentCommandLine": "C:\\Windows\\system32\\cmd.exe /c net stop dnscache",
                  "UtcTime": "2022-08-18 08:11:46.163",
                  "RuleName": "-"
                }
              },
              {
                "values": {
                  "TerminalSessionId": "1",
                  "ProcessGuid": "C784477D-F442-62FD-360A-000000004700",
                  "ProcessId": "6384",
                  "Product": "Microsoft\u00ae Windows\u00ae Operating System",
                  "Description": "Net Command",
                  "Company": "Microsoft Corporation",
                  "ParentProcessGuid": "C784477D-F442-62FD-330A-000000004700",
                  "User": "DESKTOP-B0T93D6\\george",
                  "Hashes": "MD5=B5A26C2BF17222E86B91D26F1247AF3E,SHA256=14CC5BE4C833ACC652195DEAD113E1C3B4AC0B98EA1AEAD11957836F9AE721CF,IMPHASH=3D3E7537BD3BA07738DC5CA8AD01B073",
                  "OriginalFileName": "net1.exe",
                  "ParentImage": "C:\\Windows\\SysWOW64\\net.exe",
                  "FileVersion": "10.0.17134.1 (WinBuild.160101.0800)",
                  "ParentProcessId": "5748",
                  "CurrentDirectory": "C:\\Program Files (x86)\\AutoIt3\\",
                  "CommandLine": "C:\\Windows\\system32\\net1  stop dnscache",
                  "EventID": "1",
                  "LogonGuid": "C784477D-F2ED-62FD-7E4B-040000000000",
                  "LogonId": "281470",
                  "Image": "C:\\Windows\\SysWOW64\\net1.exe",
                  "IntegrityLevel": "High",
                  "ParentCommandLine": "net  stop dnscache",
                  "UtcTime": "2022-08-18 08:11:46.176",
                  "RuleName": "-"
                }
              },
              {
                "values": {
                  "TerminalSessionId": "1",
                  "ProcessGuid": "C784477D-F442-62FD-390A-000000004700",
                  "ProcessId": "3904",
                  "Product": "Microsoft\u00ae Windows\u00ae Operating System",
                  "Description": "Net Command",
                  "Company": "Microsoft Corporation",
                  "ParentProcessGuid": "C784477D-F442-62FD-340A-000000004700",
                  "User": "DESKTOP-B0T93D6\\george",
                  "Hashes": "MD5=DD0561156F62BC1958CE0E370B23711B,SHA256=FD41D0261C6D22572DA448BCB5CBBB98F78A2922D1F1074D25237CC82C8CE432,IMPHASH=86350518EAE83E4A09BBF6317BA1C570",
                  "OriginalFileName": "net.exe",
                  "ParentImage": "C:\\Windows\\SysWOW64\\cmd.exe",
                  "FileVersion": "10.0.17134.1 (WinBuild.160101.0800)",
                  "ParentProcessId": "6396",
                  "CurrentDirectory": "C:\\Program Files (x86)\\AutoIt3\\",
                  "CommandLine": "net  stop sedsvc",
                  "EventID": "1",
                  "LogonGuid": "C784477D-F2ED-62FD-7E4B-040000000000",
                  "LogonId": "281470",
                  "Image": "C:\\Windows\\SysWOW64\\net.exe",
                  "IntegrityLevel": "High",
                  "ParentCommandLine": "C:\\Windows\\system32\\cmd.exe /c net stop sedsvc",
                  "UtcTime": "2022-08-18 08:11:46.218",
                  "RuleName": "-"
                }
              },
              {
                "values": {
                  "TerminalSessionId": "1",
                  "ProcessGuid": "C784477D-F442-62FD-3B0A-000000004700",
                  "ProcessId": "4884",
                  "Product": "Microsoft\u00ae Windows\u00ae Operating System",
                  "Description": "Net Command",
                  "Company": "Microsoft Corporation",
                  "ParentProcessGuid": "C784477D-F442-62FD-390A-000000004700",
                  "User": "DESKTOP-B0T93D6\\george",
                  "Hashes": "MD5=B5A26C2BF17222E86B91D26F1247AF3E,SHA256=14CC5BE4C833ACC652195DEAD113E1C3B4AC0B98EA1AEAD11957836F9AE721CF,IMPHASH=3D3E7537BD3BA07738DC5CA8AD01B073",
                  "OriginalFileName": "net1.exe",
                  "ParentImage": "C:\\Windows\\SysWOW64\\net.exe",
                  "FileVersion": "10.0.17134.1 (WinBuild.160101.0800)",
                  "ParentProcessId": "3904",
                  "CurrentDirectory": "C:\\Program Files (x86)\\AutoIt3\\",
                  "CommandLine": "C:\\Windows\\system32\\net1  stop sedsvc",
                  "EventID": "1",
                  "LogonGuid": "C784477D-F2ED-62FD-7E4B-040000000000",
                  "LogonId": "281470",
                  "Image": "C:\\Windows\\SysWOW64\\net1.exe",
                  "IntegrityLevel": "High",
                  "ParentCommandLine": "net  stop sedsvc",
                  "UtcTime": "2022-08-18 08:11:46.230",
                  "RuleName": "-"
                }
              },
              {
                "values": {
                  "TerminalSessionId": "1",
                  "ProcessGuid": "C784477D-F442-62FD-400A-000000004700",
                  "ProcessId": "2620",
                  "Product": "Microsoft\u00ae Windows\u00ae Operating System",
                  "Description": "Net Command",
                  "Company": "Microsoft Corporation",
                  "ParentProcessGuid": "C784477D-F442-62FD-3C0A-000000004700",
                  "User": "DESKTOP-B0T93D6\\george",
                  "Hashes": "MD5=DD0561156F62BC1958CE0E370B23711B,SHA256=FD41D0261C6D22572DA448BCB5CBBB98F78A2922D1F1074D25237CC82C8CE432,IMPHASH=86350518EAE83E4A09BBF6317BA1C570",
                  "OriginalFileName": "net.exe",
                  "ParentImage": "C:\\Windows\\SysWOW64\\cmd.exe",
                  "FileVersion": "10.0.17134.1 (WinBuild.160101.0800)",
                  "ParentProcessId": "6240",
                  "CurrentDirectory": "C:\\Program Files (x86)\\AutoIt3\\",
                  "CommandLine": "net  stop PcaSvc",
                  "EventID": "1",
                  "LogonGuid": "C784477D-F2ED-62FD-7E4B-040000000000",
                  "LogonId": "281470",
                  "Image": "C:\\Windows\\SysWOW64\\net.exe",
                  "IntegrityLevel": "High",
                  "ParentCommandLine": "C:\\Windows\\system32\\cmd.exe /c net stop PcaSvc",
                  "UtcTime": "2022-08-18 08:11:46.277",
                  "RuleName": "-"
                }
              },
