              {
                "values": {
                  "TerminalSessionId": "1",
                  "ProcessGuid": "C784477D-F442-62FD-420A-000000004700",
                  "ProcessId": "6512",
                  "Product": "Microsoft\u00ae Windows\u00ae Operating System",
                  "Description": "Net Command",
                  "Company": "Microsoft Corporation",
                  "ParentProcessGuid": "C784477D-F442-62FD-400A-000000004700",
                  "User": "DESKTOP-B0T93D6\\george",
                  "Hashes": "MD5=B5A26C2BF17222E86B91D26F1247AF3E,SHA256=14CC5BE4C833ACC652195DEAD113E1C3B4AC0B98EA1AEAD11957836F9AE721CF,IMPHASH=3D3E7537BD3BA07738DC5CA8AD01B073",
                  "OriginalFileName": "net1.exe",
                  "ParentImage": "C:\\Windows\\SysWOW64\\net.exe",
                  "FileVersion": "10.0.17134.1 (WinBuild.160101.0800)",
                  "ParentProcessId": "2620",
                  "CurrentDirectory": "C:\\Program Files (x86)\\AutoIt3\\",
                  "CommandLine": "C:\\Windows\\system32\\net1  stop PcaSvc",
                  "EventID": "1",
                  "LogonGuid": "C784477D-F2ED-62FD-7E4B-040000000000",
                  "LogonId": "281470",
                  "Image": "C:\\Windows\\SysWOW64\\net1.exe",
                  "IntegrityLevel": "High",
                  "ParentCommandLine": "net  stop PcaSvc",
                  "UtcTime": "2022-08-18 08:11:46.289",
                  "RuleName": "-"
                }
              },
              {
                "values": {
                  "TerminalSessionId": "1",
                  "ProcessGuid": "C784477D-F442-62FD-490A-000000004700",
                  "ProcessId": "3688",
                  "Product": "Microsoft\u00ae Windows\u00ae Operating System",
                  "Description": "Net Command",
                  "Company": "Microsoft Corporation",
                  "ParentProcessGuid": "C784477D-F442-62FD-430A-000000004700",
                  "User": "DESKTOP-B0T93D6\\george",
                  "Hashes": "MD5=DD0561156F62BC1958CE0E370B23711B,SHA256=FD41D0261C6D22572DA448BCB5CBBB98F78A2922D1F1074D25237CC82C8CE432,IMPHASH=86350518EAE83E4A09BBF6317BA1C570",
                  "OriginalFileName": "net.exe",
                  "ParentImage": "C:\\Windows\\SysWOW64\\cmd.exe",
                  "FileVersion": "10.0.17134.1 (WinBuild.160101.0800)",
                  "ParentProcessId": "6524",
                  "CurrentDirectory": "C:\\Program Files (x86)\\AutoIt3\\",
                  "CommandLine": "net  stop \"OneDrive Updater Service\"",
                  "EventID": "1",
                  "LogonGuid": "C784477D-F2ED-62FD-7E4B-040000000000",
                  "LogonId": "281470",
                  "Image": "C:\\Windows\\SysWOW64\\net.exe",
                  "IntegrityLevel": "High",
                  "ParentCommandLine": "C:\\Windows\\system32\\cmd.exe /c net stop \"OneDrive Updater Service\"",
                  "UtcTime": "2022-08-18 08:11:46.366",
                  "RuleName": "-"
                }
              },
              {
                "values": {
                  "TerminalSessionId": "1",
                  "ProcessGuid": "C784477D-F442-62FD-4A0A-000000004700",
                  "ProcessId": "3552",
                  "Product": "Microsoft\u00ae Windows\u00ae Operating System",
                  "Description": "Net Command",
                  "Company": "Microsoft Corporation",
                  "ParentProcessGuid": "C784477D-F442-62FD-450A-000000004700",
                  "User": "DESKTOP-B0T93D6\\george",
                  "Hashes": "MD5=DD0561156F62BC1958CE0E370B23711B,SHA256=FD41D0261C6D22572DA448BCB5CBBB98F78A2922D1F1074D25237CC82C8CE432,IMPHASH=86350518EAE83E4A09BBF6317BA1C570",
                  "OriginalFileName": "net.exe",
                  "ParentImage": "C:\\Windows\\SysWOW64\\cmd.exe",
                  "FileVersion": "10.0.17134.1 (WinBuild.160101.0800)",
                  "ParentProcessId": "6828",
                  "CurrentDirectory": "C:\\Program Files (x86)\\AutoIt3\\",
                  "CommandLine": "net  stop sppsvc",
                  "EventID": "1",
                  "LogonGuid": "C784477D-F2ED-62FD-7E4B-040000000000",
                  "LogonId": "281470",
                  "Image": "C:\\Windows\\SysWOW64\\net.exe",
                  "IntegrityLevel": "High",
                  "ParentCommandLine": "C:\\Windows\\system32\\cmd.exe /c net stop sppsvc",
                  "UtcTime": "2022-08-18 08:11:46.374",
                  "RuleName": "-"
                }
              },
              {
                "values": {
                  "TerminalSessionId": "1",
                  "ProcessGuid": "C784477D-F442-62FD-4B0A-000000004700",
                  "ProcessId": "6856",
                  "Product": "Microsoft\u00ae Windows\u00ae Operating System",
                  "Description": "Net Command",
                  "Company": "Microsoft Corporation",
                  "ParentProcessGuid": "C784477D-F442-62FD-490A-000000004700",
                  "User": "DESKTOP-B0T93D6\\george",
                  "Hashes": "MD5=B5A26C2BF17222E86B91D26F1247AF3E,SHA256=14CC5BE4C833ACC652195DEAD113E1C3B4AC0B98EA1AEAD11957836F9AE721CF,IMPHASH=3D3E7537BD3BA07738DC5CA8AD01B073",
                  "OriginalFileName": "net1.exe",
                  "ParentImage": "C:\\Windows\\SysWOW64\\net.exe",
                  "FileVersion": "10.0.17134.1 (WinBuild.160101.0800)",
                  "ParentProcessId": "3688",
                  "CurrentDirectory": "C:\\Program Files (x86)\\AutoIt3\\",
                  "CommandLine": "C:\\Windows\\system32\\net1  stop \"OneDrive Updater Service\"",
                  "EventID": "1",
                  "LogonGuid": "C784477D-F2ED-62FD-7E4B-040000000000",
                  "LogonId": "281470",
                  "Image": "C:\\Windows\\SysWOW64\\net1.exe",
                  "IntegrityLevel": "High",
                  "ParentCommandLine": "net  stop \"OneDrive Updater Service\"",
                  "UtcTime": "2022-08-18 08:11:46.378",
                  "RuleName": "-"
                }
              },
              {
                "values": {
                  "TerminalSessionId": "1",
                  "ProcessGuid": "C784477D-F442-62FD-4C0A-000000004700",
                  "ProcessId": "4056",
                  "Product": "Microsoft\u00ae Windows\u00ae Operating System",
                  "Description": "Net Command",
                  "Company": "Microsoft Corporation",
                  "ParentProcessGuid": "C784477D-F442-62FD-4A0A-000000004700",
                  "User": "DESKTOP-B0T93D6\\george",
                  "Hashes": "MD5=B5A26C2BF17222E86B91D26F1247AF3E,SHA256=14CC5BE4C833ACC652195DEAD113E1C3B4AC0B98EA1AEAD11957836F9AE721CF,IMPHASH=3D3E7537BD3BA07738DC5CA8AD01B073",
                  "OriginalFileName": "net1.exe",
                  "ParentImage": "C:\\Windows\\SysWOW64\\net.exe",
                  "FileVersion": "10.0.17134.1 (WinBuild.160101.0800)",
                  "ParentProcessId": "3552",
                  "CurrentDirectory": "C:\\Program Files (x86)\\AutoIt3\\",
                  "CommandLine": "C:\\Windows\\system32\\net1  stop sppsvc",
                  "EventID": "1",
                  "LogonGuid": "C784477D-F2ED-62FD-7E4B-040000000000",
                  "LogonId": "281470",
                  "Image": "C:\\Windows\\SysWOW64\\net1.exe",
                  "IntegrityLevel": "High",
                  "ParentCommandLine": "net  stop sppsvc",
                  "UtcTime": "2022-08-18 08:11:46.388",
                  "RuleName": "-"
                }
              },
              {
                "values": {
                  "TerminalSessionId": "1",
                  "ProcessGuid": "C784477D-F442-62FD-530A-000000004700",
                  "ProcessId": "7016",
                  "Product": "Microsoft\u00ae Windows\u00ae Operating System",
                  "Description": "Net Command",
                  "Company": "Microsoft Corporation",
                  "ParentProcessGuid": "C784477D-F442-62FD-4E0A-000000004700",
                  "User": "DESKTOP-B0T93D6\\george",
                  "Hashes": "MD5=DD0561156F62BC1958CE0E370B23711B,SHA256=FD41D0261C6D22572DA448BCB5CBBB98F78A2922D1F1074D25237CC82C8CE432,IMPHASH=86350518EAE83E4A09BBF6317BA1C570",
                  "OriginalFileName": "net.exe",
                  "ParentImage": "C:\\Windows\\SysWOW64\\cmd.exe",
                  "FileVersion": "10.0.17134.1 (WinBuild.160101.0800)",
                  "ParentProcessId": "6836",
                  "CurrentDirectory": "C:\\Program Files (x86)\\AutoIt3\\",
                  "CommandLine": "net  stop DPS",
                  "EventID": "1",
                  "LogonGuid": "C784477D-F2ED-62FD-7E4B-040000000000",
                  "LogonId": "281470",
                  "Image": "C:\\Windows\\SysWOW64\\net.exe",
                  "IntegrityLevel": "High",
                  "ParentCommandLine": "C:\\Windows\\system32\\cmd.exe /c net stop DPS",
                  "UtcTime": "2022-08-18 08:11:46.452",
                  "RuleName": "-"
                }
              },
              {
                "values": {
                  "TerminalSessionId": "1",
                  "ProcessGuid": "C784477D-F442-62FD-540A-000000004700",
                  "ProcessId": "7060",
                  "Product": "Microsoft\u00ae Windows\u00ae Operating System",
                  "Description": "Net Command",
                  "Company": "Microsoft Corporation",
                  "ParentProcessGuid": "C784477D-F442-62FD-530A-000000004700",
                  "User": "DESKTOP-B0T93D6\\george",
                  "Hashes": "MD5=B5A26C2BF17222E86B91D26F1247AF3E,SHA256=14CC5BE4C833ACC652195DEAD113E1C3B4AC0B98EA1AEAD11957836F9AE721CF,IMPHASH=3D3E7537BD3BA07738DC5CA8AD01B073",
                  "OriginalFileName": "net1.exe",
                  "ParentImage": "C:\\Windows\\SysWOW64\\net.exe",
                  "FileVersion": "10.0.17134.1 (WinBuild.160101.0800)",
                  "ParentProcessId": "7016",
                  "CurrentDirectory": "C:\\Program Files (x86)\\AutoIt3\\",
                  "CommandLine": "C:\\Windows\\system32\\net1  stop DPS",
                  "EventID": "1",
                  "LogonGuid": "C784477D-F2ED-62FD-7E4B-040000000000",
                  "LogonId": "281470",
                  "Image": "C:\\Windows\\SysWOW64\\net1.exe",
                  "IntegrityLevel": "High",
                  "ParentCommandLine": "net  stop DPS",
                  "UtcTime": "2022-08-18 08:11:46.462",
                  "RuleName": "-"
                }
              },
              {
                "values": {
                  "TerminalSessionId": "1",
                  "ProcessGuid": "C784477D-F442-62FD-5A0A-000000004700",
                  "ProcessId": "6976",
                  "Product": "Microsoft\u00ae Windows\u00ae Operating System",
                  "Description": "Net Command",
                  "Company": "Microsoft Corporation",
                  "ParentProcessGuid": "C784477D-F442-62FD-550A-000000004700",
                  "User": "DESKTOP-B0T93D6\\george",
                  "Hashes": "MD5=DD0561156F62BC1958CE0E370B23711B,SHA256=FD41D0261C6D22572DA448BCB5CBBB98F78A2922D1F1074D25237CC82C8CE432,IMPHASH=86350518EAE83E4A09BBF6317BA1C570",
                  "OriginalFileName": "net.exe",
                  "ParentImage": "C:\\Windows\\SysWOW64\\cmd.exe",
                  "FileVersion": "10.0.17134.1 (WinBuild.160101.0800)",
                  "ParentProcessId": "6952",
                  "CurrentDirectory": "C:\\Program Files (x86)\\AutoIt3\\",
                  "CommandLine": "net  stop TrustedInstaller",
                  "EventID": "1",
                  "LogonGuid": "C784477D-F2ED-62FD-7E4B-040000000000",
                  "LogonId": "281470",
                  "Image": "C:\\Windows\\SysWOW64\\net.exe",
                  "IntegrityLevel": "High",
                  "ParentCommandLine": "C:\\Windows\\system32\\cmd.exe /c net stop TrustedInstaller",
                  "UtcTime": "2022-08-18 08:11:46.505",
                  "RuleName": "-"
                }
              },
              {
                "values": {
                  "TerminalSessionId": "1",
                  "ProcessGuid": "C784477D-F442-62FD-5B0A-000000004700",
                  "ProcessId": "1552",
                  "Product": "Microsoft\u00ae Windows\u00ae Operating System",
                  "Description": "Net Command",
                  "Company": "Microsoft Corporation",
                  "ParentProcessGuid": "C784477D-F442-62FD-5A0A-000000004700",
                  "User": "DESKTOP-B0T93D6\\george",
                  "Hashes": "MD5=B5A26C2BF17222E86B91D26F1247AF3E,SHA256=14CC5BE4C833ACC652195DEAD113E1C3B4AC0B98EA1AEAD11957836F9AE721CF,IMPHASH=3D3E7537BD3BA07738DC5CA8AD01B073",
                  "OriginalFileName": "net1.exe",
                  "ParentImage": "C:\\Windows\\SysWOW64\\net.exe",
                  "FileVersion": "10.0.17134.1 (WinBuild.160101.0800)",
                  "ParentProcessId": "6976",
                  "CurrentDirectory": "C:\\Program Files (x86)\\AutoIt3\\",
                  "CommandLine": "C:\\Windows\\system32\\net1  stop TrustedInstaller",
                  "EventID": "1",
                  "LogonGuid": "C784477D-F2ED-62FD-7E4B-040000000000",
                  "LogonId": "281470",
                  "Image": "C:\\Windows\\SysWOW64\\net1.exe",
                  "IntegrityLevel": "High",
                  "ParentCommandLine": "net  stop TrustedInstaller",
                  "UtcTime": "2022-08-18 08:11:46.517",
                  "RuleName": "-"
                }
              },
              {
                "values": {
                  "TerminalSessionId": "1",
                  "ProcessGuid": "C784477D-F442-62FD-610A-000000004700",
                  "ProcessId": "6312",
                  "Product": "Microsoft\u00ae Windows\u00ae Operating System",
                  "Description": "Net Command",
                  "Company": "Microsoft Corporation",
                  "ParentProcessGuid": "C784477D-F442-62FD-5C0A-000000004700",
                  "User": "DESKTOP-B0T93D6\\george",
                  "Hashes": "MD5=DD0561156F62BC1958CE0E370B23711B,SHA256=FD41D0261C6D22572DA448BCB5CBBB98F78A2922D1F1074D25237CC82C8CE432,IMPHASH=86350518EAE83E4A09BBF6317BA1C570",
                  "OriginalFileName": "net.exe",
                  "ParentImage": "C:\\Windows\\SysWOW64\\cmd.exe",
                  "FileVersion": "10.0.17134.1 (WinBuild.160101.0800)",
                  "ParentProcessId": "6932",
                  "CurrentDirectory": "C:\\Program Files (x86)\\AutoIt3\\",
                  "CommandLine": "net  stop \".NET Runtime Optimization Service\"",
                  "EventID": "1",
                  "LogonGuid": "C784477D-F2ED-62FD-7E4B-040000000000",
                  "LogonId": "281470",
                  "Image": "C:\\Windows\\SysWOW64\\net.exe",
                  "IntegrityLevel": "High",
                  "ParentCommandLine": "C:\\Windows\\system32\\cmd.exe /c net stop \".NET Runtime Optimization Service\"",
                  "UtcTime": "2022-08-18 08:11:46.565",
                  "RuleName": "-"
                }
              },
              {
                "values": {
                  "TerminalSessionId": "1",
                  "ProcessGuid": "C784477D-F442-62FD-620A-000000004700",
                  "ProcessId": "7092",
                  "Product": "Microsoft\u00ae Windows\u00ae Operating System",
                  "Description": "Net Command",
                  "Company": "Microsoft Corporation",
                  "ParentProcessGuid": "C784477D-F442-62FD-610A-000000004700",
                  "User": "DESKTOP-B0T93D6\\george",
                  "Hashes": "MD5=B5A26C2BF17222E86B91D26F1247AF3E,SHA256=14CC5BE4C833ACC652195DEAD113E1C3B4AC0B98EA1AEAD11957836F9AE721CF,IMPHASH=3D3E7537BD3BA07738DC5CA8AD01B073",
                  "OriginalFileName": "net1.exe",
                  "ParentImage": "C:\\Windows\\SysWOW64\\net.exe",
                  "FileVersion": "10.0.17134.1 (WinBuild.160101.0800)",
                  "ParentProcessId": "6312",
                  "CurrentDirectory": "C:\\Program Files (x86)\\AutoIt3\\",
                  "CommandLine": "C:\\Windows\\system32\\net1  stop \".NET Runtime Optimization Service\"",
                  "EventID": "1",
                  "LogonGuid": "C784477D-F2ED-62FD-7E4B-040000000000",
                  "LogonId": "281470",
                  "Image": "C:\\Windows\\SysWOW64\\net1.exe",
                  "IntegrityLevel": "High",
                  "ParentCommandLine": "net  stop \".NET Runtime Optimization Service\"",
                  "UtcTime": "2022-08-18 08:11:46.576",
                  "RuleName": "-"
                }
              },
              {
                "values": {
                  "TerminalSessionId": "1",
                  "ProcessGuid": "C784477D-F442-62FD-710A-000000004700",
                  "ProcessId": "6236",
                  "Product": "Microsoft\u00ae Windows\u00ae Operating System",
                  "Description": "Net Command",
                  "Company": "Microsoft Corporation",
                  "ParentProcessGuid": "C784477D-F442-62FD-6C0A-000000004700",
                  "User": "DESKTOP-B0T93D6\\george",
                  "Hashes": "MD5=DD0561156F62BC1958CE0E370B23711B,SHA256=FD41D0261C6D22572DA448BCB5CBBB98F78A2922D1F1074D25237CC82C8CE432,IMPHASH=86350518EAE83E4A09BBF6317BA1C570",
                  "OriginalFileName": "net.exe",
                  "ParentImage": "C:\\Windows\\SysWOW64\\cmd.exe",
                  "FileVersion": "10.0.17134.1 (WinBuild.160101.0800)",
                  "ParentProcessId": "2560",
                  "CurrentDirectory": "C:\\Program Files (x86)\\AutoIt3\\",
                  "CommandLine": "net  stop OfficeClickToRun",
                  "EventID": "1",
                  "LogonGuid": "C784477D-F2ED-62FD-7E4B-040000000000",
                  "LogonId": "281470",
                  "Image": "C:\\Windows\\SysWOW64\\net.exe",
                  "IntegrityLevel": "High",
                  "ParentCommandLine": "C:\\Windows\\system32\\cmd.exe /c net stop OfficeClickToRun",
                  "UtcTime": "2022-08-18 08:11:46.749",
                  "RuleName": "-"
                }
              },
              {
                "values": {
                  "TerminalSessionId": "1",
                  "ProcessGuid": "C784477D-F442-62FD-720A-000000004700",
                  "ProcessId": "3336",
                  "Product": "Microsoft\u00ae Windows\u00ae Operating System",
                  "Description": "Net Command",
                  "Company": "Microsoft Corporation",
                  "ParentProcessGuid": "C784477D-F442-62FD-6B0A-000000004700",
                  "User": "DESKTOP-B0T93D6\\george",
                  "Hashes": "MD5=DD0561156F62BC1958CE0E370B23711B,SHA256=FD41D0261C6D22572DA448BCB5CBBB98F78A2922D1F1074D25237CC82C8CE432,IMPHASH=86350518EAE83E4A09BBF6317BA1C570",
                  "OriginalFileName": "net.exe",
                  "ParentImage": "C:\\Windows\\SysWOW64\\cmd.exe",
                  "FileVersion": "10.0.17134.1 (WinBuild.160101.0800)",
                  "ParentProcessId": "4772",
                  "CurrentDirectory": "C:\\Program Files (x86)\\AutoIt3\\",
                  "CommandLine": "net  stop msiserver",
                  "EventID": "1",
                  "LogonGuid": "C784477D-F2ED-62FD-7E4B-040000000000",
                  "LogonId": "281470",
                  "Image": "C:\\Windows\\SysWOW64\\net.exe",
                  "IntegrityLevel": "High",
                  "ParentCommandLine": "C:\\Windows\\system32\\cmd.exe /c net stop msiserver",
                  "UtcTime": "2022-08-18 08:11:46.749",
                  "RuleName": "-"
                }
              },
              {
                "values": {
                  "TerminalSessionId": "1",
                  "ProcessGuid": "C784477D-F442-62FD-730A-000000004700",
                  "ProcessId": "6116",
                  "Product": "Microsoft\u00ae Windows\u00ae Operating System",
                  "Description": "Net Command",
                  "Company": "Microsoft Corporation",
                  "ParentProcessGuid": "C784477D-F442-62FD-720A-000000004700",
                  "User": "DESKTOP-B0T93D6\\george",
                  "Hashes": "MD5=B5A26C2BF17222E86B91D26F1247AF3E,SHA256=14CC5BE4C833ACC652195DEAD113E1C3B4AC0B98EA1AEAD11957836F9AE721CF,IMPHASH=3D3E7537BD3BA07738DC5CA8AD01B073",
                  "OriginalFileName": "net1.exe",
                  "ParentImage": "C:\\Windows\\SysWOW64\\net.exe",
                  "FileVersion": "10.0.17134.1 (WinBuild.160101.0800)",
                  "ParentProcessId": "3336",
                  "CurrentDirectory": "C:\\Program Files (x86)\\AutoIt3\\",
                  "CommandLine": "C:\\Windows\\system32\\net1  stop msiserver",
                  "EventID": "1",
                  "LogonGuid": "C784477D-F2ED-62FD-7E4B-040000000000",
                  "LogonId": "281470",
                  "Image": "C:\\Windows\\SysWOW64\\net1.exe",
                  "IntegrityLevel": "High",
                  "ParentCommandLine": "net  stop msiserver",
                  "UtcTime": "2022-08-18 08:11:46.760",
                  "RuleName": "-"
                }
              },
              {
                "values": {
                  "TerminalSessionId": "1",
                  "ProcessGuid": "C784477D-F442-62FD-740A-000000004700",
                  "ProcessId": "6336",
                  "Product": "Microsoft\u00ae Windows\u00ae Operating System",
                  "Description": "Net Command",
                  "Company": "Microsoft Corporation",
                  "ParentProcessGuid": "C784477D-F442-62FD-710A-000000004700",
                  "User": "DESKTOP-B0T93D6\\george",
                  "Hashes": "MD5=B5A26C2BF17222E86B91D26F1247AF3E,SHA256=14CC5BE4C833ACC652195DEAD113E1C3B4AC0B98EA1AEAD11957836F9AE721CF,IMPHASH=3D3E7537BD3BA07738DC5CA8AD01B073",
                  "OriginalFileName": "net1.exe",
                  "ParentImage": "C:\\Windows\\SysWOW64\\net.exe",
                  "FileVersion": "10.0.17134.1 (WinBuild.160101.0800)",
                  "ParentProcessId": "6236",
                  "CurrentDirectory": "C:\\Program Files (x86)\\AutoIt3\\",
                  "CommandLine": "C:\\Windows\\system32\\net1  stop OfficeClickToRun",
                  "EventID": "1",
                  "LogonGuid": "C784477D-F2ED-62FD-7E4B-040000000000",
                  "LogonId": "281470",
                  "Image": "C:\\Windows\\SysWOW64\\net1.exe",
                  "IntegrityLevel": "High",
                  "ParentCommandLine": "net  stop OfficeClickToRun",
                  "UtcTime": "2022-08-18 08:11:46.761",
                  "RuleName": "-"
                }
              }
            ],
            "rule_level": "low",
            "rule_id": "9afc79c8a56e6e5c4cbd55d203a7dce8efc4ed28aa315b736c842a88b1d3dd0e",
            "rule_source": "Sigma Integrated Rule Set (GitHub)",
            "rule_title": "Stop Windows Service",
            "rule_description": "Detects a windows service to be stopped",
            "rule_author": "Jakob Weinzettl, oscd.community, Nasreddine Bencherchali"
          },
          {
            "match_context": [
              {
                "values": {
                  "EventID": "4104",
                  "ScriptBlockText": "s.Properties[$pr.Name].Qualifiers.Add(\"Key\", $true)\r\n\t}\r\n\t$newClass.Properties[$pr.Name].Qualifiers.Add(\"read\", $true)\r\n}\r\n\r\n$newClass.Put()\r\n\r\nforeach ($obj in $objWmi)\r\n{\t\r\n\t$args = @{}\r\n\tforeach ($pr in $obj.Properties)\r\n\t{\t\r\n\t\tif(($pr.Name -eq \"DeviceId\" -or $pr.Name -eq \"Caption\" -or $pr.Name -eq \"Model\" -or $pr.Name -eq \"PNPDeviceID\") -and ($pr.Value -match 'VBOX' -or $pr.Value -match 'VBox' -or $pr.Value -match 'VMWARE' -or $pr.Value -match 'VMware'))\r\n\t\t{\r\n\t\t\t$value = Get-RandomCharacters -length 8 -characters 'ABCDEFGHKLMNOPRSTUVWXYZ123456789_'\r\n\t\t\t$value = $pr.Value.replace(\"VBOX\", $value).replace(\"VBox\", $value).replace(\"VMWARE\", $value).replace(\"VMware Virtual disk\", $value).replace(\"VMware\", $value).replace(\"HARDDISK\", \"WDC\").replace(\"VIRTUAL_DISK\", $value)\r\n\t\t\t\t\r\n\t\t\t$args.add($pr.Name, $value)\r\n\t\t\r\n\t\t# Change disk size\r\n\t\t} elseif($pr.Name -eq \"Size\" -and $pr.Value -lt 200000000000)\r\n\t\t{\r\n\t\t\t$args.add($pr.Name, 412300001200)\r\n\t\t} elseif(-Not($pr.Name -eq \"Capabilities\"))\r\n\t\t{\r\n\t\t\t$args.add($pr.Name, $pr.Value)\r\n\t\t}\r\n\t}\r\n\t\r\n\tSet-WmiInstance -Path \\\\.\\root\\cimv2:Win32_DiskDrive -Arguments $args\r\n}\r\n\r\n#Joebox\r\n\r\n#Creating Win32_VideoController fake class\r\n$newClass = New-Object System.Management.ManagementClass(\"root\\cimv2\", [String]::Empty, $null); \r\n$newClass[\"__CLASS\"] = \"Win32_VideoController\";\r\n$newClass.Qualifiers.Add(\"Static\", $true);\r\n\r\n$objWMi = get-wmiobject -computername localhost -Namespace root\\CIMV2 -Query \"Select * from Win32_VideoController\"\r\n\r\nif(-Not ($objWMi -is [array]))\r\n{\r\n\t$objWMi = @($objWMi)\r\n}\r\n\r\nforeach ($pr in $objWmi[0].Properties)\r\n{\r\n\t$newClass.Properties.Add($pr.Name, $pr.Type, $false)\t\r\n\tif($pr.Name -eq \"DeviceID\")\r\n\t{\r\n\t\t$newClass.Properties[$pr.Name].Qualifiers.Add(\"Key\", $true)\r\n\t}\r\n\t$newClass.Properties[$pr.Name].Qualifiers.Add(\"read\", $true)\r\n}\r\n\r\n$newClass.Put()\r\n\r\nforeach ($obj in $objWmi)\r\n{\t\r\n\t$args = @{}\r\n\tforeach ($pr in $obj.Properties)\r\n\t{\t\r\n\t\tif(($pr.Name -eq \"Caption\" -or $pr.Name -eq \"Name\" -or $pr.Name -eq \"PNPDeviceID\" -or $pr.Name -eq \"AdapterCompatibility\" -or $pr.Name -eq \"Description\" -or $pr.Name -eq \"InfSection\" -or $pr.Name -eq \"VideoProcessor\") -and ($pr.Value -match 'VBOX' -or $pr.Value -match 'VBox' -or $pr.Value -match 'VMWARE' -or $pr.Value -match 'VirtualBox' -or $pr.Value -match 'VMware' -or $pr.Value -match 'Oracle Corporation' -or $pr.Value -match 'Microsoft Basic Display Adapter'))\r\n\t\t{\r\n\t\t\t$value = Get-RandomCharacters -length 8 -characters 'ABCDEFGHKLMNOPRSTUVWXYZ123456789_'\r\n\t\t\t$value = $pr.Value.replace(\"VBOX\", $value).replace(\"VBox\", $value).replace(\"VMWARE\", $value).replace(\"VMware\", $value).replace(\"VirtualBox\", $value).replace(\"Oracle Corporation\", $value).replace(\"Microsoft Basic Display Adapter\", $value)\r\n\t\t\t\t\r\n\t\t\t$args.add($pr.Name, $value)\r\n\t\t\r\n\r\n\t\t} elseif($pr.Name -eq \"DriverVersion\")\r\n\t\t{\r\n\t\t\t$value = Get-RandomCharacters -length 8 -characters '1234567890.'\r\n\t\t\t$args.add($pr.Name, $value)\r\n\t\t} elseif($pr.Name -eq \"AdapterRAM\" -and $pr.Value -lt 1000000000)\r\n\t\t{\r\n\t\t\t$args.add($pr.Name, 1073741824)\r\n\t\t} else\r\n\t\t{\r\n\t\t\t$args.add($pr.Name, $pr.Value)\r\n\t\t}\r\n\t}\r\n\t\r\n\tSet-WmiInstance -Path \\\\.\\root\\cimv2:Win32_VideoController -Arguments $args\r\n}\r\n\r\n#Joebox\r\n\r\n# Creating Win32_BaseBoard fake class\r\n$newClass = New-Object System.Management.ManagementClass(\"root\\cimv2\", [String]::Empty, $null); \r\n$newClass[\"__CLASS\"] = \"Win32_BaseBoard\";\r\n$newClass.Qualifiers.Add(\"Static\", $true)\r\n\u00e2\u20ac\u2039\r\n$objWMi = get-wmiobject -computername localhost -Namespace root\\CIMV2 -Query \"Select * from Win32_BaseBoard\"\r\n\u00e2\u20ac\u2039\r\nforeach ($obj in $objWmi)\r\n{\r\n\tforeach ($pr in $obj.Properties)\r\n\t{\r\n\t\t$name = $pr.Name\r\n\t\t$value = $pr.Value\r\n\t\t$qualifier = $false\r\n\u00e2\u20ac\u2039\r\n\t\tswitch ($name)\r\n\t\t{\r\n\t\t\t\"Tag\" {\r\n\t\t\t\t$qualifier = $true\r\n\t\t\t}\r\n\t\t\t\"SerialNumber\" {\r\n\t\t\t\t$value = Get-RandomCharacters -length 16 -characters '1234567890'\r\n\t\t\t}\r\n\t\t\t{\"Product\", \"Manufacturer\" -eq $_} {\r\n\t\t\t\t$value = Get-RandomCharacters -length 10 -characters 'ABCDEFGHKLMNOPRSTUVWXYZ123456789'\r\n\t\t\t}\r\n\t\t}\r\n\u00e2\u20ac\u2039\r\n\t\t$newClass.Properties.Add($name, $value, $pr.Type)\r\n\t\tif ($qualifier) {\r\n\t\t\t$newClass.Properties[$name].Qualifiers.Add(\"Key\", $true)\r\n\t\t}\r\n\t}\r\n}\r\n\u00e2\u20ac\u2039\r\n$newClass.Put()\r\nSet-WmiInstance -Path \\\\.\\root\\cimv2:Win32_BaseBoard\r\n\r\n\r\n#Creating Win32_ComputerSystemProduct fake class\r\n$newClass = New-Object System.Management.ManagementClass(\"root\\cimv2\", [String]::Empty, $null); \r\n$newClass[\"__CLASS\"] = \"Win32_ComputerSystemProduct\";\r\n$newClass.Qualifiers.Add(\"Static\", $true)\r\n\r\n$objWMi = get-wmiobject -computername localhost -Namespace root\\CIMV2 -Query \"Select * from Win32_ComputerSystemProduct\"\r\n\r\nforeach ($obj in $objWmi)\r\n{\r\n\tforeach ($pr in $obj.Properties)\r\n\t{\r\n\t\tif($pr.Name -eq \"Name\")\r\n\t\t{\t\r\n\t\t\t$newClass.Properties.Add($pr.Name, $pr.$value, $pr.Type)\r\n\t\t\t$newClass.Properties[$pr.Name].Qualifiers.Add(\"Key\", $true)\r\n\t\t} elseif($pr.Name -eq \"IdentifyingNumber\")\r\n\t\t{\r\n\t\t\t$value = Get-RandomCharacters -length 6 -characters 'ABCDEFGHKLMNOPRSTUVWXYZ123456789'\r\n\t\t\t$newClass.Properties.Add($pr.Name, $value, $pr.Type)\r\n\t\t} else\r\n\t\t{\r\n\t\t\t$newClass.Properties.Add($pr.Name, $pr.Value, $pr.Type)\r\n\t\t}\r\n\t}\r\n}\r\n\r\n$newClass.Put()\r\nSet-WmiInstance -Path \\\\.\\root\\cimv2:Win32_ComputerSystemProduct\r\n\r\n\r\n\r\n#Creating Win32_LogicalDisk fake class\r\n$newClass = New-Object System.Management.ManagementClass(\"root\\cimv2\", [String]::Empty, $null); \r\n$newClass[\"__CLASS\"] = \"Win32_LogicalDisk\";\r\n$newClass.Qualifiers.Add(\"Static\", $true);\r\n\r\n$objWMi = get-wmiobject -computername localhost -Namespace root\\CIMV2 -Query \"Select * from Win32_LogicalDisk WHERE DriveType = 3\"\r\n\r\nif(-Not ($objWMi -is [array]))\r\n{\r\n\t$objWMi = @($objWMi)\r\n}\r\n\r\nforeach ($pr in $objWmi[0].Properties)\r\n{\r\n\t$newClass.Properties.Add($pr.Name, $pr.Type, $false)\t\r\n\tif($pr.Name -eq \"DeviceID\")\r\n\t{\r\n\t\t$newClass.Properties[$pr.Name].Qualifiers.Add(\"Key\", $true)\r\n\t}\r\n\t$newClass.Properties[$pr.Name].Qualifiers.Add(\"read\", $true)\r\n}\r\n\r\n$newClass.Put()\r\n\r\nforeach ($obj in $objWmi)\r\n{\t\r\n\t$args = @{}\r\n\tforeach ($pr in $obj.Properties)\r\n\t{\t\r\n\t\tif($pr.Name -eq \"Size\")\r\n\t\t{\r\n\t\t\t$args.add($pr.Name, \"223496729601\")\r\n\t\t} else\r\n\t\t{\r\n\t\t\t$args.add($pr.Name, $pr.Value)\r\n\t\t}\r\n\t}\r\n\t\r\n\tSet-WmiInstance -Path \\\\.\\root\\cimv2:Win32_LogicalDisk -Arguments $args\r\n}\r\n\r\n\r\n#Creating Win32_ComputerSystemProduct fake class\r\n$newClass = New-Object System.Management.ManagementClass(\"root\\cimv2\", [String]::Empty, $null); \r\n$newClass[\"__CLASS\"] = \"Win32_OperatingSystem\";\r\n$newClass.Qualifiers.Add(\"Static\", $true)\r\n\r\n$objWMi = get-wmiobject -computername localhost -Namespace root\\CIMV2 -Query \"Select * from Win32_OperatingSystem\"\r\n\r\n\r\nforeach ($obj in $objWmi)\r\n{\r\n\tforeach ($pr in $obj.Properties)\r\n\t{\r\n\t\tif($pr.Name -eq \"CreationClassName\")\r\n\t\t{\t\r\n\t\t\t$newClass.Properties.Add($pr.Name, $pr.$value, $pr.Type)\r\n\t\t\t$newClass.Properties[$pr.Name].Qualifiers.Add(\"Key\", $true)\r\n\t\t} elseif($pr.Name -eq \"LastBootUpTime\")\r\n\t\t{\r\n\t\t\t$d = [System.Management.ManagementDateTimeConverter]::ToDateTime($pr.Value)\r\n\t\t\t$d = $d.addDays(-10)\r\n\t\t\t$d = [System.Management.ManagementDateTimeConverter]::ToDmtfDateTime($d)\r\n\t\t\t\r\n\t\t\t$newClass.Properties.Add($pr.Name, $d, $pr.Type)\r\n\t\t\t\r\n\t\t} else\r\n\t\t{\r\n\t\t\t$newClass.Properties.Add($pr.Name, $pr.Value, $pr.Type)\r\n\t\t}\r\n\t}\r\n}\r\n\r\n$newClass.Put()\r\nSet-WmiInstance -Path \\\\.\\root\\cimv2:Win32_OperatingSystem\r\n\r\n\r\nfunction Delete() {\r\n    $Invocation = (Get-Variable MyInvocation -Scope 1).Value\r\n    $Path =  $Invocation.MyCommand.Path \r\n    Write-Host $Path\r\n    Remove-Item $Path -force\r\n} \r\n     \r\nDelete \r\n",
                  "ScriptBlockId": "dd5693c7-f339-43e5-a858-20a0b4f40c81",
                  "MessageNumber": "\u0002",
                  "MessageTotal": "\u0002",
                  "Path": "C:\\Program Files (x86)\\Joebox\\unpack\\wmievasions.ps1"
                }
              }
            ],
            "rule_level": "low",
            "rule_id": "d9b2eb00753c3049fbb4ed4f7d88f29b65a0c50bec45ff4723b95bb637f8f83d",
            "rule_source": "Sigma Integrated Rule Set (GitHub)",
            "rule_title": "Use Remove-Item to Delete File",
            "rule_description": "Powershell Remove-Item  with -Path to delete a file or a folder with \"-Recurse\"",
            "rule_author": "frack113"
          },
          {
            "match_context": [
              {
                "values": {
                  "TerminalSessionId": "1",
                  "ProcessGuid": "C784477D-F42D-62FD-DE09-000000004700",
                  "ProcessId": "3276",
                  "Product": "Microsoft\u00ae Windows\u00ae Operating System",
                  "Description": "Windows Command Processor",
                  "Company": "Microsoft Corporation",
                  "ParentProcessGuid": "C784477D-F42D-62FD-D409-000000004700",
                  "User": "DESKTOP-B0T93D6\\george",
                  "Hashes": "MD5=F3BDBE3BB6F734E357235F4D5898582D,SHA256=3685495D051137B1C4EFDE22C26DF0883614B6453B762FA84588DA55ED2E7744,IMPHASH=0AF8419BE362159398343D7B31721726",
                  "OriginalFileName": "Cmd.Exe",
                  "ParentImage": "C:\\Program Files (x86)\\AutoIt3\\AutoIt3.exe",
                  "FileVersion": "10.0.17134.1 (WinBuild.160101.0800)",
                  "ParentProcessId": "1700",
                  "CurrentDirectory": "C:\\Windows\\system32\\",
                  "CommandLine": "cmd /C powershell.exe -executionpolicy bypass -File \"C:\\Program Files (x86)\\Joebox\\unpack\\wmievasions.ps1\" > wmi.log 2>&1",
                  "EventID": "1",
                  "LogonGuid": "C784477D-F2ED-62FD-7E4B-040000000000",
                  "LogonId": "281470",
                  "Image": "C:\\Windows\\SysWOW64\\cmd.exe",
                  "IntegrityLevel": "High",
                  "ParentCommandLine": "\"C:\\Program Files (x86)\\AutoIt3\\AutoIt3.exe\" X:\\loadjoeboxvm.au3",
                  "UtcTime": "2022-08-18 08:11:25.729",
                  "RuleName": "-"
                }
              },
              {
                "values": {
                  "TerminalSessionId": "1",
                  "ProcessGuid": "C784477D-F43B-62FD-E909-000000004700",
                  "ProcessId": "7108",
                  "Product": "Microsoft\u00ae Windows\u00ae Operating System",
                  "Description": "Windows Command Processor",
                  "Company": "Microsoft Corporation",
                  "ParentProcessGuid": "C784477D-F43B-62FD-E709-000000004700",
                  "User": "DESKTOP-B0T93D6\\george",
                  "Hashes": "MD5=4E2ACF4F8A396486AB4268C94A6A245F,SHA256=9A7C58BD98D70631AA1473F7B57B426DB367D72429A5455B433A05EE251F3236,IMPHASH=8542FB14699D84D7E8DA92F66145C7FE",
                  "OriginalFileName": "Cmd.Exe",
                  "ParentImage": "C:\\Program Files (x86)\\Joebox\\control\\joeboxcontrol.exe",
                  "FileVersion": "10.0.17134.1 (WinBuild.160101.0800)",
                  "ParentProcessId": "7040",
                  "CurrentDirectory": "C:\\Program Files (x86)\\Joebox\\control\\",
                  "CommandLine": "C:\\Windows\\system32\\cmd.exe /c icacls \\\\192.168.2.1\\joe-windows-g10-3\\syscalls\\ /setintegritylevel (CI)(OI)L > nul",
                  "EventID": "1",
                  "LogonGuid": "C784477D-F2ED-62FD-7E4B-040000000000",
                  "LogonId": "281470",
                  "Image": "C:\\Windows\\System32\\cmd.exe",
                  "IntegrityLevel": "High",
                  "ParentCommandLine": "\"C:\\Program Files (x86)\\Joebox\\control\\joeboxcontrol.exe\"",
                  "UtcTime": "2022-08-18 08:11:39.774",
                  "RuleName": "-"
                }
              },
              {
                "values": {
                  "TerminalSessionId": "1",
                  "ProcessGuid": "C784477D-F43F-62FD-F309-000000004700",
                  "ProcessId": "1100",
                  "Product": "Microsoft\u00ae Windows\u00ae Operating System",
                  "Description": "Windows Command Processor",
                  "Company": "Microsoft Corporation",
                  "ParentProcessGuid": "C784477D-F43E-62FD-EF09-000000004700",
                  "User": "DESKTOP-B0T93D6\\george",
                  "Hashes": "MD5=F3BDBE3BB6F734E357235F4D5898582D,SHA256=3685495D051137B1C4EFDE22C26DF0883614B6453B762FA84588DA55ED2E7744,IMPHASH=0AF8419BE362159398343D7B31721726",
                  "OriginalFileName": "Cmd.Exe",
                  "ParentImage": "C:\\Program Files (x86)\\AutoIt3\\AutoIt3.exe",
                  "FileVersion": "10.0.17134.1 (WinBuild.160101.0800)",
                  "ParentProcessId": "6228",
                  "CurrentDirectory": "C:\\Program Files (x86)\\AutoIt3\\",
                  "CommandLine": "C:\\Windows\\system32\\cmd.exe /c arp -a > C:\\windows\\runiso.out 2>&1",
                  "EventID": "1",
                  "LogonGuid": "C784477D-F2ED-62FD-7E4B-040000000000",
                  "LogonId": "281470",
                  "Image": "C:\\Windows\\SysWOW64\\cmd.exe",
                  "IntegrityLevel": "High",
                  "ParentCommandLine": "\"C:\\Program Files (x86)\\AutoIt3\\AutoIt3.exe\" \"C:\\Users\\george\\Desktop\\script.0.au3\"",
                  "UtcTime": "2022-08-18 08:11:43.637",
                  "RuleName": "-"
                }
              },
              {
                "values": {
                  "TerminalSessionId": "1",
                  "ProcessGuid": "C784477D-F440-62FD-FD09-000000004700",
                  "ProcessId": "6472",
                  "Product": "Microsoft\u00ae Windows\u00ae Operating System",
                  "Description": "Windows Command Processor",
                  "Company": "Microsoft Corporation",
                  "ParentProcessGuid": "C784477D-F43E-62FD-EF09-000000004700",
                  "User": "DESKTOP-B0T93D6\\george",
                  "Hashes": "MD5=F3BDBE3BB6F734E357235F4D5898582D,SHA256=3685495D051137B1C4EFDE22C26DF0883614B6453B762FA84588DA55ED2E7744,IMPHASH=0AF8419BE362159398343D7B31721726",
                  "OriginalFileName": "Cmd.Exe",
                  "ParentImage": "C:\\Program Files (x86)\\AutoIt3\\AutoIt3.exe",
                  "FileVersion": "10.0.17134.1 (WinBuild.160101.0800)",
                  "ParentProcessId": "6228",
                  "CurrentDirectory": "C:\\Program Files (x86)\\AutoIt3\\",
                  "CommandLine": "C:\\Windows\\system32\\cmd.exe /c tasklist /svc | find \"svchost.exe\" >> \\\\192.168.2.1\\joe-windows-g10-3\\logs\\services.log",
                  "EventID": "1",
                  "LogonGuid": "C784477D-F2ED-62FD-7E4B-040000000000",
                  "LogonId": "281470",
                  "Image": "C:\\Windows\\SysWOW64\\cmd.exe",
                  "IntegrityLevel": "High",
                  "ParentCommandLine": "\"C:\\Program Files (x86)\\AutoIt3\\AutoIt3.exe\" \"C:\\Users\\george\\Desktop\\script.0.au3\"",
                  "UtcTime": "2022-08-18 08:11:44.495",
                  "RuleName": "-"
                }
              },
              {
                "values": {
                  "TerminalSessionId": "1",
                  "ProcessGuid": "C784477D-F440-62FD-FF09-000000004700",
                  "ProcessId": "6488",
                  "Product": "Microsoft\u00ae Windows\u00ae Operating System",
                  "Description": "Windows Command Processor",
                  "Company": "Microsoft Corporation",
                  "ParentProcessGuid": "C784477D-F43E-62FD-EF09-000000004700",
                  "User": "DESKTOP-B0T93D6\\george",
                  "Hashes": "MD5=F3BDBE3BB6F734E357235F4D5898582D,SHA256=3685495D051137B1C4EFDE22C26DF0883614B6453B762FA84588DA55ED2E7744,IMPHASH=0AF8419BE362159398343D7B31721726",
                  "OriginalFileName": "Cmd.Exe",
                  "ParentImage": "C:\\Program Files (x86)\\AutoIt3\\AutoIt3.exe",
                  "FileVersion": "10.0.17134.1 (WinBuild.160101.0800)",
                  "ParentProcessId": "6228",
                  "CurrentDirectory": "C:\\Program Files (x86)\\AutoIt3\\",
                  "CommandLine": "C:\\Windows\\system32\\cmd.exe /c powershell.exe -ex bypass -command \"Get-ScheduledTask | Disable-ScheduledTask\" > \\\\192.168.2.1\\joe-windows-g10-3\\logs\\taskdeletion.log 2>&1",
                  "EventID": "1",
                  "LogonGuid": "C784477D-F2ED-62FD-7E4B-040000000000",
                  "LogonId": "281470",
                  "Image": "C:\\Windows\\SysWOW64\\cmd.exe",
                  "IntegrityLevel": "High",
                  "ParentCommandLine": "\"C:\\Program Files (x86)\\AutoIt3\\AutoIt3.exe\" \"C:\\Users\\george\\Desktop\\script.0.au3\"",
                  "UtcTime": "2022-08-18 08:11:44.498",
                  "RuleName": "-"
                }
              },
              {
                "values": {
                  "TerminalSessionId": "1",
                  "ProcessGuid": "C784477D-F440-62FD-010A-000000004700",
                  "ProcessId": "6504",
                  "Product": "Microsoft\u00ae Windows\u00ae Operating System",
                  "Description": "Windows Command Processor",
                  "Company": "Microsoft Corporation",
                  "ParentProcessGuid": "C784477D-F43E-62FD-EF09-000000004700",
                  "User": "DESKTOP-B0T93D6\\george",
                  "Hashes": "MD5=F3BDBE3BB6F734E357235F4D5898582D,SHA256=3685495D051137B1C4EFDE22C26DF0883614B6453B762FA84588DA55ED2E7744,IMPHASH=0AF8419BE362159398343D7B31721726",
                  "OriginalFileName": "Cmd.Exe",
                  "ParentImage": "C:\\Program Files (x86)\\AutoIt3\\AutoIt3.exe",
                  "FileVersion": "10.0.17134.1 (WinBuild.160101.0800)",
                  "ParentProcessId": "6228",
                  "CurrentDirectory": "C:\\Program Files (x86)\\AutoIt3\\",
                  "CommandLine": "C:\\Windows\\system32\\cmd.exe /c powershell.exe -ex bypass -command \"Get-ScheduledTask | Stop-ScheduledTask\" > \\\\192.168.2.1\\joe-windows-g10-3\\logs\\taskstop.log 2>&1",
                  "EventID": "1",
                  "LogonGuid": "C784477D-F2ED-62FD-7E4B-040000000000",
                  "LogonId": "281470",
                  "Image": "C:\\Windows\\SysWOW64\\cmd.exe",
                  "IntegrityLevel": "High",
                  "ParentCommandLine": "\"C:\\Program Files (x86)\\AutoIt3\\AutoIt3.exe\" \"C:\\Users\\george\\Desktop\\script.0.au3\"",
                  "UtcTime": "2022-08-18 08:11:44.502",
                  "RuleName": "-"
                }
              },
              {
                "values": {
                  "TerminalSessionId": "1",
                  "ProcessGuid": "C784477D-F442-62FD-760A-000000004700",
                  "ProcessId": "6368",
                  "Product": "Microsoft\u00ae Windows\u00ae Operating System",
                  "Description": "Windows Command Processor",
                  "Company": "Microsoft Corporation",
                  "ParentProcessGuid": "C784477D-F43E-62FD-EF09-000000004700",
                  "User": "DESKTOP-B0T93D6\\george",
                  "Hashes": "MD5=F3BDBE3BB6F734E357235F4D5898582D,SHA256=3685495D051137B1C4EFDE22C26DF0883614B6453B762FA84588DA55ED2E7744,IMPHASH=0AF8419BE362159398343D7B31721726",
                  "OriginalFileName": "Cmd.Exe",
                  "ParentImage": "C:\\Program Files (x86)\\AutoIt3\\AutoIt3.exe",
                  "FileVersion": "10.0.17134.1 (WinBuild.160101.0800)",
                  "ParentProcessId": "6228",
                  "CurrentDirectory": "C:\\Program Files (x86)\\AutoIt3\\",
                  "CommandLine": "C:\\Windows\\system32\\cmd.exe /c \"sc start MpsSvc\" 1> fw 2>&1",
                  "EventID": "1",
                  "LogonGuid": "C784477D-F2ED-62FD-7E4B-040000000000",
                  "LogonId": "281470",
                  "Image": "C:\\Windows\\SysWOW64\\cmd.exe",
                  "IntegrityLevel": "High",
                  "ParentCommandLine": "\"C:\\Program Files (x86)\\AutoIt3\\AutoIt3.exe\" \"C:\\Users\\george\\Desktop\\script.0.au3\"",
                  "UtcTime": "2022-08-18 08:11:46.794",
                  "RuleName": "-"
                }
              },
              {
                "values": {
                  "TerminalSessionId": "1",
                  "ProcessGuid": "C784477D-F442-62FD-790A-000000004700",
                  "ProcessId": "5952",
                  "Product": "Microsoft\u00ae Windows\u00ae Operating System",
                  "Description": "Windows Command Processor",
                  "Company": "Microsoft Corporation",
                  "ParentProcessGuid": "C784477D-F43E-62FD-EF09-000000004700",
                  "User": "DESKTOP-B0T93D6\\george",
                  "Hashes": "MD5=F3BDBE3BB6F734E357235F4D5898582D,SHA256=3685495D051137B1C4EFDE22C26DF0883614B6453B762FA84588DA55ED2E7744,IMPHASH=0AF8419BE362159398343D7B31721726",
                  "OriginalFileName": "Cmd.Exe",
                  "ParentImage": "C:\\Program Files (x86)\\AutoIt3\\AutoIt3.exe",
                  "FileVersion": "10.0.17134.1 (WinBuild.160101.0800)",
                  "ParentProcessId": "6228",
                  "CurrentDirectory": "C:\\Program Files (x86)\\AutoIt3\\",
                  "CommandLine": "C:\\Windows\\system32\\cmd.exe /c \"netsh advfirewall set allprofiles state off\" 1> fw 2>&1",
                  "EventID": "1",
                  "LogonGuid": "C784477D-F2ED-62FD-7E4B-040000000000",
                  "LogonId": "281470",
                  "Image": "C:\\Windows\\SysWOW64\\cmd.exe",
                  "IntegrityLevel": "High",
                  "ParentCommandLine": "\"C:\\Program Files (x86)\\AutoIt3\\AutoIt3.exe\" \"C:\\Users\\george\\Desktop\\script.0.au3\"",
                  "UtcTime": "2022-08-18 08:11:46.845",
                  "RuleName": "-"
                }
              },
              {
                "values": {
                  "TerminalSessionId": "1",
                  "ProcessGuid": "C784477D-F443-62FD-A30A-000000004700",
                  "ProcessId": "6344",
                  "Product": "Microsoft\u00ae Windows\u00ae Operating System",
                  "Description": "Windows Command Processor",
                  "Company": "Microsoft Corporation",
                  "ParentProcessGuid": "C784477D-F43E-62FD-EF09-000000004700",
                  "User": "DESKTOP-B0T93D6\\george",
                  "Hashes": "MD5=F3BDBE3BB6F734E357235F4D5898582D,SHA256=3685495D051137B1C4EFDE22C26DF0883614B6453B762FA84588DA55ED2E7744,IMPHASH=0AF8419BE362159398343D7B31721726",
                  "OriginalFileName": "Cmd.Exe",
                  "ParentImage": "C:\\Program Files (x86)\\AutoIt3\\AutoIt3.exe",
                  "FileVersion": "10.0.17134.1 (WinBuild.160101.0800)",
                  "ParentProcessId": "6228",
                  "CurrentDirectory": "C:\\Program Files (x86)\\AutoIt3\\",
                  "CommandLine": "C:\\Windows\\system32\\cmd.exe /c C:\\Windows\\Sysnative\\bcdedit.exe 1> bcdedit 2>&1",
                  "EventID": "1",
                  "LogonGuid": "C784477D-F2ED-62FD-7E4B-040000000000",
                  "LogonId": "281470",
                  "Image": "C:\\Windows\\SysWOW64\\cmd.exe",
                  "IntegrityLevel": "High",
                  "ParentCommandLine": "\"C:\\Program Files (x86)\\AutoIt3\\AutoIt3.exe\" \"C:\\Users\\george\\Desktop\\script.0.au3\"",
                  "UtcTime": "2022-08-18 08:11:47.449",
                  "RuleName": "-"
                }
              },
              {
                "values": {
                  "TerminalSessionId": "1",
                  "ProcessGuid": "C784477D-F444-62FD-AE0A-000000004700",
                  "ProcessId": "3744",
                  "Product": "Microsoft\u00ae Windows\u00ae Operating System",
                  "Description": "Windows Command Processor",
                  "Company": "Microsoft Corporation",
                  "ParentProcessGuid": "C784477D-F43E-62FD-EF09-000000004700",
                  "User": "DESKTOP-B0T93D6\\george",
                  "Hashes": "MD5=F3BDBE3BB6F734E357235F4D5898582D,SHA256=3685495D051137B1C4EFDE22C26DF0883614B6453B762FA84588DA55ED2E7744,IMPHASH=0AF8419BE362159398343D7B31721726",
                  "OriginalFileName": "Cmd.Exe",
                  "ParentImage": "C:\\Program Files (x86)\\AutoIt3\\AutoIt3.exe",
                  "FileVersion": "10.0.17134.1 (WinBuild.160101.0800)",
                  "ParentProcessId": "6228",
                  "CurrentDirectory": "C:\\Program Files (x86)\\AutoIt3\\",
                  "CommandLine": "C:\\Windows\\system32\\cmd.exe /c netsh advfirewall firewall add rule name=\"GoeTm\" dir=in action=allow protocol=UDP localport=74 1> fw.out 2>&1",
                  "EventID": "1",
                  "LogonGuid": "C784477D-F2ED-62FD-7E4B-040000000000",
                  "LogonId": "281470",
                  "Image": "C:\\Windows\\SysWOW64\\cmd.exe",
                  "IntegrityLevel": "High",
                  "ParentCommandLine": "\"C:\\Program Files (x86)\\AutoIt3\\AutoIt3.exe\" \"C:\\Users\\george\\Desktop\\script.0.au3\"",
                  "UtcTime": "2022-08-18 08:11:48.296",
                  "RuleName": "-"
                }
              },
