              {
                "values": {
                  "TerminalSessionId": "1",
                  "ProcessGuid": "C784477D-F444-62FD-B10A-000000004700",
                  "ProcessId": "4824",
                  "Product": "Microsoft\u00ae Windows\u00ae Operating System",
                  "Description": "Windows Command Processor",
                  "Company": "Microsoft Corporation",
                  "ParentProcessGuid": "C784477D-F43E-62FD-EF09-000000004700",
                  "User": "DESKTOP-B0T93D6\\george",
                  "Hashes": "MD5=F3BDBE3BB6F734E357235F4D5898582D,SHA256=3685495D051137B1C4EFDE22C26DF0883614B6453B762FA84588DA55ED2E7744,IMPHASH=0AF8419BE362159398343D7B31721726",
                  "OriginalFileName": "Cmd.Exe",
                  "ParentImage": "C:\\Program Files (x86)\\AutoIt3\\AutoIt3.exe",
                  "FileVersion": "10.0.17134.1 (WinBuild.160101.0800)",
                  "ParentProcessId": "6228",
                  "CurrentDirectory": "C:\\Program Files (x86)\\AutoIt3\\",
                  "CommandLine": "C:\\Windows\\system32\\cmd.exe /c netsh advfirewall firewall add rule name=\"JYWgJ\" dir=out action=allow protocol=UDP localport=74 1> fw.out 2>&1",
                  "EventID": "1",
                  "LogonGuid": "C784477D-F2ED-62FD-7E4B-040000000000",
                  "LogonId": "281470",
                  "Image": "C:\\Windows\\SysWOW64\\cmd.exe",
                  "IntegrityLevel": "High",
                  "ParentCommandLine": "\"C:\\Program Files (x86)\\AutoIt3\\AutoIt3.exe\" \"C:\\Users\\george\\Desktop\\script.0.au3\"",
                  "UtcTime": "2022-08-18 08:11:48.470",
                  "RuleName": "-"
                }
              },
              {
                "values": {
                  "TerminalSessionId": "1",
                  "ProcessGuid": "C784477D-3FDF-633B-C70A-000000004700",
                  "ProcessId": "6232",
                  "Product": "Microsoft\u00ae Windows\u00ae Operating System",
                  "Description": "Windows Command Processor",
                  "Company": "Microsoft Corporation",
                  "ParentProcessGuid": "C784477D-F444-62FD-B50A-000000004700",
                  "User": "DESKTOP-B0T93D6\\george",
                  "Hashes": "MD5=4E2ACF4F8A396486AB4268C94A6A245F,SHA256=9A7C58BD98D70631AA1473F7B57B426DB367D72429A5455B433A05EE251F3236,IMPHASH=8542FB14699D84D7E8DA92F66145C7FE",
                  "OriginalFileName": "Cmd.Exe",
                  "ParentImage": "C:\\Program Files (x86)\\Joebox\\control\\joeboxcontrol.exe",
                  "FileVersion": "10.0.17134.1 (WinBuild.160101.0800)",
                  "ParentProcessId": "2560",
                  "CurrentDirectory": "C:\\Program Files (x86)\\Joebox\\control\\",
                  "CommandLine": "C:\\Windows\\system32\\cmd.exe /c icacls \\\\192.168.2.1\\joe-windows-g10-3\\syscalls\\ /setintegritylevel (CI)(OI)L > nul",
                  "EventID": "1",
                  "LogonGuid": "C784477D-F2ED-62FD-7E4B-040000000000",
                  "LogonId": "281470",
                  "Image": "C:\\Windows\\System32\\cmd.exe",
                  "IntegrityLevel": "High",
                  "ParentCommandLine": "\"C:\\Program Files (x86)\\Joebox\\control\\joeboxcontrol.exe\"",
                  "UtcTime": "2022-10-03 20:02:39.533",
                  "RuleName": "-"
                }
              }
            ],
            "rule_level": "low",
            "rule_id": "e77646c39db7fa011a5223aeb73c738046787fc7f62a99394e883d76a54341f7",
            "rule_source": "Sigma Integrated Rule Set (GitHub)",
            "rule_title": "Redirect Output in CommandLine",
            "rule_description": "Use \">\" to redicrect information in commandline",
            "rule_author": "frack113"
          },
          {
            "match_context": [
              {
                "values": {
                  "TerminalSessionId": "1",
                  "ProcessGuid": "C784477D-F440-62FD-FC09-000000004700",
                  "ProcessId": "5920",
                  "Product": "Microsoft\u00ae Windows\u00ae Operating System",
                  "Description": "Net Command",
                  "Company": "Microsoft Corporation",
                  "ParentProcessGuid": "C784477D-F440-62FD-FA09-000000004700",
                  "User": "DESKTOP-B0T93D6\\george",
                  "Hashes": "MD5=DD0561156F62BC1958CE0E370B23711B,SHA256=FD41D0261C6D22572DA448BCB5CBBB98F78A2922D1F1074D25237CC82C8CE432,IMPHASH=86350518EAE83E4A09BBF6317BA1C570",
                  "OriginalFileName": "net.exe",
                  "ParentImage": "C:\\Windows\\SysWOW64\\cmd.exe",
                  "FileVersion": "10.0.17134.1 (WinBuild.160101.0800)",
                  "ParentProcessId": "6404",
                  "CurrentDirectory": "C:\\Program Files (x86)\\AutoIt3\\",
                  "CommandLine": "net  stop SysMain",
                  "EventID": "1",
                  "LogonGuid": "C784477D-F2ED-62FD-7E4B-040000000000",
                  "LogonId": "281470",
                  "Image": "C:\\Windows\\SysWOW64\\net.exe",
                  "IntegrityLevel": "High",
                  "ParentCommandLine": "C:\\Windows\\system32\\cmd.exe /c net stop SysMain",
                  "UtcTime": "2022-08-18 08:11:44.479",
                  "RuleName": "-"
                }
              },
              {
                "values": {
                  "TerminalSessionId": "1",
                  "ProcessGuid": "C784477D-F440-62FD-FE09-000000004700",
                  "ProcessId": "6480",
                  "Product": "Microsoft\u00ae Windows\u00ae Operating System",
                  "Description": "Net Command",
                  "Company": "Microsoft Corporation",
                  "ParentProcessGuid": "C784477D-F440-62FD-FC09-000000004700",
                  "User": "DESKTOP-B0T93D6\\george",
                  "Hashes": "MD5=B5A26C2BF17222E86B91D26F1247AF3E,SHA256=14CC5BE4C833ACC652195DEAD113E1C3B4AC0B98EA1AEAD11957836F9AE721CF,IMPHASH=3D3E7537BD3BA07738DC5CA8AD01B073",
                  "OriginalFileName": "net1.exe",
                  "ParentImage": "C:\\Windows\\SysWOW64\\net.exe",
                  "FileVersion": "10.0.17134.1 (WinBuild.160101.0800)",
                  "ParentProcessId": "5920",
                  "CurrentDirectory": "C:\\Program Files (x86)\\AutoIt3\\",
                  "CommandLine": "C:\\Windows\\system32\\net1  stop SysMain",
                  "EventID": "1",
                  "LogonGuid": "C784477D-F2ED-62FD-7E4B-040000000000",
                  "LogonId": "281470",
                  "Image": "C:\\Windows\\SysWOW64\\net1.exe",
                  "IntegrityLevel": "High",
                  "ParentCommandLine": "net  stop SysMain",
                  "UtcTime": "2022-08-18 08:11:44.498",
                  "RuleName": "-"
                }
              },
              {
                "values": {
                  "TerminalSessionId": "1",
                  "ProcessGuid": "C784477D-F441-62FD-0F0A-000000004700",
                  "ProcessId": "6852",
                  "Product": "Microsoft\u00ae Windows\u00ae Operating System",
                  "Description": "Net Command",
                  "Company": "Microsoft Corporation",
                  "ParentProcessGuid": "C784477D-F440-62FD-0B0A-000000004700",
                  "User": "DESKTOP-B0T93D6\\george",
                  "Hashes": "MD5=DD0561156F62BC1958CE0E370B23711B,SHA256=FD41D0261C6D22572DA448BCB5CBBB98F78A2922D1F1074D25237CC82C8CE432,IMPHASH=86350518EAE83E4A09BBF6317BA1C570",
                  "OriginalFileName": "net.exe",
                  "ParentImage": "C:\\Windows\\SysWOW64\\cmd.exe",
                  "FileVersion": "10.0.17134.1 (WinBuild.160101.0800)",
                  "ParentProcessId": "2400",
                  "CurrentDirectory": "C:\\Program Files (x86)\\AutoIt3\\",
                  "CommandLine": "net  stop AdobeARMservice",
                  "EventID": "1",
                  "LogonGuid": "C784477D-F2ED-62FD-7E4B-040000000000",
                  "LogonId": "281470",
                  "Image": "C:\\Windows\\SysWOW64\\net.exe",
                  "IntegrityLevel": "High",
                  "ParentCommandLine": "C:\\Windows\\system32\\cmd.exe /c net stop AdobeARMservice",
                  "UtcTime": "2022-08-18 08:11:45.431",
                  "RuleName": "-"
                }
              },
              {
                "values": {
                  "TerminalSessionId": "1",
                  "ProcessGuid": "C784477D-F441-62FD-100A-000000004700",
                  "ProcessId": "5480",
                  "Product": "Microsoft\u00ae Windows\u00ae Operating System",
                  "Description": "Net Command",
                  "Company": "Microsoft Corporation",
                  "ParentProcessGuid": "C784477D-F441-62FD-0F0A-000000004700",
                  "User": "DESKTOP-B0T93D6\\george",
                  "Hashes": "MD5=B5A26C2BF17222E86B91D26F1247AF3E,SHA256=14CC5BE4C833ACC652195DEAD113E1C3B4AC0B98EA1AEAD11957836F9AE721CF,IMPHASH=3D3E7537BD3BA07738DC5CA8AD01B073",
                  "OriginalFileName": "net1.exe",
                  "ParentImage": "C:\\Windows\\SysWOW64\\net.exe",
                  "FileVersion": "10.0.17134.1 (WinBuild.160101.0800)",
                  "ParentProcessId": "6852",
                  "CurrentDirectory": "C:\\Program Files (x86)\\AutoIt3\\",
                  "CommandLine": "C:\\Windows\\system32\\net1  stop AdobeARMservice",
                  "EventID": "1",
                  "LogonGuid": "C784477D-F2ED-62FD-7E4B-040000000000",
                  "LogonId": "281470",
                  "Image": "C:\\Windows\\SysWOW64\\net1.exe",
                  "IntegrityLevel": "High",
                  "ParentCommandLine": "net  stop AdobeARMservice",
                  "UtcTime": "2022-08-18 08:11:45.497",
                  "RuleName": "-"
                }
              },
              {
                "values": {
                  "TerminalSessionId": "1",
                  "ProcessGuid": "C784477D-F441-62FD-1B0A-000000004700",
                  "ProcessId": "6996",
                  "Product": "Microsoft\u00ae Windows\u00ae Operating System",
                  "Description": "Net Command",
                  "Company": "Microsoft Corporation",
                  "ParentProcessGuid": "C784477D-F441-62FD-160A-000000004700",
                  "User": "DESKTOP-B0T93D6\\george",
                  "Hashes": "MD5=DD0561156F62BC1958CE0E370B23711B,SHA256=FD41D0261C6D22572DA448BCB5CBBB98F78A2922D1F1074D25237CC82C8CE432,IMPHASH=86350518EAE83E4A09BBF6317BA1C570",
                  "OriginalFileName": "net.exe",
                  "ParentImage": "C:\\Windows\\SysWOW64\\cmd.exe",
                  "FileVersion": "10.0.17134.1 (WinBuild.160101.0800)",
                  "ParentProcessId": "5484",
                  "CurrentDirectory": "C:\\Program Files (x86)\\AutoIt3\\",
                  "CommandLine": "net  stop gupdatem",
                  "EventID": "1",
                  "LogonGuid": "C784477D-F2ED-62FD-7E4B-040000000000",
                  "LogonId": "281470",
                  "Image": "C:\\Windows\\SysWOW64\\net.exe",
                  "IntegrityLevel": "High",
                  "ParentCommandLine": "C:\\Windows\\system32\\cmd.exe /c net stop gupdatem",
                  "UtcTime": "2022-08-18 08:11:45.895",
                  "RuleName": "-"
                }
              },
              {
                "values": {
                  "TerminalSessionId": "1",
                  "ProcessGuid": "C784477D-F441-62FD-1C0A-000000004700",
                  "ProcessId": "7028",
                  "Product": "Microsoft\u00ae Windows\u00ae Operating System",
                  "Description": "Net Command",
                  "Company": "Microsoft Corporation",
                  "ParentProcessGuid": "C784477D-F441-62FD-150A-000000004700",
                  "User": "DESKTOP-B0T93D6\\george",
                  "Hashes": "MD5=DD0561156F62BC1958CE0E370B23711B,SHA256=FD41D0261C6D22572DA448BCB5CBBB98F78A2922D1F1074D25237CC82C8CE432,IMPHASH=86350518EAE83E4A09BBF6317BA1C570",
                  "OriginalFileName": "net.exe",
                  "ParentImage": "C:\\Windows\\SysWOW64\\cmd.exe",
                  "FileVersion": "10.0.17134.1 (WinBuild.160101.0800)",
                  "ParentProcessId": "1032",
                  "CurrentDirectory": "C:\\Program Files (x86)\\AutoIt3\\",
                  "CommandLine": "net  stop gupdate",
                  "EventID": "1",
                  "LogonGuid": "C784477D-F2ED-62FD-7E4B-040000000000",
                  "LogonId": "281470",
                  "Image": "C:\\Windows\\SysWOW64\\net.exe",
                  "IntegrityLevel": "High",
                  "ParentCommandLine": "C:\\Windows\\system32\\cmd.exe /c net stop gupdate",
                  "UtcTime": "2022-08-18 08:11:45.906",
                  "RuleName": "-"
                }
              },
              {
                "values": {
                  "TerminalSessionId": "1",
                  "ProcessGuid": "C784477D-F441-62FD-1D0A-000000004700",
                  "ProcessId": "7000",
                  "Product": "Microsoft\u00ae Windows\u00ae Operating System",
                  "Description": "Net Command",
                  "Company": "Microsoft Corporation",
                  "ParentProcessGuid": "C784477D-F441-62FD-1B0A-000000004700",
                  "User": "DESKTOP-B0T93D6\\george",
                  "Hashes": "MD5=B5A26C2BF17222E86B91D26F1247AF3E,SHA256=14CC5BE4C833ACC652195DEAD113E1C3B4AC0B98EA1AEAD11957836F9AE721CF,IMPHASH=3D3E7537BD3BA07738DC5CA8AD01B073",
                  "OriginalFileName": "net1.exe",
                  "ParentImage": "C:\\Windows\\SysWOW64\\net.exe",
                  "FileVersion": "10.0.17134.1 (WinBuild.160101.0800)",
                  "ParentProcessId": "6996",
                  "CurrentDirectory": "C:\\Program Files (x86)\\AutoIt3\\",
                  "CommandLine": "C:\\Windows\\system32\\net1  stop gupdatem",
                  "EventID": "1",
                  "LogonGuid": "C784477D-F2ED-62FD-7E4B-040000000000",
                  "LogonId": "281470",
                  "Image": "C:\\Windows\\SysWOW64\\net1.exe",
                  "IntegrityLevel": "High",
                  "ParentCommandLine": "net  stop gupdatem",
                  "UtcTime": "2022-08-18 08:11:45.915",
                  "RuleName": "-"
                }
              },
              {
                "values": {
                  "TerminalSessionId": "1",
                  "ProcessGuid": "C784477D-F441-62FD-1E0A-000000004700",
                  "ProcessId": "7004",
                  "Product": "Microsoft\u00ae Windows\u00ae Operating System",
                  "Description": "Net Command",
                  "Company": "Microsoft Corporation",
                  "ParentProcessGuid": "C784477D-F441-62FD-1C0A-000000004700",
                  "User": "DESKTOP-B0T93D6\\george",
                  "Hashes": "MD5=B5A26C2BF17222E86B91D26F1247AF3E,SHA256=14CC5BE4C833ACC652195DEAD113E1C3B4AC0B98EA1AEAD11957836F9AE721CF,IMPHASH=3D3E7537BD3BA07738DC5CA8AD01B073",
                  "OriginalFileName": "net1.exe",
                  "ParentImage": "C:\\Windows\\SysWOW64\\net.exe",
                  "FileVersion": "10.0.17134.1 (WinBuild.160101.0800)",
                  "ParentProcessId": "7028",
                  "CurrentDirectory": "C:\\Program Files (x86)\\AutoIt3\\",
                  "CommandLine": "C:\\Windows\\system32\\net1  stop gupdate",
                  "EventID": "1",
                  "LogonGuid": "C784477D-F2ED-62FD-7E4B-040000000000",
                  "LogonId": "281470",
                  "Image": "C:\\Windows\\SysWOW64\\net1.exe",
                  "IntegrityLevel": "High",
                  "ParentCommandLine": "net  stop gupdate",
                  "UtcTime": "2022-08-18 08:11:45.948",
                  "RuleName": "-"
                }
              },
              {
                "values": {
                  "TerminalSessionId": "1",
                  "ProcessGuid": "C784477D-F442-62FD-290A-000000004700",
                  "ProcessId": "5696",
                  "Product": "Microsoft\u00ae Windows\u00ae Operating System",
                  "Description": "Net Command",
                  "Company": "Microsoft Corporation",
                  "ParentProcessGuid": "C784477D-F441-62FD-200A-000000004700",
                  "User": "DESKTOP-B0T93D6\\george",
                  "Hashes": "MD5=DD0561156F62BC1958CE0E370B23711B,SHA256=FD41D0261C6D22572DA448BCB5CBBB98F78A2922D1F1074D25237CC82C8CE432,IMPHASH=86350518EAE83E4A09BBF6317BA1C570",
                  "OriginalFileName": "net.exe",
                  "ParentImage": "C:\\Windows\\SysWOW64\\cmd.exe",
                  "FileVersion": "10.0.17134.1 (WinBuild.160101.0800)",
                  "ParentProcessId": "7132",
                  "CurrentDirectory": "C:\\Program Files (x86)\\AutoIt3\\",
                  "CommandLine": "net  stop MozillaMaintenance",
                  "EventID": "1",
                  "LogonGuid": "C784477D-F2ED-62FD-7E4B-040000000000",
                  "LogonId": "281470",
                  "Image": "C:\\Windows\\SysWOW64\\net.exe",
                  "IntegrityLevel": "High",
                  "ParentCommandLine": "C:\\Windows\\system32\\cmd.exe /c net stop MozillaMaintenance",
                  "UtcTime": "2022-08-18 08:11:46.047",
                  "RuleName": "-"
                }
              },
              {
                "values": {
                  "TerminalSessionId": "1",
                  "ProcessGuid": "C784477D-F442-62FD-2A0A-000000004700",
                  "ProcessId": "6312",
                  "Product": "Microsoft\u00ae Windows\u00ae Operating System",
                  "Description": "Net Command",
                  "Company": "Microsoft Corporation",
                  "ParentProcessGuid": "C784477D-F442-62FD-290A-000000004700",
                  "User": "DESKTOP-B0T93D6\\george",
                  "Hashes": "MD5=B5A26C2BF17222E86B91D26F1247AF3E,SHA256=14CC5BE4C833ACC652195DEAD113E1C3B4AC0B98EA1AEAD11957836F9AE721CF,IMPHASH=3D3E7537BD3BA07738DC5CA8AD01B073",
                  "OriginalFileName": "net1.exe",
                  "ParentImage": "C:\\Windows\\SysWOW64\\net.exe",
                  "FileVersion": "10.0.17134.1 (WinBuild.160101.0800)",
                  "ParentProcessId": "5696",
                  "CurrentDirectory": "C:\\Program Files (x86)\\AutoIt3\\",
                  "CommandLine": "C:\\Windows\\system32\\net1  stop MozillaMaintenance",
                  "EventID": "1",
                  "LogonGuid": "C784477D-F2ED-62FD-7E4B-040000000000",
                  "LogonId": "281470",
                  "Image": "C:\\Windows\\SysWOW64\\net1.exe",
                  "IntegrityLevel": "High",
                  "ParentCommandLine": "net  stop MozillaMaintenance",
                  "UtcTime": "2022-08-18 08:11:46.060",
                  "RuleName": "-"
                }
              },
              {
                "values": {
                  "TerminalSessionId": "1",
                  "ProcessGuid": "C784477D-F442-62FD-2B0A-000000004700",
                  "ProcessId": "5388",
                  "Product": "Microsoft\u00ae Windows\u00ae Operating System",
                  "Description": "Net Command",
                  "Company": "Microsoft Corporation",
                  "ParentProcessGuid": "C784477D-F442-62FD-250A-000000004700",
                  "User": "DESKTOP-B0T93D6\\george",
                  "Hashes": "MD5=DD0561156F62BC1958CE0E370B23711B,SHA256=FD41D0261C6D22572DA448BCB5CBBB98F78A2922D1F1074D25237CC82C8CE432,IMPHASH=86350518EAE83E4A09BBF6317BA1C570",
                  "OriginalFileName": "net.exe",
                  "ParentImage": "C:\\Windows\\SysWOW64\\cmd.exe",
                  "FileVersion": "10.0.17134.1 (WinBuild.160101.0800)",
                  "ParentProcessId": "6960",
                  "CurrentDirectory": "C:\\Program Files (x86)\\AutoIt3\\",
                  "CommandLine": "net  stop edgeupdatem",
                  "EventID": "1",
                  "LogonGuid": "C784477D-F2ED-62FD-7E4B-040000000000",
                  "LogonId": "281470",
                  "Image": "C:\\Windows\\SysWOW64\\net.exe",
                  "IntegrityLevel": "High",
                  "ParentCommandLine": "C:\\Windows\\system32\\cmd.exe /c net stop edgeupdatem",
                  "UtcTime": "2022-08-18 08:11:46.069",
                  "RuleName": "-"
                }
              },
              {
                "values": {
                  "TerminalSessionId": "1",
                  "ProcessGuid": "C784477D-F442-62FD-2C0A-000000004700",
                  "ProcessId": "5860",
                  "Product": "Microsoft\u00ae Windows\u00ae Operating System",
                  "Description": "Net Command",
                  "Company": "Microsoft Corporation",
                  "ParentProcessGuid": "C784477D-F442-62FD-2B0A-000000004700",
                  "User": "DESKTOP-B0T93D6\\george",
                  "Hashes": "MD5=B5A26C2BF17222E86B91D26F1247AF3E,SHA256=14CC5BE4C833ACC652195DEAD113E1C3B4AC0B98EA1AEAD11957836F9AE721CF,IMPHASH=3D3E7537BD3BA07738DC5CA8AD01B073",
                  "OriginalFileName": "net1.exe",
                  "ParentImage": "C:\\Windows\\SysWOW64\\net.exe",
                  "FileVersion": "10.0.17134.1 (WinBuild.160101.0800)",
                  "ParentProcessId": "5388",
                  "CurrentDirectory": "C:\\Program Files (x86)\\AutoIt3\\",
                  "CommandLine": "C:\\Windows\\system32\\net1  stop edgeupdatem",
                  "EventID": "1",
                  "LogonGuid": "C784477D-F2ED-62FD-7E4B-040000000000",
                  "LogonId": "281470",
                  "Image": "C:\\Windows\\SysWOW64\\net1.exe",
                  "IntegrityLevel": "High",
                  "ParentCommandLine": "net  stop edgeupdatem",
                  "UtcTime": "2022-08-18 08:11:46.090",
                  "RuleName": "-"
                }
              },
              {
                "values": {
                  "TerminalSessionId": "1",
                  "ProcessGuid": "C784477D-F442-62FD-330A-000000004700",
                  "ProcessId": "5748",
                  "Product": "Microsoft\u00ae Windows\u00ae Operating System",
                  "Description": "Net Command",
                  "Company": "Microsoft Corporation",
                  "ParentProcessGuid": "C784477D-F442-62FD-2E0A-000000004700",
                  "User": "DESKTOP-B0T93D6\\george",
                  "Hashes": "MD5=DD0561156F62BC1958CE0E370B23711B,SHA256=FD41D0261C6D22572DA448BCB5CBBB98F78A2922D1F1074D25237CC82C8CE432,IMPHASH=86350518EAE83E4A09BBF6317BA1C570",
                  "OriginalFileName": "net.exe",
                  "ParentImage": "C:\\Windows\\SysWOW64\\cmd.exe",
                  "FileVersion": "10.0.17134.1 (WinBuild.160101.0800)",
                  "ParentProcessId": "3332",
                  "CurrentDirectory": "C:\\Program Files (x86)\\AutoIt3\\",
                  "CommandLine": "net  stop dnscache",
                  "EventID": "1",
                  "LogonGuid": "C784477D-F2ED-62FD-7E4B-040000000000",
                  "LogonId": "281470",
                  "Image": "C:\\Windows\\SysWOW64\\net.exe",
                  "IntegrityLevel": "High",
                  "ParentCommandLine": "C:\\Windows\\system32\\cmd.exe /c net stop dnscache",
                  "UtcTime": "2022-08-18 08:11:46.163",
                  "RuleName": "-"
                }
              },
              {
                "values": {
                  "TerminalSessionId": "1",
                  "ProcessGuid": "C784477D-F442-62FD-360A-000000004700",
                  "ProcessId": "6384",
                  "Product": "Microsoft\u00ae Windows\u00ae Operating System",
                  "Description": "Net Command",
                  "Company": "Microsoft Corporation",
                  "ParentProcessGuid": "C784477D-F442-62FD-330A-000000004700",
                  "User": "DESKTOP-B0T93D6\\george",
                  "Hashes": "MD5=B5A26C2BF17222E86B91D26F1247AF3E,SHA256=14CC5BE4C833ACC652195DEAD113E1C3B4AC0B98EA1AEAD11957836F9AE721CF,IMPHASH=3D3E7537BD3BA07738DC5CA8AD01B073",
                  "OriginalFileName": "net1.exe",
                  "ParentImage": "C:\\Windows\\SysWOW64\\net.exe",
                  "FileVersion": "10.0.17134.1 (WinBuild.160101.0800)",
                  "ParentProcessId": "5748",
                  "CurrentDirectory": "C:\\Program Files (x86)\\AutoIt3\\",
                  "CommandLine": "C:\\Windows\\system32\\net1  stop dnscache",
                  "EventID": "1",
                  "LogonGuid": "C784477D-F2ED-62FD-7E4B-040000000000",
                  "LogonId": "281470",
                  "Image": "C:\\Windows\\SysWOW64\\net1.exe",
                  "IntegrityLevel": "High",
                  "ParentCommandLine": "net  stop dnscache",
                  "UtcTime": "2022-08-18 08:11:46.176",
                  "RuleName": "-"
                }
              },
              {
                "values": {
                  "TerminalSessionId": "1",
                  "ProcessGuid": "C784477D-F442-62FD-390A-000000004700",
                  "ProcessId": "3904",
                  "Product": "Microsoft\u00ae Windows\u00ae Operating System",
                  "Description": "Net Command",
                  "Company": "Microsoft Corporation",
                  "ParentProcessGuid": "C784477D-F442-62FD-340A-000000004700",
                  "User": "DESKTOP-B0T93D6\\george",
                  "Hashes": "MD5=DD0561156F62BC1958CE0E370B23711B,SHA256=FD41D0261C6D22572DA448BCB5CBBB98F78A2922D1F1074D25237CC82C8CE432,IMPHASH=86350518EAE83E4A09BBF6317BA1C570",
                  "OriginalFileName": "net.exe",
                  "ParentImage": "C:\\Windows\\SysWOW64\\cmd.exe",
                  "FileVersion": "10.0.17134.1 (WinBuild.160101.0800)",
                  "ParentProcessId": "6396",
                  "CurrentDirectory": "C:\\Program Files (x86)\\AutoIt3\\",
                  "CommandLine": "net  stop sedsvc",
                  "EventID": "1",
                  "LogonGuid": "C784477D-F2ED-62FD-7E4B-040000000000",
                  "LogonId": "281470",
                  "Image": "C:\\Windows\\SysWOW64\\net.exe",
                  "IntegrityLevel": "High",
                  "ParentCommandLine": "C:\\Windows\\system32\\cmd.exe /c net stop sedsvc",
                  "UtcTime": "2022-08-18 08:11:46.218",
                  "RuleName": "-"
                }
              },
              {
                "values": {
                  "TerminalSessionId": "1",
                  "ProcessGuid": "C784477D-F442-62FD-3B0A-000000004700",
                  "ProcessId": "4884",
                  "Product": "Microsoft\u00ae Windows\u00ae Operating System",
                  "Description": "Net Command",
                  "Company": "Microsoft Corporation",
                  "ParentProcessGuid": "C784477D-F442-62FD-390A-000000004700",
                  "User": "DESKTOP-B0T93D6\\george",
                  "Hashes": "MD5=B5A26C2BF17222E86B91D26F1247AF3E,SHA256=14CC5BE4C833ACC652195DEAD113E1C3B4AC0B98EA1AEAD11957836F9AE721CF,IMPHASH=3D3E7537BD3BA07738DC5CA8AD01B073",
                  "OriginalFileName": "net1.exe",
                  "ParentImage": "C:\\Windows\\SysWOW64\\net.exe",
                  "FileVersion": "10.0.17134.1 (WinBuild.160101.0800)",
                  "ParentProcessId": "3904",
                  "CurrentDirectory": "C:\\Program Files (x86)\\AutoIt3\\",
                  "CommandLine": "C:\\Windows\\system32\\net1  stop sedsvc",
                  "EventID": "1",
                  "LogonGuid": "C784477D-F2ED-62FD-7E4B-040000000000",
                  "LogonId": "281470",
                  "Image": "C:\\Windows\\SysWOW64\\net1.exe",
                  "IntegrityLevel": "High",
                  "ParentCommandLine": "net  stop sedsvc",
                  "UtcTime": "2022-08-18 08:11:46.230",
                  "RuleName": "-"
                }
              },
              {
                "values": {
                  "TerminalSessionId": "1",
                  "ProcessGuid": "C784477D-F442-62FD-400A-000000004700",
                  "ProcessId": "2620",
                  "Product": "Microsoft\u00ae Windows\u00ae Operating System",
                  "Description": "Net Command",
                  "Company": "Microsoft Corporation",
                  "ParentProcessGuid": "C784477D-F442-62FD-3C0A-000000004700",
                  "User": "DESKTOP-B0T93D6\\george",
                  "Hashes": "MD5=DD0561156F62BC1958CE0E370B23711B,SHA256=FD41D0261C6D22572DA448BCB5CBBB98F78A2922D1F1074D25237CC82C8CE432,IMPHASH=86350518EAE83E4A09BBF6317BA1C570",
                  "OriginalFileName": "net.exe",
                  "ParentImage": "C:\\Windows\\SysWOW64\\cmd.exe",
                  "FileVersion": "10.0.17134.1 (WinBuild.160101.0800)",
                  "ParentProcessId": "6240",
                  "CurrentDirectory": "C:\\Program Files (x86)\\AutoIt3\\",
                  "CommandLine": "net  stop PcaSvc",
                  "EventID": "1",
                  "LogonGuid": "C784477D-F2ED-62FD-7E4B-040000000000",
                  "LogonId": "281470",
                  "Image": "C:\\Windows\\SysWOW64\\net.exe",
                  "IntegrityLevel": "High",
                  "ParentCommandLine": "C:\\Windows\\system32\\cmd.exe /c net stop PcaSvc",
                  "UtcTime": "2022-08-18 08:11:46.277",
                  "RuleName": "-"
                }
              },
              {
                "values": {
                  "TerminalSessionId": "1",
                  "ProcessGuid": "C784477D-F442-62FD-420A-000000004700",
                  "ProcessId": "6512",
                  "Product": "Microsoft\u00ae Windows\u00ae Operating System",
                  "Description": "Net Command",
                  "Company": "Microsoft Corporation",
                  "ParentProcessGuid": "C784477D-F442-62FD-400A-000000004700",
                  "User": "DESKTOP-B0T93D6\\george",
                  "Hashes": "MD5=B5A26C2BF17222E86B91D26F1247AF3E,SHA256=14CC5BE4C833ACC652195DEAD113E1C3B4AC0B98EA1AEAD11957836F9AE721CF,IMPHASH=3D3E7537BD3BA07738DC5CA8AD01B073",
                  "OriginalFileName": "net1.exe",
                  "ParentImage": "C:\\Windows\\SysWOW64\\net.exe",
                  "FileVersion": "10.0.17134.1 (WinBuild.160101.0800)",
                  "ParentProcessId": "2620",
                  "CurrentDirectory": "C:\\Program Files (x86)\\AutoIt3\\",
                  "CommandLine": "C:\\Windows\\system32\\net1  stop PcaSvc",
                  "EventID": "1",
                  "LogonGuid": "C784477D-F2ED-62FD-7E4B-040000000000",
                  "LogonId": "281470",
                  "Image": "C:\\Windows\\SysWOW64\\net1.exe",
                  "IntegrityLevel": "High",
                  "ParentCommandLine": "net  stop PcaSvc",
                  "UtcTime": "2022-08-18 08:11:46.289",
                  "RuleName": "-"
                }
              },
              {
                "values": {
                  "TerminalSessionId": "1",
                  "ProcessGuid": "C784477D-F442-62FD-490A-000000004700",
                  "ProcessId": "3688",
                  "Product": "Microsoft\u00ae Windows\u00ae Operating System",
                  "Description": "Net Command",
                  "Company": "Microsoft Corporation",
                  "ParentProcessGuid": "C784477D-F442-62FD-430A-000000004700",
                  "User": "DESKTOP-B0T93D6\\george",
                  "Hashes": "MD5=DD0561156F62BC1958CE0E370B23711B,SHA256=FD41D0261C6D22572DA448BCB5CBBB98F78A2922D1F1074D25237CC82C8CE432,IMPHASH=86350518EAE83E4A09BBF6317BA1C570",
                  "OriginalFileName": "net.exe",
                  "ParentImage": "C:\\Windows\\SysWOW64\\cmd.exe",
                  "FileVersion": "10.0.17134.1 (WinBuild.160101.0800)",
                  "ParentProcessId": "6524",
                  "CurrentDirectory": "C:\\Program Files (x86)\\AutoIt3\\",
                  "CommandLine": "net  stop \"OneDrive Updater Service\"",
                  "EventID": "1",
                  "LogonGuid": "C784477D-F2ED-62FD-7E4B-040000000000",
                  "LogonId": "281470",
                  "Image": "C:\\Windows\\SysWOW64\\net.exe",
                  "IntegrityLevel": "High",
                  "ParentCommandLine": "C:\\Windows\\system32\\cmd.exe /c net stop \"OneDrive Updater Service\"",
                  "UtcTime": "2022-08-18 08:11:46.366",
                  "RuleName": "-"
                }
              },
              {
                "values": {
                  "TerminalSessionId": "1",
                  "ProcessGuid": "C784477D-F442-62FD-4A0A-000000004700",
                  "ProcessId": "3552",
                  "Product": "Microsoft\u00ae Windows\u00ae Operating System",
                  "Description": "Net Command",
                  "Company": "Microsoft Corporation",
                  "ParentProcessGuid": "C784477D-F442-62FD-450A-000000004700",
                  "User": "DESKTOP-B0T93D6\\george",
                  "Hashes": "MD5=DD0561156F62BC1958CE0E370B23711B,SHA256=FD41D0261C6D22572DA448BCB5CBBB98F78A2922D1F1074D25237CC82C8CE432,IMPHASH=86350518EAE83E4A09BBF6317BA1C570",
                  "OriginalFileName": "net.exe",
                  "ParentImage": "C:\\Windows\\SysWOW64\\cmd.exe",
                  "FileVersion": "10.0.17134.1 (WinBuild.160101.0800)",
                  "ParentProcessId": "6828",
                  "CurrentDirectory": "C:\\Program Files (x86)\\AutoIt3\\",
                  "CommandLine": "net  stop sppsvc",
                  "EventID": "1",
                  "LogonGuid": "C784477D-F2ED-62FD-7E4B-040000000000",
                  "LogonId": "281470",
                  "Image": "C:\\Windows\\SysWOW64\\net.exe",
                  "IntegrityLevel": "High",
                  "ParentCommandLine": "C:\\Windows\\system32\\cmd.exe /c net stop sppsvc",
                  "UtcTime": "2022-08-18 08:11:46.374",
                  "RuleName": "-"
                }
              },
              {
                "values": {
                  "TerminalSessionId": "1",
                  "ProcessGuid": "C784477D-F442-62FD-4B0A-000000004700",
                  "ProcessId": "6856",
                  "Product": "Microsoft\u00ae Windows\u00ae Operating System",
                  "Description": "Net Command",
                  "Company": "Microsoft Corporation",
                  "ParentProcessGuid": "C784477D-F442-62FD-490A-000000004700",
                  "User": "DESKTOP-B0T93D6\\george",
                  "Hashes": "MD5=B5A26C2BF17222E86B91D26F1247AF3E,SHA256=14CC5BE4C833ACC652195DEAD113E1C3B4AC0B98EA1AEAD11957836F9AE721CF,IMPHASH=3D3E7537BD3BA07738DC5CA8AD01B073",
                  "OriginalFileName": "net1.exe",
                  "ParentImage": "C:\\Windows\\SysWOW64\\net.exe",
                  "FileVersion": "10.0.17134.1 (WinBuild.160101.0800)",
                  "ParentProcessId": "3688",
                  "CurrentDirectory": "C:\\Program Files (x86)\\AutoIt3\\",
                  "CommandLine": "C:\\Windows\\system32\\net1  stop \"OneDrive Updater Service\"",
                  "EventID": "1",
                  "LogonGuid": "C784477D-F2ED-62FD-7E4B-040000000000",
                  "LogonId": "281470",
                  "Image": "C:\\Windows\\SysWOW64\\net1.exe",
                  "IntegrityLevel": "High",
                  "ParentCommandLine": "net  stop \"OneDrive Updater Service\"",
                  "UtcTime": "2022-08-18 08:11:46.378",
                  "RuleName": "-"
                }
              },
              {
                "values": {
                  "TerminalSessionId": "1",
                  "ProcessGuid": "C784477D-F442-62FD-4C0A-000000004700",
                  "ProcessId": "4056",
                  "Product": "Microsoft\u00ae Windows\u00ae Operating System",
                  "Description": "Net Command",
                  "Company": "Microsoft Corporation",
                  "ParentProcessGuid": "C784477D-F442-62FD-4A0A-000000004700",
                  "User": "DESKTOP-B0T93D6\\george",
                  "Hashes": "MD5=B5A26C2BF17222E86B91D26F1247AF3E,SHA256=14CC5BE4C833ACC652195DEAD113E1C3B4AC0B98EA1AEAD11957836F9AE721CF,IMPHASH=3D3E7537BD3BA07738DC5CA8AD01B073",
                  "OriginalFileName": "net1.exe",
                  "ParentImage": "C:\\Windows\\SysWOW64\\net.exe",
                  "FileVersion": "10.0.17134.1 (WinBuild.160101.0800)",
                  "ParentProcessId": "3552",
                  "CurrentDirectory": "C:\\Program Files (x86)\\AutoIt3\\",
                  "CommandLine": "C:\\Windows\\system32\\net1  stop sppsvc",
                  "EventID": "1",
                  "LogonGuid": "C784477D-F2ED-62FD-7E4B-040000000000",
                  "LogonId": "281470",
                  "Image": "C:\\Windows\\SysWOW64\\net1.exe",
                  "IntegrityLevel": "High",
                  "ParentCommandLine": "net  stop sppsvc",
                  "UtcTime": "2022-08-18 08:11:46.388",
                  "RuleName": "-"
                }
              },
              {
                "values": {
                  "TerminalSessionId": "1",
                  "ProcessGuid": "C784477D-F442-62FD-530A-000000004700",
                  "ProcessId": "7016",
                  "Product": "Microsoft\u00ae Windows\u00ae Operating System",
                  "Description": "Net Command",
                  "Company": "Microsoft Corporation",
                  "ParentProcessGuid": "C784477D-F442-62FD-4E0A-000000004700",
                  "User": "DESKTOP-B0T93D6\\george",
                  "Hashes": "MD5=DD0561156F62BC1958CE0E370B23711B,SHA256=FD41D0261C6D22572DA448BCB5CBBB98F78A2922D1F1074D25237CC82C8CE432,IMPHASH=86350518EAE83E4A09BBF6317BA1C570",
                  "OriginalFileName": "net.exe",
                  "ParentImage": "C:\\Windows\\SysWOW64\\cmd.exe",
                  "FileVersion": "10.0.17134.1 (WinBuild.160101.0800)",
                  "ParentProcessId": "6836",
                  "CurrentDirectory": "C:\\Program Files (x86)\\AutoIt3\\",
                  "CommandLine": "net  stop DPS",
                  "EventID": "1",
                  "LogonGuid": "C784477D-F2ED-62FD-7E4B-040000000000",
                  "LogonId": "281470",
                  "Image": "C:\\Windows\\SysWOW64\\net.exe",
                  "IntegrityLevel": "High",
                  "ParentCommandLine": "C:\\Windows\\system32\\cmd.exe /c net stop DPS",
                  "UtcTime": "2022-08-18 08:11:46.452",
                  "RuleName": "-"
                }
              },
              {
                "values": {
                  "TerminalSessionId": "1",
                  "ProcessGuid": "C784477D-F442-62FD-540A-000000004700",
                  "ProcessId": "7060",
                  "Product": "Microsoft\u00ae Windows\u00ae Operating System",
                  "Description": "Net Command",
                  "Company": "Microsoft Corporation",
                  "ParentProcessGuid": "C784477D-F442-62FD-530A-000000004700",
                  "User": "DESKTOP-B0T93D6\\george",
                  "Hashes": "MD5=B5A26C2BF17222E86B91D26F1247AF3E,SHA256=14CC5BE4C833ACC652195DEAD113E1C3B4AC0B98EA1AEAD11957836F9AE721CF,IMPHASH=3D3E7537BD3BA07738DC5CA8AD01B073",
                  "OriginalFileName": "net1.exe",
                  "ParentImage": "C:\\Windows\\SysWOW64\\net.exe",
                  "FileVersion": "10.0.17134.1 (WinBuild.160101.0800)",
                  "ParentProcessId": "7016",
                  "CurrentDirectory": "C:\\Program Files (x86)\\AutoIt3\\",
                  "CommandLine": "C:\\Windows\\system32\\net1  stop DPS",
                  "EventID": "1",
                  "LogonGuid": "C784477D-F2ED-62FD-7E4B-040000000000",
                  "LogonId": "281470",
                  "Image": "C:\\Windows\\SysWOW64\\net1.exe",
                  "IntegrityLevel": "High",
                  "ParentCommandLine": "net  stop DPS",
                  "UtcTime": "2022-08-18 08:11:46.462",
                  "RuleName": "-"
                }
              },
              {
                "values": {
                  "TerminalSessionId": "1",
                  "ProcessGuid": "C784477D-F442-62FD-5A0A-000000004700",
                  "ProcessId": "6976",
                  "Product": "Microsoft\u00ae Windows\u00ae Operating System",
                  "Description": "Net Command",
                  "Company": "Microsoft Corporation",
                  "ParentProcessGuid": "C784477D-F442-62FD-550A-000000004700",
                  "User": "DESKTOP-B0T93D6\\george",
                  "Hashes": "MD5=DD0561156F62BC1958CE0E370B23711B,SHA256=FD41D0261C6D22572DA448BCB5CBBB98F78A2922D1F1074D25237CC82C8CE432,IMPHASH=86350518EAE83E4A09BBF6317BA1C570",
                  "OriginalFileName": "net.exe",
                  "ParentImage": "C:\\Windows\\SysWOW64\\cmd.exe",
                  "FileVersion": "10.0.17134.1 (WinBuild.160101.0800)",
                  "ParentProcessId": "6952",
                  "CurrentDirectory": "C:\\Program Files (x86)\\AutoIt3\\",
                  "CommandLine": "net  stop TrustedInstaller",
                  "EventID": "1",
                  "LogonGuid": "C784477D-F2ED-62FD-7E4B-040000000000",
                  "LogonId": "281470",
                  "Image": "C:\\Windows\\SysWOW64\\net.exe",
                  "IntegrityLevel": "High",
                  "ParentCommandLine": "C:\\Windows\\system32\\cmd.exe /c net stop TrustedInstaller",
                  "UtcTime": "2022-08-18 08:11:46.505",
                  "RuleName": "-"
                }
              },
              {
                "values": {
                  "TerminalSessionId": "1",
                  "ProcessGuid": "C784477D-F442-62FD-5B0A-000000004700",
                  "ProcessId": "1552",
                  "Product": "Microsoft\u00ae Windows\u00ae Operating System",
                  "Description": "Net Command",
                  "Company": "Microsoft Corporation",
                  "ParentProcessGuid": "C784477D-F442-62FD-5A0A-000000004700",
                  "User": "DESKTOP-B0T93D6\\george",
                  "Hashes": "MD5=B5A26C2BF17222E86B91D26F1247AF3E,SHA256=14CC5BE4C833ACC652195DEAD113E1C3B4AC0B98EA1AEAD11957836F9AE721CF,IMPHASH=3D3E7537BD3BA07738DC5CA8AD01B073",
                  "OriginalFileName": "net1.exe",
                  "ParentImage": "C:\\Windows\\SysWOW64\\net.exe",
                  "FileVersion": "10.0.17134.1 (WinBuild.160101.0800)",
                  "ParentProcessId": "6976",
                  "CurrentDirectory": "C:\\Program Files (x86)\\AutoIt3\\",
                  "CommandLine": "C:\\Windows\\system32\\net1  stop TrustedInstaller",
                  "EventID": "1",
                  "LogonGuid": "C784477D-F2ED-62FD-7E4B-040000000000",
                  "LogonId": "281470",
                  "Image": "C:\\Windows\\SysWOW64\\net1.exe",
                  "IntegrityLevel": "High",
                  "ParentCommandLine": "net  stop TrustedInstaller",
                  "UtcTime": "2022-08-18 08:11:46.517",
                  "RuleName": "-"
                }
              },
              {
                "values": {
                  "TerminalSessionId": "1",
                  "ProcessGuid": "C784477D-F442-62FD-610A-000000004700",
                  "ProcessId": "6312",
                  "Product": "Microsoft\u00ae Windows\u00ae Operating System",
                  "Description": "Net Command",
                  "Company": "Microsoft Corporation",
                  "ParentProcessGuid": "C784477D-F442-62FD-5C0A-000000004700",
                  "User": "DESKTOP-B0T93D6\\george",
                  "Hashes": "MD5=DD0561156F62BC1958CE0E370B23711B,SHA256=FD41D0261C6D22572DA448BCB5CBBB98F78A2922D1F1074D25237CC82C8CE432,IMPHASH=86350518EAE83E4A09BBF6317BA1C570",
                  "OriginalFileName": "net.exe",
                  "ParentImage": "C:\\Windows\\SysWOW64\\cmd.exe",
                  "FileVersion": "10.0.17134.1 (WinBuild.160101.0800)",
                  "ParentProcessId": "6932",
                  "CurrentDirectory": "C:\\Program Files (x86)\\AutoIt3\\",
                  "CommandLine": "net  stop \".NET Runtime Optimization Service\"",
                  "EventID": "1",
                  "LogonGuid": "C784477D-F2ED-62FD-7E4B-040000000000",
                  "LogonId": "281470",
                  "Image": "C:\\Windows\\SysWOW64\\net.exe",
                  "IntegrityLevel": "High",
                  "ParentCommandLine": "C:\\Windows\\system32\\cmd.exe /c net stop \".NET Runtime Optimization Service\"",
                  "UtcTime": "2022-08-18 08:11:46.565",
                  "RuleName": "-"
                }
              },
              {
                "values": {
                  "TerminalSessionId": "1",
                  "ProcessGuid": "C784477D-F442-62FD-620A-000000004700",
                  "ProcessId": "7092",
                  "Product": "Microsoft\u00ae Windows\u00ae Operating System",
                  "Description": "Net Command",
                  "Company": "Microsoft Corporation",
                  "ParentProcessGuid": "C784477D-F442-62FD-610A-000000004700",
                  "User": "DESKTOP-B0T93D6\\george",
                  "Hashes": "MD5=B5A26C2BF17222E86B91D26F1247AF3E,SHA256=14CC5BE4C833ACC652195DEAD113E1C3B4AC0B98EA1AEAD11957836F9AE721CF,IMPHASH=3D3E7537BD3BA07738DC5CA8AD01B073",
                  "OriginalFileName": "net1.exe",
                  "ParentImage": "C:\\Windows\\SysWOW64\\net.exe",
                  "FileVersion": "10.0.17134.1 (WinBuild.160101.0800)",
                  "ParentProcessId": "6312",
                  "CurrentDirectory": "C:\\Program Files (x86)\\AutoIt3\\",
                  "CommandLine": "C:\\Windows\\system32\\net1  stop \".NET Runtime Optimization Service\"",
                  "EventID": "1",
                  "LogonGuid": "C784477D-F2ED-62FD-7E4B-040000000000",
                  "LogonId": "281470",
                  "Image": "C:\\Windows\\SysWOW64\\net1.exe",
                  "IntegrityLevel": "High",
                  "ParentCommandLine": "net  stop \".NET Runtime Optimization Service\"",
                  "UtcTime": "2022-08-18 08:11:46.576",
                  "RuleName": "-"
                }
              },
              {
                "values": {
                  "TerminalSessionId": "1",
                  "ProcessGuid": "C784477D-F442-62FD-670A-000000004700",
                  "ProcessId": "7164",
                  "Product": "Microsoft\u00ae Windows\u00ae Operating System",
                  "Description": "Net Command",
                  "Company": "Microsoft Corporation",
                  "ParentProcessGuid": "C784477D-F442-62FD-630A-000000004700",
                  "User": "DESKTOP-B0T93D6\\george",
                  "Hashes": "MD5=DD0561156F62BC1958CE0E370B23711B,SHA256=FD41D0261C6D22572DA448BCB5CBBB98F78A2922D1F1074D25237CC82C8CE432,IMPHASH=86350518EAE83E4A09BBF6317BA1C570",
                  "OriginalFileName": "net.exe",
                  "ParentImage": "C:\\Windows\\SysWOW64\\cmd.exe",
                  "FileVersion": "10.0.17134.1 (WinBuild.160101.0800)",
                  "ParentProcessId": "7052",
                  "CurrentDirectory": "C:\\Program Files (x86)\\AutoIt3\\",
                  "CommandLine": "net  start \"BITS\"",
                  "EventID": "1",
                  "LogonGuid": "C784477D-F2ED-62FD-7E4B-040000000000",
                  "LogonId": "281470",
                  "Image": "C:\\Windows\\SysWOW64\\net.exe",
                  "IntegrityLevel": "High",
                  "ParentCommandLine": "C:\\Windows\\system32\\cmd.exe /c net start \"BITS\"",
                  "UtcTime": "2022-08-18 08:11:46.637",
                  "RuleName": "-"
                }
              },
              {
                "values": {
                  "TerminalSessionId": "1",
                  "ProcessGuid": "C784477D-F442-62FD-680A-000000004700",
                  "ProcessId": "3928",
                  "Product": "Microsoft\u00ae Windows\u00ae Operating System",
                  "Description": "Net Command",
                  "Company": "Microsoft Corporation",
                  "ParentProcessGuid": "C784477D-F442-62FD-670A-000000004700",
                  "User": "DESKTOP-B0T93D6\\george",
                  "Hashes": "MD5=B5A26C2BF17222E86B91D26F1247AF3E,SHA256=14CC5BE4C833ACC652195DEAD113E1C3B4AC0B98EA1AEAD11957836F9AE721CF,IMPHASH=3D3E7537BD3BA07738DC5CA8AD01B073",
                  "OriginalFileName": "net1.exe",
                  "ParentImage": "C:\\Windows\\SysWOW64\\net.exe",
                  "FileVersion": "10.0.17134.1 (WinBuild.160101.0800)",
                  "ParentProcessId": "7164",
                  "CurrentDirectory": "C:\\Program Files (x86)\\AutoIt3\\",
                  "CommandLine": "C:\\Windows\\system32\\net1  start \"BITS\"",
                  "EventID": "1",
                  "LogonGuid": "C784477D-F2ED-62FD-7E4B-040000000000",
                  "LogonId": "281470",
                  "Image": "C:\\Windows\\SysWOW64\\net1.exe",
                  "IntegrityLevel": "High",
                  "ParentCommandLine": "net  start \"BITS\"",
                  "UtcTime": "2022-08-18 08:11:46.652",
                  "RuleName": "-"
                }
              },
