              {
                "values": {
                  "TerminalSessionId": "1",
                  "ProcessGuid": "C784477D-F442-62FD-520A-000000004700",
                  "ProcessId": "7020",
                  "Product": "Microsoft\u00ae Windows\u00ae Operating System",
                  "Description": "Service Control Manager Configuration Tool",
                  "Company": "Microsoft Corporation",
                  "ParentProcessGuid": "C784477D-F442-62FD-4F0A-000000004700",
                  "User": "DESKTOP-B0T93D6\\george",
                  "Hashes": "MD5=24A3E2603E63BCB9695A2935D3B24695,SHA256=3047D5C22A245D1E4294FCD547EC5FB0F2E5EF030B764424ACC74E7744FBE32E,IMPHASH=B037D0ADB81BF9CFC651DE01742089F1",
                  "OriginalFileName": "sc.exe",
                  "ParentImage": "C:\\Windows\\SysWOW64\\cmd.exe",
                  "FileVersion": "10.0.17134.1 (WinBuild.160101.0800)",
                  "ParentProcessId": "4592",
                  "CurrentDirectory": "C:\\Program Files (x86)\\AutoIt3\\",
                  "CommandLine": "sc  config TrustedInstaller start= disabled",
                  "EventID": "1",
                  "LogonGuid": "C784477D-F2ED-62FD-7E4B-040000000000",
                  "LogonId": "281470",
                  "Image": "C:\\Windows\\SysWOW64\\sc.exe",
                  "IntegrityLevel": "High",
                  "ParentCommandLine": "C:\\Windows\\system32\\cmd.exe /c sc config TrustedInstaller start= disabled",
                  "UtcTime": "2022-08-18 08:11:46.450",
                  "RuleName": "-"
                }
              },
              {
                "values": {
                  "TerminalSessionId": "1",
                  "ProcessGuid": "C784477D-F442-62FD-590A-000000004700",
                  "ProcessId": "7024",
                  "Product": "Microsoft\u00ae Windows\u00ae Operating System",
                  "Description": "Service Control Manager Configuration Tool",
                  "Company": "Microsoft Corporation",
                  "ParentProcessGuid": "C784477D-F442-62FD-560A-000000004700",
                  "User": "DESKTOP-B0T93D6\\george",
                  "Hashes": "MD5=24A3E2603E63BCB9695A2935D3B24695,SHA256=3047D5C22A245D1E4294FCD547EC5FB0F2E5EF030B764424ACC74E7744FBE32E,IMPHASH=B037D0ADB81BF9CFC651DE01742089F1",
                  "OriginalFileName": "sc.exe",
                  "ParentImage": "C:\\Windows\\SysWOW64\\cmd.exe",
                  "FileVersion": "10.0.17134.1 (WinBuild.160101.0800)",
                  "ParentProcessId": "6908",
                  "CurrentDirectory": "C:\\Program Files (x86)\\AutoIt3\\",
                  "CommandLine": "sc  config \".NET Runtime Optimization Service\" start= disabled",
                  "EventID": "1",
                  "LogonGuid": "C784477D-F2ED-62FD-7E4B-040000000000",
                  "LogonId": "281470",
                  "Image": "C:\\Windows\\SysWOW64\\sc.exe",
                  "IntegrityLevel": "High",
                  "ParentCommandLine": "C:\\Windows\\system32\\cmd.exe /c sc config \".NET Runtime Optimization Service\" start= disabled",
                  "UtcTime": "2022-08-18 08:11:46.505",
                  "RuleName": "-"
                }
              },
              {
                "values": {
                  "TerminalSessionId": "1",
                  "ProcessGuid": "C784477D-F442-62FD-600A-000000004700",
                  "ProcessId": "648",
                  "Product": "Microsoft\u00ae Windows\u00ae Operating System",
                  "Description": "Service Control Manager Configuration Tool",
                  "Company": "Microsoft Corporation",
                  "ParentProcessGuid": "C784477D-F442-62FD-5D0A-000000004700",
                  "User": "DESKTOP-B0T93D6\\george",
                  "Hashes": "MD5=24A3E2603E63BCB9695A2935D3B24695,SHA256=3047D5C22A245D1E4294FCD547EC5FB0F2E5EF030B764424ACC74E7744FBE32E,IMPHASH=B037D0ADB81BF9CFC651DE01742089F1",
                  "OriginalFileName": "sc.exe",
                  "ParentImage": "C:\\Windows\\SysWOW64\\cmd.exe",
                  "FileVersion": "10.0.17134.1 (WinBuild.160101.0800)",
                  "ParentProcessId": "1032",
                  "CurrentDirectory": "C:\\Program Files (x86)\\AutoIt3\\",
                  "CommandLine": "sc  config \"BITS\" start= demand",
                  "EventID": "1",
                  "LogonGuid": "C784477D-F2ED-62FD-7E4B-040000000000",
                  "LogonId": "281470",
                  "Image": "C:\\Windows\\SysWOW64\\sc.exe",
                  "IntegrityLevel": "High",
                  "ParentCommandLine": "C:\\Windows\\system32\\cmd.exe /c sc config \"BITS\" start= demand",
                  "UtcTime": "2022-08-18 08:11:46.564",
                  "RuleName": "-"
                }
              },
              {
                "values": {
                  "TerminalSessionId": "1",
                  "ProcessGuid": "C784477D-F442-62FD-690A-000000004700",
                  "ProcessId": "5532",
                  "Product": "Microsoft\u00ae Windows\u00ae Operating System",
                  "Description": "Service Control Manager Configuration Tool",
                  "Company": "Microsoft Corporation",
                  "ParentProcessGuid": "C784477D-F442-62FD-640A-000000004700",
                  "User": "DESKTOP-B0T93D6\\george",
                  "Hashes": "MD5=24A3E2603E63BCB9695A2935D3B24695,SHA256=3047D5C22A245D1E4294FCD547EC5FB0F2E5EF030B764424ACC74E7744FBE32E,IMPHASH=B037D0ADB81BF9CFC651DE01742089F1",
                  "OriginalFileName": "sc.exe",
                  "ParentImage": "C:\\Windows\\SysWOW64\\cmd.exe",
                  "FileVersion": "10.0.17134.1 (WinBuild.160101.0800)",
                  "ParentProcessId": "7096",
                  "CurrentDirectory": "C:\\Program Files (x86)\\AutoIt3\\",
                  "CommandLine": "sc  config msiserver start= demand",
                  "EventID": "1",
                  "LogonGuid": "C784477D-F2ED-62FD-7E4B-040000000000",
                  "LogonId": "281470",
                  "Image": "C:\\Windows\\SysWOW64\\sc.exe",
                  "IntegrityLevel": "High",
                  "ParentCommandLine": "C:\\Windows\\system32\\cmd.exe /c sc config msiserver start= demand",
                  "UtcTime": "2022-08-18 08:11:46.656",
                  "RuleName": "-"
                }
              },
              {
                "values": {
                  "TerminalSessionId": "1",
                  "ProcessGuid": "C784477D-F442-62FD-7E0A-000000004700",
                  "ProcessId": "6080",
                  "Product": "Microsoft\u00ae Windows\u00ae Operating System",
                  "Description": "Service Control Manager Configuration Tool",
                  "Company": "Microsoft Corporation",
                  "ParentProcessGuid": "C784477D-F442-62FD-7C0A-000000004700",
                  "User": "DESKTOP-B0T93D6\\george",
                  "Hashes": "MD5=24A3E2603E63BCB9695A2935D3B24695,SHA256=3047D5C22A245D1E4294FCD547EC5FB0F2E5EF030B764424ACC74E7744FBE32E,IMPHASH=B037D0ADB81BF9CFC651DE01742089F1",
                  "OriginalFileName": "sc.exe",
                  "ParentImage": "C:\\Windows\\SysWOW64\\cmd.exe",
                  "FileVersion": "10.0.17134.1 (WinBuild.160101.0800)",
                  "ParentProcessId": "2728",
                  "CurrentDirectory": "C:\\Program Files (x86)\\AutoIt3\\",
                  "CommandLine": "sc  config NlaSvc start= demand",
                  "EventID": "1",
                  "LogonGuid": "C784477D-F2ED-62FD-7E4B-040000000000",
                  "LogonId": "281470",
                  "Image": "C:\\Windows\\SysWOW64\\sc.exe",
                  "IntegrityLevel": "High",
                  "ParentCommandLine": "C:\\Windows\\system32\\cmd.exe /c sc config NlaSvc start= demand",
                  "UtcTime": "2022-08-18 08:11:46.976",
                  "RuleName": "-"
                }
              },
              {
                "values": {
                  "TerminalSessionId": "1",
                  "ProcessGuid": "C784477D-F443-62FD-830A-000000004700",
                  "ProcessId": "4712",
                  "Product": "Microsoft\u00ae Windows\u00ae Operating System",
                  "Description": "Service Control Manager Configuration Tool",
                  "Company": "Microsoft Corporation",
                  "ParentProcessGuid": "C784477D-F442-62FD-800A-000000004700",
                  "User": "DESKTOP-B0T93D6\\george",
                  "Hashes": "MD5=24A3E2603E63BCB9695A2935D3B24695,SHA256=3047D5C22A245D1E4294FCD547EC5FB0F2E5EF030B764424ACC74E7744FBE32E,IMPHASH=B037D0ADB81BF9CFC651DE01742089F1",
                  "OriginalFileName": "sc.exe",
                  "ParentImage": "C:\\Windows\\SysWOW64\\cmd.exe",
                  "FileVersion": "10.0.17134.1 (WinBuild.160101.0800)",
                  "ParentProcessId": "6848",
                  "CurrentDirectory": "C:\\Program Files (x86)\\AutoIt3\\",
                  "CommandLine": "sc  config netprofm start= demand",
                  "EventID": "1",
                  "LogonGuid": "C784477D-F2ED-62FD-7E4B-040000000000",
                  "LogonId": "281470",
                  "Image": "C:\\Windows\\SysWOW64\\sc.exe",
                  "IntegrityLevel": "High",
                  "ParentCommandLine": "C:\\Windows\\system32\\cmd.exe /c sc config netprofm start= demand",
                  "UtcTime": "2022-08-18 08:11:47.027",
                  "RuleName": "-"
                }
              }
            ],
            "rule_level": "medium",
            "rule_id": "b55af83c751d2c7bca8dbba245a97017e34109bff34fd50b02f60a91111ea703",
            "rule_source": "Sigma Integrated Rule Set (GitHub)",
            "rule_title": "Sc Or Set-Service Cmdlet Execution to Disable Services",
            "rule_description": "Detects when attackers use \"sc.exe\" or the powershell \"Set-Service\" cmdlet to change the startup type of a service to \"disabled\"",
            "rule_author": "Nasreddine Bencherchali"
          },
          {
            "match_context": [
              {
                "values": {
                  "EventID": "5038",
                  "param1": "\\Device\\HarddiskVolume4\\Windows\\System32\\drivers\\filetrace.sys"
                }
              },
              {
                "values": {
                  "EventID": "5038",
                  "param1": "\\Device\\HarddiskVolume4\\Program Files (x86)\\sandbox\\driver\\sandbox-driver.sys"
                }
              }
            ],
            "rule_level": "low",
            "rule_id": "134564d292d785dff102940b8a1ee06dba2d462c5fb852124b3771a49d7885f1",
            "rule_source": "Sigma Integrated Rule Set (GitHub)",
            "rule_title": "Failed Code Integrity Checks",
            "rule_description": "Code integrity failures may indicate tampered executables.",
            "rule_author": "Thomas Patzke"
          },
          {
            "match_context": [
              {
                "values": {
                  "TerminalSessionId": "1",
                  "ProcessGuid": "C784477D-F42D-62FD-D909-000000004700",
                  "ProcessId": "4824",
                  "Product": "Microsoft\u00ae Windows\u00ae Operating System",
                  "Description": "Windows PowerShell",
                  "Company": "Microsoft Corporation",
                  "ParentProcessGuid": "C784477D-F42D-62FD-D509-000000004700",
                  "User": "DESKTOP-B0T93D6\\george",
                  "Hashes": "MD5=DBA3E6449E97D4E3DF64527EF7012A10,SHA256=E0C662D10B852B23F2D8A240AFC82A72B099519FA71CDDF9D5D0F0BE08169B6E,IMPHASH=D1A922C94A1F407CB2BBCAD033C8ED7A",
                  "OriginalFileName": "PowerShell.EXE",
                  "ParentImage": "C:\\Windows\\SysWOW64\\cmd.exe",
                  "FileVersion": "10.0.17134.1 (WinBuild.160101.0800)",
                  "ParentProcessId": "2192",
                  "CurrentDirectory": "C:\\Windows\\system32\\",
                  "CommandLine": "powershell.exe  -ex bypass -command \"Get-ScheduledTask | Disable-ScheduledTask",
                  "EventID": "1",
                  "LogonGuid": "C784477D-F2ED-62FD-7E4B-040000000000",
                  "LogonId": "281470",
                  "Image": "C:\\Windows\\SysWOW64\\WindowsPowerShell\\v1.0\\powershell.exe",
                  "IntegrityLevel": "High",
                  "ParentCommandLine": "C:\\Windows\\system32\\cmd.exe /c powershell.exe -ex bypass -command \"Get-ScheduledTask | Disable-ScheduledTask",
                  "UtcTime": "2022-08-18 08:11:25.507",
                  "RuleName": "-"
                }
              },
              {
                "values": {
                  "TerminalSessionId": "1",
                  "ProcessGuid": "C784477D-F42D-62FD-DA09-000000004700",
                  "ProcessId": "4704",
                  "Product": "Microsoft\u00ae Windows\u00ae Operating System",
                  "Description": "Windows PowerShell",
                  "Company": "Microsoft Corporation",
                  "ParentProcessGuid": "C784477D-F42D-62FD-D609-000000004700",
                  "User": "DESKTOP-B0T93D6\\george",
                  "Hashes": "MD5=DBA3E6449E97D4E3DF64527EF7012A10,SHA256=E0C662D10B852B23F2D8A240AFC82A72B099519FA71CDDF9D5D0F0BE08169B6E,IMPHASH=D1A922C94A1F407CB2BBCAD033C8ED7A",
                  "OriginalFileName": "PowerShell.EXE",
                  "ParentImage": "C:\\Windows\\SysWOW64\\cmd.exe",
                  "FileVersion": "10.0.17134.1 (WinBuild.160101.0800)",
                  "ParentProcessId": "4256",
                  "CurrentDirectory": "C:\\Windows\\system32\\",
                  "CommandLine": "powershell.exe  -ex bypass -command \"Get-ScheduledTask | Stop-ScheduledTask",
                  "EventID": "1",
                  "LogonGuid": "C784477D-F2ED-62FD-7E4B-040000000000",
                  "LogonId": "281470",
                  "Image": "C:\\Windows\\SysWOW64\\WindowsPowerShell\\v1.0\\powershell.exe",
                  "IntegrityLevel": "High",
                  "ParentCommandLine": "C:\\Windows\\system32\\cmd.exe /c powershell.exe -ex bypass -command \"Get-ScheduledTask | Stop-ScheduledTask",
                  "UtcTime": "2022-08-18 08:11:25.507",
                  "RuleName": "-"
                }
              },
              {
                "values": {
                  "TerminalSessionId": "1",
                  "ProcessGuid": "C784477D-F42D-62FD-E009-000000004700",
                  "ProcessId": "4364",
                  "Product": "Microsoft\u00ae Windows\u00ae Operating System",
                  "Description": "Windows PowerShell",
                  "Company": "Microsoft Corporation",
                  "ParentProcessGuid": "C784477D-F42D-62FD-DE09-000000004700",
                  "User": "DESKTOP-B0T93D6\\george",
                  "Hashes": "MD5=DBA3E6449E97D4E3DF64527EF7012A10,SHA256=E0C662D10B852B23F2D8A240AFC82A72B099519FA71CDDF9D5D0F0BE08169B6E,IMPHASH=D1A922C94A1F407CB2BBCAD033C8ED7A",
                  "OriginalFileName": "PowerShell.EXE",
                  "ParentImage": "C:\\Windows\\SysWOW64\\cmd.exe",
                  "FileVersion": "10.0.17134.1 (WinBuild.160101.0800)",
                  "ParentProcessId": "3276",
                  "CurrentDirectory": "C:\\Windows\\system32\\",
                  "CommandLine": "powershell.exe  -executionpolicy bypass -File \"C:\\Program Files (x86)\\Joebox\\unpack\\wmievasions.ps1\" ",
                  "EventID": "1",
                  "LogonGuid": "C784477D-F2ED-62FD-7E4B-040000000000",
                  "LogonId": "281470",
                  "Image": "C:\\Windows\\SysWOW64\\WindowsPowerShell\\v1.0\\powershell.exe",
                  "IntegrityLevel": "High",
                  "ParentCommandLine": "cmd /C powershell.exe -executionpolicy bypass -File \"C:\\Program Files (x86)\\Joebox\\unpack\\wmievasions.ps1\" > wmi.log 2>&1",
                  "UtcTime": "2022-08-18 08:11:25.757",
                  "RuleName": "-"
                }
              },
              {
                "values": {
                  "TerminalSessionId": "1",
                  "ProcessGuid": "C784477D-F440-62FD-040A-000000004700",
                  "ProcessId": "6616",
                  "Product": "Microsoft\u00ae Windows\u00ae Operating System",
                  "Description": "Windows PowerShell",
                  "Company": "Microsoft Corporation",
                  "ParentProcessGuid": "C784477D-F440-62FD-FF09-000000004700",
                  "User": "DESKTOP-B0T93D6\\george",
                  "Hashes": "MD5=DBA3E6449E97D4E3DF64527EF7012A10,SHA256=E0C662D10B852B23F2D8A240AFC82A72B099519FA71CDDF9D5D0F0BE08169B6E,IMPHASH=D1A922C94A1F407CB2BBCAD033C8ED7A",
                  "OriginalFileName": "PowerShell.EXE",
                  "ParentImage": "C:\\Windows\\SysWOW64\\cmd.exe",
                  "FileVersion": "10.0.17134.1 (WinBuild.160101.0800)",
                  "ParentProcessId": "6488",
                  "CurrentDirectory": "C:\\Program Files (x86)\\AutoIt3\\",
                  "CommandLine": "powershell.exe  -ex bypass -command \"Get-ScheduledTask | Disable-ScheduledTask\" ",
                  "EventID": "1",
                  "LogonGuid": "C784477D-F2ED-62FD-7E4B-040000000000",
                  "LogonId": "281470",
                  "Image": "C:\\Windows\\SysWOW64\\WindowsPowerShell\\v1.0\\powershell.exe",
                  "IntegrityLevel": "High",
                  "ParentCommandLine": "C:\\Windows\\system32\\cmd.exe /c powershell.exe -ex bypass -command \"Get-ScheduledTask | Disable-ScheduledTask\" > \\\\192.168.2.1\\joe-windows-g10-3\\logs\\taskdeletion.log 2>&1",
                  "UtcTime": "2022-08-18 08:11:44.540",
                  "RuleName": "-"
                }
              },
              {
                "values": {
                  "TerminalSessionId": "1",
                  "ProcessGuid": "C784477D-F440-62FD-060A-000000004700",
                  "ProcessId": "6632",
                  "Product": "Microsoft\u00ae Windows\u00ae Operating System",
                  "Description": "Windows PowerShell",
                  "Company": "Microsoft Corporation",
                  "ParentProcessGuid": "C784477D-F440-62FD-010A-000000004700",
                  "User": "DESKTOP-B0T93D6\\george",
                  "Hashes": "MD5=DBA3E6449E97D4E3DF64527EF7012A10,SHA256=E0C662D10B852B23F2D8A240AFC82A72B099519FA71CDDF9D5D0F0BE08169B6E,IMPHASH=D1A922C94A1F407CB2BBCAD033C8ED7A",
                  "OriginalFileName": "PowerShell.EXE",
                  "ParentImage": "C:\\Windows\\SysWOW64\\cmd.exe",
                  "FileVersion": "10.0.17134.1 (WinBuild.160101.0800)",
                  "ParentProcessId": "6504",
                  "CurrentDirectory": "C:\\Program Files (x86)\\AutoIt3\\",
                  "CommandLine": "powershell.exe  -ex bypass -command \"Get-ScheduledTask | Stop-ScheduledTask\" ",
                  "EventID": "1",
                  "LogonGuid": "C784477D-F2ED-62FD-7E4B-040000000000",
                  "LogonId": "281470",
                  "Image": "C:\\Windows\\SysWOW64\\WindowsPowerShell\\v1.0\\powershell.exe",
                  "IntegrityLevel": "High",
                  "ParentCommandLine": "C:\\Windows\\system32\\cmd.exe /c powershell.exe -ex bypass -command \"Get-ScheduledTask | Stop-ScheduledTask\" > \\\\192.168.2.1\\joe-windows-g10-3\\logs\\taskstop.log 2>&1",
                  "UtcTime": "2022-08-18 08:11:44.544",
                  "RuleName": "-"
                }
              }
            ],
            "rule_level": "low",
            "rule_id": "1c2e4db94ca79f939e94e29c04fb3b71467fc6f5b9c31db34fcce5a2fb3b856f",
            "rule_source": "Sigma Integrated Rule Set (GitHub)",
            "rule_title": "Non Interactive PowerShell",
            "rule_description": "Detects non-interactive PowerShell activity by looking at powershell.exe with not explorer.exe as a parent.",
            "rule_author": "Roberto Rodriguez @Cyb3rWard0g (rule), oscd.community (improvements)"
          },
          {
            "match_context": [
              {
                "values": {
                  "EventID": "4104",
                  "ScriptBlockText": "#Joebox\r\n#Creating Win32_Fan class and settings values being checked (not everything!)\r\n$newClass = New-Object System.Management.ManagementClass(\"root\\cimv2\", [String]::Empty, $null); \r\n$newClass[\"__CLASS\"] = \"Win32_Fan\"; \r\n$newClass.Qualifiers.Add(\"Static\", $true)\r\n$newClass.Properties.Add(\"Name\", [System.Management.CimType]::String, $false)\r\n$newClass.Properties[\"Name\"].Qualifiers.Add(\"read\", $true)\r\n$newClass.Properties[\"Name\"].Qualifiers.Add(\"Key\", $true)\r\n$newClass.Put()\r\nSet-WmiInstance -Path \\\\.\\root\\cimv2:Win32_Fan -Arguments @{Name=\"Cooling Device\";}\r\n\r\n#Creating MSAcpi_ThermalZoneTemperature class and settings values being checked (not everything!)\r\n$newClass = New-Object System.Management.ManagementClass(\"root\\wmi\", [String]::Empty, $null); \r\n$newClass[\"__CLASS\"] = \"MSAcpi_ThermalZoneTemperature\"; \r\n$newClass.Qualifiers.Add(\"Static\", $true)\r\n$newClass.Properties.Add(\"CurrentTemperature\", [System.Management.CimType]::UInt32, $false)\r\n$newClass.Properties[\"CurrentTemperature\"].Qualifiers.Add(\"read\", $true)\r\n$newClass.Properties[\"CurrentTemperature\"].Qualifiers.Add(\"Key\", $true)\r\n$newClass.Put()\r\n$temp = Get-Random -Minimum 2000 -Maximum 3000\r\nSet-WmiInstance -Path \\\\.\\root\\wmi:MSAcpi_ThermalZoneTemperature -Arguments @{CurrentTemperature=$temp.ToString();}\r\n\r\nfunction Get-RandomCharacters($length, $characters) { \r\n    $random = 1..$length | ForEach-Object { Get-Random -Maximum $characters.length } \r\n    $private:ofs=\"\" \r\n    return [String]$characters[$random]\r\n}\r\n\r\n#Joebox\r\n<#\r\n# Win32_CacheMemory\r\n$newClass = New-Object System.Management.ManagementClass(\"root\\cimv2\", [String]::Empty, $null); \r\n$newClass[\"__CLASS\"] = \"Win32_CacheMemory\"; \r\n$newClass.Qualifiers.Add(\"Static\", $true)\r\n$newClass.Properties.Add(\"DeviceID\", [System.Management.CimType]::String, $false)\r\n$newClass.Properties[\"DeviceID\"].Qualifiers.Add(\"read\", $true)\r\n$newClass.Properties[\"DeviceID\"].Qualifiers.Add(\"Key\", $true)\r\n$newClass.Put()\r\nSet-WmiInstance -Path \\\\.\\root\\cimv2:Win32_CacheMemory -Arguments @{DeviceID=\"Cache Memory 0\";}\r\n\r\n# Win32_PhysicalMemory\r\n$newClass = New-Object System.Management.ManagementClass(\"root\\cimv2\", [String]::Empty, $null); \r\n$newClass[\"__CLASS\"] = \"Win32_PhysicalMemory\"; \r\n$newClass.Qualifiers.Add(\"Static\", $true)\r\n$newClass.Properties.Add(\"Name\", [System.Management.CimType]::String, $false)\r\n$newClass.Properties[\"Name\"].Qualifiers.Add(\"read\", $true)\r\n$newClass.Properties[\"Name\"].Qualifiers.Add(\"Key\", $true)\r\n$newClass.Put()\r\nSet-WmiInstance -Path \\\\.\\root\\cimv2:Win32_PhysicalMemory -Arguments @{Name=\"Physical Memory\";}\r\n\r\n# Win32_MemoryDevice\r\n$newClass = New-Object System.Management.ManagementClass(\"root\\cimv2\", [String]::Empty, $null); \r\n$newClass[\"__CLASS\"] = \"Win32_MemoryDevice\"; \r\n$newClass.Qualifiers.Add(\"Static\", $true)\r\n$newClass.Properties.Add(\"Name\", [System.Management.CimType]::String, $false)\r\n$newClass.Properties[\"Name\"].Qualifiers.Add(\"read\", $true)\r\n$newClass.Properties[\"Name\"].Qualifiers.Add(\"Key\", $true)\r\n$newClass.Put()\r\nSet-WmiInstance -Path \\\\.\\root\\cimv2:Win32_MemoryDevice -Arguments @{Name=\"Memory Device\";}\r\n\r\n# Win32_MemoryArray\r\n$newClass = New-Object System.Management.ManagementClass(\"root\\cimv2\", [String]::Empty, $null); \r\n$newClass[\"__CLASS\"] = \"Win32_MemoryArray\"; \r\n$newClass.Qualifiers.Add(\"Static\", $true)\r\n$newClass.Properties.Add(\"Name\", [System.Management.CimType]::String, $false)\r\n$newClass.Properties[\"Name\"].Qualifiers.Add(\"read\", $true)\r\n$newClass.Properties[\"Name\"].Qualifiers.Add(\"Key\", $true)\r\n$newClass.Put()\r\nSet-WmiInstance -Path \\\\.\\root\\cimv2:Win32_MemoryArray -Arguments @{Name=\"Memory Array\";}\r\n\r\n# Win32_PortConnector\r\n$newClass = New-Object System.Management.ManagementClass(\"root\\cimv2\", [String]::Empty, $null); \r\n$newClass[\"__CLASS\"] = \"Win32_PortConnector\"; \r\n$newClass.Qualifiers.Add(\"Static\", $true)\r\n$newClass.Properties.Add(\"Tag\", [System.Management.CimType]::String, $false)\r\n$newClass.Properties[\"Tag\"].Qualifiers.Add(\"read\", $true)\r\n$newClass.Properties[\"Tag\"].Qualifiers.Add(\"Key\", $true)\r\n$newClass.Put()\r\nSet-WmiInstance -Path \\\\.\\root\\cimv2:Win32_PortConnector -Arguments @{Tag=\"Port Connector 0\";}\r\n\r\n# Win32_SMBIOSMemory\r\n$newClass = New-Object System.Management.ManagementClass(\"root\\cimv2\", [String]::Empty, $null); \r\n$newClass[\"__CLASS\"] = \"Win32_SMBIOSMemory\"; \r\n$newClass.Qualifiers.Add(\"Static\", $true)\r\n$newClass.Properties.Add(\"Name\", [System.Management.CimType]::String, $false)\r\n$newClass.Properties[\"Name\"].Qualifiers.Add(\"read\", $true)\r\n$newClass.Properties[\"Name\"].Qualifiers.Add(\"Key\", $true)\r\n$newClass.Put()\r\nSet-WmiInstance -Path \\\\.\\root\\cimv2:Win32_SMBIOSMemory -Arguments @{Name=\"Memory Array\";}\r\n\r\n# Win32_VoltageProbe\r\n$newClass = New-Object System.Management.ManagementClass(\"root\\cimv2\", [String]::Empty, $null); \r\n$newClass[\"__CLASS\"] = \"Win32_VoltageProbe\"; \r\n$newClass.Qualifiers.Add(\"Static\", $true)\r\n$newClass.Properties.Add(\"Description\", [System.Management.CimType]::String, $false)\r\n$newClass.Properties[\"Description\"].Qualifiers.Add(\"read\", $true)\r\n$newClass.Properties[\"Description\"].Qualifiers.Add(\"Key\", $true)\r\n$newClass.Put()\r\nSet-WmiInstance -Path \\\\.\\root\\cimv2:Win32_VoltageProbe -Arguments @{Description=\"LM78A\";}\r\n\r\n\r\n\r\n# Win32_PerfFormattedData_Counters_ThermalZoneInformation\r\n$newClass = New-Object System.Management.ManagementClass(\"root\\cimv2\", [String]::Empty, $null); \r\n$newClass[\"__CLASS\"] = \"Win32_PerfFormattedData_Counters_ThermalZoneInformation\"; \r\n$newClass.Qualifiers.Add(\"Static\", $true)\r\n$newClass.Properties.Add(\"Name\", [System.Management.CimType]::String, $false)\r\n$newClass.Properties[\"Name\"].Qualifiers.Add(\"read\", $true)\r\n$newClass.Properties[\"Name\"].Qualifiers.Add(\"Key\", $true)\r\n$newClass.Put()\r\nSet-WmiInstance -Path \\\\.\\root\\cimv2:Win32_PerfFormattedData_Counters_ThermalZoneInformation -Arguments @{Name=\"\\\\_TZ.TZ01\";}\r\n#>\r\n<#\r\n\r\n# CIM_VoltageSensor\r\n$newClass = New-Object System.Management.ManagementClass(\"root\\cimv2\", [String]::Empty, $null); \r\n$newClass[\"__CLASS\"] = \"CIM_VoltageSensor\"; \r\n$newClass.Qualifiers.Add(\"Static\", $true)\r\n$newClass.Properties.Add(\"Description\", [System.Management.CimType]::String, $false)\r\n$newClass.Properties[\"Description\"].Qualifiers.Add(\"read\", $true)\r\n$newClass.Properties[\"Description\"].Qualifiers.Add(\"Key\", $true)\r\n$newClass.Put()\r\nSet-WmiInstance -Path \\\\.\\root\\cimv2:CIM_VoltageSensor -Arguments @{Description=\"LM78A\";}\r\n\r\n# CIM_Memory\r\n$newClass = New-Object System.Management.ManagementClass(\"root\\cimv2\", [String]::Empty, $null); \r\n$newClass[\"__CLASS\"] = \"CIM_Memory\"; \r\n$newClass.Qualifiers.Add(\"Static\", $true)\r\n$newClass.Properties.Add(\"DeviceID\", [System.Management.CimType]::String, $false)\r\n$newClass.Properties[\"DeviceID\"].Qualifiers.Add(\"read\", $true)\r\n$newClass.Properties[\"DeviceID\"].Qualifiers.Add(\"Key\", $true)\r\n$newClass.Put()\r\nSet-WmiInstance -Path \\\\.\\root\\cimv2:CIM_Memory -Arguments @{DeviceID=\"Cache Memory 0\";}\r\n\r\n# CIM_Sensor\r\n$newClass = New-Object System.Management.ManagementClass(\"root\\cimv2\", [String]::Empty, $null); \r\n$newClass[\"__CLASS\"] = \"CIM_Sensor\"; \r\n$newClass.Qualifiers.Add(\"Static\", $true)\r\n$newClass.Properties.Add(\"Name\", [System.Management.CimType]::String, $false)\r\n$newClass.Properties[\"Name\"].Qualifiers.Add(\"read\", $true)\r\n$newClass.Properties[\"Name\"].Qualifiers.Add(\"Key\", $true)\r\n$newClass.Put()\r\nSet-WmiInstance -Path \\\\.\\root\\cimv2:CIM_Sensor -Arguments @{Name=\"Numeric Sensor\";}\r\n\r\n# CIM_NumericSensor\r\n$newClass = New-Object System.Management.ManagementClass(\"root\\cimv2\", [String]::Empty, $null); \r\n$newClass[\"__CLASS\"] = \"CIM_NumericSensor\"; \r\n$newClass.Qualifiers.Add(\"Static\", $true)\r\n$newClass.Properties.Add(\"Name\", [System.Management.CimType]::String, $false)\r\n$newClass.Properties[\"Name\"].Qualifiers.Add(\"read\", $true)\r\n$newClass.Properties[\"Name\"].Qualifiers.Add(\"Key\", $true)\r\n$newClass.Put()\r\nSet-WmiInstance -Path \\\\.\\root\\cimv2:CIM_NumericSensor -Arguments @{Name=\"Numeric Sensor\";}\r\n\r\n# CIM_TemperatureSensor\r\n$newClass = New-Object System.Management.ManagementClass(\"root\\cimv2\", [String]::Empty, $null); \r\n$newClass[\"__CLASS\"] = \"CIM_TemperatureSensor\"; \r\n$newClass.Qualifiers.Add(\"Static\", $true)\r\n$newClass.Properties.Add(\"Name\", [System.Management.CimType]::String, $false)\r\n$newClass.Properties[\"Name\"].Qualifiers.Add(\"read\", $true)\r\n$newClass.Properties[\"Name\"].Qualifiers.Add(\"Key\", $true)\r\n$newClass.Put()\r\nSet-WmiInstance -Path \\\\.\\root\\cimv2:CIM_TemperatureSensor -Arguments @{Name=\"Numeric Sensor\";}\r\n\r\n# CIM_PhysicalConnector\r\n$newClass = New-Object System.Management.ManagementClass(\"root\\cimv2\", [String]::Empty, $null); \r\n$newClass[\"__CLASS\"] = \"CIM_PhysicalConnector\"; \r\n$newClass.Qualifiers.Add(\"Static\", $true)\r\n$newClass.Properties.Add(\"Tag\", [System.Management.CimType]::String, $false)\r\n$newClass.Properties[\"Tag\"].Qualifiers.Add(\"read\", $true)\r\n$newClass.Properties[\"Tag\"].Qualifiers.Add(\"Key\", $true)\r\n$newClass.Put()\r\nSet-WmiInstance -Path \\\\.\\root\\cimv2:CIM_PhysicalConnector -Arguments @{Tag=\"Port Connector 0\";}\r\n\r\n# CIM_Slot\r\n$newClass = New-Object System.Management.ManagementClass(\"root\\cimv2\", [String]::Empty, $null); \r\n$newClass[\"__CLASS\"] = \"CIM_Slot\"; \r\n$newClass.Qualifiers.Add(\"Static\", $true)\r\n$newClass.Properties.Add(\"Tag\", [System.Management.CimType]::String, $false)\r\n$newClass.Properties[\"Tag\"].Qualifiers.Add(\"read\", $true)\r\n$newClass.Properties[\"Tag\"].Qualifiers.Add(\"Key\", $true)\r\n$newClass.Put()\r\nSet-WmiInstance -Path \\\\.\\root\\cimv2:CIM_Slot -Arguments @{Tag=\"System Slot 0\";}\r\n\r\n#>\r\n\r\n#Joebox\r\n\r\n#Creating Win32_BIOS fake class\r\n$newClass = New-Object System.Management.ManagementClass(\"root\\cimv2\", [String]::Empty, $null); \r\n$newClass[\"__CLASS\"] = \"Win32_BIOS\";\r\n$newClass.Qualifiers.Add(\"Static\", $true)\r\n\r\n$objWMi = get-wmiobject -computername localhost -Namespace root\\CIMV2 -Query \"Select * from Win32_BIOS\"\r\n\r\nforeach ($obj in $objWmi)\r\n{\r\n\tforeach ($pr in $obj.Properties)\r\n\t{\r\n\t\tif($pr.Name -eq \"SerialNumber\")\r\n\t\t{\t$value = Get-RandomCharacters -length 10 -characters 'ABCDEFGHKLMNOPRSTUVWXYZ123456789'\r\n\r\n\t\t\t$newClass.Properties.Add($pr.Name, $value, $pr.Type)\r\n\t\t\t$newClass.Properties[$pr.Name].Qualifiers.Add(\"Key\", $true)\r\n\t\t} elseif($pr.Name -eq \"BIOSVersion\")\r\n\t\t{\r\n\t\t\t$value = Get-RandomCharacters -length 10 -characters 'ABCDEFGHKLMNOPRSTUVWXYZ123456789'\r\n\r\n\t\t\t$newClass.Properties.Add($pr.Name, @($value), $pr.Type)\r\n\t\t} elseif($pr.Name -eq \"Manufacturer\" -or $pr.Name -eq \"Version\" -or $pr.Name -eq \"SMBIOSBIOSVersion\")\r\n\t\t{\r\n\t\t\t$value = Get-RandomCharacters -length 5 -characters 'ABCDEFGHKLMNOPRSTUVWXYZ123456789'\r\n\r\n\t\t\t$newClass.Properties.Add($pr.Name, $value, $pr.Type)\r\n\t\t} else\r\n\t\t{\r\n\t\t\t$newClass.Properties.Add($pr.Name, $pr.Value, $pr.Type)\r\n\t\t}\r\n\t}\r\n}\r\n\r\n$newClass.Put()\r\nSet-WmiInstance -Path \\\\.\\root\\cimv2:Win32_BIOS \r\n\r\nfunction Get-RandomCharacters($length, $characters) { \r\n    $random = 1..$length | ForEach-Object { Get-Random -Maximum $characters.length } \r\n    $private:ofs=\"\" \r\n    return [String]$characters[$random]\r\n}\r\n\r\n#Joebox\r\n\r\n#Creating Win32_Processor fake class\r\n$newClass = New-Object System.Management.ManagementClass(\"root\\cimv2\", [String]::Empty, $null); \r\n$newClass[\"__CLASS\"] = \"Win32_Processor\";\r\n$newClass.Qualifiers.Add(\"Static\", $true);\r\n\r\n$objWMi = get-wmiobject -computername localhost -Namespace root\\CIMV2 -Query \"Select * from Win32_Processor\"\r\n\r\nif(-Not ($objWMi -is [array]))\r\n{\r\n\t$objWMi = @($objWMi)\r\n}\r\n\r\nforeach ($pr in $objWmi[0].Properties)\r\n{\r\n\t$newClass.Properties.Add($pr.Name, $pr.Type, $false)\t\r\n\tif($pr.Name -eq \"ProcessorId\")\r\n\t{\r\n\t\t$newClass.Properties[$pr.Name].Qualifiers.Add(\"Key\", $true)\r\n\t}\r\n\t$newClass.Properties[$pr.Name].Qualifiers.Add(\"read\", $true)\r\n}\r\n\r\n$newClass.Put()\r\n\r\nforeach ($obj in $objWmi)\r\n{\t\r\n\t$args = @{}\r\n\tforeach ($pr in $obj.Properties)\r\n\t{\t\r\n\t\tif($pr.Name -eq \"ProcessorId\")\r\n\t\t{\r\n\t\t\t$value = Get-RandomCharacters -length 10 -characters 'ABCDEF0123456789'\r\n\t\t\t$args.add($pr.Name, $value)\r\n\t\t} elseif($pr.Name -eq \"Name\" -and $pr.Value -match 'Xeon')\r\n\t\t{\r\n\t\t\t$value = $pr.Value.replace(\"Xeon\", \"Core\")\r\n\t\t\t$args.add($pr.Name, $pr.Value)\r\n\t\t\t\r\n\t\t} elseif($pr.Name -eq \"NumberOfCores\" -and $pr.Value -lt 4)\r\n\t\t{\r\n\t\t\t$args.add($pr.Name, 4)\r\n\t\t} else\r\n\t\t{\r\n\t\t\t$args.add($pr.Name, $pr.Value)\r\n\t\t}\r\n\t}\r\n\tSet-WmiInstance -Path \\\\.\\root\\cimv2:Win32_Processor -Arguments $args\r\n}\r\n\r\n#Joebox\r\n\r\n#Creating Win32_ComputerSystem fake class\r\n$newClass = New-Object System.Management.ManagementClass(\"root\\cimv2\", [String]::Empty, $null); \r\n$newClass[\"__CLASS\"] = \"Win32_ComputerSystem\";\r\n$newClass.Qualifiers.Add(\"Static\", $true)\r\n\r\n$objWMi = get-wmiobject -computername localhost -Namespace root\\CIMV2 -Query \"Select * from Win32_ComputerSystem\"\r\n\r\nforeach ($obj in $objWmi)\r\n{\r\n\tforeach ($pr in $obj.Properties)\r\n\t{\r\n\t\tif($pr.Name -eq \"Manufacturer\")\r\n\t\t{\r\n\t\t\t$value = Get-RandomCharacters -length 15 -characters 'ABCDEFGHKLMNOPRSTUVWXYZabcdefghklmnoprstuvwxyz123456789 '\r\n\r\n\t\t\t$newClass.Properties.Add($pr.Name, $value, $pr.Type)\r\n\t\t\t$newClass.Properties[$pr.Name].Qualifiers.Add(\"Key\", $true)\r\n\t\t} elseif($pr.Name -eq \"Model\")\r\n\t\t{\r\n\t\t\t$value = Get-RandomCharacters -length 8 -characters 'ABCDEFGHKLMNOPRSTUVWXYZabcdefghklmnoprstuvwxyz123456789 '\r\n\t\t\t$newClass.Properties.Add($pr.Name, $value, $pr.Type)\r\n\t\t} elseif($pr.Name -eq \"Domain\")\r\n\t\t{\r\n\t\t\t$value = Get-RandomCharacters -length 5 -characters 'ABCDEFGHKLMNOPRSTUVWXYZabcdefghklmnoprstuvwxyz123456789'\r\n\t\t\t$newClass.Properties.Add($pr.Name, $value, $pr.Type)\r\n\t\t} elseif($pr.Name -eq \"OEMStringArray\")\r\n\t\t{\r\n\t\t\t$value = Get-RandomCharacters -length 10 -characters 'ABCDEFGHKLMNOPRSTUVWXYZabcdefghklmnoprstuvwxyz123456789'\r\n\t\t\t$newClass.Properties.Add($pr.Name, @($value), $pr.Type)\r\n\t\t} else\r\n\t\t{\r\n\t\t\t$newClass.Properties.Add($pr.Name, $pr.Value, $pr.Type)\r\n\t\t}\r\n\t}\r\n}\r\n\r\n$newClass.Put()\r\nSet-WmiInstance -Path \\\\.\\root\\cimv2:Win32_ComputerSystem \r\n\r\n#Joebox\r\n\r\n#Creating Win32_PnPEntity fake class\r\n$newClass = New-Object System.Management.ManagementClass(\"root\\cimv2\", [String]::Empty, $null); \r\n$newClass[\"__CLASS\"] = \"Win32_PnPEntity\";\r\n$newClass.Qualifiers.Add(\"Static\", $true);\r\n\r\n$objWMi = get-wmiobject -computername localhost -Namespace root\\CIMV2 -Query \"Select * from Win32_PnPEntity\"\r\n\r\nforeach ($pr in $objWmi[0].Properties)\r\n{\r\n\t$newClass.Properties.Add($pr.Name, $pr.Type, $false)\t\r\n\tif($pr.Name -eq \"DeviceID\")\r\n\t{\r\n\t\t$newClass.Properties[$pr.Name].Qualifiers.Add(\"Key\", $true)\r\n\t}\r\n\t$newClass.Properties[$pr.Name].Qualifiers.Add(\"read\", $true)\r\n}\r\n\r\n$newClass.Put()\r\n\r\nforeach ($obj in $objWmi)\r\n{\t\r\n\t$args = @{}\r\n\tforeach ($pr in $obj.Properties)\r\n\t{\t\r\n\t\tif(($pr.Name -eq \"DeviceId\" -or $pr.Name -eq \"Caption\" -or $pr.Name -eq \"Name\" -or $pr.Name -eq \"PNPDeviceID\"  -or $pr.Name -eq \"Service\") -and ($pr.Value -match 'VEN_80EE' -or $pr.Value -match 'VEN_15AD' -or $pr.Value -match 'VBOX' -or $pr.Value -match 'VBox' -or $pr.Value -match 'VMWARE' -or $pr.Value -match '82801FB' -or $pr.Value -match '82441FX' -or $pr.Value -match '82371SB' -or $pr.Value -match 'OpenHCD'))\r\n\t\t{\r\n\t\t\t$value = Get-RandomCharacters -length 8 -characters 'ABCDEFGHKLMNOPRSTUVWXYZ123456789_'\r\n\t\t\t$value = $pr.Value.replace(\"VEN_80EE\", $value).replace(\"VEN_15AD\", $value).replace(\"VBOX\", $value).replace(\"VBox\", $value).replace(\"VMWARE\", $value).replace(\"82801FB\", $value).replace(\"82441FX\", $value).replace(\"82371SB\", $value).replace(\"OpenHCD\", $value)\r\n\t\t\t\r\n\t\t\t# 82801FB 82441FX 82371SB OpenHCD\r\n\t\t\t\t\r\n\t\t\t$args.add($pr.Name, $value)\r\n\t\t\t\r\n\t\t} else\r\n\t\t{\r\n\t\t\t$args.add($pr.Name, $pr.Value)\r\n\t\t}\r\n\t}\r\n\t\r\n\tSet-WmiInstance -Path \\\\.\\root\\cimv2:Win32_PnPEntity -Arguments $args\r\n}\r\n\r\n#Joebox\r\n\r\n#Creating Win32_DiskDrive fake class\r\n$newClass = New-Object System.Management.ManagementClass(\"root\\cimv2\", [String]::Empty, $null); \r\n$newClass[\"__CLASS\"] = \"Win32_DiskDrive\";\r\n$newClass.Qualifiers.Add(\"Static\", $true);\r\n\r\n$objWMi = get-wmiobject -computername localhost -Namespace root\\CIMV2 -Query \"Select * from Win32_DiskDrive\"\r\n\r\nif(-Not ($objWMi -is [array]))\r\n{\r\n\t$objWMi = @($objWMi)\r\n}\r\n\r\nforeach ($pr in $objWmi[0].Properties)\r\n{\r\n\t$newClass.Properties.Add($pr.Name, $pr.Type, $false)\t\r\n\tif($pr.Name -eq \"DeviceID\")\r\n\t{\r\n\t\t$newClas",
                  "ScriptBlockId": "dd5693c7-f339-43e5-a858-20a0b4f40c81",
                  "MessageNumber": "\u0001",
                  "MessageTotal": "\u0002",
                  "Path": "C:\\Program Files (x86)\\Joebox\\unpack\\wmievasions.ps1"
                }
              },
              {
                "values": {
                  "EventID": "4104",
                  "ScriptBlockText": "s.Properties[$pr.Name].Qualifiers.Add(\"Key\", $true)\r\n\t}\r\n\t$newClass.Properties[$pr.Name].Qualifiers.Add(\"read\", $true)\r\n}\r\n\r\n$newClass.Put()\r\n\r\nforeach ($obj in $objWmi)\r\n{\t\r\n\t$args = @{}\r\n\tforeach ($pr in $obj.Properties)\r\n\t{\t\r\n\t\tif(($pr.Name -eq \"DeviceId\" -or $pr.Name -eq \"Caption\" -or $pr.Name -eq \"Model\" -or $pr.Name -eq \"PNPDeviceID\") -and ($pr.Value -match 'VBOX' -or $pr.Value -match 'VBox' -or $pr.Value -match 'VMWARE' -or $pr.Value -match 'VMware'))\r\n\t\t{\r\n\t\t\t$value = Get-RandomCharacters -length 8 -characters 'ABCDEFGHKLMNOPRSTUVWXYZ123456789_'\r\n\t\t\t$value = $pr.Value.replace(\"VBOX\", $value).replace(\"VBox\", $value).replace(\"VMWARE\", $value).replace(\"VMware Virtual disk\", $value).replace(\"VMware\", $value).replace(\"HARDDISK\", \"WDC\").replace(\"VIRTUAL_DISK\", $value)\r\n\t\t\t\t\r\n\t\t\t$args.add($pr.Name, $value)\r\n\t\t\r\n\t\t# Change disk size\r\n\t\t} elseif($pr.Name -eq \"Size\" -and $pr.Value -lt 200000000000)\r\n\t\t{\r\n\t\t\t$args.add($pr.Name, 412300001200)\r\n\t\t} elseif(-Not($pr.Name -eq \"Capabilities\"))\r\n\t\t{\r\n\t\t\t$args.add($pr.Name, $pr.Value)\r\n\t\t}\r\n\t}\r\n\t\r\n\tSet-WmiInstance -Path \\\\.\\root\\cimv2:Win32_DiskDrive -Arguments $args\r\n}\r\n\r\n#Joebox\r\n\r\n#Creating Win32_VideoController fake class\r\n$newClass = New-Object System.Management.ManagementClass(\"root\\cimv2\", [String]::Empty, $null); \r\n$newClass[\"__CLASS\"] = \"Win32_VideoController\";\r\n$newClass.Qualifiers.Add(\"Static\", $true);\r\n\r\n$objWMi = get-wmiobject -computername localhost -Namespace root\\CIMV2 -Query \"Select * from Win32_VideoController\"\r\n\r\nif(-Not ($objWMi -is [array]))\r\n{\r\n\t$objWMi = @($objWMi)\r\n}\r\n\r\nforeach ($pr in $objWmi[0].Properties)\r\n{\r\n\t$newClass.Properties.Add($pr.Name, $pr.Type, $false)\t\r\n\tif($pr.Name -eq \"DeviceID\")\r\n\t{\r\n\t\t$newClass.Properties[$pr.Name].Qualifiers.Add(\"Key\", $true)\r\n\t}\r\n\t$newClass.Properties[$pr.Name].Qualifiers.Add(\"read\", $true)\r\n}\r\n\r\n$newClass.Put()\r\n\r\nforeach ($obj in $objWmi)\r\n{\t\r\n\t$args = @{}\r\n\tforeach ($pr in $obj.Properties)\r\n\t{\t\r\n\t\tif(($pr.Name -eq \"Caption\" -or $pr.Name -eq \"Name\" -or $pr.Name -eq \"PNPDeviceID\" -or $pr.Name -eq \"AdapterCompatibility\" -or $pr.Name -eq \"Description\" -or $pr.Name -eq \"InfSection\" -or $pr.Name -eq \"VideoProcessor\") -and ($pr.Value -match 'VBOX' -or $pr.Value -match 'VBox' -or $pr.Value -match 'VMWARE' -or $pr.Value -match 'VirtualBox' -or $pr.Value -match 'VMware' -or $pr.Value -match 'Oracle Corporation' -or $pr.Value -match 'Microsoft Basic Display Adapter'))\r\n\t\t{\r\n\t\t\t$value = Get-RandomCharacters -length 8 -characters 'ABCDEFGHKLMNOPRSTUVWXYZ123456789_'\r\n\t\t\t$value = $pr.Value.replace(\"VBOX\", $value).replace(\"VBox\", $value).replace(\"VMWARE\", $value).replace(\"VMware\", $value).replace(\"VirtualBox\", $value).replace(\"Oracle Corporation\", $value).replace(\"Microsoft Basic Display Adapter\", $value)\r\n\t\t\t\t\r\n\t\t\t$args.add($pr.Name, $value)\r\n\t\t\r\n\r\n\t\t} elseif($pr.Name -eq \"DriverVersion\")\r\n\t\t{\r\n\t\t\t$value = Get-RandomCharacters -length 8 -characters '1234567890.'\r\n\t\t\t$args.add($pr.Name, $value)\r\n\t\t} elseif($pr.Name -eq \"AdapterRAM\" -and $pr.Value -lt 1000000000)\r\n\t\t{\r\n\t\t\t$args.add($pr.Name, 1073741824)\r\n\t\t} else\r\n\t\t{\r\n\t\t\t$args.add($pr.Name, $pr.Value)\r\n\t\t}\r\n\t}\r\n\t\r\n\tSet-WmiInstance -Path \\\\.\\root\\cimv2:Win32_VideoController -Arguments $args\r\n}\r\n\r\n#Joebox\r\n\r\n# Creating Win32_BaseBoard fake class\r\n$newClass = New-Object System.Management.ManagementClass(\"root\\cimv2\", [String]::Empty, $null); \r\n$newClass[\"__CLASS\"] = \"Win32_BaseBoard\";\r\n$newClass.Qualifiers.Add(\"Static\", $true)\r\n\u00e2\u20ac\u2039\r\n$objWMi = get-wmiobject -computername localhost -Namespace root\\CIMV2 -Query \"Select * from Win32_BaseBoard\"\r\n\u00e2\u20ac\u2039\r\nforeach ($obj in $objWmi)\r\n{\r\n\tforeach ($pr in $obj.Properties)\r\n\t{\r\n\t\t$name = $pr.Name\r\n\t\t$value = $pr.Value\r\n\t\t$qualifier = $false\r\n\u00e2\u20ac\u2039\r\n\t\tswitch ($name)\r\n\t\t{\r\n\t\t\t\"Tag\" {\r\n\t\t\t\t$qualifier = $true\r\n\t\t\t}\r\n\t\t\t\"SerialNumber\" {\r\n\t\t\t\t$value = Get-RandomCharacters -length 16 -characters '1234567890'\r\n\t\t\t}\r\n\t\t\t{\"Product\", \"Manufacturer\" -eq $_} {\r\n\t\t\t\t$value = Get-RandomCharacters -length 10 -characters 'ABCDEFGHKLMNOPRSTUVWXYZ123456789'\r\n\t\t\t}\r\n\t\t}\r\n\u00e2\u20ac\u2039\r\n\t\t$newClass.Properties.Add($name, $value, $pr.Type)\r\n\t\tif ($qualifier) {\r\n\t\t\t$newClass.Properties[$name].Qualifiers.Add(\"Key\", $true)\r\n\t\t}\r\n\t}\r\n}\r\n\u00e2\u20ac\u2039\r\n$newClass.Put()\r\nSet-WmiInstance -Path \\\\.\\root\\cimv2:Win32_BaseBoard\r\n\r\n\r\n#Creating Win32_ComputerSystemProduct fake class\r\n$newClass = New-Object System.Management.ManagementClass(\"root\\cimv2\", [String]::Empty, $null); \r\n$newClass[\"__CLASS\"] = \"Win32_ComputerSystemProduct\";\r\n$newClass.Qualifiers.Add(\"Static\", $true)\r\n\r\n$objWMi = get-wmiobject -computername localhost -Namespace root\\CIMV2 -Query \"Select * from Win32_ComputerSystemProduct\"\r\n\r\nforeach ($obj in $objWmi)\r\n{\r\n\tforeach ($pr in $obj.Properties)\r\n\t{\r\n\t\tif($pr.Name -eq \"Name\")\r\n\t\t{\t\r\n\t\t\t$newClass.Properties.Add($pr.Name, $pr.$value, $pr.Type)\r\n\t\t\t$newClass.Properties[$pr.Name].Qualifiers.Add(\"Key\", $true)\r\n\t\t} elseif($pr.Name -eq \"IdentifyingNumber\")\r\n\t\t{\r\n\t\t\t$value = Get-RandomCharacters -length 6 -characters 'ABCDEFGHKLMNOPRSTUVWXYZ123456789'\r\n\t\t\t$newClass.Properties.Add($pr.Name, $value, $pr.Type)\r\n\t\t} else\r\n\t\t{\r\n\t\t\t$newClass.Properties.Add($pr.Name, $pr.Value, $pr.Type)\r\n\t\t}\r\n\t}\r\n}\r\n\r\n$newClass.Put()\r\nSet-WmiInstance -Path \\\\.\\root\\cimv2:Win32_ComputerSystemProduct\r\n\r\n\r\n\r\n#Creating Win32_LogicalDisk fake class\r\n$newClass = New-Object System.Management.ManagementClass(\"root\\cimv2\", [String]::Empty, $null); \r\n$newClass[\"__CLASS\"] = \"Win32_LogicalDisk\";\r\n$newClass.Qualifiers.Add(\"Static\", $true);\r\n\r\n$objWMi = get-wmiobject -computername localhost -Namespace root\\CIMV2 -Query \"Select * from Win32_LogicalDisk WHERE DriveType = 3\"\r\n\r\nif(-Not ($objWMi -is [array]))\r\n{\r\n\t$objWMi = @($objWMi)\r\n}\r\n\r\nforeach ($pr in $objWmi[0].Properties)\r\n{\r\n\t$newClass.Properties.Add($pr.Name, $pr.Type, $false)\t\r\n\tif($pr.Name -eq \"DeviceID\")\r\n\t{\r\n\t\t$newClass.Properties[$pr.Name].Qualifiers.Add(\"Key\", $true)\r\n\t}\r\n\t$newClass.Properties[$pr.Name].Qualifiers.Add(\"read\", $true)\r\n}\r\n\r\n$newClass.Put()\r\n\r\nforeach ($obj in $objWmi)\r\n{\t\r\n\t$args = @{}\r\n\tforeach ($pr in $obj.Properties)\r\n\t{\t\r\n\t\tif($pr.Name -eq \"Size\")\r\n\t\t{\r\n\t\t\t$args.add($pr.Name, \"223496729601\")\r\n\t\t} else\r\n\t\t{\r\n\t\t\t$args.add($pr.Name, $pr.Value)\r\n\t\t}\r\n\t}\r\n\t\r\n\tSet-WmiInstance -Path \\\\.\\root\\cimv2:Win32_LogicalDisk -Arguments $args\r\n}\r\n\r\n\r\n#Creating Win32_ComputerSystemProduct fake class\r\n$newClass = New-Object System.Management.ManagementClass(\"root\\cimv2\", [String]::Empty, $null); \r\n$newClass[\"__CLASS\"] = \"Win32_OperatingSystem\";\r\n$newClass.Qualifiers.Add(\"Static\", $true)\r\n\r\n$objWMi = get-wmiobject -computername localhost -Namespace root\\CIMV2 -Query \"Select * from Win32_OperatingSystem\"\r\n\r\n\r\nforeach ($obj in $objWmi)\r\n{\r\n\tforeach ($pr in $obj.Properties)\r\n\t{\r\n\t\tif($pr.Name -eq \"CreationClassName\")\r\n\t\t{\t\r\n\t\t\t$newClass.Properties.Add($pr.Name, $pr.$value, $pr.Type)\r\n\t\t\t$newClass.Properties[$pr.Name].Qualifiers.Add(\"Key\", $true)\r\n\t\t} elseif($pr.Name -eq \"LastBootUpTime\")\r\n\t\t{\r\n\t\t\t$d = [System.Management.ManagementDateTimeConverter]::ToDateTime($pr.Value)\r\n\t\t\t$d = $d.addDays(-10)\r\n\t\t\t$d = [System.Management.ManagementDateTimeConverter]::ToDmtfDateTime($d)\r\n\t\t\t\r\n\t\t\t$newClass.Properties.Add($pr.Name, $d, $pr.Type)\r\n\t\t\t\r\n\t\t} else\r\n\t\t{\r\n\t\t\t$newClass.Properties.Add($pr.Name, $pr.Value, $pr.Type)\r\n\t\t}\r\n\t}\r\n}\r\n\r\n$newClass.Put()\r\nSet-WmiInstance -Path \\\\.\\root\\cimv2:Win32_OperatingSystem\r\n\r\n\r\nfunction Delete() {\r\n    $Invocation = (Get-Variable MyInvocation -Scope 1).Value\r\n    $Path =  $Invocation.MyCommand.Path \r\n    Write-Host $Path\r\n    Remove-Item $Path -force\r\n} \r\n     \r\nDelete \r\n",
                  "ScriptBlockId": "dd5693c7-f339-43e5-a858-20a0b4f40c81",
                  "MessageNumber": "\u0002",
                  "MessageTotal": "\u0002",
                  "Path": "C:\\Program Files (x86)\\Joebox\\unpack\\wmievasions.ps1"
                }
              }
            ],
            "rule_level": "low",
            "rule_id": "1f7f8b1e9005dd4d64cb9d30ed53ee94f68fb96262fbd72f7a0266881149c79f",
            "rule_source": "Sigma Integrated Rule Set (GitHub)",
            "rule_title": "Suspicious Get-WmiObject",
            "rule_description": "The infrastructure for management data and operations that enables local and remote management of Windows personal computers and servers",
            "rule_author": "frack113"
          },
          {
            "match_context": [
              {
                "values": {
                  "TerminalSessionId": "1",
                  "ProcessGuid": "C784477D-F440-62FD-FD09-000000004700",
                  "ProcessId": "6472",
                  "Product": "Microsoft\u00ae Windows\u00ae Operating System",
                  "Description": "Windows Command Processor",
                  "Company": "Microsoft Corporation",
                  "ParentProcessGuid": "C784477D-F43E-62FD-EF09-000000004700",
                  "User": "DESKTOP-B0T93D6\\george",
                  "Hashes": "MD5=F3BDBE3BB6F734E357235F4D5898582D,SHA256=3685495D051137B1C4EFDE22C26DF0883614B6453B762FA84588DA55ED2E7744,IMPHASH=0AF8419BE362159398343D7B31721726",
                  "OriginalFileName": "Cmd.Exe",
                  "ParentImage": "C:\\Program Files (x86)\\AutoIt3\\AutoIt3.exe",
                  "FileVersion": "10.0.17134.1 (WinBuild.160101.0800)",
                  "ParentProcessId": "6228",
                  "CurrentDirectory": "C:\\Program Files (x86)\\AutoIt3\\",
                  "CommandLine": "C:\\Windows\\system32\\cmd.exe /c tasklist /svc | find \"svchost.exe\" >> \\\\192.168.2.1\\joe-windows-g10-3\\logs\\services.log",
                  "EventID": "1",
                  "LogonGuid": "C784477D-F2ED-62FD-7E4B-040000000000",
                  "LogonId": "281470",
                  "Image": "C:\\Windows\\SysWOW64\\cmd.exe",
                  "IntegrityLevel": "High",
                  "ParentCommandLine": "\"C:\\Program Files (x86)\\AutoIt3\\AutoIt3.exe\" \"C:\\Users\\george\\Desktop\\script.0.au3\"",
                  "UtcTime": "2022-08-18 08:11:44.495",
                  "RuleName": "-"
                }
              },
