              {
                "values": {
                  "EventID": "13",
                  "ProcessId": "8148",
                  "EventType": "SetValue",
                  "Image": "c:\\windows\\resources\\svchost.exe",
                  "ProcessGuid": "{C784477D-58C7-64B0-6406-000000001F00}",
                  "UtcTime": "1689278690",
                  "Details": "c:\\windows\\resources\\themes\\explorer.exe RO",
                  "RuleName": "T1060,RunKey",
                  "TargetObject": "HKLM\\SOFTWARE\\WOW6432Node\\Microsoft\\Windows\\CurrentVersion\\RunOnce\\Explorer"
                }
              },
              {
                "values": {
                  "EventID": "13",
                  "ProcessId": "8148",
                  "EventType": "SetValue",
                  "Image": "c:\\windows\\resources\\svchost.exe",
                  "ProcessGuid": "{C784477D-58C7-64B0-6406-000000001F00}",
                  "UtcTime": "1689278690",
                  "Details": "c:\\windows\\resources\\svchost.exe RO",
                  "RuleName": "T1060,RunKey",
                  "TargetObject": "HKLM\\SOFTWARE\\WOW6432Node\\Microsoft\\Windows\\CurrentVersion\\RunOnce\\Svchost"
                }
              },
              {
                "values": {
                  "EventID": "13",
                  "ProcessId": "8148",
                  "EventType": "SetValue",
                  "Image": "c:\\windows\\resources\\svchost.exe",
                  "ProcessGuid": "{C784477D-58C7-64B0-6406-000000001F00}",
                  "UtcTime": "1689278691",
                  "Details": "c:\\windows\\resources\\themes\\explorer.exe RO",
                  "RuleName": "T1060,RunKey",
                  "TargetObject": "HKLM\\SOFTWARE\\WOW6432Node\\Microsoft\\Windows\\CurrentVersion\\RunOnce\\Explorer"
                }
              },
              {
                "values": {
                  "EventID": "13",
                  "ProcessId": "8148",
                  "EventType": "SetValue",
                  "Image": "c:\\windows\\resources\\svchost.exe",
                  "RuleName": "T1060,RunKey",
                  "UtcTime": "1689278691",
                  "Details": "c:\\windows\\resources\\svchost.exe RO",
                  "ProcessGuid": "{C784477D-58C7-64B0-6406-000000001F00}",
                  "TargetObject": "HKLM\\SOFTWARE\\WOW6432Node\\Microsoft\\Windows\\CurrentVersion\\RunOnce\\Svchost"
                }
              },
              {
                "values": {
                  "EventID": "13",
                  "ProcessId": "8148",
                  "EventType": "SetValue",
                  "Image": "c:\\windows\\resources\\svchost.exe",
                  "ProcessGuid": "{C784477D-58C7-64B0-6406-000000001F00}",
                  "UtcTime": "1689278692",
                  "Details": "c:\\windows\\resources\\themes\\explorer.exe RO",
                  "RuleName": "T1060,RunKey",
                  "TargetObject": "HKLM\\SOFTWARE\\WOW6432Node\\Microsoft\\Windows\\CurrentVersion\\RunOnce\\Explorer"
                }
              },
              {
                "values": {
                  "EventID": "13",
                  "ProcessId": "8148",
                  "EventType": "SetValue",
                  "Image": "c:\\windows\\resources\\svchost.exe",
                  "ProcessGuid": "{C784477D-58C7-64B0-6406-000000001F00}",
                  "UtcTime": "1689278692",
                  "Details": "c:\\windows\\resources\\svchost.exe RO",
                  "RuleName": "T1060,RunKey",
                  "TargetObject": "HKLM\\SOFTWARE\\WOW6432Node\\Microsoft\\Windows\\CurrentVersion\\RunOnce\\Svchost"
                }
              },
              {
                "values": {
                  "EventID": "13",
                  "ProcessId": "8148",
                  "EventType": "SetValue",
                  "Image": "c:\\windows\\resources\\svchost.exe",
                  "RuleName": "T1060,RunKey",
                  "UtcTime": "1689278693",
                  "Details": "c:\\windows\\resources\\themes\\explorer.exe RO",
                  "ProcessGuid": "{C784477D-58C7-64B0-6406-000000001F00}",
                  "TargetObject": "HKLM\\SOFTWARE\\WOW6432Node\\Microsoft\\Windows\\CurrentVersion\\RunOnce\\Explorer"
                }
              },
              {
                "values": {
                  "EventID": "13",
                  "ProcessId": "8148",
                  "EventType": "SetValue",
                  "Image": "c:\\windows\\resources\\svchost.exe",
                  "ProcessGuid": "{C784477D-58C7-64B0-6406-000000001F00}",
                  "UtcTime": "1689278693",
                  "Details": "c:\\windows\\resources\\svchost.exe RO",
                  "RuleName": "T1060,RunKey",
                  "TargetObject": "HKLM\\SOFTWARE\\WOW6432Node\\Microsoft\\Windows\\CurrentVersion\\RunOnce\\Svchost"
                }
              },
              {
                "values": {
                  "EventID": "13",
                  "ProcessId": "8148",
                  "EventType": "SetValue",
                  "Image": "c:\\windows\\resources\\svchost.exe",
                  "ProcessGuid": "{C784477D-58C7-64B0-6406-000000001F00}",
                  "UtcTime": "1689278694",
                  "Details": "c:\\windows\\resources\\themes\\explorer.exe RO",
                  "RuleName": "T1060,RunKey",
                  "TargetObject": "HKLM\\SOFTWARE\\WOW6432Node\\Microsoft\\Windows\\CurrentVersion\\RunOnce\\Explorer"
                }
              },
              {
                "values": {
                  "EventID": "13",
                  "ProcessId": "8148",
                  "EventType": "SetValue",
                  "Image": "c:\\windows\\resources\\svchost.exe",
                  "ProcessGuid": "{C784477D-58C7-64B0-6406-000000001F00}",
                  "UtcTime": "1689278694",
                  "Details": "c:\\windows\\resources\\svchost.exe RO",
                  "RuleName": "T1060,RunKey",
                  "TargetObject": "HKLM\\SOFTWARE\\WOW6432Node\\Microsoft\\Windows\\CurrentVersion\\RunOnce\\Svchost"
                }
              },
              {
                "values": {
                  "EventID": "13",
                  "ProcessId": "8148",
                  "EventType": "SetValue",
                  "Image": "c:\\windows\\resources\\svchost.exe",
                  "ProcessGuid": "{C784477D-58C7-64B0-6406-000000001F00}",
                  "UtcTime": "1689278695",
                  "Details": "c:\\windows\\resources\\themes\\explorer.exe RO",
                  "RuleName": "T1060,RunKey",
                  "TargetObject": "HKLM\\SOFTWARE\\WOW6432Node\\Microsoft\\Windows\\CurrentVersion\\RunOnce\\Explorer"
                }
              },
              {
                "values": {
                  "EventID": "13",
                  "ProcessId": "8148",
                  "EventType": "SetValue",
                  "Image": "c:\\windows\\resources\\svchost.exe",
                  "ProcessGuid": "{C784477D-58C7-64B0-6406-000000001F00}",
                  "UtcTime": "1689278695",
                  "Details": "c:\\windows\\resources\\svchost.exe RO",
                  "RuleName": "T1060,RunKey",
                  "TargetObject": "HKLM\\SOFTWARE\\WOW6432Node\\Microsoft\\Windows\\CurrentVersion\\RunOnce\\Svchost"
                }
              },
              {
                "values": {
                  "EventID": "13",
                  "ProcessId": "8148",
                  "EventType": "SetValue",
                  "Image": "c:\\windows\\resources\\svchost.exe",
                  "RuleName": "T1060,RunKey",
                  "UtcTime": "1689278696",
                  "Details": "c:\\windows\\resources\\themes\\explorer.exe RO",
                  "ProcessGuid": "{C784477D-58C7-64B0-6406-000000001F00}",
                  "TargetObject": "HKLM\\SOFTWARE\\WOW6432Node\\Microsoft\\Windows\\CurrentVersion\\RunOnce\\Explorer"
                }
              },
              {
                "values": {
                  "EventID": "13",
                  "ProcessId": "8148",
                  "EventType": "SetValue",
                  "Image": "c:\\windows\\resources\\svchost.exe",
                  "RuleName": "T1060,RunKey",
                  "UtcTime": "1689278696",
                  "Details": "c:\\windows\\resources\\svchost.exe RO",
                  "ProcessGuid": "{C784477D-58C7-64B0-6406-000000001F00}",
                  "TargetObject": "HKLM\\SOFTWARE\\WOW6432Node\\Microsoft\\Windows\\CurrentVersion\\RunOnce\\Svchost"
                }
              },
              {
                "values": {
                  "EventID": "13",
                  "ProcessId": "8148",
                  "EventType": "SetValue",
                  "Image": "c:\\windows\\resources\\svchost.exe",
                  "RuleName": "T1060,RunKey",
                  "UtcTime": "1689278697",
                  "Details": "c:\\windows\\resources\\themes\\explorer.exe RO",
                  "ProcessGuid": "{C784477D-58C7-64B0-6406-000000001F00}",
                  "TargetObject": "HKLM\\SOFTWARE\\WOW6432Node\\Microsoft\\Windows\\CurrentVersion\\RunOnce\\Explorer"
                }
              },
              {
                "values": {
                  "EventID": "13",
                  "ProcessId": "8148",
                  "EventType": "SetValue",
                  "Image": "c:\\windows\\resources\\svchost.exe",
                  "ProcessGuid": "{C784477D-58C7-64B0-6406-000000001F00}",
                  "UtcTime": "1689278697",
                  "Details": "c:\\windows\\resources\\svchost.exe RO",
                  "RuleName": "T1060,RunKey",
                  "TargetObject": "HKLM\\SOFTWARE\\WOW6432Node\\Microsoft\\Windows\\CurrentVersion\\RunOnce\\Svchost"
                }
              },
              {
                "values": {
                  "EventID": "13",
                  "ProcessId": "8148",
                  "EventType": "SetValue",
                  "Image": "c:\\windows\\resources\\svchost.exe",
                  "RuleName": "T1060,RunKey",
                  "UtcTime": "1689278698",
                  "Details": "c:\\windows\\resources\\themes\\explorer.exe RO",
                  "ProcessGuid": "{C784477D-58C7-64B0-6406-000000001F00}",
                  "TargetObject": "HKLM\\SOFTWARE\\WOW6432Node\\Microsoft\\Windows\\CurrentVersion\\RunOnce\\Explorer"
                }
              },
              {
                "values": {
                  "EventID": "13",
                  "ProcessId": "8148",
                  "EventType": "SetValue",
                  "Image": "c:\\windows\\resources\\svchost.exe",
                  "ProcessGuid": "{C784477D-58C7-64B0-6406-000000001F00}",
                  "UtcTime": "1689278698",
                  "Details": "c:\\windows\\resources\\svchost.exe RO",
                  "RuleName": "T1060,RunKey",
                  "TargetObject": "HKLM\\SOFTWARE\\WOW6432Node\\Microsoft\\Windows\\CurrentVersion\\RunOnce\\Svchost"
                }
              },
              {
                "values": {
                  "EventID": "13",
                  "ProcessId": "8148",
                  "EventType": "SetValue",
                  "Image": "c:\\windows\\resources\\svchost.exe",
                  "RuleName": "T1060,RunKey",
                  "UtcTime": "1689278699",
                  "Details": "c:\\windows\\resources\\themes\\explorer.exe RO",
                  "ProcessGuid": "{C784477D-58C7-64B0-6406-000000001F00}",
                  "TargetObject": "HKLM\\SOFTWARE\\WOW6432Node\\Microsoft\\Windows\\CurrentVersion\\RunOnce\\Explorer"
                }
              },
              {
                "values": {
                  "EventID": "13",
                  "ProcessId": "8148",
                  "EventType": "SetValue",
                  "Image": "c:\\windows\\resources\\svchost.exe",
                  "ProcessGuid": "{C784477D-58C7-64B0-6406-000000001F00}",
                  "UtcTime": "1689278699",
                  "Details": "c:\\windows\\resources\\svchost.exe RO",
                  "RuleName": "T1060,RunKey",
                  "TargetObject": "HKLM\\SOFTWARE\\WOW6432Node\\Microsoft\\Windows\\CurrentVersion\\RunOnce\\Svchost"
                }
              },
              {
                "values": {
                  "EventID": "13",
                  "ProcessId": "8148",
                  "EventType": "SetValue",
                  "Image": "c:\\windows\\resources\\svchost.exe",
                  "ProcessGuid": "{C784477D-58C7-64B0-6406-000000001F00}",
                  "UtcTime": "1689278700",
                  "Details": "c:\\windows\\resources\\themes\\explorer.exe RO",
                  "RuleName": "T1060,RunKey",
                  "TargetObject": "HKLM\\SOFTWARE\\WOW6432Node\\Microsoft\\Windows\\CurrentVersion\\RunOnce\\Explorer"
                }
              },
              {
                "values": {
                  "EventID": "13",
                  "ProcessId": "8148",
                  "EventType": "SetValue",
                  "Image": "c:\\windows\\resources\\svchost.exe",
                  "RuleName": "T1060,RunKey",
                  "UtcTime": "1689278700",
                  "Details": "c:\\windows\\resources\\svchost.exe RO",
                  "ProcessGuid": "{C784477D-58C7-64B0-6406-000000001F00}",
                  "TargetObject": "HKLM\\SOFTWARE\\WOW6432Node\\Microsoft\\Windows\\CurrentVersion\\RunOnce\\Svchost"
                }
              },
              {
                "values": {
                  "EventID": "13",
                  "ProcessId": "8148",
                  "EventType": "SetValue",
                  "Image": "c:\\windows\\resources\\svchost.exe",
                  "RuleName": "T1060,RunKey",
                  "UtcTime": "1689278701",
                  "Details": "c:\\windows\\resources\\themes\\explorer.exe RO",
                  "ProcessGuid": "{C784477D-58C7-64B0-6406-000000001F00}",
                  "TargetObject": "HKLM\\SOFTWARE\\WOW6432Node\\Microsoft\\Windows\\CurrentVersion\\RunOnce\\Explorer"
                }
              },
              {
                "values": {
                  "EventID": "13",
                  "ProcessId": "8148",
                  "EventType": "SetValue",
                  "Image": "c:\\windows\\resources\\svchost.exe",
                  "RuleName": "T1060,RunKey",
                  "UtcTime": "1689278701",
                  "Details": "c:\\windows\\resources\\svchost.exe RO",
                  "ProcessGuid": "{C784477D-58C7-64B0-6406-000000001F00}",
                  "TargetObject": "HKLM\\SOFTWARE\\WOW6432Node\\Microsoft\\Windows\\CurrentVersion\\RunOnce\\Svchost"
                }
              },
              {
                "values": {
                  "EventID": "13",
                  "ProcessId": "8148",
                  "EventType": "SetValue",
                  "Image": "c:\\windows\\resources\\svchost.exe",
                  "RuleName": "T1060,RunKey",
                  "UtcTime": "1689278702",
                  "Details": "c:\\windows\\resources\\themes\\explorer.exe RO",
                  "ProcessGuid": "{C784477D-58C7-64B0-6406-000000001F00}",
                  "TargetObject": "HKLM\\SOFTWARE\\WOW6432Node\\Microsoft\\Windows\\CurrentVersion\\RunOnce\\Explorer"
                }
              },
              {
                "values": {
                  "EventID": "13",
                  "ProcessId": "8148",
                  "EventType": "SetValue",
                  "Image": "c:\\windows\\resources\\svchost.exe",
                  "ProcessGuid": "{C784477D-58C7-64B0-6406-000000001F00}",
                  "UtcTime": "1689278702",
                  "Details": "c:\\windows\\resources\\svchost.exe RO",
                  "RuleName": "T1060,RunKey",
                  "TargetObject": "HKLM\\SOFTWARE\\WOW6432Node\\Microsoft\\Windows\\CurrentVersion\\RunOnce\\Svchost"
                }
              },
              {
                "values": {
                  "EventID": "13",
                  "ProcessId": "8148",
                  "EventType": "SetValue",
                  "Image": "c:\\windows\\resources\\svchost.exe",
                  "RuleName": "T1060,RunKey",
                  "UtcTime": "1689278703",
                  "Details": "c:\\windows\\resources\\themes\\explorer.exe RO",
                  "ProcessGuid": "{C784477D-58C7-64B0-6406-000000001F00}",
                  "TargetObject": "HKLM\\SOFTWARE\\WOW6432Node\\Microsoft\\Windows\\CurrentVersion\\RunOnce\\Explorer"
                }
              },
              {
                "values": {
                  "EventID": "13",
                  "ProcessId": "8148",
                  "EventType": "SetValue",
                  "Image": "c:\\windows\\resources\\svchost.exe",
                  "ProcessGuid": "{C784477D-58C7-64B0-6406-000000001F00}",
                  "UtcTime": "1689278703",
                  "Details": "c:\\windows\\resources\\svchost.exe RO",
                  "RuleName": "T1060,RunKey",
                  "TargetObject": "HKLM\\SOFTWARE\\WOW6432Node\\Microsoft\\Windows\\CurrentVersion\\RunOnce\\Svchost"
                }
              },
              {
                "values": {
                  "EventID": "13",
                  "ProcessId": "8148",
                  "EventType": "SetValue",
                  "Image": "c:\\windows\\resources\\svchost.exe",
                  "RuleName": "T1060,RunKey",
                  "UtcTime": "1689278704",
                  "Details": "c:\\windows\\resources\\themes\\explorer.exe RO",
                  "ProcessGuid": "{C784477D-58C7-64B0-6406-000000001F00}",
                  "TargetObject": "HKLM\\SOFTWARE\\WOW6432Node\\Microsoft\\Windows\\CurrentVersion\\RunOnce\\Explorer"
                }
              },
              {
                "values": {
                  "EventID": "13",
                  "ProcessId": "8148",
                  "EventType": "SetValue",
                  "Image": "c:\\windows\\resources\\svchost.exe",
                  "RuleName": "T1060,RunKey",
                  "UtcTime": "1689278704",
                  "Details": "c:\\windows\\resources\\svchost.exe RO",
                  "ProcessGuid": "{C784477D-58C7-64B0-6406-000000001F00}",
                  "TargetObject": "HKLM\\SOFTWARE\\WOW6432Node\\Microsoft\\Windows\\CurrentVersion\\RunOnce\\Svchost"
                }
              },
              {
                "values": {
                  "EventID": "13",
                  "ProcessId": "8148",
                  "EventType": "SetValue",
                  "Image": "c:\\windows\\resources\\svchost.exe",
                  "ProcessGuid": "{C784477D-58C7-64B0-6406-000000001F00}",
                  "UtcTime": "1689278705",
                  "Details": "c:\\windows\\resources\\themes\\explorer.exe RO",
                  "RuleName": "T1060,RunKey",
                  "TargetObject": "HKLM\\SOFTWARE\\WOW6432Node\\Microsoft\\Windows\\CurrentVersion\\RunOnce\\Explorer"
                }
              },
              {
                "values": {
                  "EventID": "13",
                  "ProcessId": "8148",
                  "EventType": "SetValue",
                  "Image": "c:\\windows\\resources\\svchost.exe",
                  "ProcessGuid": "{C784477D-58C7-64B0-6406-000000001F00}",
                  "UtcTime": "1689278705",
                  "Details": "c:\\windows\\resources\\svchost.exe RO",
                  "RuleName": "T1060,RunKey",
                  "TargetObject": "HKLM\\SOFTWARE\\WOW6432Node\\Microsoft\\Windows\\CurrentVersion\\RunOnce\\Svchost"
                }
              },
              {
                "values": {
                  "EventID": "13",
                  "ProcessId": "8148",
                  "EventType": "SetValue",
                  "Image": "c:\\windows\\resources\\svchost.exe",
                  "RuleName": "T1060,RunKey",
                  "UtcTime": "1689278706",
                  "Details": "c:\\windows\\resources\\themes\\explorer.exe RO",
                  "ProcessGuid": "{C784477D-58C7-64B0-6406-000000001F00}",
                  "TargetObject": "HKLM\\SOFTWARE\\WOW6432Node\\Microsoft\\Windows\\CurrentVersion\\RunOnce\\Explorer"
                }
              },
              {
                "values": {
                  "EventID": "13",
                  "ProcessId": "8148",
                  "EventType": "SetValue",
                  "Image": "c:\\windows\\resources\\svchost.exe",
                  "ProcessGuid": "{C784477D-58C7-64B0-6406-000000001F00}",
                  "UtcTime": "1689278706",
                  "Details": "c:\\windows\\resources\\svchost.exe RO",
                  "RuleName": "T1060,RunKey",
                  "TargetObject": "HKLM\\SOFTWARE\\WOW6432Node\\Microsoft\\Windows\\CurrentVersion\\RunOnce\\Svchost"
                }
              },
              {
                "values": {
                  "EventID": "13",
                  "ProcessId": "8148",
                  "EventType": "SetValue",
                  "Image": "c:\\windows\\resources\\svchost.exe",
                  "ProcessGuid": "{C784477D-58C7-64B0-6406-000000001F00}",
                  "UtcTime": "1689278707",
                  "Details": "c:\\windows\\resources\\themes\\explorer.exe RO",
                  "RuleName": "T1060,RunKey",
                  "TargetObject": "HKLM\\SOFTWARE\\WOW6432Node\\Microsoft\\Windows\\CurrentVersion\\RunOnce\\Explorer"
                }
              },
              {
                "values": {
                  "EventID": "13",
                  "ProcessId": "8148",
                  "EventType": "SetValue",
                  "Image": "c:\\windows\\resources\\svchost.exe",
                  "ProcessGuid": "{C784477D-58C7-64B0-6406-000000001F00}",
                  "UtcTime": "1689278707",
                  "Details": "c:\\windows\\resources\\svchost.exe RO",
                  "RuleName": "T1060,RunKey",
                  "TargetObject": "HKLM\\SOFTWARE\\WOW6432Node\\Microsoft\\Windows\\CurrentVersion\\RunOnce\\Svchost"
                }
              },
              {
                "values": {
                  "EventID": "13",
                  "ProcessId": "8148",
                  "EventType": "SetValue",
                  "Image": "c:\\windows\\resources\\svchost.exe",
                  "RuleName": "T1060,RunKey",
                  "UtcTime": "1689278708",
                  "Details": "c:\\windows\\resources\\themes\\explorer.exe RO",
                  "ProcessGuid": "{C784477D-58C7-64B0-6406-000000001F00}",
                  "TargetObject": "HKLM\\SOFTWARE\\WOW6432Node\\Microsoft\\Windows\\CurrentVersion\\RunOnce\\Explorer"
                }
              },
              {
                "values": {
                  "EventID": "13",
                  "ProcessId": "8148",
                  "EventType": "SetValue",
                  "Image": "c:\\windows\\resources\\svchost.exe",
                  "RuleName": "T1060,RunKey",
                  "UtcTime": "1689278708",
                  "Details": "c:\\windows\\resources\\svchost.exe RO",
                  "ProcessGuid": "{C784477D-58C7-64B0-6406-000000001F00}",
                  "TargetObject": "HKLM\\SOFTWARE\\WOW6432Node\\Microsoft\\Windows\\CurrentVersion\\RunOnce\\Svchost"
                }
              },
              {
                "values": {
                  "EventID": "13",
                  "ProcessId": "8148",
                  "EventType": "SetValue",
                  "Image": "c:\\windows\\resources\\svchost.exe",
                  "RuleName": "T1060,RunKey",
                  "UtcTime": "1689278709",
                  "Details": "c:\\windows\\resources\\themes\\explorer.exe RO",
                  "ProcessGuid": "{C784477D-58C7-64B0-6406-000000001F00}",
                  "TargetObject": "HKLM\\SOFTWARE\\WOW6432Node\\Microsoft\\Windows\\CurrentVersion\\RunOnce\\Explorer"
                }
              },
              {
                "values": {
                  "EventID": "13",
                  "ProcessId": "8148",
                  "EventType": "SetValue",
                  "Image": "c:\\windows\\resources\\svchost.exe",
                  "RuleName": "T1060,RunKey",
                  "UtcTime": "1689278709",
                  "Details": "c:\\windows\\resources\\svchost.exe RO",
                  "ProcessGuid": "{C784477D-58C7-64B0-6406-000000001F00}",
                  "TargetObject": "HKLM\\SOFTWARE\\WOW6432Node\\Microsoft\\Windows\\CurrentVersion\\RunOnce\\Svchost"
                }
              },
              {
                "values": {
                  "EventID": "13",
                  "ProcessId": "8148",
                  "EventType": "SetValue",
                  "Image": "c:\\windows\\resources\\svchost.exe",
                  "ProcessGuid": "{C784477D-58C7-64B0-6406-000000001F00}",
                  "UtcTime": "1689278710",
                  "Details": "c:\\windows\\resources\\themes\\explorer.exe RO",
                  "RuleName": "T1060,RunKey",
                  "TargetObject": "HKLM\\SOFTWARE\\WOW6432Node\\Microsoft\\Windows\\CurrentVersion\\RunOnce\\Explorer"
                }
              },
              {
                "values": {
                  "EventID": "13",
                  "ProcessId": "8148",
                  "EventType": "SetValue",
                  "Image": "c:\\windows\\resources\\svchost.exe",
                  "RuleName": "T1060,RunKey",
                  "UtcTime": "1689278710",
                  "Details": "c:\\windows\\resources\\svchost.exe RO",
                  "ProcessGuid": "{C784477D-58C7-64B0-6406-000000001F00}",
                  "TargetObject": "HKLM\\SOFTWARE\\WOW6432Node\\Microsoft\\Windows\\CurrentVersion\\RunOnce\\Svchost"
                }
              },
              {
                "values": {
                  "EventID": "13",
                  "ProcessId": "8148",
                  "EventType": "SetValue",
                  "Image": "c:\\windows\\resources\\svchost.exe",
                  "ProcessGuid": "{C784477D-58C7-64B0-6406-000000001F00}",
                  "UtcTime": "1689278711",
                  "Details": "c:\\windows\\resources\\themes\\explorer.exe RO",
                  "RuleName": "T1060,RunKey",
                  "TargetObject": "HKLM\\SOFTWARE\\WOW6432Node\\Microsoft\\Windows\\CurrentVersion\\RunOnce\\Explorer"
                }
              },
              {
                "values": {
                  "EventID": "13",
                  "ProcessId": "8148",
                  "EventType": "SetValue",
                  "Image": "c:\\windows\\resources\\svchost.exe",
                  "ProcessGuid": "{C784477D-58C7-64B0-6406-000000001F00}",
                  "UtcTime": "1689278711",
                  "Details": "c:\\windows\\resources\\svchost.exe RO",
                  "RuleName": "T1060,RunKey",
                  "TargetObject": "HKLM\\SOFTWARE\\WOW6432Node\\Microsoft\\Windows\\CurrentVersion\\RunOnce\\Svchost"
                }
              },
              {
                "values": {
                  "EventID": "13",
                  "ProcessId": "8148",
                  "EventType": "SetValue",
                  "Image": "c:\\windows\\resources\\svchost.exe",
                  "ProcessGuid": "{C784477D-58C7-64B0-6406-000000001F00}",
                  "UtcTime": "1689278712",
                  "Details": "c:\\windows\\resources\\themes\\explorer.exe RO",
                  "RuleName": "T1060,RunKey",
                  "TargetObject": "HKLM\\SOFTWARE\\WOW6432Node\\Microsoft\\Windows\\CurrentVersion\\RunOnce\\Explorer"
                }
              },
              {
                "values": {
                  "EventID": "13",
                  "ProcessId": "8148",
                  "EventType": "SetValue",
                  "Image": "c:\\windows\\resources\\svchost.exe",
                  "ProcessGuid": "{C784477D-58C7-64B0-6406-000000001F00}",
                  "UtcTime": "1689278712",
                  "Details": "c:\\windows\\resources\\svchost.exe RO",
                  "RuleName": "T1060,RunKey",
                  "TargetObject": "HKLM\\SOFTWARE\\WOW6432Node\\Microsoft\\Windows\\CurrentVersion\\RunOnce\\Svchost"
                }
              },
              {
                "values": {
                  "EventID": "13",
                  "ProcessId": "8148",
                  "EventType": "SetValue",
                  "Image": "c:\\windows\\resources\\svchost.exe",
                  "RuleName": "T1060,RunKey",
                  "UtcTime": "1689278713",
                  "Details": "c:\\windows\\resources\\themes\\explorer.exe RO",
                  "ProcessGuid": "{C784477D-58C7-64B0-6406-000000001F00}",
                  "TargetObject": "HKLM\\SOFTWARE\\WOW6432Node\\Microsoft\\Windows\\CurrentVersion\\RunOnce\\Explorer"
                }
              },
              {
                "values": {
                  "EventID": "13",
                  "ProcessId": "8148",
                  "EventType": "SetValue",
                  "Image": "c:\\windows\\resources\\svchost.exe",
                  "RuleName": "T1060,RunKey",
                  "UtcTime": "1689278713",
                  "Details": "c:\\windows\\resources\\svchost.exe RO",
                  "ProcessGuid": "{C784477D-58C7-64B0-6406-000000001F00}",
                  "TargetObject": "HKLM\\SOFTWARE\\WOW6432Node\\Microsoft\\Windows\\CurrentVersion\\RunOnce\\Svchost"
                }
              }
            ],
            "rule_level": "medium",
            "rule_id": "18842e32896dd83b8aca4d5e1ac78c1f66b1d252479c0023cdd02f108c42c8cd",
            "rule_source": "Sigma Integrated Rule Set (GitHub)",
            "rule_title": "Wow6432Node CurrentVersion Autorun Keys Modification",
            "rule_description": "Detects modification of autostart extensibility point (ASEP) in registry.",
            "rule_author": "Victor Sergeev, Daniil Yugoslavskiy, Gleb Sukhodolskiy, Timur Zinniatullin, oscd.community, Tim Shelton, frack113 (split)"
          },
          {
            "match_context": [
              {
                "values": {
                  "EventID": "11",
                  "ProcessId": "8100",
                  "TargetFilename": "C:\\Windows\\Resources\\Themes\\icsys.icn.exe",
                  "RuleName": "EXE",
                  "CreationUtcTime": "1689278659",
                  "UtcTime": "1689278659",
                  "ProcessGuid": "{C784477D-58C2-64B0-5F06-000000001F00}",
                  "Image": "C:\\Users\\george\\Desktop\\executable.exe"
                }
              },
              {
                "values": {
                  "EventID": "11",
                  "ProcessId": "3548",
                  "TargetFilename": "C:\\Windows\\Resources\\Themes\\explorer.exe",
                  "RuleName": "EXE",
                  "CreationUtcTime": "1689278661",
                  "UtcTime": "1689278661",
                  "ProcessGuid": "{C784477D-58C4-64B0-6106-000000001F00}",
                  "Image": "C:\\Windows\\Resources\\Themes\\icsys.icn.exe"
                }
              },
              {
                "values": {
                  "EventID": "11",
                  "ProcessId": "256",
                  "Image": "c:\\windows\\resources\\themes\\explorer.exe",
                  "RuleName": "EXE",
                  "CreationUtcTime": "1689278663",
                  "UtcTime": "1689278663",
                  "ProcessGuid": "{C784477D-58C5-64B0-6206-000000001F00}",
                  "TargetFilename": "C:\\Windows\\Resources\\spoolsv.exe"
                }
              },
