{
  "domain": "lordblackwood.club",
  "query_time": "2026-03-24T05:37:44.439668+00:00",
  "errors": [],
  "resolutions": [
    {
      "ip_address": "52.25.92.0",
      "date": 1647717029
    },
    {
      "ip_address": "54.65.172.3",
      "date": 1647717022
    },
    {
      "ip_address": "58.158.177.102",
      "date": 1619471211
    },
    {
      "ip_address": "198.54.116.157",
      "date": 1567573617
    },
    {
      "ip_address": "198.54.117.197",
      "date": 1565852571
    },
    {
      "ip_address": "198.54.117.198",
      "date": 1565852571
    },
    {
      "ip_address": "198.54.117.200",
      "date": 1565852570
    },
    {
      "ip_address": "198.54.117.199",
      "date": 1565852570
    }
  ],
  "communicating_files": [
    {
      "id": "0f2ea2b1e7d81e984ded2bfccb328cabcb7cdf4018eef1925610228b71a4f728",
      "type": "file",
      "attributes": {
        "vhash": "04603e5d0f5)z873z",
        "sigma_analysis_results": [
          {
            "match_context": [
              {
                "values": {
                  "TerminalSessionId": "1",
                  "ProcessGuid": "{C784477D-58C3-64B0-6006-000000001F00}",
                  "ProcessId": "4372",
                  "Product": "subWorkStation",
                  "Description": "subWorkStation",
                  "Company": "-",
                  "ParentProcessGuid": "{C784477D-58C2-64B0-5F06-000000001F00}",
                  "User": "DESKTOP-B0T93D6\\george",
                  "Hashes": "MD5=221C5982D545B4EFB2CBEE4E0597D154,SHA256=E67D6094DD5FA5AD678A36A020225C83ADF97AC995C23893FFCC476F7D1F8481,IMPHASH=E749D312B7DFACB474AF5104671357D6",
                  "OriginalFileName": "-",
                  "ParentImage": "C:\\Users\\george\\Desktop\\executable.exe",
                  "FileVersion": "1.0.0.0",
                  "ParentProcessId": "8100",
                  "CurrentDirectory": "C:\\Users\\george\\Desktop\\",
                  "CommandLine": "c:\\users\\george\\desktop\\executable.exe\\xa0 ",
                  "EventID": "1",
                  "LogonGuid": "C784477D-8CD2-6442-2FAD-030000000000",
                  "LogonId": "240943",
                  "Image": "C:\\Users\\george\\Desktop\\executable.exe\\xa0",
                  "IntegrityLevel": "High",
                  "ParentCommandLine": "\"C:\\Users\\george\\Desktop\\executable.exe\"",
                  "UtcTime": "1689278659",
                  "RuleName": "-"
                }
              }
            ],
            "rule_level": "high",
            "rule_id": "2104d1ee1ce64e7aa3dbd368652a54ce160e6a5751019af14601fc8fd1df8086",
            "rule_source": "Sigma Integrated Rule Set (GitHub)",
            "rule_title": "Execution of Suspicious File Type Extension",
            "rule_description": "Checks whether the image specified in a process creation event doesn't refer to an .exe file (caused by process ghosting or other unorthodox methods to start a process)",
            "rule_author": "Max Altgelt (Nextron Systems)"
          },
          {
            "match_context": [
              {
                "values": {
                  "TerminalSessionId": "1",
                  "ProcessGuid": "{C784477D-58C5-64B0-6206-000000001F00}",
                  "ProcessId": "256",
                  "Product": "Project1",
                  "Description": "-",
                  "Company": "-",
                  "ParentProcessGuid": "{C784477D-58C4-64B0-6106-000000001F00}",
                  "User": "DESKTOP-B0T93D6\\george",
                  "Hashes": "MD5=B42AA6A386E31DC4AE6296D70B30EBD1,SHA256=F4DD57B59ED70824468DDAF03FC454B6F8EE5301972D5AD706F609E0FC8CBC8E,IMPHASH=8C16C795B57934183422BE5F6DF7D891",
                  "OriginalFileName": "TJprojMain.exe",
                  "ParentImage": "C:\\Windows\\Resources\\Themes\\icsys.icn.exe",
                  "FileVersion": "1.00",
                  "ParentProcessId": "3548",
                  "CurrentDirectory": "C:\\Users\\george\\Desktop\\",
                  "CommandLine": "c:\\windows\\resources\\themes\\explorer.exe",
                  "EventID": "1",
                  "LogonGuid": "C784477D-8CD2-6442-2FAD-030000000000",
                  "LogonId": "240943",
                  "Image": "C:\\Windows\\Resources\\Themes\\explorer.exe",
                  "IntegrityLevel": "High",
                  "ParentCommandLine": "C:\\Windows\\Resources\\Themes\\icsys.icn.exe",
                  "UtcTime": "1689278661",
                  "RuleName": "-"
                }
              },
              {
                "values": {
                  "TerminalSessionId": "1",
                  "ProcessGuid": "{C784477D-58C7-64B0-6306-000000001F00}",
                  "ProcessId": "8104",
                  "Product": "Project1",
                  "Description": "-",
                  "Company": "-",
                  "ParentProcessGuid": "{C784477D-58C5-64B0-6206-000000001F00}",
                  "User": "DESKTOP-B0T93D6\\george",
                  "Hashes": "MD5=F8A1B81BD030163A2F63E2DFA87B2CDB,SHA256=737F85A807D73268B2B304F19FF62B4C7866952561E33463D8257D47641DFC45,IMPHASH=8C16C795B57934183422BE5F6DF7D891",
                  "OriginalFileName": "TJprojMain.exe",
                  "ParentImage": "C:\\Windows\\Resources\\Themes\\explorer.exe",
                  "FileVersion": "1.00",
                  "ParentProcessId": "256",
                  "CurrentDirectory": "C:\\Users\\george\\Desktop\\",
                  "CommandLine": "c:\\windows\\resources\\spoolsv.exe SE",
                  "EventID": "1",
                  "LogonGuid": "C784477D-8CD2-6442-2FAD-030000000000",
                  "LogonId": "240943",
                  "Image": "C:\\Windows\\Resources\\spoolsv.exe",
                  "IntegrityLevel": "High",
                  "ParentCommandLine": "c:\\windows\\resources\\themes\\explorer.exe",
                  "UtcTime": "1689278663",
                  "RuleName": "-"
                }
              },
              {
                "values": {
                  "TerminalSessionId": "1",
                  "ProcessGuid": "{C784477D-58C7-64B0-6406-000000001F00}",
                  "ProcessId": "8148",
                  "Product": "Project1",
                  "Description": "-",
                  "Company": "-",
                  "ParentProcessGuid": "{C784477D-58C7-64B0-6306-000000001F00}",
                  "User": "DESKTOP-B0T93D6\\george",
                  "Hashes": "MD5=EF74FC5BFED44363B6124726C9C71557,SHA256=25A776C3688A87EC35E8555645F243B0AE7FE09E2BE50B1656257210BD2CB4C5,IMPHASH=8C16C795B57934183422BE5F6DF7D891",
                  "OriginalFileName": "TJprojMain.exe",
                  "ParentImage": "C:\\Windows\\Resources\\spoolsv.exe",
                  "FileVersion": "1.00",
                  "ParentProcessId": "8104",
                  "CurrentDirectory": "C:\\Users\\george\\Desktop\\",
                  "CommandLine": "c:\\windows\\resources\\svchost.exe",
                  "EventID": "1",
                  "LogonGuid": "C784477D-8CD2-6442-2FAD-030000000000",
                  "LogonId": "240943",
                  "Image": "C:\\Windows\\Resources\\svchost.exe",
                  "IntegrityLevel": "High",
                  "ParentCommandLine": "c:\\windows\\resources\\spoolsv.exe SE",
                  "UtcTime": "1689278663",
                  "RuleName": "-"
                }
              },
              {
                "values": {
                  "TerminalSessionId": "1",
                  "ProcessGuid": "{C784477D-58C9-64B0-6706-000000001F00}",
                  "ProcessId": "8080",
                  "Product": "Project1",
                  "Description": "-",
                  "Company": "-",
                  "ParentProcessGuid": "{C784477D-58C7-64B0-6406-000000001F00}",
                  "User": "DESKTOP-B0T93D6\\george",
                  "Hashes": "MD5=F8A1B81BD030163A2F63E2DFA87B2CDB,SHA256=737F85A807D73268B2B304F19FF62B4C7866952561E33463D8257D47641DFC45,IMPHASH=8C16C795B57934183422BE5F6DF7D891",
                  "OriginalFileName": "TJprojMain.exe",
                  "ParentImage": "C:\\Windows\\Resources\\svchost.exe",
                  "FileVersion": "1.00",
                  "ParentProcessId": "8148",
                  "CurrentDirectory": "C:\\Users\\george\\Desktop\\",
                  "CommandLine": "c:\\windows\\resources\\spoolsv.exe PR",
                  "EventID": "1",
                  "LogonGuid": "C784477D-8CD2-6442-2FAD-030000000000",
                  "LogonId": "240943",
                  "Image": "C:\\Windows\\Resources\\spoolsv.exe",
                  "IntegrityLevel": "High",
                  "ParentCommandLine": "c:\\windows\\resources\\svchost.exe",
                  "UtcTime": "1689278665",
                  "RuleName": "-"
                }
              },
              {
                "values": {
                  "TerminalSessionId": "1",
                  "ProcessGuid": "{C784477D-58D5-64B0-6F06-000000001F00}",
                  "ProcessId": "8144",
                  "Product": "Project1",
                  "Description": "-",
                  "Company": "-",
                  "ParentProcessGuid": "{C784477D-8CD2-6442-6C00-000000001F00}",
                  "User": "DESKTOP-B0T93D6\\george",
                  "Hashes": "MD5=B42AA6A386E31DC4AE6296D70B30EBD1,SHA256=F4DD57B59ED70824468DDAF03FC454B6F8EE5301972D5AD706F609E0FC8CBC8E,IMPHASH=8C16C795B57934183422BE5F6DF7D891",
                  "OriginalFileName": "TJprojMain.exe",
                  "ParentImage": "C:\\Windows\\explorer.exe",
                  "FileVersion": "1.00",
                  "ParentProcessId": "5052",
                  "CurrentDirectory": "C:\\windows\\resources\\themes\\",
                  "CommandLine": "\"C:\\windows\\resources\\themes\\explorer.exe\" RO",
                  "EventID": "1",
                  "LogonGuid": "C784477D-8CD2-6442-85AD-030000000000",
                  "LogonId": "241029",
                  "Image": "C:\\Windows\\Resources\\Themes\\explorer.exe",
                  "IntegrityLevel": "Medium",
                  "ParentCommandLine": "C:\\Windows\\Explorer.EXE",
                  "UtcTime": "1689278677",
                  "RuleName": "-"
                }
              },
              {
                "values": {
                  "TerminalSessionId": "1",
                  "ProcessGuid": "{C784477D-58DD-64B0-7406-000000001F00}",
                  "ProcessId": "2392",
                  "Product": "Project1",
                  "Description": "-",
                  "Company": "-",
                  "ParentProcessGuid": "{C784477D-8CD2-6442-6C00-000000001F00}",
                  "User": "DESKTOP-B0T93D6\\george",
                  "Hashes": "MD5=EF74FC5BFED44363B6124726C9C71557,SHA256=25A776C3688A87EC35E8555645F243B0AE7FE09E2BE50B1656257210BD2CB4C5,IMPHASH=8C16C795B57934183422BE5F6DF7D891",
                  "OriginalFileName": "TJprojMain.exe",
                  "ParentImage": "C:\\Windows\\explorer.exe",
                  "FileVersion": "1.00",
                  "ParentProcessId": "5052",
                  "CurrentDirectory": "C:\\windows\\resources\\",
                  "CommandLine": "\"C:\\windows\\resources\\svchost.exe\" RO",
                  "EventID": "1",
                  "LogonGuid": "C784477D-8CD2-6442-85AD-030000000000",
                  "LogonId": "241029",
                  "Image": "C:\\Windows\\Resources\\svchost.exe",
                  "IntegrityLevel": "Medium",
                  "ParentCommandLine": "C:\\Windows\\Explorer.EXE",
                  "UtcTime": "1689278685",
                  "RuleName": "-"
                }
              }
            ],
            "rule_level": "high",
            "rule_id": "25fc56c1bee673d7ff3edcf371e4d2a36c0af83222da348961b87735c8efa61f",
            "rule_source": "Sigma Integrated Rule Set (GitHub)",
            "rule_title": "System File Execution Location Anomaly",
            "rule_description": "Detects a Windows program executable started from a suspicious folder",
            "rule_author": "Florian Roth (Nextron Systems), Patrick Bareiss, Anton Kutepov, oscd.community, Nasreddine Bencherchali"
          },
          {
            "match_context": [
              {
                "values": {
                  "TerminalSessionId": "1",
                  "ProcessGuid": "{C784477D-58C7-64B0-6406-000000001F00}",
                  "ProcessId": "8148",
                  "Product": "Project1",
                  "Description": "-",
                  "Company": "-",
                  "ParentProcessGuid": "{C784477D-58C7-64B0-6306-000000001F00}",
                  "User": "DESKTOP-B0T93D6\\george",
                  "Hashes": "MD5=EF74FC5BFED44363B6124726C9C71557,SHA256=25A776C3688A87EC35E8555645F243B0AE7FE09E2BE50B1656257210BD2CB4C5,IMPHASH=8C16C795B57934183422BE5F6DF7D891",
                  "OriginalFileName": "TJprojMain.exe",
                  "ParentImage": "C:\\Windows\\Resources\\spoolsv.exe",
                  "FileVersion": "1.00",
                  "ParentProcessId": "8104",
                  "CurrentDirectory": "C:\\Users\\george\\Desktop\\",
                  "CommandLine": "c:\\windows\\resources\\svchost.exe",
                  "EventID": "1",
                  "LogonGuid": "C784477D-8CD2-6442-2FAD-030000000000",
                  "LogonId": "240943",
                  "Image": "C:\\Windows\\Resources\\svchost.exe",
                  "IntegrityLevel": "High",
                  "ParentCommandLine": "c:\\windows\\resources\\spoolsv.exe SE",
                  "UtcTime": "1689278663",
                  "RuleName": "-"
                }
              },
              {
                "values": {
                  "TerminalSessionId": "1",
                  "ProcessGuid": "{C784477D-58DD-64B0-7406-000000001F00}",
                  "ProcessId": "2392",
                  "Product": "Project1",
                  "Description": "-",
                  "Company": "-",
                  "ParentProcessGuid": "{C784477D-8CD2-6442-6C00-000000001F00}",
                  "User": "DESKTOP-B0T93D6\\george",
                  "Hashes": "MD5=EF74FC5BFED44363B6124726C9C71557,SHA256=25A776C3688A87EC35E8555645F243B0AE7FE09E2BE50B1656257210BD2CB4C5,IMPHASH=8C16C795B57934183422BE5F6DF7D891",
                  "OriginalFileName": "TJprojMain.exe",
                  "ParentImage": "C:\\Windows\\explorer.exe",
                  "FileVersion": "1.00",
                  "ParentProcessId": "5052",
                  "CurrentDirectory": "C:\\windows\\resources\\",
                  "CommandLine": "\"C:\\windows\\resources\\svchost.exe\" RO",
                  "EventID": "1",
                  "LogonGuid": "C784477D-8CD2-6442-85AD-030000000000",
                  "LogonId": "241029",
                  "Image": "C:\\Windows\\Resources\\svchost.exe",
                  "IntegrityLevel": "Medium",
                  "ParentCommandLine": "C:\\Windows\\Explorer.EXE",
                  "UtcTime": "1689278685",
                  "RuleName": "-"
                }
              }
            ],
            "rule_level": "high",
            "rule_id": "a0daa529834b3c5230b4524da005a6b6503e7cb061e298a8f74e0dc1fee0a008",
            "rule_source": "Sigma Integrated Rule Set (GitHub)",
            "rule_title": "Suspicious Svchost Process",
            "rule_description": "Detects a suspicious svchost process start",
            "rule_author": "Florian Roth (Nextron Systems)"
          },
          {
            "match_context": [
              {
                "values": {
                  "TerminalSessionId": "1",
                  "ProcessGuid": "{C784477D-58C7-64B0-6406-000000001F00}",
                  "ProcessId": "8148",
                  "Product": "Project1",
                  "Description": "-",
                  "Company": "-",
                  "ParentProcessGuid": "{C784477D-58C7-64B0-6306-000000001F00}",
                  "User": "DESKTOP-B0T93D6\\george",
                  "Hashes": "MD5=EF74FC5BFED44363B6124726C9C71557,SHA256=25A776C3688A87EC35E8555645F243B0AE7FE09E2BE50B1656257210BD2CB4C5,IMPHASH=8C16C795B57934183422BE5F6DF7D891",
                  "OriginalFileName": "TJprojMain.exe",
                  "ParentImage": "C:\\Windows\\Resources\\spoolsv.exe",
                  "FileVersion": "1.00",
                  "ParentProcessId": "8104",
                  "CurrentDirectory": "C:\\Users\\george\\Desktop\\",
                  "CommandLine": "c:\\windows\\resources\\svchost.exe",
                  "EventID": "1",
                  "LogonGuid": "C784477D-8CD2-6442-2FAD-030000000000",
                  "LogonId": "240943",
                  "Image": "C:\\Windows\\Resources\\svchost.exe",
                  "IntegrityLevel": "High",
                  "ParentCommandLine": "c:\\windows\\resources\\spoolsv.exe SE",
                  "UtcTime": "1689278663",
                  "RuleName": "-"
                }
              }
            ],
            "rule_level": "high",
            "rule_id": "dc04e64e69f5446c2a31920ee22415626307d5f3d0fb73ad81b9d3301a41000a",
            "rule_source": "Sigma Integrated Rule Set (GitHub)",
            "rule_title": "Suspect Svchost Activity",
            "rule_description": "It is extremely abnormal for svchost.exe to spawn without any CLI arguments and is normally observed when a malicious process spawns the process and injects code into the process memory space.",
            "rule_author": "David Burkett, @signalblur"
          },
          {
            "match_context": [
              {
                "values": {
                  "EventID": "13",
                  "ProcessId": "8148",
                  "EventType": "SetValue",
                  "Image": "c:\\windows\\resources\\svchost.exe",
                  "ProcessGuid": "{C784477D-58C7-64B0-6406-000000001F00}",
                  "UtcTime": "1689278665",
                  "Details": "c:\\windows\\resources\\themes\\explorer.exe RO",
                  "RuleName": "T1060,RunKey",
                  "TargetObject": "HKLM\\SOFTWARE\\WOW6432Node\\Microsoft\\Windows\\CurrentVersion\\RunOnce\\Explorer"
                }
              },
              {
                "values": {
                  "EventID": "13",
                  "ProcessId": "8148",
                  "EventType": "SetValue",
                  "Image": "c:\\windows\\resources\\svchost.exe",
                  "RuleName": "T1060,RunKey",
                  "UtcTime": "1689278665",
                  "Details": "c:\\windows\\resources\\svchost.exe RO",
                  "ProcessGuid": "{C784477D-58C7-64B0-6406-000000001F00}",
                  "TargetObject": "HKLM\\SOFTWARE\\WOW6432Node\\Microsoft\\Windows\\CurrentVersion\\RunOnce\\Svchost"
                }
              },
              {
                "values": {
                  "EventID": "13",
                  "ProcessId": "256",
                  "EventType": "SetValue",
                  "Image": "c:\\windows\\resources\\themes\\explorer.exe",
                  "RuleName": "T1060,RunKey",
                  "UtcTime": "1689278665",
                  "Details": "c:\\windows\\resources\\themes\\explorer.exe RO",
                  "ProcessGuid": "{C784477D-58C5-64B0-6206-000000001F00}",
                  "TargetObject": "HKLM\\SOFTWARE\\WOW6432Node\\Microsoft\\Windows\\CurrentVersion\\RunOnce\\Explorer"
                }
              },
              {
                "values": {
                  "EventID": "13",
                  "ProcessId": "256",
                  "EventType": "SetValue",
                  "Image": "c:\\windows\\resources\\themes\\explorer.exe",
                  "ProcessGuid": "{C784477D-58C5-64B0-6206-000000001F00}",
                  "UtcTime": "1689278665",
                  "Details": "c:\\windows\\resources\\svchost.exe RO",
                  "RuleName": "T1060,RunKey",
                  "TargetObject": "HKLM\\SOFTWARE\\WOW6432Node\\Microsoft\\Windows\\CurrentVersion\\RunOnce\\Svchost"
                }
              },
              {
                "values": {
                  "EventID": "13",
                  "ProcessId": "8148",
                  "EventType": "SetValue",
                  "Image": "c:\\windows\\resources\\svchost.exe",
                  "RuleName": "T1060,RunKey",
                  "UtcTime": "1689278666",
                  "Details": "c:\\windows\\resources\\themes\\explorer.exe RO",
                  "ProcessGuid": "{C784477D-58C7-64B0-6406-000000001F00}",
                  "TargetObject": "HKLM\\SOFTWARE\\WOW6432Node\\Microsoft\\Windows\\CurrentVersion\\RunOnce\\Explorer"
                }
              },
              {
                "values": {
                  "EventID": "13",
                  "ProcessId": "8148",
                  "EventType": "SetValue",
                  "Image": "c:\\windows\\resources\\svchost.exe",
                  "RuleName": "T1060,RunKey",
                  "UtcTime": "1689278666",
                  "Details": "c:\\windows\\resources\\svchost.exe RO",
                  "ProcessGuid": "{C784477D-58C7-64B0-6406-000000001F00}",
                  "TargetObject": "HKLM\\SOFTWARE\\WOW6432Node\\Microsoft\\Windows\\CurrentVersion\\RunOnce\\Svchost"
                }
              },
              {
                "values": {
                  "EventID": "13",
                  "ProcessId": "8148",
                  "EventType": "SetValue",
                  "Image": "c:\\windows\\resources\\svchost.exe",
                  "ProcessGuid": "{C784477D-58C7-64B0-6406-000000001F00}",
                  "UtcTime": "1689278667",
                  "Details": "c:\\windows\\resources\\themes\\explorer.exe RO",
                  "RuleName": "T1060,RunKey",
                  "TargetObject": "HKLM\\SOFTWARE\\WOW6432Node\\Microsoft\\Windows\\CurrentVersion\\RunOnce\\Explorer"
                }
              },
              {
                "values": {
                  "EventID": "13",
                  "ProcessId": "8148",
                  "EventType": "SetValue",
                  "Image": "c:\\windows\\resources\\svchost.exe",
                  "RuleName": "T1060,RunKey",
                  "UtcTime": "1689278667",
                  "Details": "c:\\windows\\resources\\svchost.exe RO",
                  "ProcessGuid": "{C784477D-58C7-64B0-6406-000000001F00}",
                  "TargetObject": "HKLM\\SOFTWARE\\WOW6432Node\\Microsoft\\Windows\\CurrentVersion\\RunOnce\\Svchost"
                }
              },
              {
                "values": {
                  "EventID": "13",
                  "ProcessId": "8148",
                  "EventType": "SetValue",
                  "Image": "c:\\windows\\resources\\svchost.exe",
                  "RuleName": "T1060,RunKey",
                  "UtcTime": "1689278668",
                  "Details": "c:\\windows\\resources\\themes\\explorer.exe RO",
                  "ProcessGuid": "{C784477D-58C7-64B0-6406-000000001F00}",
                  "TargetObject": "HKLM\\SOFTWARE\\WOW6432Node\\Microsoft\\Windows\\CurrentVersion\\RunOnce\\Explorer"
                }
              },
              {
                "values": {
                  "EventID": "13",
                  "ProcessId": "8148",
                  "EventType": "SetValue",
                  "Image": "c:\\windows\\resources\\svchost.exe",
                  "ProcessGuid": "{C784477D-58C7-64B0-6406-000000001F00}",
                  "UtcTime": "1689278668",
                  "Details": "c:\\windows\\resources\\svchost.exe RO",
                  "RuleName": "T1060,RunKey",
                  "TargetObject": "HKLM\\SOFTWARE\\WOW6432Node\\Microsoft\\Windows\\CurrentVersion\\RunOnce\\Svchost"
                }
              },
              {
                "values": {
                  "EventID": "13",
                  "ProcessId": "8148",
                  "EventType": "SetValue",
                  "Image": "c:\\windows\\resources\\svchost.exe",
                  "ProcessGuid": "{C784477D-58C7-64B0-6406-000000001F00}",
                  "UtcTime": "1689278669",
                  "Details": "c:\\windows\\resources\\themes\\explorer.exe RO",
                  "RuleName": "T1060,RunKey",
                  "TargetObject": "HKLM\\SOFTWARE\\WOW6432Node\\Microsoft\\Windows\\CurrentVersion\\RunOnce\\Explorer"
                }
              },
              {
                "values": {
                  "EventID": "13",
                  "ProcessId": "8148",
                  "EventType": "SetValue",
                  "Image": "c:\\windows\\resources\\svchost.exe",
                  "ProcessGuid": "{C784477D-58C7-64B0-6406-000000001F00}",
                  "UtcTime": "1689278669",
                  "Details": "c:\\windows\\resources\\svchost.exe RO",
                  "RuleName": "T1060,RunKey",
                  "TargetObject": "HKLM\\SOFTWARE\\WOW6432Node\\Microsoft\\Windows\\CurrentVersion\\RunOnce\\Svchost"
                }
              },
              {
                "values": {
                  "EventID": "13",
                  "ProcessId": "8148",
                  "EventType": "SetValue",
                  "Image": "c:\\windows\\resources\\svchost.exe",
                  "RuleName": "T1060,RunKey",
                  "UtcTime": "1689278670",
                  "Details": "c:\\windows\\resources\\themes\\explorer.exe RO",
                  "ProcessGuid": "{C784477D-58C7-64B0-6406-000000001F00}",
                  "TargetObject": "HKLM\\SOFTWARE\\WOW6432Node\\Microsoft\\Windows\\CurrentVersion\\RunOnce\\Explorer"
                }
              },
              {
                "values": {
                  "EventID": "13",
                  "ProcessId": "8148",
                  "EventType": "SetValue",
                  "Image": "c:\\windows\\resources\\svchost.exe",
                  "ProcessGuid": "{C784477D-58C7-64B0-6406-000000001F00}",
                  "UtcTime": "1689278670",
                  "Details": "c:\\windows\\resources\\svchost.exe RO",
                  "RuleName": "T1060,RunKey",
                  "TargetObject": "HKLM\\SOFTWARE\\WOW6432Node\\Microsoft\\Windows\\CurrentVersion\\RunOnce\\Svchost"
                }
              },
              {
                "values": {
                  "EventID": "13",
                  "ProcessId": "8148",
                  "EventType": "SetValue",
                  "Image": "c:\\windows\\resources\\svchost.exe",
                  "ProcessGuid": "{C784477D-58C7-64B0-6406-000000001F00}",
                  "UtcTime": "1689278671",
                  "Details": "c:\\windows\\resources\\themes\\explorer.exe RO",
                  "RuleName": "T1060,RunKey",
                  "TargetObject": "HKLM\\SOFTWARE\\WOW6432Node\\Microsoft\\Windows\\CurrentVersion\\RunOnce\\Explorer"
                }
              },
              {
                "values": {
                  "EventID": "13",
                  "ProcessId": "8148",
                  "EventType": "SetValue",
                  "Image": "c:\\windows\\resources\\svchost.exe",
                  "ProcessGuid": "{C784477D-58C7-64B0-6406-000000001F00}",
                  "UtcTime": "1689278671",
                  "Details": "c:\\windows\\resources\\svchost.exe RO",
                  "RuleName": "T1060,RunKey",
                  "TargetObject": "HKLM\\SOFTWARE\\WOW6432Node\\Microsoft\\Windows\\CurrentVersion\\RunOnce\\Svchost"
                }
              },
              {
                "values": {
                  "EventID": "13",
                  "ProcessId": "8148",
                  "EventType": "SetValue",
                  "Image": "c:\\windows\\resources\\svchost.exe",
                  "RuleName": "T1060,RunKey",
                  "UtcTime": "1689278672",
                  "Details": "c:\\windows\\resources\\themes\\explorer.exe RO",
                  "ProcessGuid": "{C784477D-58C7-64B0-6406-000000001F00}",
                  "TargetObject": "HKLM\\SOFTWARE\\WOW6432Node\\Microsoft\\Windows\\CurrentVersion\\RunOnce\\Explorer"
                }
              },
              {
                "values": {
                  "EventID": "13",
                  "ProcessId": "8148",
                  "EventType": "SetValue",
                  "Image": "c:\\windows\\resources\\svchost.exe",
                  "RuleName": "T1060,RunKey",
                  "UtcTime": "1689278672",
                  "Details": "c:\\windows\\resources\\svchost.exe RO",
                  "ProcessGuid": "{C784477D-58C7-64B0-6406-000000001F00}",
                  "TargetObject": "HKLM\\SOFTWARE\\WOW6432Node\\Microsoft\\Windows\\CurrentVersion\\RunOnce\\Svchost"
                }
              },
              {
                "values": {
                  "EventID": "13",
                  "ProcessId": "8148",
                  "EventType": "SetValue",
                  "Image": "c:\\windows\\resources\\svchost.exe",
                  "RuleName": "T1060,RunKey",
                  "UtcTime": "1689278673",
                  "Details": "c:\\windows\\resources\\themes\\explorer.exe RO",
                  "ProcessGuid": "{C784477D-58C7-64B0-6406-000000001F00}",
                  "TargetObject": "HKLM\\SOFTWARE\\WOW6432Node\\Microsoft\\Windows\\CurrentVersion\\RunOnce\\Explorer"
                }
              },
              {
                "values": {
                  "EventID": "13",
                  "ProcessId": "8148",
                  "EventType": "SetValue",
                  "Image": "c:\\windows\\resources\\svchost.exe",
                  "RuleName": "T1060,RunKey",
                  "UtcTime": "1689278673",
                  "Details": "c:\\windows\\resources\\svchost.exe RO",
                  "ProcessGuid": "{C784477D-58C7-64B0-6406-000000001F00}",
                  "TargetObject": "HKLM\\SOFTWARE\\WOW6432Node\\Microsoft\\Windows\\CurrentVersion\\RunOnce\\Svchost"
                }
              },
              {
                "values": {
                  "EventID": "13",
                  "ProcessId": "8148",
                  "EventType": "SetValue",
                  "Image": "c:\\windows\\resources\\svchost.exe",
                  "ProcessGuid": "{C784477D-58C7-64B0-6406-000000001F00}",
                  "UtcTime": "1689278674",
                  "Details": "c:\\windows\\resources\\themes\\explorer.exe RO",
                  "RuleName": "T1060,RunKey",
                  "TargetObject": "HKLM\\SOFTWARE\\WOW6432Node\\Microsoft\\Windows\\CurrentVersion\\RunOnce\\Explorer"
                }
              },
              {
                "values": {
                  "EventID": "13",
                  "ProcessId": "8148",
                  "EventType": "SetValue",
                  "Image": "c:\\windows\\resources\\svchost.exe",
                  "RuleName": "T1060,RunKey",
                  "UtcTime": "1689278674",
                  "Details": "c:\\windows\\resources\\svchost.exe RO",
                  "ProcessGuid": "{C784477D-58C7-64B0-6406-000000001F00}",
                  "TargetObject": "HKLM\\SOFTWARE\\WOW6432Node\\Microsoft\\Windows\\CurrentVersion\\RunOnce\\Svchost"
                }
              },
              {
                "values": {
                  "EventID": "13",
                  "ProcessId": "8148",
                  "EventType": "SetValue",
                  "Image": "c:\\windows\\resources\\svchost.exe",
                  "RuleName": "T1060,RunKey",
                  "UtcTime": "1689278675",
                  "Details": "c:\\windows\\resources\\themes\\explorer.exe RO",
                  "ProcessGuid": "{C784477D-58C7-64B0-6406-000000001F00}",
                  "TargetObject": "HKLM\\SOFTWARE\\WOW6432Node\\Microsoft\\Windows\\CurrentVersion\\RunOnce\\Explorer"
                }
              },
              {
                "values": {
                  "EventID": "13",
                  "ProcessId": "8148",
                  "EventType": "SetValue",
                  "Image": "c:\\windows\\resources\\svchost.exe",
                  "ProcessGuid": "{C784477D-58C7-64B0-6406-000000001F00}",
                  "UtcTime": "1689278675",
                  "Details": "c:\\windows\\resources\\svchost.exe RO",
                  "RuleName": "T1060,RunKey",
                  "TargetObject": "HKLM\\SOFTWARE\\WOW6432Node\\Microsoft\\Windows\\CurrentVersion\\RunOnce\\Svchost"
                }
              },
              {
                "values": {
                  "EventID": "13",
                  "ProcessId": "8148",
                  "EventType": "SetValue",
                  "Image": "c:\\windows\\resources\\svchost.exe",
                  "ProcessGuid": "{C784477D-58C7-64B0-6406-000000001F00}",
                  "UtcTime": "1689278676",
                  "Details": "c:\\windows\\resources\\themes\\explorer.exe RO",
                  "RuleName": "T1060,RunKey",
                  "TargetObject": "HKLM\\SOFTWARE\\WOW6432Node\\Microsoft\\Windows\\CurrentVersion\\RunOnce\\Explorer"
                }
              },
              {
                "values": {
                  "EventID": "13",
                  "ProcessId": "8148",
                  "EventType": "SetValue",
                  "Image": "c:\\windows\\resources\\svchost.exe",
                  "RuleName": "T1060,RunKey",
                  "UtcTime": "1689278676",
                  "Details": "c:\\windows\\resources\\svchost.exe RO",
                  "ProcessGuid": "{C784477D-58C7-64B0-6406-000000001F00}",
                  "TargetObject": "HKLM\\SOFTWARE\\WOW6432Node\\Microsoft\\Windows\\CurrentVersion\\RunOnce\\Svchost"
                }
              },
              {
                "values": {
                  "EventID": "13",
                  "ProcessId": "8148",
                  "EventType": "SetValue",
                  "Image": "c:\\windows\\resources\\svchost.exe",
                  "ProcessGuid": "{C784477D-58C7-64B0-6406-000000001F00}",
                  "UtcTime": "1689278677",
                  "Details": "c:\\windows\\resources\\themes\\explorer.exe RO",
                  "RuleName": "T1060,RunKey",
                  "TargetObject": "HKLM\\SOFTWARE\\WOW6432Node\\Microsoft\\Windows\\CurrentVersion\\RunOnce\\Explorer"
                }
              },
              {
                "values": {
                  "EventID": "13",
                  "ProcessId": "8148",
                  "EventType": "SetValue",
                  "Image": "c:\\windows\\resources\\svchost.exe",
                  "RuleName": "T1060,RunKey",
                  "UtcTime": "1689278677",
                  "Details": "c:\\windows\\resources\\svchost.exe RO",
                  "ProcessGuid": "{C784477D-58C7-64B0-6406-000000001F00}",
                  "TargetObject": "HKLM\\SOFTWARE\\WOW6432Node\\Microsoft\\Windows\\CurrentVersion\\RunOnce\\Svchost"
                }
              },
              {
                "values": {
                  "EventID": "13",
                  "ProcessId": "8148",
                  "EventType": "SetValue",
                  "Image": "c:\\windows\\resources\\svchost.exe",
                  "RuleName": "T1060,RunKey",
                  "UtcTime": "1689278678",
                  "Details": "c:\\windows\\resources\\themes\\explorer.exe RO",
                  "ProcessGuid": "{C784477D-58C7-64B0-6406-000000001F00}",
                  "TargetObject": "HKLM\\SOFTWARE\\WOW6432Node\\Microsoft\\Windows\\CurrentVersion\\RunOnce\\Explorer"
                }
              },
              {
                "values": {
                  "EventID": "13",
                  "ProcessId": "8148",
                  "EventType": "SetValue",
                  "Image": "c:\\windows\\resources\\svchost.exe",
                  "ProcessGuid": "{C784477D-58C7-64B0-6406-000000001F00}",
                  "UtcTime": "1689278678",
                  "Details": "c:\\windows\\resources\\svchost.exe RO",
                  "RuleName": "T1060,RunKey",
                  "TargetObject": "HKLM\\SOFTWARE\\WOW6432Node\\Microsoft\\Windows\\CurrentVersion\\RunOnce\\Svchost"
                }
              },
              {
                "values": {
                  "EventID": "13",
                  "ProcessId": "8148",
                  "EventType": "SetValue",
                  "Image": "c:\\windows\\resources\\svchost.exe",
                  "ProcessGuid": "{C784477D-58C7-64B0-6406-000000001F00}",
                  "UtcTime": "1689278679",
                  "Details": "c:\\windows\\resources\\themes\\explorer.exe RO",
                  "RuleName": "T1060,RunKey",
                  "TargetObject": "HKLM\\SOFTWARE\\WOW6432Node\\Microsoft\\Windows\\CurrentVersion\\RunOnce\\Explorer"
                }
              },
              {
                "values": {
                  "EventID": "13",
                  "ProcessId": "8148",
                  "EventType": "SetValue",
                  "Image": "c:\\windows\\resources\\svchost.exe",
                  "RuleName": "T1060,RunKey",
                  "UtcTime": "1689278679",
                  "Details": "c:\\windows\\resources\\svchost.exe RO",
                  "ProcessGuid": "{C784477D-58C7-64B0-6406-000000001F00}",
                  "TargetObject": "HKLM\\SOFTWARE\\WOW6432Node\\Microsoft\\Windows\\CurrentVersion\\RunOnce\\Svchost"
                }
              },
              {
                "values": {
                  "EventID": "13",
                  "ProcessId": "8148",
                  "EventType": "SetValue",
                  "Image": "c:\\windows\\resources\\svchost.exe",
                  "RuleName": "T1060,RunKey",
                  "UtcTime": "1689278680",
                  "Details": "c:\\windows\\resources\\themes\\explorer.exe RO",
                  "ProcessGuid": "{C784477D-58C7-64B0-6406-000000001F00}",
                  "TargetObject": "HKLM\\SOFTWARE\\WOW6432Node\\Microsoft\\Windows\\CurrentVersion\\RunOnce\\Explorer"
                }
              },
              {
                "values": {
                  "EventID": "13",
                  "ProcessId": "8148",
                  "EventType": "SetValue",
                  "Image": "c:\\windows\\resources\\svchost.exe",
                  "RuleName": "T1060,RunKey",
                  "UtcTime": "1689278680",
                  "Details": "c:\\windows\\resources\\svchost.exe RO",
                  "ProcessGuid": "{C784477D-58C7-64B0-6406-000000001F00}",
                  "TargetObject": "HKLM\\SOFTWARE\\WOW6432Node\\Microsoft\\Windows\\CurrentVersion\\RunOnce\\Svchost"
                }
              },
              {
                "values": {
                  "EventID": "13",
                  "ProcessId": "8148",
                  "EventType": "SetValue",
                  "Image": "c:\\windows\\resources\\svchost.exe",
                  "RuleName": "T1060,RunKey",
                  "UtcTime": "1689278681",
                  "Details": "c:\\windows\\resources\\themes\\explorer.exe RO",
                  "ProcessGuid": "{C784477D-58C7-64B0-6406-000000001F00}",
                  "TargetObject": "HKLM\\SOFTWARE\\WOW6432Node\\Microsoft\\Windows\\CurrentVersion\\RunOnce\\Explorer"
                }
              },
              {
                "values": {
                  "EventID": "13",
                  "ProcessId": "8148",
                  "EventType": "SetValue",
                  "Image": "c:\\windows\\resources\\svchost.exe",
                  "RuleName": "T1060,RunKey",
                  "UtcTime": "1689278681",
                  "Details": "c:\\windows\\resources\\svchost.exe RO",
                  "ProcessGuid": "{C784477D-58C7-64B0-6406-000000001F00}",
                  "TargetObject": "HKLM\\SOFTWARE\\WOW6432Node\\Microsoft\\Windows\\CurrentVersion\\RunOnce\\Svchost"
                }
              },
              {
                "values": {
                  "EventID": "13",
                  "ProcessId": "8148",
                  "EventType": "SetValue",
                  "Image": "c:\\windows\\resources\\svchost.exe",
                  "RuleName": "T1060,RunKey",
                  "UtcTime": "1689278682",
                  "Details": "c:\\windows\\resources\\themes\\explorer.exe RO",
                  "ProcessGuid": "{C784477D-58C7-64B0-6406-000000001F00}",
                  "TargetObject": "HKLM\\SOFTWARE\\WOW6432Node\\Microsoft\\Windows\\CurrentVersion\\RunOnce\\Explorer"
                }
              },
              {
                "values": {
                  "EventID": "13",
                  "ProcessId": "8148",
                  "EventType": "SetValue",
                  "Image": "c:\\windows\\resources\\svchost.exe",
                  "RuleName": "T1060,RunKey",
                  "UtcTime": "1689278682",
                  "Details": "c:\\windows\\resources\\svchost.exe RO",
                  "ProcessGuid": "{C784477D-58C7-64B0-6406-000000001F00}",
                  "TargetObject": "HKLM\\SOFTWARE\\WOW6432Node\\Microsoft\\Windows\\CurrentVersion\\RunOnce\\Svchost"
                }
              },
              {
                "values": {
                  "EventID": "13",
                  "ProcessId": "8148",
                  "EventType": "SetValue",
                  "Image": "c:\\windows\\resources\\svchost.exe",
                  "RuleName": "T1060,RunKey",
                  "UtcTime": "1689278683",
                  "Details": "c:\\windows\\resources\\themes\\explorer.exe RO",
                  "ProcessGuid": "{C784477D-58C7-64B0-6406-000000001F00}",
                  "TargetObject": "HKLM\\SOFTWARE\\WOW6432Node\\Microsoft\\Windows\\CurrentVersion\\RunOnce\\Explorer"
                }
              },
              {
                "values": {
                  "EventID": "13",
                  "ProcessId": "8148",
                  "EventType": "SetValue",
                  "Image": "c:\\windows\\resources\\svchost.exe",
                  "RuleName": "T1060,RunKey",
                  "UtcTime": "1689278683",
                  "Details": "c:\\windows\\resources\\svchost.exe RO",
                  "ProcessGuid": "{C784477D-58C7-64B0-6406-000000001F00}",
                  "TargetObject": "HKLM\\SOFTWARE\\WOW6432Node\\Microsoft\\Windows\\CurrentVersion\\RunOnce\\Svchost"
                }
              },
              {
                "values": {
                  "EventID": "13",
                  "ProcessId": "8148",
                  "EventType": "SetValue",
                  "Image": "c:\\windows\\resources\\svchost.exe",
                  "RuleName": "T1060,RunKey",
                  "UtcTime": "1689278684",
                  "Details": "c:\\windows\\resources\\themes\\explorer.exe RO",
                  "ProcessGuid": "{C784477D-58C7-64B0-6406-000000001F00}",
                  "TargetObject": "HKLM\\SOFTWARE\\WOW6432Node\\Microsoft\\Windows\\CurrentVersion\\RunOnce\\Explorer"
                }
              },
              {
                "values": {
                  "EventID": "13",
                  "ProcessId": "8148",
                  "EventType": "SetValue",
                  "Image": "c:\\windows\\resources\\svchost.exe",
                  "RuleName": "T1060,RunKey",
                  "UtcTime": "1689278684",
                  "Details": "c:\\windows\\resources\\svchost.exe RO",
                  "ProcessGuid": "{C784477D-58C7-64B0-6406-000000001F00}",
                  "TargetObject": "HKLM\\SOFTWARE\\WOW6432Node\\Microsoft\\Windows\\CurrentVersion\\RunOnce\\Svchost"
                }
              },
              {
                "values": {
                  "EventID": "13",
                  "ProcessId": "8148",
                  "EventType": "SetValue",
                  "Image": "c:\\windows\\resources\\svchost.exe",
                  "ProcessGuid": "{C784477D-58C7-64B0-6406-000000001F00}",
                  "UtcTime": "1689278685",
                  "Details": "c:\\windows\\resources\\themes\\explorer.exe RO",
                  "RuleName": "T1060,RunKey",
                  "TargetObject": "HKLM\\SOFTWARE\\WOW6432Node\\Microsoft\\Windows\\CurrentVersion\\RunOnce\\Explorer"
                }
              },
              {
                "values": {
                  "EventID": "13",
                  "ProcessId": "8148",
                  "EventType": "SetValue",
                  "Image": "c:\\windows\\resources\\svchost.exe",
                  "ProcessGuid": "{C784477D-58C7-64B0-6406-000000001F00}",
                  "UtcTime": "1689278685",
                  "Details": "c:\\windows\\resources\\svchost.exe RO",
                  "RuleName": "T1060,RunKey",
                  "TargetObject": "HKLM\\SOFTWARE\\WOW6432Node\\Microsoft\\Windows\\CurrentVersion\\RunOnce\\Svchost"
                }
              },
              {
                "values": {
                  "EventID": "13",
                  "ProcessId": "8148",
                  "EventType": "SetValue",
                  "Image": "c:\\windows\\resources\\svchost.exe",
                  "RuleName": "T1060,RunKey",
                  "UtcTime": "1689278686",
                  "Details": "c:\\windows\\resources\\themes\\explorer.exe RO",
                  "ProcessGuid": "{C784477D-58C7-64B0-6406-000000001F00}",
                  "TargetObject": "HKLM\\SOFTWARE\\WOW6432Node\\Microsoft\\Windows\\CurrentVersion\\RunOnce\\Explorer"
                }
              },
              {
                "values": {
                  "EventID": "13",
                  "ProcessId": "8148",
                  "EventType": "SetValue",
                  "Image": "c:\\windows\\resources\\svchost.exe",
                  "ProcessGuid": "{C784477D-58C7-64B0-6406-000000001F00}",
                  "UtcTime": "1689278686",
                  "Details": "c:\\windows\\resources\\svchost.exe RO",
                  "RuleName": "T1060,RunKey",
                  "TargetObject": "HKLM\\SOFTWARE\\WOW6432Node\\Microsoft\\Windows\\CurrentVersion\\RunOnce\\Svchost"
                }
              },
              {
                "values": {
                  "EventID": "13",
                  "ProcessId": "8148",
                  "EventType": "SetValue",
                  "Image": "c:\\windows\\resources\\svchost.exe",
                  "RuleName": "T1060,RunKey",
                  "UtcTime": "1689278687",
                  "Details": "c:\\windows\\resources\\themes\\explorer.exe RO",
                  "ProcessGuid": "{C784477D-58C7-64B0-6406-000000001F00}",
                  "TargetObject": "HKLM\\SOFTWARE\\WOW6432Node\\Microsoft\\Windows\\CurrentVersion\\RunOnce\\Explorer"
                }
              },
              {
                "values": {
                  "EventID": "13",
                  "ProcessId": "8148",
                  "EventType": "SetValue",
                  "Image": "c:\\windows\\resources\\svchost.exe",
                  "ProcessGuid": "{C784477D-58C7-64B0-6406-000000001F00}",
                  "UtcTime": "1689278687",
                  "Details": "c:\\windows\\resources\\svchost.exe RO",
                  "RuleName": "T1060,RunKey",
                  "TargetObject": "HKLM\\SOFTWARE\\WOW6432Node\\Microsoft\\Windows\\CurrentVersion\\RunOnce\\Svchost"
                }
              },
              {
                "values": {
                  "EventID": "13",
                  "ProcessId": "8148",
                  "EventType": "SetValue",
                  "Image": "c:\\windows\\resources\\svchost.exe",
                  "RuleName": "T1060,RunKey",
                  "UtcTime": "1689278688",
                  "Details": "c:\\windows\\resources\\themes\\explorer.exe RO",
                  "ProcessGuid": "{C784477D-58C7-64B0-6406-000000001F00}",
                  "TargetObject": "HKLM\\SOFTWARE\\WOW6432Node\\Microsoft\\Windows\\CurrentVersion\\RunOnce\\Explorer"
                }
              },
              {
                "values": {
                  "EventID": "13",
                  "ProcessId": "8148",
                  "EventType": "SetValue",
                  "Image": "c:\\windows\\resources\\svchost.exe",
                  "RuleName": "T1060,RunKey",
                  "UtcTime": "1689278688",
                  "Details": "c:\\windows\\resources\\svchost.exe RO",
                  "ProcessGuid": "{C784477D-58C7-64B0-6406-000000001F00}",
                  "TargetObject": "HKLM\\SOFTWARE\\WOW6432Node\\Microsoft\\Windows\\CurrentVersion\\RunOnce\\Svchost"
                }
              },
              {
                "values": {
                  "EventID": "13",
                  "ProcessId": "8148",
                  "EventType": "SetValue",
                  "Image": "c:\\windows\\resources\\svchost.exe",
                  "RuleName": "T1060,RunKey",
                  "UtcTime": "1689278689",
                  "Details": "c:\\windows\\resources\\themes\\explorer.exe RO",
                  "ProcessGuid": "{C784477D-58C7-64B0-6406-000000001F00}",
                  "TargetObject": "HKLM\\SOFTWARE\\WOW6432Node\\Microsoft\\Windows\\CurrentVersion\\RunOnce\\Explorer"
                }
              },
              {
                "values": {
                  "EventID": "13",
                  "ProcessId": "8148",
                  "EventType": "SetValue",
                  "Image": "c:\\windows\\resources\\svchost.exe",
                  "RuleName": "T1060,RunKey",
                  "UtcTime": "1689278689",
                  "Details": "c:\\windows\\resources\\svchost.exe RO",
                  "ProcessGuid": "{C784477D-58C7-64B0-6406-000000001F00}",
                  "TargetObject": "HKLM\\SOFTWARE\\WOW6432Node\\Microsoft\\Windows\\CurrentVersion\\RunOnce\\Svchost"
                }
              },
