              {
                "values": {
                  "EventID": "3",
                  "ProcessId": "1740",
                  "DestinationPortName": "-",
                  "Protocol": "udp",
                  "DestinationIp": "255.255.255.255",
                  "Initiated": "true",
                  "SourcePortName": "-",
                  "Image": "C:\\Users\\admin\\AppData\\Local\\Programs\\Python\\Python37\\pythonw.exe",
                  "RuleName": "Usermode",
                  "DestinationHostname": "-",
                  "UtcTime": "2022-07-27 16:59:14.229",
                  "User": "work\\admin",
                  "DestinationPort": "12345",
                  "ProcessGuid": "5240FBE6-6ED7-62E1-3B00-000000002400",
                  "SourcePort": "57492",
                  "SourceIsIpv6": "false",
                  "SourceHostname": "-",
                  "SourceIp": "192.168.122.84",
                  "DestinationIsIpv6": "false"
                }
              },
              {
                "values": {
                  "EventID": "3",
                  "ProcessId": "1740",
                  "DestinationPortName": "-",
                  "Protocol": "tcp",
                  "DestinationIp": "172.253.122.153",
                  "Initiated": "true",
                  "SourcePortName": "-",
                  "Image": "C:\\Users\\admin\\AppData\\Local\\Programs\\Python\\Python37\\pythonw.exe",
                  "RuleName": "Usermode",
                  "DestinationHostname": "-",
                  "UtcTime": "2022-07-27 16:59:29.404",
                  "User": "work\\admin",
                  "DestinationPort": "443",
                  "ProcessGuid": "5240FBE6-6ED7-62E1-3B00-000000002400",
                  "SourcePort": "49168",
                  "SourceIsIpv6": "false",
                  "SourceHostname": "-",
                  "SourceIp": "192.168.122.84",
                  "DestinationIsIpv6": "false"
                }
              },
              {
                "values": {
                  "EventID": "3",
                  "ProcessId": "1740",
                  "DestinationPortName": "-",
                  "Protocol": "tcp",
                  "DestinationIp": "172.253.122.153",
                  "Initiated": "true",
                  "SourcePortName": "-",
                  "Image": "C:\\Users\\admin\\AppData\\Local\\Programs\\Python\\Python37\\pythonw.exe",
                  "RuleName": "Usermode",
                  "DestinationHostname": "-",
                  "UtcTime": "2022-07-27 16:59:34.876",
                  "User": "work\\admin",
                  "DestinationPort": "443",
                  "ProcessGuid": "5240FBE6-6ED7-62E1-3B00-000000002400",
                  "SourcePort": "49169",
                  "SourceIsIpv6": "false",
                  "SourceHostname": "-",
                  "SourceIp": "192.168.122.84",
                  "DestinationIsIpv6": "false"
                }
              },
              {
                "values": {
                  "EventID": "3",
                  "ProcessId": "1740",
                  "DestinationPortName": "-",
                  "SourceIsIpv6": "false",
                  "DestinationIp": "172.253.122.153",
                  "Initiated": "true",
                  "SourcePortName": "-",
                  "Image": "C:\\Users\\admin\\AppData\\Local\\Programs\\Python\\Python37\\pythonw.exe",
                  "RuleName": "Usermode",
                  "DestinationHostname": "-",
                  "UtcTime": "2022-07-27 16:59:35.127",
                  "User": "work\\admin",
                  "DestinationPort": "443",
                  "ProcessGuid": "5240FBE6-6ED7-62E1-3B00-000000002400",
                  "SourcePort": "49170",
                  "Protocol": "tcp",
                  "SourceHostname": "-",
                  "SourceIp": "192.168.122.84",
                  "DestinationIsIpv6": "false"
                }
              },
              {
                "values": {
                  "EventID": "3",
                  "ProcessId": "1740",
                  "DestinationPortName": "-",
                  "Protocol": "tcp",
                  "DestinationIp": "172.253.122.153",
                  "Initiated": "true",
                  "SourcePortName": "-",
                  "Image": "C:\\Users\\admin\\AppData\\Local\\Programs\\Python\\Python37\\pythonw.exe",
                  "RuleName": "Usermode",
                  "DestinationHostname": "-",
                  "UtcTime": "2022-07-27 16:59:40.360",
                  "User": "work\\admin",
                  "DestinationPort": "443",
                  "ProcessGuid": "5240FBE6-6ED7-62E1-3B00-000000002400",
                  "SourcePort": "49171",
                  "SourceIsIpv6": "false",
                  "SourceHostname": "-",
                  "SourceIp": "192.168.122.84",
                  "DestinationIsIpv6": "false"
                }
              },
              {
                "values": {
                  "EventID": "3",
                  "ProcessId": "1740",
                  "DestinationPortName": "-",
                  "Protocol": "tcp",
                  "Initiated": "true",
                  "DestinationIp": "172.253.122.153",
                  "SourcePortName": "-",
                  "Image": "C:\\Users\\admin\\AppData\\Local\\Programs\\Python\\Python37\\pythonw.exe",
                  "RuleName": "Usermode",
                  "DestinationHostname": "-",
                  "UtcTime": "2022-07-27 16:59:45.747",
                  "User": "work\\admin",
                  "DestinationPort": "443",
                  "ProcessGuid": "5240FBE6-6ED7-62E1-3B00-000000002400",
                  "SourcePort": "49174",
                  "SourceIsIpv6": "false",
                  "SourceHostname": "-",
                  "SourceIp": "192.168.122.84",
                  "DestinationIsIpv6": "false"
                }
              },
              {
                "values": {
                  "EventID": "3",
                  "ProcessId": "1740",
                  "DestinationPortName": "-",
                  "Protocol": "tcp",
                  "Initiated": "true",
                  "DestinationIp": "172.253.122.153",
                  "SourcePortName": "-",
                  "Image": "C:\\Users\\admin\\AppData\\Local\\Programs\\Python\\Python37\\pythonw.exe",
                  "RuleName": "Usermode",
                  "DestinationHostname": "-",
                  "UtcTime": "2022-07-27 16:59:46.029",
                  "User": "work\\admin",
                  "DestinationPort": "443",
                  "ProcessGuid": "5240FBE6-6ED7-62E1-3B00-000000002400",
                  "SourcePort": "49175",
                  "SourceIsIpv6": "false",
                  "SourceHostname": "-",
                  "SourceIp": "192.168.122.84",
                  "DestinationIsIpv6": "false"
                }
              },
              {
                "values": {
                  "EventID": "3",
                  "ProcessId": "1740",
                  "DestinationPortName": "-",
                  "Protocol": "tcp",
                  "Initiated": "true",
                  "DestinationIp": "172.253.122.153",
                  "SourcePortName": "-",
                  "Image": "C:\\Users\\admin\\AppData\\Local\\Programs\\Python\\Python37\\pythonw.exe",
                  "RuleName": "Usermode",
                  "DestinationHostname": "-",
                  "UtcTime": "2022-07-27 16:59:51.234",
                  "User": "work\\admin",
                  "DestinationPort": "443",
                  "ProcessGuid": "5240FBE6-6ED7-62E1-3B00-000000002400",
                  "SourcePort": "49176",
                  "SourceIsIpv6": "false",
                  "SourceHostname": "-",
                  "SourceIp": "192.168.122.84",
                  "DestinationIsIpv6": "false"
                }
              },
              {
                "values": {
                  "EventID": "3",
                  "ProcessId": "1740",
                  "DestinationPortName": "-",
                  "SourceIsIpv6": "false",
                  "DestinationIp": "172.253.122.153",
                  "Initiated": "true",
                  "SourcePortName": "-",
                  "Image": "C:\\Users\\admin\\AppData\\Local\\Programs\\Python\\Python37\\pythonw.exe",
                  "RuleName": "Usermode",
                  "DestinationHostname": "-",
                  "UtcTime": "2022-07-27 16:59:56.836",
                  "User": "work\\admin",
                  "DestinationPort": "443",
                  "ProcessGuid": "5240FBE6-6ED7-62E1-3B00-000000002400",
                  "SourcePort": "49177",
                  "Protocol": "tcp",
                  "SourceHostname": "-",
                  "SourceIp": "192.168.122.84",
                  "DestinationIsIpv6": "false"
                }
              },
              {
                "values": {
                  "EventID": "3",
                  "ProcessId": "1740",
                  "DestinationPortName": "-",
                  "SourceIsIpv6": "false",
                  "DestinationIp": "172.253.122.153",
                  "Initiated": "true",
                  "SourcePortName": "-",
                  "Image": "C:\\Users\\admin\\AppData\\Local\\Programs\\Python\\Python37\\pythonw.exe",
                  "RuleName": "Usermode",
                  "DestinationHostname": "-",
                  "UtcTime": "2022-07-27 16:59:57.253",
                  "User": "work\\admin",
                  "DestinationPort": "443",
                  "ProcessGuid": "5240FBE6-6ED7-62E1-3B00-000000002400",
                  "SourcePort": "49178",
                  "Protocol": "tcp",
                  "SourceHostname": "-",
                  "SourceIp": "192.168.122.84",
                  "DestinationIsIpv6": "false"
                }
              },
              {
                "values": {
                  "EventID": "3",
                  "ProcessId": "1740",
                  "DestinationPortName": "-",
                  "Protocol": "tcp",
                  "Initiated": "true",
                  "DestinationIp": "142.250.31.153",
                  "SourcePortName": "-",
                  "Image": "C:\\Users\\admin\\AppData\\Local\\Programs\\Python\\Python37\\pythonw.exe",
                  "RuleName": "Usermode",
                  "DestinationHostname": "-",
                  "UtcTime": "2022-07-27 17:00:07.999",
                  "User": "work\\admin",
                  "DestinationPort": "443",
                  "ProcessGuid": "5240FBE6-6ED7-62E1-3B00-000000002400",
                  "SourcePort": "49180",
                  "SourceIsIpv6": "false",
                  "SourceHostname": "-",
                  "SourceIp": "192.168.122.84",
                  "DestinationIsIpv6": "false"
                }
              },
              {
                "values": {
                  "EventID": "3",
                  "ProcessId": "1740",
                  "DestinationPortName": "-",
                  "Protocol": "tcp",
                  "DestinationIp": "142.250.31.153",
                  "Initiated": "true",
                  "SourcePortName": "-",
                  "Image": "C:\\Users\\admin\\AppData\\Local\\Programs\\Python\\Python37\\pythonw.exe",
                  "RuleName": "Usermode",
                  "DestinationHostname": "-",
                  "UtcTime": "2022-07-27 17:00:08.381",
                  "User": "work\\admin",
                  "DestinationPort": "443",
                  "ProcessGuid": "5240FBE6-6ED7-62E1-3B00-000000002400",
                  "SourcePort": "49181",
                  "SourceIsIpv6": "false",
                  "SourceHostname": "-",
                  "SourceIp": "192.168.122.84",
                  "DestinationIsIpv6": "false"
                }
              },
              {
                "values": {
                  "EventID": "3",
                  "ProcessId": "1740",
                  "DestinationPortName": "-",
                  "Protocol": "tcp",
                  "DestinationIp": "142.250.31.153",
                  "Initiated": "true",
                  "SourcePortName": "-",
                  "Image": "C:\\Users\\admin\\AppData\\Local\\Programs\\Python\\Python37\\pythonw.exe",
                  "RuleName": "Usermode",
                  "DestinationHostname": "-",
                  "UtcTime": "2022-07-27 17:00:13.561",
                  "User": "work\\admin",
                  "DestinationPort": "443",
                  "ProcessGuid": "5240FBE6-6ED7-62E1-3B00-000000002400",
                  "SourcePort": "49182",
                  "SourceIsIpv6": "false",
                  "SourceHostname": "-",
                  "SourceIp": "192.168.122.84",
                  "DestinationIsIpv6": "false"
                }
              },
              {
                "values": {
                  "EventID": "3",
                  "ProcessId": "1740",
                  "DestinationPortName": "-",
                  "Protocol": "tcp",
                  "Initiated": "true",
                  "DestinationIp": "142.250.31.153",
                  "SourcePortName": "-",
                  "Image": "C:\\Users\\admin\\AppData\\Local\\Programs\\Python\\Python37\\pythonw.exe",
                  "RuleName": "Usermode",
                  "DestinationHostname": "-",
                  "UtcTime": "2022-07-27 17:00:19.113",
                  "User": "work\\admin",
                  "DestinationPort": "443",
                  "ProcessGuid": "5240FBE6-6ED7-62E1-3B00-000000002400",
                  "SourcePort": "49185",
                  "SourceIsIpv6": "false",
                  "SourceHostname": "-",
                  "SourceIp": "192.168.122.84",
                  "DestinationIsIpv6": "false"
                }
              },
              {
                "values": {
                  "EventID": "3",
                  "ProcessId": "1740",
                  "DestinationPortName": "-",
                  "SourceIsIpv6": "false",
                  "DestinationIp": "142.250.31.153",
                  "Initiated": "true",
                  "SourcePortName": "-",
                  "Image": "C:\\Users\\admin\\AppData\\Local\\Programs\\Python\\Python37\\pythonw.exe",
                  "RuleName": "Usermode",
                  "DestinationHostname": "-",
                  "UtcTime": "2022-07-27 17:00:19.554",
                  "User": "work\\admin",
                  "DestinationPort": "443",
                  "ProcessGuid": "5240FBE6-6ED7-62E1-3B00-000000002400",
                  "SourcePort": "49186",
                  "Protocol": "tcp",
                  "SourceHostname": "-",
                  "SourceIp": "192.168.122.84",
                  "DestinationIsIpv6": "false"
                }
              },
              {
                "values": {
                  "EventID": "3",
                  "ProcessId": "1740",
                  "DestinationPortName": "-",
                  "SourceIsIpv6": "false",
                  "DestinationIp": "142.250.31.153",
                  "Initiated": "true",
                  "SourcePortName": "-",
                  "Image": "C:\\Users\\admin\\AppData\\Local\\Programs\\Python\\Python37\\pythonw.exe",
                  "RuleName": "Usermode",
                  "DestinationHostname": "-",
                  "UtcTime": "2022-07-27 17:00:24.796",
                  "User": "work\\admin",
                  "DestinationPort": "443",
                  "ProcessGuid": "5240FBE6-6ED7-62E1-3B00-000000002400",
                  "SourcePort": "49187",
                  "Protocol": "tcp",
                  "SourceHostname": "-",
                  "SourceIp": "192.168.122.84",
                  "DestinationIsIpv6": "false"
                }
              },
              {
                "values": {
                  "EventID": "3",
                  "ProcessId": "1740",
                  "DestinationPortName": "-",
                  "Protocol": "tcp",
                  "Initiated": "true",
                  "DestinationIp": "142.250.31.153",
                  "SourcePortName": "-",
                  "Image": "C:\\Users\\admin\\AppData\\Local\\Programs\\Python\\Python37\\pythonw.exe",
                  "RuleName": "Usermode",
                  "DestinationHostname": "-",
                  "UtcTime": "2022-07-27 17:00:30.368",
                  "User": "work\\admin",
                  "DestinationPort": "443",
                  "ProcessGuid": "5240FBE6-6ED7-62E1-3B00-000000002400",
                  "SourcePort": "49188",
                  "SourceIsIpv6": "false",
                  "SourceHostname": "-",
                  "SourceIp": "192.168.122.84",
                  "DestinationIsIpv6": "false"
                }
              },
              {
                "values": {
                  "EventID": "3",
                  "ProcessId": "1740",
                  "DestinationPortName": "-",
                  "SourceIsIpv6": "false",
                  "Initiated": "true",
                  "DestinationIp": "142.250.31.153",
                  "SourcePortName": "-",
                  "Image": "C:\\Users\\admin\\AppData\\Local\\Programs\\Python\\Python37\\pythonw.exe",
                  "RuleName": "Usermode",
                  "DestinationHostname": "-",
                  "UtcTime": "2022-07-27 17:00:30.817",
                  "User": "work\\admin",
                  "DestinationPort": "443",
                  "ProcessGuid": "5240FBE6-6ED7-62E1-3B00-000000002400",
                  "SourcePort": "49189",
                  "Protocol": "tcp",
                  "SourceHostname": "-",
                  "SourceIp": "192.168.122.84",
                  "DestinationIsIpv6": "false"
                }
              },
              {
                "values": {
                  "EventID": "3",
                  "ProcessId": "1740",
                  "DestinationPortName": "-",
                  "SourceIsIpv6": "false",
                  "Initiated": "true",
                  "DestinationIp": "142.250.31.153",
                  "SourcePortName": "-",
                  "Image": "C:\\Users\\admin\\AppData\\Local\\Programs\\Python\\Python37\\pythonw.exe",
                  "RuleName": "Usermode",
                  "DestinationHostname": "-",
                  "UtcTime": "2022-07-27 17:00:32.315",
                  "User": "work\\admin",
                  "DestinationPort": "443",
                  "ProcessGuid": "5240FBE6-6ED7-62E1-3B00-000000002400",
                  "SourcePort": "49190",
                  "Protocol": "tcp",
                  "SourceHostname": "-",
                  "SourceIp": "192.168.122.84",
                  "DestinationIsIpv6": "false"
                }
              },
              {
                "values": {
                  "EventID": "3",
                  "ProcessId": "1740",
                  "DestinationPortName": "-",
                  "SourceIsIpv6": "false",
                  "Initiated": "true",
                  "DestinationIp": "142.250.31.153",
                  "SourcePortName": "-",
                  "Image": "C:\\Users\\admin\\AppData\\Local\\Programs\\Python\\Python37\\pythonw.exe",
                  "RuleName": "Usermode",
                  "DestinationHostname": "-",
                  "UtcTime": "2022-07-27 17:00:43.108",
                  "User": "work\\admin",
                  "DestinationPort": "443",
                  "ProcessGuid": "5240FBE6-6ED7-62E1-3B00-000000002400",
                  "SourcePort": "49192",
                  "Protocol": "tcp",
                  "SourceHostname": "-",
                  "SourceIp": "192.168.122.84",
                  "DestinationIsIpv6": "false"
                }
              },
              {
                "values": {
                  "EventID": "3",
                  "ProcessId": "1740",
                  "DestinationPortName": "-",
                  "Protocol": "tcp",
                  "DestinationIp": "142.250.31.153",
                  "Initiated": "true",
                  "SourcePortName": "-",
                  "Image": "C:\\Users\\admin\\AppData\\Local\\Programs\\Python\\Python37\\pythonw.exe",
                  "RuleName": "Usermode",
                  "DestinationHostname": "-",
                  "UtcTime": "2022-07-27 17:00:43.612",
                  "User": "work\\admin",
                  "DestinationPort": "443",
                  "ProcessGuid": "5240FBE6-6ED7-62E1-3B00-000000002400",
                  "SourcePort": "49193",
                  "SourceIsIpv6": "false",
                  "SourceHostname": "-",
                  "SourceIp": "192.168.122.84",
                  "DestinationIsIpv6": "false"
                }
              },
              {
                "values": {
                  "EventID": "3",
                  "ProcessId": "1740",
                  "DestinationPortName": "-",
                  "SourceIsIpv6": "false",
                  "Initiated": "true",
                  "DestinationIp": "142.250.31.153",
                  "SourcePortName": "-",
                  "Image": "C:\\Users\\admin\\AppData\\Local\\Programs\\Python\\Python37\\pythonw.exe",
                  "RuleName": "Usermode",
                  "DestinationHostname": "-",
                  "UtcTime": "2022-07-27 17:00:48.809",
                  "User": "work\\admin",
                  "DestinationPort": "443",
                  "ProcessGuid": "5240FBE6-6ED7-62E1-3B00-000000002400",
                  "SourcePort": "49194",
                  "Protocol": "tcp",
                  "SourceHostname": "-",
                  "SourceIp": "192.168.122.84",
                  "DestinationIsIpv6": "false"
                }
              },
              {
                "values": {
                  "EventID": "3",
                  "ProcessId": "1740",
                  "DestinationPortName": "-",
                  "SourceIsIpv6": "false",
                  "Initiated": "true",
                  "DestinationIp": "142.250.31.153",
                  "SourcePortName": "-",
                  "Image": "C:\\Users\\admin\\AppData\\Local\\Programs\\Python\\Python37\\pythonw.exe",
                  "RuleName": "Usermode",
                  "DestinationHostname": "-",
                  "UtcTime": "2022-07-27 17:00:54.362",
                  "User": "work\\admin",
                  "DestinationPort": "443",
                  "ProcessGuid": "5240FBE6-6ED7-62E1-3B00-000000002400",
                  "SourcePort": "49195",
                  "Protocol": "tcp",
                  "SourceHostname": "-",
                  "SourceIp": "192.168.122.84",
                  "DestinationIsIpv6": "false"
                }
              },
              {
                "values": {
                  "EventID": "3",
                  "ProcessId": "1740",
                  "DestinationPortName": "-",
                  "SourceIsIpv6": "false",
                  "DestinationIp": "142.250.31.153",
                  "Initiated": "true",
                  "SourcePortName": "-",
                  "Image": "C:\\Users\\admin\\AppData\\Local\\Programs\\Python\\Python37\\pythonw.exe",
                  "RuleName": "Usermode",
                  "DestinationHostname": "-",
                  "UtcTime": "2022-07-27 17:00:54.841",
                  "User": "work\\admin",
                  "DestinationPort": "443",
                  "ProcessGuid": "5240FBE6-6ED7-62E1-3B00-000000002400",
                  "SourcePort": "49196",
                  "Protocol": "tcp",
                  "SourceHostname": "-",
                  "SourceIp": "192.168.122.84",
                  "DestinationIsIpv6": "false"
                }
              },
              {
                "values": {
                  "EventID": "3",
                  "ProcessId": "1740",
                  "DestinationPortName": "-",
                  "Protocol": "tcp",
                  "DestinationIp": "142.250.31.153",
                  "Initiated": "true",
                  "SourcePortName": "-",
                  "Image": "C:\\Users\\admin\\AppData\\Local\\Programs\\Python\\Python37\\pythonw.exe",
                  "RuleName": "Usermode",
                  "DestinationHostname": "-",
                  "UtcTime": "2022-07-27 17:01:00.087",
                  "User": "work\\admin",
                  "DestinationPort": "443",
                  "ProcessGuid": "5240FBE6-6ED7-62E1-3B00-000000002400",
                  "SourcePort": "49197",
                  "SourceIsIpv6": "false",
                  "SourceHostname": "-",
                  "SourceIp": "192.168.122.84",
                  "DestinationIsIpv6": "false"
                }
              },
              {
                "values": {
                  "EventID": "3",
                  "ProcessId": "1740",
                  "DestinationPortName": "-",
                  "SourceIsIpv6": "false",
                  "DestinationIp": "142.250.31.153",
                  "Initiated": "true",
                  "SourcePortName": "-",
                  "Image": "C:\\Users\\admin\\AppData\\Local\\Programs\\Python\\Python37\\pythonw.exe",
                  "RuleName": "Usermode",
                  "DestinationHostname": "-",
                  "UtcTime": "2022-07-27 17:01:06.119",
                  "User": "work\\admin",
                  "DestinationPort": "443",
                  "ProcessGuid": "5240FBE6-6ED7-62E1-3B00-000000002400",
                  "SourcePort": "49199",
                  "Protocol": "tcp",
                  "SourceHostname": "-",
                  "SourceIp": "192.168.122.84",
                  "DestinationIsIpv6": "false"
                }
              },
              {
                "values": {
                  "EventID": "3",
                  "ProcessId": "1740",
                  "DestinationPortName": "-",
                  "SourceIsIpv6": "false",
                  "DestinationIp": "142.250.31.153",
                  "Initiated": "true",
                  "SourcePortName": "-",
                  "Image": "C:\\Users\\admin\\AppData\\Local\\Programs\\Python\\Python37\\pythonw.exe",
                  "RuleName": "Usermode",
                  "DestinationHostname": "-",
                  "UtcTime": "2022-07-27 17:01:11.776",
                  "User": "work\\admin",
                  "DestinationPort": "443",
                  "ProcessGuid": "5240FBE6-6ED7-62E1-3B00-000000002400",
                  "SourcePort": "49200",
                  "Protocol": "tcp",
                  "SourceHostname": "-",
                  "SourceIp": "192.168.122.84",
                  "DestinationIsIpv6": "false"
                }
              },
              {
                "values": {
                  "EventID": "3",
                  "ProcessId": "1740",
                  "DestinationPortName": "-",
                  "Protocol": "tcp",
                  "Initiated": "true",
                  "DestinationIp": "142.250.31.153",
                  "SourcePortName": "-",
                  "Image": "C:\\Users\\admin\\AppData\\Local\\Programs\\Python\\Python37\\pythonw.exe",
                  "RuleName": "Usermode",
                  "DestinationHostname": "-",
                  "UtcTime": "2022-07-27 17:01:17.380",
                  "User": "work\\admin",
                  "DestinationPort": "443",
                  "ProcessGuid": "5240FBE6-6ED7-62E1-3B00-000000002400",
                  "SourcePort": "49201",
                  "SourceIsIpv6": "false",
                  "SourceHostname": "-",
                  "SourceIp": "192.168.122.84",
                  "DestinationIsIpv6": "false"
                }
              },
              {
                "values": {
                  "EventID": "3",
                  "ProcessId": "1740",
                  "DestinationPortName": "-",
                  "Protocol": "tcp",
                  "DestinationIp": "142.250.31.153",
                  "Initiated": "true",
                  "SourcePortName": "-",
                  "Image": "C:\\Users\\admin\\AppData\\Local\\Programs\\Python\\Python37\\pythonw.exe",
                  "RuleName": "Usermode",
                  "DestinationHostname": "-",
                  "UtcTime": "2022-07-27 17:01:17.895",
                  "User": "work\\admin",
                  "DestinationPort": "443",
                  "ProcessGuid": "5240FBE6-6ED7-62E1-3B00-000000002400",
                  "SourcePort": "49202",
                  "SourceIsIpv6": "false",
                  "SourceHostname": "-",
                  "SourceIp": "192.168.122.84",
                  "DestinationIsIpv6": "false"
                }
              },
              {
                "values": {
                  "EventID": "3",
                  "ProcessId": "1740",
                  "DestinationPortName": "-",
                  "Protocol": "tcp",
                  "Initiated": "true",
                  "DestinationIp": "142.250.31.153",
                  "SourcePortName": "-",
                  "Image": "C:\\Users\\admin\\AppData\\Local\\Programs\\Python\\Python37\\pythonw.exe",
                  "RuleName": "Usermode",
                  "DestinationHostname": "-",
                  "UtcTime": "2022-07-27 17:01:23.148",
                  "User": "work\\admin",
                  "DestinationPort": "443",
                  "ProcessGuid": "5240FBE6-6ED7-62E1-3B00-000000002400",
                  "SourcePort": "49203",
                  "SourceIsIpv6": "false",
                  "SourceHostname": "-",
                  "SourceIp": "192.168.122.84",
                  "DestinationIsIpv6": "false"
                }
              }
            ],
            "rule_level": "high",
            "rule_description": "Adversaries may attempt to get a listing of services running on remote hosts, including those that may be vulnerable to remote software exploitation",
            "rule_source": "Sigma Integrated Rule Set (GitHub)",
            "rule_title": "Python Initiated Connection",
            "rule_id": "e4d5f1be0673fa786cc8379c15338af08cdd11eed433bead9e801d6204d42a2d",
            "rule_author": "frack113"
          },
          {
            "match_context": [
              {
                "values": {
                  "EventID": "13",
                  "ProcessId": "7100",
                  "EventType": "SetValue",
                  "Image": "C:\\Program Files (x86)\\Joebox\\client\\joeboxclient.exe",
                  "RuleName": "-",
                  "UtcTime": "2022-07-28 07:47:32.512",
                  "Details": "x264vfw.dll",
                  "ProcessGuid": "C784477D-E7C8-629D-EC09-000000004700",
                  "TargetObject": "HKLM\\SOFTWARE\\WOW6432Node\\Microsoft\\Windows NT\\CurrentVersion\\Drivers32\\vidc.x264"
                }
              }
            ],
            "rule_level": "medium",
            "rule_description": "Detects modification of autostart extensibility point (ASEP) in registry.",
            "rule_source": "Sigma Integrated Rule Set (GitHub)",
            "rule_title": "Wow6432Node CurrentVersion Autorun Keys Modification",
            "rule_id": "3e5fe19fbbb767b861e93022c3f95d25e1618fc86be75b05326ee57b2f75633c",
            "rule_author": "Victor Sergeev, Daniil Yugoslavskiy, Gleb Sukhodolskiy, Timur Zinniatullin, oscd.community, Tim Shelton, frack113 (split)"
          },
          {
            "match_context": [
              {
                "values": {
                  "EventID": "4104",
                  "ScriptBlockId": "2d8c761a-b562-474a-8e48-939bbd8df59d",
                  "ScriptBlockText": "2a9050b8b5565911bbd3de0f9fdb41c96563509fc86f87745820109398fd58d8",
                  "MessageNumber": "\u0001",
                  "MessageTotal": "\u0001",
                  "Path": ""
                }
              },
              {
                "values": {
                  "EventID": "4104",
                  "ScriptBlockText": "2a9050b8b5565911bbd3de0f9fdb41c96563509fc86f87745820109398fd58d8",
                  "ScriptBlockId": "bdd909b8-9f79-442b-b599-bdb775e9104c",
                  "MessageNumber": "\u0001",
                  "MessageTotal": "\u0001",
                  "Path": ""
                }
              },
              {
                "values": {
                  "EventID": "4104",
                  "ScriptBlockId": "ade5f548-ee18-449e-846f-2574cd9a3fcd",
                  "ScriptBlockText": "c5839700b7c1a1d4c67945694fd8879227d67b8337d7fb47cd4992d2cc60b0c3",
                  "MessageNumber": "\u0002",
                  "MessageTotal": "\u000b",
                  "Path": ""
                }
              },
              {
                "values": {
                  "EventID": "4104",
                  "ScriptBlockText": "f9f89ea3af68043a3c984c5cc5fd377846e29526d5da956ae50387c204746051",
                  "ScriptBlockId": "ade5f548-ee18-449e-846f-2574cd9a3fcd",
                  "MessageNumber": "\u0003",
                  "Path": "",
                  "MessageTotal": "\u000b"
                }
              },
              {
                "values": {
                  "EventID": "4104",
                  "ScriptBlockText": "ccc68e225d26d55cc9e6c0f242790126d854a399ce3f8e20b69b749448049ca0",
                  "ScriptBlockId": "ade5f548-ee18-449e-846f-2574cd9a3fcd",
                  "MessageNumber": "\u0004",
                  "Path": "",
                  "MessageTotal": "\u000b"
                }
              },
              {
                "values": {
                  "EventID": "4104",
                  "ScriptBlockText": "95a6282fb1284dfee9b5e1701ac7cdb0b874f8fd882460eda7024375ee7bccf9",
                  "ScriptBlockId": "ade5f548-ee18-449e-846f-2574cd9a3fcd",
                  "MessageNumber": "\u0006",
                  "Path": "",
                  "MessageTotal": "\u000b"
                }
              },
              {
                "values": {
                  "EventID": "4104",
                  "ScriptBlockText": "bb4b5acf2577125e53e72c714bef10938e9c5e2892f156481288e26bbe333d8a",
                  "ScriptBlockId": "ade5f548-ee18-449e-846f-2574cd9a3fcd",
                  "MessageNumber": "\u0007",
                  "Path": "",
                  "MessageTotal": "\u000b"
                }
              },
              {
                "values": {
                  "EventID": "4104",
                  "ScriptBlockText": "086a25f75b4c98fb0421d2e036259f9f389097f3e8490131e84317825d574671",
                  "ScriptBlockId": "ade5f548-ee18-449e-846f-2574cd9a3fcd",
                  "MessageNumber": "\t",
                  "Path": "",
                  "MessageTotal": "\u000b"
                }
              },
              {
                "values": {
                  "EventID": "4104",
                  "ScriptBlockText": "1b64a4b4bbb0824ef72935c2a0527bf91cdedcfc8cf9a30dea644ef67ed339b7",
                  "ScriptBlockId": "685bc965-86dd-4e3f-a324-c9cb795421a0",
                  "MessageNumber": "\u0003",
                  "Path": "",
                  "MessageTotal": "\r"
                }
              },
              {
                "values": {
                  "EventID": "4104",
                  "ScriptBlockId": "685bc965-86dd-4e3f-a324-c9cb795421a0",
                  "ScriptBlockText": "ea5e2626ad06dd2d20bd954d84b3fae5bdf0ed424b75dede2af6b7e076cb5e7d",
                  "MessageNumber": "\u0004",
                  "MessageTotal": "\r",
                  "Path": ""
                }
              },
              {
                "values": {
                  "EventID": "4104",
                  "ScriptBlockId": "685bc965-86dd-4e3f-a324-c9cb795421a0",
                  "ScriptBlockText": "9594add37076b96b4fbe88fea43e17cfbd9e3eb9322747ef7074eab336fbaeab",
                  "MessageNumber": "\u0005",
                  "MessageTotal": "\r",
                  "Path": ""
                }
              },
              {
                "values": {
                  "EventID": "4104",
                  "ScriptBlockId": "685bc965-86dd-4e3f-a324-c9cb795421a0",
                  "ScriptBlockText": "055e7b72d3848534227d7e382cba7bc95ca102104092730c554b3f91be455f83",
                  "MessageNumber": "\u0006",
                  "MessageTotal": "\r",
                  "Path": ""
                }
              },
              {
                "values": {
                  "EventID": "4104",
                  "ScriptBlockText": "07188b7bbd5e699e7a0f9a47092d45aae8acab9ac276b64f596a9fb4a738f3fd",
                  "ScriptBlockId": "685bc965-86dd-4e3f-a324-c9cb795421a0",
                  "MessageNumber": "\b",
                  "MessageTotal": "\r",
                  "Path": ""
                }
              },
              {
                "values": {
                  "EventID": "4104",
                  "ScriptBlockText": "b5581910bd7956b2ecced302f183ddb81194db7c4ddf5e4a43720f73ad36a7b4",
                  "ScriptBlockId": "685bc965-86dd-4e3f-a324-c9cb795421a0",
                  "MessageNumber": "\n",
                  "Path": "",
                  "MessageTotal": "\r"
                }
              },
              {
                "values": {
                  "EventID": "4104",
                  "ScriptBlockText": "2a9050b8b5565911bbd3de0f9fdb41c96563509fc86f87745820109398fd58d8",
                  "ScriptBlockId": "b77f27b5-bbc6-4038-b122-8446aacbafa1",
                  "MessageNumber": "\u0001",
                  "MessageTotal": "\u0001",
                  "Path": ""
                }
              },
              {
                "values": {
                  "EventID": "4104",
                  "ScriptBlockText": "2a9050b8b5565911bbd3de0f9fdb41c96563509fc86f87745820109398fd58d8",
                  "ScriptBlockId": "ba43bd60-1283-4bf0-b46b-3261c2eee470",
                  "MessageNumber": "\u0001",
                  "MessageTotal": "\u0001",
                  "Path": ""
                }
              },
              {
                "values": {
                  "EventID": "4104",
                  "ScriptBlockId": "3aea046d-3a68-4868-bfb1-4e03f8c89bb9",
                  "ScriptBlockText": "62807b17928e117083d5cc9182bec35580dd59a55149b3d23e1127c6aa80a542",
                  "MessageNumber": "\u0004",
                  "MessageTotal": "\u0013",
                  "Path": ""
                }
              },
              {
                "values": {
                  "EventID": "4104",
                  "ScriptBlockText": "006ef0f60c645cf1f84f23db93cbf3540fc24f512c53917cc635647fe57da10a",
                  "ScriptBlockId": "3aea046d-3a68-4868-bfb1-4e03f8c89bb9",
                  "MessageNumber": "\u0005",
                  "MessageTotal": "\u0013",
                  "Path": ""
                }
              },
              {
                "values": {
                  "EventID": "4104",
                  "ScriptBlockText": "7275cb3782a1ae6851e2575729d3c918e00d86ebca0f5b023f3374a9655f346d",
                  "ScriptBlockId": "3aea046d-3a68-4868-bfb1-4e03f8c89bb9",
                  "MessageNumber": "\u0007",
                  "MessageTotal": "\u0013",
                  "Path": ""
                }
              },
              {
                "values": {
                  "EventID": "4104",
                  "ScriptBlockText": "31f4a0360494ff3c8292de9a7e0552a41a2156f735f7303944d3367f83774ef2",
                  "ScriptBlockId": "3aea046d-3a68-4868-bfb1-4e03f8c89bb9",
                  "MessageNumber": "\t",
                  "MessageTotal": "\u0013",
                  "Path": ""
                }
              },
              {
                "values": {
                  "EventID": "4104",
                  "ScriptBlockText": "4973d7c92fecc2f4e8a0e4c1fe4e0b2ff7251baef26b76946c7eee13632ec6d7",
                  "ScriptBlockId": "3aea046d-3a68-4868-bfb1-4e03f8c89bb9",
                  "MessageNumber": "\f",
                  "Path": "",
                  "MessageTotal": "\u0013"
                }
              },
              {
                "values": {
                  "EventID": "4104",
                  "ScriptBlockText": "4b4ffedf264a8a98ea102c11e98de2359195068038451e0f9d0d92a0c8fb302f",
                  "ScriptBlockId": "3aea046d-3a68-4868-bfb1-4e03f8c89bb9",
                  "MessageNumber": "\u000f",
                  "MessageTotal": "\u0013",
                  "Path": ""
                }
              },
              {
                "values": {
                  "EventID": "4104",
                  "ScriptBlockId": "ef324820-6c39-4c0d-9995-b3da3c2ac82c",
                  "ScriptBlockText": "1fa64c5e2421f98a7c53373d2851060f3cbe71c99bda9b8c6034eb3c864bec26",
                  "MessageNumber": "\u0002",
                  "MessageTotal": "\f",
                  "Path": ""
                }
              },
              {
                "values": {
                  "EventID": "4104",
                  "ScriptBlockId": "ef324820-6c39-4c0d-9995-b3da3c2ac82c",
                  "ScriptBlockText": "0aee9fb8a507227ec1722618e2c7be25b9f7af9ea249993ad836a423076af003",
                  "MessageNumber": "\u0003",
                  "MessageTotal": "\f",
                  "Path": ""
                }
              },
              {
                "values": {
                  "EventID": "4104",
                  "ScriptBlockText": "dbc77e3dcd6c2af1b836c437f499b365bbe8394492d579e9dac7fa38d81f57e0",
                  "ScriptBlockId": "ef324820-6c39-4c0d-9995-b3da3c2ac82c",
                  "MessageNumber": "\u0004",
                  "MessageTotal": "\f",
                  "Path": ""
                }
              },
              {
                "values": {
                  "EventID": "4104",
                  "ScriptBlockText": "1b62bbc85e0b6703af7574029f504e9ee9c75bee5086c7dce4f4fe2b1600af6a",
                  "ScriptBlockId": "ef324820-6c39-4c0d-9995-b3da3c2ac82c",
                  "MessageNumber": "\u0006",
                  "MessageTotal": "\f",
                  "Path": ""
                }
              },
              {
                "values": {
                  "EventID": "4104",
                  "ScriptBlockText": "4b287132c5f88ee7ec20c8b0776d5f83454f554616b1abd517c181b8a6320de6",
                  "ScriptBlockId": "ef324820-6c39-4c0d-9995-b3da3c2ac82c",
                  "MessageNumber": "\b",
                  "Path": "",
                  "MessageTotal": "\f"
                }
              },
              {
                "values": {
                  "EventID": "4104",
                  "ScriptBlockText": "b6bc93386e0aa2e01371f9e0a7261d9efb2224d6eef78cc79ca108adb6a8f76b",
                  "ScriptBlockId": "ef324820-6c39-4c0d-9995-b3da3c2ac82c",
                  "MessageNumber": "\n",
                  "MessageTotal": "\f",
                  "Path": ""
                }
              }
            ],
            "rule_level": "medium",
            "rule_description": "Adversaries may abuse the Windows Task Scheduler to perform task scheduling for initial or recurring execution of malicious code",
            "rule_source": "Sigma Integrated Rule Set (GitHub)",
            "rule_title": "Powershell Create Scheduled Task",
            "rule_id": "60d527fe5a592cbe8e98428d1412743b909d5625ec8bc91d20e8b6ee8b36db20",
            "rule_author": "frack113"
          },
          {
            "match_context": [
              {
                "values": {
                  "EventID": "11",
                  "ProcessId": "1740",
                  "Image": "C:\\Users\\admin\\AppData\\Local\\Programs\\Python\\Python37\\pythonw.exe",
                  "RuleName": "EXE",
                  "CreationUtcTime": "2022-07-27 16:59:23.484",
                  "UtcTime": "2022-07-27 16:59:23.484",
                  "ProcessGuid": "5240FBE6-6ED7-62E1-3B00-000000002400",
                  "TargetFilename": "C:\\Users\\admin\\AppData\\Local\\Temp\\frida-92e0c78f649f6de50e16373ff27d2c78\\frida-winjector-helper-32.exe"
                }
              },
              {
                "values": {
                  "EventID": "11",
                  "ProcessId": "1740",
                  "Image": "C:\\Users\\admin\\AppData\\Local\\Programs\\Python\\Python37\\pythonw.exe",
                  "ProcessGuid": "5240FBE6-6ED7-62E1-3B00-000000002400",
                  "CreationUtcTime": "2022-07-27 16:59:24.687",
                  "UtcTime": "2022-07-27 16:59:24.687",
                  "RuleName": "EXE",
                  "TargetFilename": "C:\\Users\\admin\\AppData\\Local\\Temp\\frida-92e0c78f649f6de50e16373ff27d2c78\\frida-winjector-helper-64.exe"
                }
              },
