              {
                "values": {
                  "TerminalSessionId": "1",
                  "ProcessGuid": "C784477D-C459-62FD-3A04-000000003000",
                  "ProcessId": "7016",
                  "Product": "Microsoft\u00ae Windows\u00ae Operating System",
                  "Description": "Eventing Command Line Utility",
                  "Company": "Microsoft Corporation",
                  "ParentProcessGuid": "C784477D-C43E-62FD-6100-000000003000",
                  "User": "DESKTOP-B0T93D6\\george",
                  "Hashes": "MD5=0269064AA2DD91125F13635FB194F499,SHA256=AB86C6C090FA85C2920A637D2BE274335A86FBC0A7FB706E893493B50840DC0A,IMPHASH=89A3D9DE9FED48F734C9553D16342280",
                  "OriginalFileName": "wevtutil.exe",
                  "ParentImage": "C:\\Windows\\System32\\cmd.exe",
                  "FileVersion": "10.0.17134.81 (WinBuild.160101.0800)",
                  "ParentProcessId": "4376",
                  "CurrentDirectory": "C:\\Windows\\system32\\",
                  "CommandLine": "wevtutil  cl \"Microsoft-Windows-User\"",
                  "EventID": "1",
                  "LogonGuid": "C784477D-C43E-62FD-3AD6-030000000000",
                  "LogonId": "251450",
                  "Image": "C:\\Windows\\System32\\wevtutil.exe",
                  "IntegrityLevel": "High",
                  "ParentCommandLine": "C:\\Windows\\SYSTEM32\\cmd.exe /c \"C:\\startup.bat\"",
                  "UtcTime": "2022-08-18 04:47:21.950",
                  "RuleName": "-"
                }
              },
              {
                "values": {
                  "TerminalSessionId": "1",
                  "ProcessGuid": "C784477D-C459-62FD-3B04-000000003000",
                  "ProcessId": "6780",
                  "Product": "Microsoft\u00ae Windows\u00ae Operating System",
                  "Description": "Eventing Command Line Utility",
                  "Company": "Microsoft Corporation",
                  "ParentProcessGuid": "C784477D-C43E-62FD-6100-000000003000",
                  "User": "DESKTOP-B0T93D6\\george",
                  "Hashes": "MD5=0269064AA2DD91125F13635FB194F499,SHA256=AB86C6C090FA85C2920A637D2BE274335A86FBC0A7FB706E893493B50840DC0A,IMPHASH=89A3D9DE9FED48F734C9553D16342280",
                  "OriginalFileName": "wevtutil.exe",
                  "ParentImage": "C:\\Windows\\System32\\cmd.exe",
                  "FileVersion": "10.0.17134.81 (WinBuild.160101.0800)",
                  "ParentProcessId": "4376",
                  "CurrentDirectory": "C:\\Windows\\system32\\",
                  "CommandLine": "wevtutil  cl \"Microsoft-Windows-User\"",
                  "EventID": "1",
                  "LogonGuid": "C784477D-C43E-62FD-3AD6-030000000000",
                  "LogonId": "251450",
                  "Image": "C:\\Windows\\System32\\wevtutil.exe",
                  "IntegrityLevel": "High",
                  "ParentCommandLine": "C:\\Windows\\SYSTEM32\\cmd.exe /c \"C:\\startup.bat\"",
                  "UtcTime": "2022-08-18 04:47:21.960",
                  "RuleName": "-"
                }
              },
              {
                "values": {
                  "TerminalSessionId": "1",
                  "ProcessGuid": "C784477D-C459-62FD-3C04-000000003000",
                  "ProcessId": "3044",
                  "Product": "Microsoft\u00ae Windows\u00ae Operating System",
                  "Description": "Eventing Command Line Utility",
                  "Company": "Microsoft Corporation",
                  "ParentProcessGuid": "C784477D-C43E-62FD-6100-000000003000",
                  "User": "DESKTOP-B0T93D6\\george",
                  "Hashes": "MD5=0269064AA2DD91125F13635FB194F499,SHA256=AB86C6C090FA85C2920A637D2BE274335A86FBC0A7FB706E893493B50840DC0A,IMPHASH=89A3D9DE9FED48F734C9553D16342280",
                  "OriginalFileName": "wevtutil.exe",
                  "ParentImage": "C:\\Windows\\System32\\cmd.exe",
                  "FileVersion": "10.0.17134.81 (WinBuild.160101.0800)",
                  "ParentProcessId": "4376",
                  "CurrentDirectory": "C:\\Windows\\system32\\",
                  "CommandLine": "wevtutil  cl \"Microsoft-Windows-User\"",
                  "EventID": "1",
                  "LogonGuid": "C784477D-C43E-62FD-3AD6-030000000000",
                  "LogonId": "251450",
                  "Image": "C:\\Windows\\System32\\wevtutil.exe",
                  "IntegrityLevel": "High",
                  "ParentCommandLine": "C:\\Windows\\SYSTEM32\\cmd.exe /c \"C:\\startup.bat\"",
                  "UtcTime": "2022-08-18 04:47:21.971",
                  "RuleName": "-"
                }
              },
              {
                "values": {
                  "TerminalSessionId": "1",
                  "ProcessGuid": "C784477D-C459-62FD-3D04-000000003000",
                  "ProcessId": "1924",
                  "Product": "Microsoft\u00ae Windows\u00ae Operating System",
                  "Description": "Eventing Command Line Utility",
                  "Company": "Microsoft Corporation",
                  "ParentProcessGuid": "C784477D-C43E-62FD-6100-000000003000",
                  "User": "DESKTOP-B0T93D6\\george",
                  "Hashes": "MD5=0269064AA2DD91125F13635FB194F499,SHA256=AB86C6C090FA85C2920A637D2BE274335A86FBC0A7FB706E893493B50840DC0A,IMPHASH=89A3D9DE9FED48F734C9553D16342280",
                  "OriginalFileName": "wevtutil.exe",
                  "ParentImage": "C:\\Windows\\System32\\cmd.exe",
                  "FileVersion": "10.0.17134.81 (WinBuild.160101.0800)",
                  "ParentProcessId": "4376",
                  "CurrentDirectory": "C:\\Windows\\system32\\",
                  "CommandLine": "wevtutil  cl \"Microsoft-Windows-User\"",
                  "EventID": "1",
                  "LogonGuid": "C784477D-C43E-62FD-3AD6-030000000000",
                  "LogonId": "251450",
                  "Image": "C:\\Windows\\System32\\wevtutil.exe",
                  "IntegrityLevel": "High",
                  "ParentCommandLine": "C:\\Windows\\SYSTEM32\\cmd.exe /c \"C:\\startup.bat\"",
                  "UtcTime": "2022-08-18 04:47:21.981",
                  "RuleName": "-"
                }
              },
              {
                "values": {
                  "TerminalSessionId": "1",
                  "ProcessGuid": "C784477D-C459-62FD-3E04-000000003000",
                  "ProcessId": "6916",
                  "Product": "Microsoft\u00ae Windows\u00ae Operating System",
                  "Description": "Eventing Command Line Utility",
                  "Company": "Microsoft Corporation",
                  "ParentProcessGuid": "C784477D-C43E-62FD-6100-000000003000",
                  "User": "DESKTOP-B0T93D6\\george",
                  "Hashes": "MD5=0269064AA2DD91125F13635FB194F499,SHA256=AB86C6C090FA85C2920A637D2BE274335A86FBC0A7FB706E893493B50840DC0A,IMPHASH=89A3D9DE9FED48F734C9553D16342280",
                  "OriginalFileName": "wevtutil.exe",
                  "ParentImage": "C:\\Windows\\System32\\cmd.exe",
                  "FileVersion": "10.0.17134.81 (WinBuild.160101.0800)",
                  "ParentProcessId": "4376",
                  "CurrentDirectory": "C:\\Windows\\system32\\",
                  "CommandLine": "wevtutil  cl \"Microsoft-Windows-User-Loader/Analytic\"",
                  "EventID": "1",
                  "LogonGuid": "C784477D-C43E-62FD-3AD6-030000000000",
                  "LogonId": "251450",
                  "Image": "C:\\Windows\\System32\\wevtutil.exe",
                  "IntegrityLevel": "High",
                  "ParentCommandLine": "C:\\Windows\\SYSTEM32\\cmd.exe /c \"C:\\startup.bat\"",
                  "UtcTime": "2022-08-18 04:47:21.993",
                  "RuleName": "-"
                }
              },
              {
                "values": {
                  "TerminalSessionId": "1",
                  "ProcessGuid": "C784477D-C45A-62FD-3F04-000000003000",
                  "ProcessId": "5880",
                  "Product": "Microsoft\u00ae Windows\u00ae Operating System",
                  "Description": "Eventing Command Line Utility",
                  "Company": "Microsoft Corporation",
                  "ParentProcessGuid": "C784477D-C43E-62FD-6100-000000003000",
                  "User": "DESKTOP-B0T93D6\\george",
                  "Hashes": "MD5=0269064AA2DD91125F13635FB194F499,SHA256=AB86C6C090FA85C2920A637D2BE274335A86FBC0A7FB706E893493B50840DC0A,IMPHASH=89A3D9DE9FED48F734C9553D16342280",
                  "OriginalFileName": "wevtutil.exe",
                  "ParentImage": "C:\\Windows\\System32\\cmd.exe",
                  "FileVersion": "10.0.17134.81 (WinBuild.160101.0800)",
                  "ParentProcessId": "4376",
                  "CurrentDirectory": "C:\\Windows\\system32\\",
                  "CommandLine": "wevtutil  cl \"Microsoft-Windows-User-Loader/Operational\"",
                  "EventID": "1",
                  "LogonGuid": "C784477D-C43E-62FD-3AD6-030000000000",
                  "LogonId": "251450",
                  "Image": "C:\\Windows\\System32\\wevtutil.exe",
                  "IntegrityLevel": "High",
                  "ParentCommandLine": "C:\\Windows\\SYSTEM32\\cmd.exe /c \"C:\\startup.bat\"",
                  "UtcTime": "2022-08-18 04:47:22.004",
                  "RuleName": "-"
                }
              },
              {
                "values": {
                  "TerminalSessionId": "1",
                  "ProcessGuid": "C784477D-C45A-62FD-4004-000000003000",
                  "ProcessId": "6988",
                  "Product": "Microsoft\u00ae Windows\u00ae Operating System",
                  "Description": "Eventing Command Line Utility",
                  "Company": "Microsoft Corporation",
                  "ParentProcessGuid": "C784477D-C43E-62FD-6100-000000003000",
                  "User": "DESKTOP-B0T93D6\\george",
                  "Hashes": "MD5=0269064AA2DD91125F13635FB194F499,SHA256=AB86C6C090FA85C2920A637D2BE274335A86FBC0A7FB706E893493B50840DC0A,IMPHASH=89A3D9DE9FED48F734C9553D16342280",
                  "OriginalFileName": "wevtutil.exe",
                  "ParentImage": "C:\\Windows\\System32\\cmd.exe",
                  "FileVersion": "10.0.17134.81 (WinBuild.160101.0800)",
                  "ParentProcessId": "4376",
                  "CurrentDirectory": "C:\\Windows\\system32\\",
                  "CommandLine": "wevtutil  cl \"Microsoft-Windows-UserAccountControl/Diagnostic\"",
                  "EventID": "1",
                  "LogonGuid": "C784477D-C43E-62FD-3AD6-030000000000",
                  "LogonId": "251450",
                  "Image": "C:\\Windows\\System32\\wevtutil.exe",
                  "IntegrityLevel": "High",
                  "ParentCommandLine": "C:\\Windows\\SYSTEM32\\cmd.exe /c \"C:\\startup.bat\"",
                  "UtcTime": "2022-08-18 04:47:22.022",
                  "RuleName": "-"
                }
              },
              {
                "values": {
                  "TerminalSessionId": "1",
                  "ProcessGuid": "C784477D-C45A-62FD-4104-000000003000",
                  "ProcessId": "5488",
                  "Product": "Microsoft\u00ae Windows\u00ae Operating System",
                  "Description": "Eventing Command Line Utility",
                  "Company": "Microsoft Corporation",
                  "ParentProcessGuid": "C784477D-C43E-62FD-6100-000000003000",
                  "User": "DESKTOP-B0T93D6\\george",
                  "Hashes": "MD5=0269064AA2DD91125F13635FB194F499,SHA256=AB86C6C090FA85C2920A637D2BE274335A86FBC0A7FB706E893493B50840DC0A,IMPHASH=89A3D9DE9FED48F734C9553D16342280",
                  "OriginalFileName": "wevtutil.exe",
                  "ParentImage": "C:\\Windows\\System32\\cmd.exe",
                  "FileVersion": "10.0.17134.81 (WinBuild.160101.0800)",
                  "ParentProcessId": "4376",
                  "CurrentDirectory": "C:\\Windows\\system32\\",
                  "CommandLine": "wevtutil  cl \"Microsoft-Windows-UserModePowerService/Diagnostic\"",
                  "EventID": "1",
                  "LogonGuid": "C784477D-C43E-62FD-3AD6-030000000000",
                  "LogonId": "251450",
                  "Image": "C:\\Windows\\System32\\wevtutil.exe",
                  "IntegrityLevel": "High",
                  "ParentCommandLine": "C:\\Windows\\SYSTEM32\\cmd.exe /c \"C:\\startup.bat\"",
                  "UtcTime": "2022-08-18 04:47:22.033",
                  "RuleName": "-"
                }
              },
              {
                "values": {
                  "TerminalSessionId": "1",
                  "ProcessGuid": "C784477D-C45A-62FD-4204-000000003000",
                  "ProcessId": "6984",
                  "Product": "Microsoft\u00ae Windows\u00ae Operating System",
                  "Description": "Eventing Command Line Utility",
                  "Company": "Microsoft Corporation",
                  "ParentProcessGuid": "C784477D-C43E-62FD-6100-000000003000",
                  "User": "DESKTOP-B0T93D6\\george",
                  "Hashes": "MD5=0269064AA2DD91125F13635FB194F499,SHA256=AB86C6C090FA85C2920A637D2BE274335A86FBC0A7FB706E893493B50840DC0A,IMPHASH=89A3D9DE9FED48F734C9553D16342280",
                  "OriginalFileName": "wevtutil.exe",
                  "ParentImage": "C:\\Windows\\System32\\cmd.exe",
                  "FileVersion": "10.0.17134.81 (WinBuild.160101.0800)",
                  "ParentProcessId": "4376",
                  "CurrentDirectory": "C:\\Windows\\system32\\",
                  "CommandLine": "wevtutil  cl \"Microsoft-Windows-UserPnp/ActionCenter\"",
                  "EventID": "1",
                  "LogonGuid": "C784477D-C43E-62FD-3AD6-030000000000",
                  "LogonId": "251450",
                  "Image": "C:\\Windows\\System32\\wevtutil.exe",
                  "IntegrityLevel": "High",
                  "ParentCommandLine": "C:\\Windows\\SYSTEM32\\cmd.exe /c \"C:\\startup.bat\"",
                  "UtcTime": "2022-08-18 04:47:22.044",
                  "RuleName": "-"
                }
              },
              {
                "values": {
                  "TerminalSessionId": "1",
                  "ProcessGuid": "C784477D-C45A-62FD-4304-000000003000",
                  "ProcessId": "7004",
                  "Product": "Microsoft\u00ae Windows\u00ae Operating System",
                  "Description": "Eventing Command Line Utility",
                  "Company": "Microsoft Corporation",
                  "ParentProcessGuid": "C784477D-C43E-62FD-6100-000000003000",
                  "User": "DESKTOP-B0T93D6\\george",
                  "Hashes": "MD5=0269064AA2DD91125F13635FB194F499,SHA256=AB86C6C090FA85C2920A637D2BE274335A86FBC0A7FB706E893493B50840DC0A,IMPHASH=89A3D9DE9FED48F734C9553D16342280",
                  "OriginalFileName": "wevtutil.exe",
                  "ParentImage": "C:\\Windows\\System32\\cmd.exe",
                  "FileVersion": "10.0.17134.81 (WinBuild.160101.0800)",
                  "ParentProcessId": "4376",
                  "CurrentDirectory": "C:\\Windows\\system32\\",
                  "CommandLine": "wevtutil  cl \"Microsoft-Windows-UserPnp/DeviceInstall\"",
                  "EventID": "1",
                  "LogonGuid": "C784477D-C43E-62FD-3AD6-030000000000",
                  "LogonId": "251450",
                  "Image": "C:\\Windows\\System32\\wevtutil.exe",
                  "IntegrityLevel": "High",
                  "ParentCommandLine": "C:\\Windows\\SYSTEM32\\cmd.exe /c \"C:\\startup.bat\"",
                  "UtcTime": "2022-08-18 04:47:22.057",
                  "RuleName": "-"
                }
              },
              {
                "values": {
                  "TerminalSessionId": "1",
                  "ProcessGuid": "C784477D-C45A-62FD-4404-000000003000",
                  "ProcessId": "7020",
                  "Product": "Microsoft\u00ae Windows\u00ae Operating System",
                  "Description": "Eventing Command Line Utility",
                  "Company": "Microsoft Corporation",
                  "ParentProcessGuid": "C784477D-C43E-62FD-6100-000000003000",
                  "User": "DESKTOP-B0T93D6\\george",
                  "Hashes": "MD5=0269064AA2DD91125F13635FB194F499,SHA256=AB86C6C090FA85C2920A637D2BE274335A86FBC0A7FB706E893493B50840DC0A,IMPHASH=89A3D9DE9FED48F734C9553D16342280",
                  "OriginalFileName": "wevtutil.exe",
                  "ParentImage": "C:\\Windows\\System32\\cmd.exe",
                  "FileVersion": "10.0.17134.81 (WinBuild.160101.0800)",
                  "ParentProcessId": "4376",
                  "CurrentDirectory": "C:\\Windows\\system32\\",
                  "CommandLine": "wevtutil  cl \"Microsoft-Windows-UserPnp/DeviceMetadata/Debug\"",
                  "EventID": "1",
                  "LogonGuid": "C784477D-C43E-62FD-3AD6-030000000000",
                  "LogonId": "251450",
                  "Image": "C:\\Windows\\System32\\wevtutil.exe",
                  "IntegrityLevel": "High",
                  "ParentCommandLine": "C:\\Windows\\SYSTEM32\\cmd.exe /c \"C:\\startup.bat\"",
                  "UtcTime": "2022-08-18 04:47:22.079",
                  "RuleName": "-"
                }
              },
              {
                "values": {
                  "TerminalSessionId": "1",
                  "ProcessGuid": "C784477D-C45A-62FD-4504-000000003000",
                  "ProcessId": "7044",
                  "Product": "Microsoft\u00ae Windows\u00ae Operating System",
                  "Description": "Eventing Command Line Utility",
                  "Company": "Microsoft Corporation",
                  "ParentProcessGuid": "C784477D-C43E-62FD-6100-000000003000",
                  "User": "DESKTOP-B0T93D6\\george",
                  "Hashes": "MD5=0269064AA2DD91125F13635FB194F499,SHA256=AB86C6C090FA85C2920A637D2BE274335A86FBC0A7FB706E893493B50840DC0A,IMPHASH=89A3D9DE9FED48F734C9553D16342280",
                  "OriginalFileName": "wevtutil.exe",
                  "ParentImage": "C:\\Windows\\System32\\cmd.exe",
                  "FileVersion": "10.0.17134.81 (WinBuild.160101.0800)",
                  "ParentProcessId": "4376",
                  "CurrentDirectory": "C:\\Windows\\system32\\",
                  "CommandLine": "wevtutil  cl \"Microsoft-Windows-UserPnp/Performance\"",
                  "EventID": "1",
                  "LogonGuid": "C784477D-C43E-62FD-3AD6-030000000000",
                  "LogonId": "251450",
                  "Image": "C:\\Windows\\System32\\wevtutil.exe",
                  "IntegrityLevel": "High",
                  "ParentCommandLine": "C:\\Windows\\SYSTEM32\\cmd.exe /c \"C:\\startup.bat\"",
                  "UtcTime": "2022-08-18 04:47:22.090",
                  "RuleName": "-"
                }
              },
              {
                "values": {
                  "TerminalSessionId": "1",
                  "ProcessGuid": "C784477D-C45A-62FD-4604-000000003000",
                  "ProcessId": "4988",
                  "Product": "Microsoft\u00ae Windows\u00ae Operating System",
                  "Description": "Eventing Command Line Utility",
                  "Company": "Microsoft Corporation",
                  "ParentProcessGuid": "C784477D-C43E-62FD-6100-000000003000",
                  "User": "DESKTOP-B0T93D6\\george",
                  "Hashes": "MD5=0269064AA2DD91125F13635FB194F499,SHA256=AB86C6C090FA85C2920A637D2BE274335A86FBC0A7FB706E893493B50840DC0A,IMPHASH=89A3D9DE9FED48F734C9553D16342280",
                  "OriginalFileName": "wevtutil.exe",
                  "ParentImage": "C:\\Windows\\System32\\cmd.exe",
                  "FileVersion": "10.0.17134.81 (WinBuild.160101.0800)",
                  "ParentProcessId": "4376",
                  "CurrentDirectory": "C:\\Windows\\system32\\",
                  "CommandLine": "wevtutil  cl \"Microsoft-Windows-UserPnp/SchedulerOperations\"",
                  "EventID": "1",
                  "LogonGuid": "C784477D-C43E-62FD-3AD6-030000000000",
                  "LogonId": "251450",
                  "Image": "C:\\Windows\\System32\\wevtutil.exe",
                  "IntegrityLevel": "High",
                  "ParentCommandLine": "C:\\Windows\\SYSTEM32\\cmd.exe /c \"C:\\startup.bat\"",
                  "UtcTime": "2022-08-18 04:47:22.100",
                  "RuleName": "-"
                }
              },
              {
                "values": {
                  "TerminalSessionId": "1",
                  "ProcessGuid": "C784477D-C45A-62FD-4704-000000003000",
                  "ProcessId": "468",
                  "Product": "Microsoft\u00ae Windows\u00ae Operating System",
                  "Description": "Eventing Command Line Utility",
                  "Company": "Microsoft Corporation",
                  "ParentProcessGuid": "C784477D-C43E-62FD-6100-000000003000",
                  "User": "DESKTOP-B0T93D6\\george",
                  "Hashes": "MD5=0269064AA2DD91125F13635FB194F499,SHA256=AB86C6C090FA85C2920A637D2BE274335A86FBC0A7FB706E893493B50840DC0A,IMPHASH=89A3D9DE9FED48F734C9553D16342280",
                  "OriginalFileName": "wevtutil.exe",
                  "ParentImage": "C:\\Windows\\System32\\cmd.exe",
                  "FileVersion": "10.0.17134.81 (WinBuild.160101.0800)",
                  "ParentProcessId": "4376",
                  "CurrentDirectory": "C:\\Windows\\system32\\",
                  "CommandLine": "wevtutil  cl \"Microsoft-Windows-UxInit/Diagnostic\"",
                  "EventID": "1",
                  "LogonGuid": "C784477D-C43E-62FD-3AD6-030000000000",
                  "LogonId": "251450",
                  "Image": "C:\\Windows\\System32\\wevtutil.exe",
                  "IntegrityLevel": "High",
                  "ParentCommandLine": "C:\\Windows\\SYSTEM32\\cmd.exe /c \"C:\\startup.bat\"",
                  "UtcTime": "2022-08-18 04:47:22.111",
                  "RuleName": "-"
                }
              },
              {
                "values": {
                  "TerminalSessionId": "1",
                  "ProcessGuid": "C784477D-C45A-62FD-4804-000000003000",
                  "ProcessId": "7068",
                  "Product": "Microsoft\u00ae Windows\u00ae Operating System",
                  "Description": "Eventing Command Line Utility",
                  "Company": "Microsoft Corporation",
                  "ParentProcessGuid": "C784477D-C43E-62FD-6100-000000003000",
                  "User": "DESKTOP-B0T93D6\\george",
                  "Hashes": "MD5=0269064AA2DD91125F13635FB194F499,SHA256=AB86C6C090FA85C2920A637D2BE274335A86FBC0A7FB706E893493B50840DC0A,IMPHASH=89A3D9DE9FED48F734C9553D16342280",
                  "OriginalFileName": "wevtutil.exe",
                  "ParentImage": "C:\\Windows\\System32\\cmd.exe",
                  "FileVersion": "10.0.17134.81 (WinBuild.160101.0800)",
                  "ParentProcessId": "4376",
                  "CurrentDirectory": "C:\\Windows\\system32\\",
                  "CommandLine": "wevtutil  cl \"Microsoft-Windows-UxTheme/Diagnostic\"",
                  "EventID": "1",
                  "LogonGuid": "C784477D-C43E-62FD-3AD6-030000000000",
                  "LogonId": "251450",
                  "Image": "C:\\Windows\\System32\\wevtutil.exe",
                  "IntegrityLevel": "High",
                  "ParentCommandLine": "C:\\Windows\\SYSTEM32\\cmd.exe /c \"C:\\startup.bat\"",
                  "UtcTime": "2022-08-18 04:47:22.123",
                  "RuleName": "-"
                }
              },
              {
                "values": {
                  "TerminalSessionId": "1",
                  "ProcessGuid": "C784477D-C45A-62FD-4904-000000003000",
                  "ProcessId": "7088",
                  "Product": "Microsoft\u00ae Windows\u00ae Operating System",
                  "Description": "Eventing Command Line Utility",
                  "Company": "Microsoft Corporation",
                  "ParentProcessGuid": "C784477D-C43E-62FD-6100-000000003000",
                  "User": "DESKTOP-B0T93D6\\george",
                  "Hashes": "MD5=0269064AA2DD91125F13635FB194F499,SHA256=AB86C6C090FA85C2920A637D2BE274335A86FBC0A7FB706E893493B50840DC0A,IMPHASH=89A3D9DE9FED48F734C9553D16342280",
                  "OriginalFileName": "wevtutil.exe",
                  "ParentImage": "C:\\Windows\\System32\\cmd.exe",
                  "FileVersion": "10.0.17134.81 (WinBuild.160101.0800)",
                  "ParentProcessId": "4376",
                  "CurrentDirectory": "C:\\Windows\\system32\\",
                  "CommandLine": "wevtutil  cl \"Microsoft-Windows-VAN/Diagnostic\"",
                  "EventID": "1",
                  "LogonGuid": "C784477D-C43E-62FD-3AD6-030000000000",
                  "LogonId": "251450",
                  "Image": "C:\\Windows\\System32\\wevtutil.exe",
                  "IntegrityLevel": "High",
                  "ParentCommandLine": "C:\\Windows\\SYSTEM32\\cmd.exe /c \"C:\\startup.bat\"",
                  "UtcTime": "2022-08-18 04:47:22.135",
                  "RuleName": "-"
                }
              },
              {
                "values": {
                  "TerminalSessionId": "1",
                  "ProcessGuid": "C784477D-C45A-62FD-4A04-000000003000",
                  "ProcessId": "7108",
                  "Product": "Microsoft\u00ae Windows\u00ae Operating System",
                  "Description": "Eventing Command Line Utility",
                  "Company": "Microsoft Corporation",
                  "ParentProcessGuid": "C784477D-C43E-62FD-6100-000000003000",
                  "User": "DESKTOP-B0T93D6\\george",
                  "Hashes": "MD5=0269064AA2DD91125F13635FB194F499,SHA256=AB86C6C090FA85C2920A637D2BE274335A86FBC0A7FB706E893493B50840DC0A,IMPHASH=89A3D9DE9FED48F734C9553D16342280",
                  "OriginalFileName": "wevtutil.exe",
                  "ParentImage": "C:\\Windows\\System32\\cmd.exe",
                  "FileVersion": "10.0.17134.81 (WinBuild.160101.0800)",
                  "ParentProcessId": "4376",
                  "CurrentDirectory": "C:\\Windows\\system32\\",
                  "CommandLine": "wevtutil  cl \"Microsoft-Windows-VDRVROOT/Operational\"",
                  "EventID": "1",
                  "LogonGuid": "C784477D-C43E-62FD-3AD6-030000000000",
                  "LogonId": "251450",
                  "Image": "C:\\Windows\\System32\\wevtutil.exe",
                  "IntegrityLevel": "High",
                  "ParentCommandLine": "C:\\Windows\\SYSTEM32\\cmd.exe /c \"C:\\startup.bat\"",
                  "UtcTime": "2022-08-18 04:47:22.145",
                  "RuleName": "-"
                }
              },
              {
                "values": {
                  "TerminalSessionId": "1",
                  "ProcessGuid": "C784477D-C45A-62FD-4B04-000000003000",
                  "ProcessId": "7128",
                  "Product": "Microsoft\u00ae Windows\u00ae Operating System",
                  "Description": "Eventing Command Line Utility",
                  "Company": "Microsoft Corporation",
                  "ParentProcessGuid": "C784477D-C43E-62FD-6100-000000003000",
                  "User": "DESKTOP-B0T93D6\\george",
                  "Hashes": "MD5=0269064AA2DD91125F13635FB194F499,SHA256=AB86C6C090FA85C2920A637D2BE274335A86FBC0A7FB706E893493B50840DC0A,IMPHASH=89A3D9DE9FED48F734C9553D16342280",
                  "OriginalFileName": "wevtutil.exe",
                  "ParentImage": "C:\\Windows\\System32\\cmd.exe",
                  "FileVersion": "10.0.17134.81 (WinBuild.160101.0800)",
                  "ParentProcessId": "4376",
                  "CurrentDirectory": "C:\\Windows\\system32\\",
                  "CommandLine": "wevtutil  cl \"Microsoft-Windows-VHDMP-Analytic\"",
                  "EventID": "1",
                  "LogonGuid": "C784477D-C43E-62FD-3AD6-030000000000",
                  "LogonId": "251450",
                  "Image": "C:\\Windows\\System32\\wevtutil.exe",
                  "IntegrityLevel": "High",
                  "ParentCommandLine": "C:\\Windows\\SYSTEM32\\cmd.exe /c \"C:\\startup.bat\"",
                  "UtcTime": "2022-08-18 04:47:22.163",
                  "RuleName": "-"
                }
              }
            ],
            "rule_level": "high",
            "rule_id": "b8f19be4c7bf862dce0d4d1f7885f2207ddf93b3a33d8a6e16f3968c4fbb6491",
            "rule_source": "Sigma Integrated Rule Set (GitHub)",
            "rule_title": "Suspicious Eventlog Clear or Configuration Using Wevtutil",
            "rule_description": "Detects clearing or configuration of eventlogs using wevtutil, powershell and wmic. Might be used by ransomwares during the attack (seen by NotPetya and others).",
            "rule_author": "Ecco, Daniil Yugoslavskiy, oscd.community"
          },
          {
            "match_context": [
              {
                "values": {
                  "EventID": "13",
                  "ProcessId": "3728",
                  "EventType": "SetValue",
                  "Image": "C:\\Program Files (x86)\\AutoIt3\\AutoIt3.exe",
                  "RuleName": "T1122",
                  "UtcTime": "2022-10-05 10:14:24.278",
                  "Details": "C:\\Users\\george\\AppData\\Local\\Temp\\JSAMSIProvider64.dll",
                  "ProcessGuid": "C784477D-C58D-62FD-7005-000000003000",
                  "TargetObject": "HKCR\\CLSID\\{0EE7644B-1BAD-48B1-9889-0281C206EB85}\\InprocServer32\\(Default)"
                }
              }
            ],
            "rule_level": "high",
            "rule_id": "c64a541b46d176ef960f347f5e86ee15927eb668f86a5f9f6260bbc94b1d2f3a",
            "rule_source": "Sigma Integrated Rule Set (GitHub)",
            "rule_title": "COM Hijacking For Persistence With Suspicious Locations",
            "rule_description": "Detects potential COM object hijacking where the \"Server\" (In/Out) is pointing to a supsicious or unsuale location",
            "rule_author": "Nasreddine Bencherchali"
          },
          {
            "match_context": [
              {
                "values": {
                  "TerminalSessionId": "1",
                  "ProcessGuid": "C784477D-C58D-62FD-6D05-000000003000",
                  "ProcessId": "6708",
                  "Product": "Microsoft \u00ae Windows Script Host",
                  "Description": "Microsoft \u00ae Console Based Script Host",
                  "Company": "Microsoft Corporation",
                  "ParentProcessGuid": "C784477D-C587-62FD-6C05-000000003000",
                  "User": "DESKTOP-B0T93D6\\george",
                  "Hashes": "MD5=00D3041E47F99E48DD5FFFEDF60F6304,SHA256=10ECC451723E74B7831D01B84790B74EB27201BD86AAFB31317AA9A4AD02900A,IMPHASH=749C19E6DF62E73141CC1DA2D5DDADEB",
                  "OriginalFileName": "cscript.exe",
                  "ParentImage": "C:\\Program Files (x86)\\Joebox\\client\\joeboxclient.exe",
                  "FileVersion": "5.812.10240.16384",
                  "ParentProcessId": "4804",
                  "CurrentDirectory": "C:\\Program Files (x86)\\Joebox\\client\\",
                  "CommandLine": "\"cscript\" C:\\Windows\\System32\\slmgr.vbs /xpr",
                  "EventID": "1",
                  "LogonGuid": "C784477D-C43E-62FD-3AD6-030000000000",
                  "LogonId": "251450",
                  "Image": "C:\\Windows\\SysWOW64\\cscript.exe",
                  "IntegrityLevel": "High",
                  "ParentCommandLine": "\"C:\\Program Files (x86)\\Joebox\\client\\joeboxclient.exe\"",
                  "UtcTime": "2022-08-18 04:52:29.157",
                  "RuleName": "-"
                }
              }
            ],
            "rule_level": "medium",
            "rule_id": "140aa55cb94f2ee1de560a395631283b557b8f771117a7991289298e2c6e7f6e",
            "rule_source": "Sigma Integrated Rule Set (GitHub)",
            "rule_title": "Cscript Visual Basic Script Execution",
            "rule_description": "Adversaries may abuse Visual Basic (VB) for execution",
            "rule_author": "frack113"
          },
          {
            "match_context": [
              {
                "values": {
                  "TerminalSessionId": "1",
                  "ProcessGuid": "C784477D-C592-62FD-2406-000000003000",
                  "ProcessId": "3360",
                  "Product": "Microsoft\u00ae Windows\u00ae Operating System",
                  "Description": "Boot Configuration Data Editor",
                  "Company": "Microsoft Corporation",
                  "ParentProcessGuid": "C784477D-C592-62FD-2206-000000003000",
                  "User": "DESKTOP-B0T93D6\\george",
                  "Hashes": "MD5=C46E3768DB01E7DC3B92EF42CC1B9C73,SHA256=3AD26DB8DC988EAD9E73FECF4D8D888A66F7965AC09F8AF4E3CFCD09028A5B59,IMPHASH=5590A306D0FA939852B69E8411CA102B",
                  "OriginalFileName": "bcdedit.exe",
                  "ParentImage": "C:\\Windows\\SysWOW64\\cmd.exe",
                  "FileVersion": "10.0.17134.950 (WinBuild.160101.0800)",
                  "ParentProcessId": "4568",
                  "CurrentDirectory": "C:\\Program Files (x86)\\AutoIt3\\",
                  "CommandLine": "C:\\Windows\\Sysnative\\bcdedit.exe  ",
                  "EventID": "1",
                  "LogonGuid": "C784477D-C43E-62FD-3AD6-030000000000",
                  "LogonId": "251450",
                  "Image": "C:\\Windows\\System32\\bcdedit.exe",
                  "IntegrityLevel": "High",
                  "ParentCommandLine": "C:\\Windows\\system32\\cmd.exe /c C:\\Windows\\Sysnative\\bcdedit.exe 1> bcdedit 2>&1",
                  "UtcTime": "2022-08-18 04:52:34.735",
                  "RuleName": "-"
                }
              }
            ],
            "rule_level": "medium",
            "rule_id": "1dfbc92aba26dc597751f9cf42ff3eac446b827525d1a38ea6fb4141c9f9af01",
            "rule_source": "Sigma Integrated Rule Set (GitHub)",
            "rule_title": "Process Creation Using Sysnative Folder",
            "rule_description": "Detects process creation events that use the Sysnative folder (common for CobaltStrike spawns)",
            "rule_author": "Max Altgelt"
          },
          {
            "match_context": [
              {
                "values": {
                  "EventID": "13",
                  "ProcessId": "4804",
                  "EventType": "SetValue",
                  "Image": "C:\\Program Files (x86)\\Joebox\\client\\joeboxclient.exe",
                  "RuleName": "-",
                  "UtcTime": "2022-10-05 10:14:37.325",
                  "Details": "x264vfw.dll",
                  "ProcessGuid": "C784477D-C587-62FD-6C05-000000003000",
                  "TargetObject": "HKLM\\SOFTWARE\\WOW6432Node\\Microsoft\\Windows NT\\CurrentVersion\\Drivers32\\vidc.x264"
                }
              },
              {
                "values": {
                  "EventID": "13",
                  "ProcessId": "4804",
                  "EventType": "SetValue",
                  "Image": "C:\\Program Files (x86)\\sandbox\\client\\sandbox-client.exe",
                  "ProcessGuid": "{C784477D-C587-62FD-6C05-000000003000}",
                  "UtcTime": "1664964877",
                  "Details": "x264vfw.dll",
                  "RuleName": "-",
                  "TargetObject": "HKLM\\SOFTWARE\\WOW6432Node\\Microsoft\\Windows NT\\CurrentVersion\\Drivers32\\vidc.x264"
                }
              }
            ],
            "rule_level": "medium",
            "rule_id": "3e5fe19fbbb767b861e93022c3f95d25e1618fc86be75b05326ee57b2f75633c",
            "rule_source": "Sigma Integrated Rule Set (GitHub)",
            "rule_title": "Wow6432Node CurrentVersion Autorun Keys Modification",
            "rule_description": "Detects modification of autostart extensibility point (ASEP) in registry.",
            "rule_author": "Victor Sergeev, Daniil Yugoslavskiy, Gleb Sukhodolskiy, Timur Zinniatullin, oscd.community, Tim Shelton, frack113 (split)"
          },
          {
            "match_context": [
              {
                "values": {
                  "EventID": "13",
                  "ProcessId": "844",
                  "EventType": "SetValue",
                  "Image": "C:\\Windows\\system32\\svchost.exe",
                  "RuleName": "T1089",
                  "UtcTime": "2022-08-18 04:52:34.149",
                  "Details": "DWORD (0x00000000)",
                  "ProcessGuid": "C784477D-C43A-62FD-1600-000000003000",
                  "TargetObject": "HKLM\\System\\CurrentControlSet\\Services\\SharedAccess\\Parameters\\FirewallPolicy\\DomainProfile\\EnableFirewall"
                }
              },
              {
                "values": {
                  "EventID": "13",
                  "ProcessId": "844",
                  "EventType": "SetValue",
                  "Image": "C:\\Windows\\system32\\svchost.exe",
                  "RuleName": "T1089",
                  "UtcTime": "2022-08-18 04:52:34.164",
                  "Details": "DWORD (0x00000000)",
                  "ProcessGuid": "C784477D-C43A-62FD-1600-000000003000",
                  "TargetObject": "HKLM\\System\\CurrentControlSet\\Services\\SharedAccess\\Parameters\\FirewallPolicy\\StandardProfile\\EnableFirewall"
                }
              },
