              {
                "values": {
                  "TerminalSessionId": "1",
                  "ProcessGuid": "C784477D-C590-62FD-9605-000000003000",
                  "ProcessId": "1592",
                  "Product": "Microsoft\u00ae Windows\u00ae Operating System",
                  "Description": "Service Control Manager Configuration Tool",
                  "Company": "Microsoft Corporation",
                  "ParentProcessGuid": "C784477D-C590-62FD-9405-000000003000",
                  "User": "DESKTOP-B0T93D6\\george",
                  "Hashes": "MD5=24A3E2603E63BCB9695A2935D3B24695,SHA256=3047D5C22A245D1E4294FCD547EC5FB0F2E5EF030B764424ACC74E7744FBE32E,IMPHASH=B037D0ADB81BF9CFC651DE01742089F1",
                  "OriginalFileName": "sc.exe",
                  "ParentImage": "C:\\Windows\\SysWOW64\\cmd.exe",
                  "FileVersion": "10.0.17134.1 (WinBuild.160101.0800)",
                  "ParentProcessId": "4996",
                  "CurrentDirectory": "C:\\Program Files (x86)\\AutoIt3\\",
                  "CommandLine": "sc  config gupdatem start= disabled",
                  "EventID": "1",
                  "LogonGuid": "C784477D-C43E-62FD-3AD6-030000000000",
                  "LogonId": "251450",
                  "Image": "C:\\Windows\\SysWOW64\\sc.exe",
                  "IntegrityLevel": "High",
                  "ParentCommandLine": "C:\\Windows\\system32\\cmd.exe /c sc config gupdatem start= disabled",
                  "UtcTime": "2022-08-18 04:52:32.861",
                  "RuleName": "-"
                }
              },
              {
                "values": {
                  "TerminalSessionId": "1",
                  "ProcessGuid": "C784477D-C590-62FD-A105-000000003000",
                  "ProcessId": "6000",
                  "Product": "Microsoft\u00ae Windows\u00ae Operating System",
                  "Description": "Service Control Manager Configuration Tool",
                  "Company": "Microsoft Corporation",
                  "ParentProcessGuid": "C784477D-C590-62FD-9B05-000000003000",
                  "User": "DESKTOP-B0T93D6\\george",
                  "Hashes": "MD5=24A3E2603E63BCB9695A2935D3B24695,SHA256=3047D5C22A245D1E4294FCD547EC5FB0F2E5EF030B764424ACC74E7744FBE32E,IMPHASH=B037D0ADB81BF9CFC651DE01742089F1",
                  "OriginalFileName": "sc.exe",
                  "ParentImage": "C:\\Windows\\SysWOW64\\cmd.exe",
                  "FileVersion": "10.0.17134.1 (WinBuild.160101.0800)",
                  "ParentProcessId": "3928",
                  "CurrentDirectory": "C:\\Program Files (x86)\\AutoIt3\\",
                  "CommandLine": "sc  config MozillaMaintenance start= disabled",
                  "EventID": "1",
                  "LogonGuid": "C784477D-C43E-62FD-3AD6-030000000000",
                  "LogonId": "251450",
                  "Image": "C:\\Windows\\SysWOW64\\sc.exe",
                  "IntegrityLevel": "High",
                  "ParentCommandLine": "C:\\Windows\\system32\\cmd.exe /c sc config MozillaMaintenance start= disabled",
                  "UtcTime": "2022-08-18 04:52:32.999",
                  "RuleName": "-"
                }
              },
              {
                "values": {
                  "TerminalSessionId": "1",
                  "ProcessGuid": "C784477D-C591-62FD-A705-000000003000",
                  "ProcessId": "5748",
                  "Product": "Microsoft\u00ae Windows\u00ae Operating System",
                  "Description": "Service Control Manager Configuration Tool",
                  "Company": "Microsoft Corporation",
                  "ParentProcessGuid": "C784477D-C591-62FD-A305-000000003000",
                  "User": "DESKTOP-B0T93D6\\george",
                  "Hashes": "MD5=24A3E2603E63BCB9695A2935D3B24695,SHA256=3047D5C22A245D1E4294FCD547EC5FB0F2E5EF030B764424ACC74E7744FBE32E,IMPHASH=B037D0ADB81BF9CFC651DE01742089F1",
                  "OriginalFileName": "sc.exe",
                  "ParentImage": "C:\\Windows\\SysWOW64\\cmd.exe",
                  "FileVersion": "10.0.17134.1 (WinBuild.160101.0800)",
                  "ParentProcessId": "80",
                  "CurrentDirectory": "C:\\Program Files (x86)\\AutoIt3\\",
                  "CommandLine": "sc  config edgeupdatem start= disabled",
                  "EventID": "1",
                  "LogonGuid": "C784477D-C43E-62FD-3AD6-030000000000",
                  "LogonId": "251450",
                  "Image": "C:\\Windows\\SysWOW64\\sc.exe",
                  "IntegrityLevel": "High",
                  "ParentCommandLine": "C:\\Windows\\system32\\cmd.exe /c sc config edgeupdatem start= disabled",
                  "UtcTime": "2022-08-18 04:52:33.223",
                  "RuleName": "-"
                }
              },
              {
                "values": {
                  "TerminalSessionId": "1",
                  "ProcessGuid": "C784477D-C591-62FD-AD05-000000003000",
                  "ProcessId": "4132",
                  "Product": "Microsoft\u00ae Windows\u00ae Operating System",
                  "Description": "Service Control Manager Configuration Tool",
                  "Company": "Microsoft Corporation",
                  "ParentProcessGuid": "C784477D-C591-62FD-AA05-000000003000",
                  "User": "DESKTOP-B0T93D6\\george",
                  "Hashes": "MD5=24A3E2603E63BCB9695A2935D3B24695,SHA256=3047D5C22A245D1E4294FCD547EC5FB0F2E5EF030B764424ACC74E7744FBE32E,IMPHASH=B037D0ADB81BF9CFC651DE01742089F1",
                  "OriginalFileName": "sc.exe",
                  "ParentImage": "C:\\Windows\\SysWOW64\\cmd.exe",
                  "FileVersion": "10.0.17134.1 (WinBuild.160101.0800)",
                  "ParentProcessId": "3000",
                  "CurrentDirectory": "C:\\Program Files (x86)\\AutoIt3\\",
                  "CommandLine": "sc  config dnscache start= disabled",
                  "EventID": "1",
                  "LogonGuid": "C784477D-C43E-62FD-3AD6-030000000000",
                  "LogonId": "251450",
                  "Image": "C:\\Windows\\SysWOW64\\sc.exe",
                  "IntegrityLevel": "High",
                  "ParentCommandLine": "C:\\Windows\\system32\\cmd.exe /c sc config dnscache start= disabled",
                  "UtcTime": "2022-08-18 04:52:33.319",
                  "RuleName": "-"
                }
              },
              {
                "values": {
                  "TerminalSessionId": "1",
                  "ProcessGuid": "C784477D-C591-62FD-B505-000000003000",
                  "ProcessId": "6132",
                  "Product": "Microsoft\u00ae Windows\u00ae Operating System",
                  "Description": "Service Control Manager Configuration Tool",
                  "Company": "Microsoft Corporation",
                  "ParentProcessGuid": "C784477D-C591-62FD-B005-000000003000",
                  "User": "DESKTOP-B0T93D6\\george",
                  "Hashes": "MD5=24A3E2603E63BCB9695A2935D3B24695,SHA256=3047D5C22A245D1E4294FCD547EC5FB0F2E5EF030B764424ACC74E7744FBE32E,IMPHASH=B037D0ADB81BF9CFC651DE01742089F1",
                  "OriginalFileName": "sc.exe",
                  "ParentImage": "C:\\Windows\\SysWOW64\\cmd.exe",
                  "FileVersion": "10.0.17134.1 (WinBuild.160101.0800)",
                  "ParentProcessId": "6160",
                  "CurrentDirectory": "C:\\Program Files (x86)\\AutoIt3\\",
                  "CommandLine": "sc  config sedsvc start= disabled",
                  "EventID": "1",
                  "LogonGuid": "C784477D-C43E-62FD-3AD6-030000000000",
                  "LogonId": "251450",
                  "Image": "C:\\Windows\\SysWOW64\\sc.exe",
                  "IntegrityLevel": "High",
                  "ParentCommandLine": "C:\\Windows\\system32\\cmd.exe /c sc config sedsvc start= disabled",
                  "UtcTime": "2022-08-18 04:52:33.381",
                  "RuleName": "-"
                }
              },
              {
                "values": {
                  "TerminalSessionId": "1",
                  "ProcessGuid": "C784477D-C591-62FD-BC05-000000003000",
                  "ProcessId": "3732",
                  "Product": "Microsoft\u00ae Windows\u00ae Operating System",
                  "Description": "Service Control Manager Configuration Tool",
                  "Company": "Microsoft Corporation",
                  "ParentProcessGuid": "C784477D-C591-62FD-B805-000000003000",
                  "User": "DESKTOP-B0T93D6\\george",
                  "Hashes": "MD5=24A3E2603E63BCB9695A2935D3B24695,SHA256=3047D5C22A245D1E4294FCD547EC5FB0F2E5EF030B764424ACC74E7744FBE32E,IMPHASH=B037D0ADB81BF9CFC651DE01742089F1",
                  "OriginalFileName": "sc.exe",
                  "ParentImage": "C:\\Windows\\SysWOW64\\cmd.exe",
                  "FileVersion": "10.0.17134.1 (WinBuild.160101.0800)",
                  "ParentProcessId": "3424",
                  "CurrentDirectory": "C:\\Program Files (x86)\\AutoIt3\\",
                  "CommandLine": "sc  config PcaSvc start= disabled",
                  "EventID": "1",
                  "LogonGuid": "C784477D-C43E-62FD-3AD6-030000000000",
                  "LogonId": "251450",
                  "Image": "C:\\Windows\\SysWOW64\\sc.exe",
                  "IntegrityLevel": "High",
                  "ParentCommandLine": "C:\\Windows\\system32\\cmd.exe /c sc config PcaSvc start= disabled",
                  "UtcTime": "2022-08-18 04:52:33.480",
                  "RuleName": "-"
                }
              },
              {
                "values": {
                  "TerminalSessionId": "1",
                  "ProcessGuid": "C784477D-C591-62FD-C305-000000003000",
                  "ProcessId": "4932",
                  "Product": "Microsoft\u00ae Windows\u00ae Operating System",
                  "Description": "Service Control Manager Configuration Tool",
                  "Company": "Microsoft Corporation",
                  "ParentProcessGuid": "C784477D-C591-62FD-BE05-000000003000",
                  "User": "DESKTOP-B0T93D6\\george",
                  "Hashes": "MD5=24A3E2603E63BCB9695A2935D3B24695,SHA256=3047D5C22A245D1E4294FCD547EC5FB0F2E5EF030B764424ACC74E7744FBE32E,IMPHASH=B037D0ADB81BF9CFC651DE01742089F1",
                  "OriginalFileName": "sc.exe",
                  "ParentImage": "C:\\Windows\\SysWOW64\\cmd.exe",
                  "FileVersion": "10.0.17134.1 (WinBuild.160101.0800)",
                  "ParentProcessId": "4124",
                  "CurrentDirectory": "C:\\Program Files (x86)\\AutoIt3\\",
                  "CommandLine": "sc  config \"OneDrive Updater Service\" start= disabled",
                  "EventID": "1",
                  "LogonGuid": "C784477D-C43E-62FD-3AD6-030000000000",
                  "LogonId": "251450",
                  "Image": "C:\\Windows\\SysWOW64\\sc.exe",
                  "IntegrityLevel": "High",
                  "ParentCommandLine": "C:\\Windows\\system32\\cmd.exe /c sc config \"OneDrive Updater Service\" start= disabled",
                  "UtcTime": "2022-08-18 04:52:33.543",
                  "RuleName": "-"
                }
              },
              {
                "values": {
                  "TerminalSessionId": "1",
                  "ProcessGuid": "C784477D-C591-62FD-CF05-000000003000",
                  "ProcessId": "6648",
                  "Product": "Microsoft\u00ae Windows\u00ae Operating System",
                  "Description": "Service Control Manager Configuration Tool",
                  "Company": "Microsoft Corporation",
                  "ParentProcessGuid": "C784477D-C591-62FD-C805-000000003000",
                  "User": "DESKTOP-B0T93D6\\george",
                  "Hashes": "MD5=24A3E2603E63BCB9695A2935D3B24695,SHA256=3047D5C22A245D1E4294FCD547EC5FB0F2E5EF030B764424ACC74E7744FBE32E,IMPHASH=B037D0ADB81BF9CFC651DE01742089F1",
                  "OriginalFileName": "sc.exe",
                  "ParentImage": "C:\\Windows\\SysWOW64\\cmd.exe",
                  "FileVersion": "10.0.17134.1 (WinBuild.160101.0800)",
                  "ParentProcessId": "6964",
                  "CurrentDirectory": "C:\\Program Files (x86)\\AutoIt3\\",
                  "CommandLine": "sc  config DPS start= disabled",
                  "EventID": "1",
                  "LogonGuid": "C784477D-C43E-62FD-3AD6-030000000000",
                  "LogonId": "251450",
                  "Image": "C:\\Windows\\SysWOW64\\sc.exe",
                  "IntegrityLevel": "High",
                  "ParentCommandLine": "C:\\Windows\\system32\\cmd.exe /c sc config DPS start= disabled",
                  "UtcTime": "2022-08-18 04:52:33.630",
                  "RuleName": "-"
                }
              },
              {
                "values": {
                  "TerminalSessionId": "1",
                  "ProcessGuid": "C784477D-C591-62FD-D505-000000003000",
                  "ProcessId": "5900",
                  "Product": "Microsoft\u00ae Windows\u00ae Operating System",
                  "Description": "Service Control Manager Configuration Tool",
                  "Company": "Microsoft Corporation",
                  "ParentProcessGuid": "C784477D-C591-62FD-D105-000000003000",
                  "User": "DESKTOP-B0T93D6\\george",
                  "Hashes": "MD5=24A3E2603E63BCB9695A2935D3B24695,SHA256=3047D5C22A245D1E4294FCD547EC5FB0F2E5EF030B764424ACC74E7744FBE32E,IMPHASH=B037D0ADB81BF9CFC651DE01742089F1",
                  "OriginalFileName": "sc.exe",
                  "ParentImage": "C:\\Windows\\SysWOW64\\cmd.exe",
                  "FileVersion": "10.0.17134.1 (WinBuild.160101.0800)",
                  "ParentProcessId": "3708",
                  "CurrentDirectory": "C:\\Program Files (x86)\\AutoIt3\\",
                  "CommandLine": "sc  config TrustedInstaller start= disabled",
                  "EventID": "1",
                  "LogonGuid": "C784477D-C43E-62FD-3AD6-030000000000",
                  "LogonId": "251450",
                  "Image": "C:\\Windows\\SysWOW64\\sc.exe",
                  "IntegrityLevel": "High",
                  "ParentCommandLine": "C:\\Windows\\system32\\cmd.exe /c sc config TrustedInstaller start= disabled",
                  "UtcTime": "2022-08-18 04:52:33.679",
                  "RuleName": "-"
                }
              },
              {
                "values": {
                  "TerminalSessionId": "1",
                  "ProcessGuid": "C784477D-C591-62FD-DB05-000000003000",
                  "ProcessId": "6696",
                  "Product": "Microsoft\u00ae Windows\u00ae Operating System",
                  "Description": "Service Control Manager Configuration Tool",
                  "Company": "Microsoft Corporation",
                  "ParentProcessGuid": "C784477D-C591-62FD-D805-000000003000",
                  "User": "DESKTOP-B0T93D6\\george",
                  "Hashes": "MD5=24A3E2603E63BCB9695A2935D3B24695,SHA256=3047D5C22A245D1E4294FCD547EC5FB0F2E5EF030B764424ACC74E7744FBE32E,IMPHASH=B037D0ADB81BF9CFC651DE01742089F1",
                  "OriginalFileName": "sc.exe",
                  "ParentImage": "C:\\Windows\\SysWOW64\\cmd.exe",
                  "FileVersion": "10.0.17134.1 (WinBuild.160101.0800)",
                  "ParentProcessId": "4548",
                  "CurrentDirectory": "C:\\Program Files (x86)\\AutoIt3\\",
                  "CommandLine": "sc  config \".NET Runtime Optimization Service\" start= disabled",
                  "EventID": "1",
                  "LogonGuid": "C784477D-C43E-62FD-3AD6-030000000000",
                  "LogonId": "251450",
                  "Image": "C:\\Windows\\SysWOW64\\sc.exe",
                  "IntegrityLevel": "High",
                  "ParentCommandLine": "C:\\Windows\\system32\\cmd.exe /c sc config \".NET Runtime Optimization Service\" start= disabled",
                  "UtcTime": "2022-08-18 04:52:33.739",
                  "RuleName": "-"
                }
              },
              {
                "values": {
                  "TerminalSessionId": "1",
                  "ProcessGuid": "C784477D-C591-62FD-E305-000000003000",
                  "ProcessId": "4972",
                  "Product": "Microsoft\u00ae Windows\u00ae Operating System",
                  "Description": "Service Control Manager Configuration Tool",
                  "Company": "Microsoft Corporation",
                  "ParentProcessGuid": "C784477D-C591-62FD-DD05-000000003000",
                  "User": "DESKTOP-B0T93D6\\george",
                  "Hashes": "MD5=24A3E2603E63BCB9695A2935D3B24695,SHA256=3047D5C22A245D1E4294FCD547EC5FB0F2E5EF030B764424ACC74E7744FBE32E,IMPHASH=B037D0ADB81BF9CFC651DE01742089F1",
                  "OriginalFileName": "sc.exe",
                  "ParentImage": "C:\\Windows\\SysWOW64\\cmd.exe",
                  "FileVersion": "10.0.17134.1 (WinBuild.160101.0800)",
                  "ParentProcessId": "6080",
                  "CurrentDirectory": "C:\\Program Files (x86)\\AutoIt3\\",
                  "CommandLine": "sc  config \"BITS\" start= demand",
                  "EventID": "1",
                  "LogonGuid": "C784477D-C43E-62FD-3AD6-030000000000",
                  "LogonId": "251450",
                  "Image": "C:\\Windows\\SysWOW64\\sc.exe",
                  "IntegrityLevel": "High",
                  "ParentCommandLine": "C:\\Windows\\system32\\cmd.exe /c sc config \"BITS\" start= demand",
                  "UtcTime": "2022-08-18 04:52:33.828",
                  "RuleName": "-"
                }
              },
              {
                "values": {
                  "TerminalSessionId": "1",
                  "ProcessGuid": "C784477D-C591-62FD-EA05-000000003000",
                  "ProcessId": "3412",
                  "Product": "Microsoft\u00ae Windows\u00ae Operating System",
                  "Description": "Service Control Manager Configuration Tool",
                  "Company": "Microsoft Corporation",
                  "ParentProcessGuid": "C784477D-C591-62FD-E605-000000003000",
                  "User": "DESKTOP-B0T93D6\\george",
                  "Hashes": "MD5=24A3E2603E63BCB9695A2935D3B24695,SHA256=3047D5C22A245D1E4294FCD547EC5FB0F2E5EF030B764424ACC74E7744FBE32E,IMPHASH=B037D0ADB81BF9CFC651DE01742089F1",
                  "OriginalFileName": "sc.exe",
                  "ParentImage": "C:\\Windows\\SysWOW64\\cmd.exe",
                  "FileVersion": "10.0.17134.1 (WinBuild.160101.0800)",
                  "ParentProcessId": "4676",
                  "CurrentDirectory": "C:\\Program Files (x86)\\AutoIt3\\",
                  "CommandLine": "sc  config msiserver start= demand",
                  "EventID": "1",
                  "LogonGuid": "C784477D-C43E-62FD-3AD6-030000000000",
                  "LogonId": "251450",
                  "Image": "C:\\Windows\\SysWOW64\\sc.exe",
                  "IntegrityLevel": "High",
                  "ParentCommandLine": "C:\\Windows\\system32\\cmd.exe /c sc config msiserver start= demand",
                  "UtcTime": "2022-08-18 04:52:33.892",
                  "RuleName": "-"
                }
              },
              {
                "values": {
                  "TerminalSessionId": "1",
                  "ProcessGuid": "C784477D-C592-62FD-0006-000000003000",
                  "ProcessId": "3384",
                  "Product": "Microsoft\u00ae Windows\u00ae Operating System",
                  "Description": "Service Control Manager Configuration Tool",
                  "Company": "Microsoft Corporation",
                  "ParentProcessGuid": "C784477D-C592-62FD-FE05-000000003000",
                  "User": "DESKTOP-B0T93D6\\george",
                  "Hashes": "MD5=24A3E2603E63BCB9695A2935D3B24695,SHA256=3047D5C22A245D1E4294FCD547EC5FB0F2E5EF030B764424ACC74E7744FBE32E,IMPHASH=B037D0ADB81BF9CFC651DE01742089F1",
                  "OriginalFileName": "sc.exe",
                  "ParentImage": "C:\\Windows\\SysWOW64\\cmd.exe",
                  "FileVersion": "10.0.17134.1 (WinBuild.160101.0800)",
                  "ParentProcessId": "6332",
                  "CurrentDirectory": "C:\\Program Files (x86)\\AutoIt3\\",
                  "CommandLine": "sc  config NlaSvc start= demand",
                  "EventID": "1",
                  "LogonGuid": "C784477D-C43E-62FD-3AD6-030000000000",
                  "LogonId": "251450",
                  "Image": "C:\\Windows\\SysWOW64\\sc.exe",
                  "IntegrityLevel": "High",
                  "ParentCommandLine": "C:\\Windows\\system32\\cmd.exe /c sc config NlaSvc start= demand",
                  "UtcTime": "2022-08-18 04:52:34.223",
                  "RuleName": "-"
                }
              },
              {
                "values": {
                  "TerminalSessionId": "1",
                  "ProcessGuid": "C784477D-C592-62FD-0506-000000003000",
                  "ProcessId": "752",
                  "Product": "Microsoft\u00ae Windows\u00ae Operating System",
                  "Description": "Service Control Manager Configuration Tool",
                  "Company": "Microsoft Corporation",
                  "ParentProcessGuid": "C784477D-C592-62FD-0206-000000003000",
                  "User": "DESKTOP-B0T93D6\\george",
                  "Hashes": "MD5=24A3E2603E63BCB9695A2935D3B24695,SHA256=3047D5C22A245D1E4294FCD547EC5FB0F2E5EF030B764424ACC74E7744FBE32E,IMPHASH=B037D0ADB81BF9CFC651DE01742089F1",
                  "OriginalFileName": "sc.exe",
                  "ParentImage": "C:\\Windows\\SysWOW64\\cmd.exe",
                  "FileVersion": "10.0.17134.1 (WinBuild.160101.0800)",
                  "ParentProcessId": "2348",
                  "CurrentDirectory": "C:\\Program Files (x86)\\AutoIt3\\",
                  "CommandLine": "sc  config netprofm start= demand",
                  "EventID": "1",
                  "LogonGuid": "C784477D-C43E-62FD-3AD6-030000000000",
                  "LogonId": "251450",
                  "Image": "C:\\Windows\\SysWOW64\\sc.exe",
                  "IntegrityLevel": "High",
                  "ParentCommandLine": "C:\\Windows\\system32\\cmd.exe /c sc config netprofm start= demand",
                  "UtcTime": "2022-08-18 04:52:34.266",
                  "RuleName": "-"
                }
              }
            ],
            "rule_level": "medium",
            "rule_id": "b55af83c751d2c7bca8dbba245a97017e34109bff34fd50b02f60a91111ea703",
            "rule_source": "Sigma Integrated Rule Set (GitHub)",
            "rule_title": "Sc Or Set-Service Cmdlet Execution to Disable Services",
            "rule_description": "Detects when attackers use \"sc.exe\" or the powershell \"Set-Service\" cmdlet to change the startup type of a service to \"disabled\"",
            "rule_author": "Nasreddine Bencherchali"
          },
          {
            "match_context": [
              {
                "values": {
                  "EventID": "5038",
                  "param1": "\\Device\\HarddiskVolume4\\Windows\\System32\\drivers\\filetrace.sys"
                }
              },
              {
                "values": {
                  "EventID": "5038",
                  "param1": "\\Device\\HarddiskVolume4\\Program Files (x86)\\sandbox\\driver\\sandbox-driver.sys"
                }
              }
            ],
            "rule_level": "low",
            "rule_id": "134564d292d785dff102940b8a1ee06dba2d462c5fb852124b3771a49d7885f1",
            "rule_source": "Sigma Integrated Rule Set (GitHub)",
            "rule_title": "Failed Code Integrity Checks",
            "rule_description": "Code integrity failures may indicate tampered executables.",
            "rule_author": "Thomas Patzke"
          },
          {
            "match_context": [
              {
                "values": {
                  "TerminalSessionId": "1",
                  "ProcessGuid": "C784477D-C575-62FD-5A05-000000003000",
                  "ProcessId": "6952",
                  "Product": "Microsoft\u00ae Windows\u00ae Operating System",
                  "Description": "Windows PowerShell",
                  "Company": "Microsoft Corporation",
                  "ParentProcessGuid": "C784477D-C575-62FD-5605-000000003000",
                  "User": "DESKTOP-B0T93D6\\george",
                  "Hashes": "MD5=DBA3E6449E97D4E3DF64527EF7012A10,SHA256=E0C662D10B852B23F2D8A240AFC82A72B099519FA71CDDF9D5D0F0BE08169B6E,IMPHASH=D1A922C94A1F407CB2BBCAD033C8ED7A",
                  "OriginalFileName": "PowerShell.EXE",
                  "ParentImage": "C:\\Windows\\SysWOW64\\cmd.exe",
                  "FileVersion": "10.0.17134.1 (WinBuild.160101.0800)",
                  "ParentProcessId": "3608",
                  "CurrentDirectory": "C:\\Windows\\SysWOW64\\",
                  "CommandLine": "powershell.exe  -ex bypass -command \"Get-ScheduledTask | Disable-ScheduledTask",
                  "EventID": "1",
                  "LogonGuid": "C784477D-C43E-62FD-3AD6-030000000000",
                  "LogonId": "251450",
                  "Image": "C:\\Windows\\SysWOW64\\WindowsPowerShell\\v1.0\\powershell.exe",
                  "IntegrityLevel": "High",
                  "ParentCommandLine": "C:\\Windows\\system32\\cmd.exe /c powershell.exe -ex bypass -command \"Get-ScheduledTask | Disable-ScheduledTask",
                  "UtcTime": "2022-08-18 04:52:05.706",
                  "RuleName": "-"
                }
              },
              {
                "values": {
                  "TerminalSessionId": "1",
                  "ProcessGuid": "C784477D-C575-62FD-5B05-000000003000",
                  "ProcessId": "1636",
                  "Product": "Microsoft\u00ae Windows\u00ae Operating System",
                  "Description": "Windows PowerShell",
                  "Company": "Microsoft Corporation",
                  "ParentProcessGuid": "C784477D-C575-62FD-5705-000000003000",
                  "User": "DESKTOP-B0T93D6\\george",
                  "Hashes": "MD5=DBA3E6449E97D4E3DF64527EF7012A10,SHA256=E0C662D10B852B23F2D8A240AFC82A72B099519FA71CDDF9D5D0F0BE08169B6E,IMPHASH=D1A922C94A1F407CB2BBCAD033C8ED7A",
                  "OriginalFileName": "PowerShell.EXE",
                  "ParentImage": "C:\\Windows\\SysWOW64\\cmd.exe",
                  "FileVersion": "10.0.17134.1 (WinBuild.160101.0800)",
                  "ParentProcessId": "1856",
                  "CurrentDirectory": "C:\\Windows\\SysWOW64\\",
                  "CommandLine": "powershell.exe  -ex bypass -command \"Get-ScheduledTask | Stop-ScheduledTask",
                  "EventID": "1",
                  "LogonGuid": "C784477D-C43E-62FD-3AD6-030000000000",
                  "LogonId": "251450",
                  "Image": "C:\\Windows\\SysWOW64\\WindowsPowerShell\\v1.0\\powershell.exe",
                  "IntegrityLevel": "High",
                  "ParentCommandLine": "C:\\Windows\\system32\\cmd.exe /c powershell.exe -ex bypass -command \"Get-ScheduledTask | Stop-ScheduledTask",
                  "UtcTime": "2022-08-18 04:52:05.706",
                  "RuleName": "-"
                }
              },
              {
                "values": {
                  "TerminalSessionId": "1",
                  "ProcessGuid": "C784477D-C575-62FD-6105-000000003000",
                  "ProcessId": "1936",
                  "Product": "Microsoft\u00ae Windows\u00ae Operating System",
                  "Description": "Windows PowerShell",
                  "Company": "Microsoft Corporation",
                  "ParentProcessGuid": "C784477D-C575-62FD-5F05-000000003000",
                  "User": "DESKTOP-B0T93D6\\george",
                  "Hashes": "MD5=DBA3E6449E97D4E3DF64527EF7012A10,SHA256=E0C662D10B852B23F2D8A240AFC82A72B099519FA71CDDF9D5D0F0BE08169B6E,IMPHASH=D1A922C94A1F407CB2BBCAD033C8ED7A",
                  "OriginalFileName": "PowerShell.EXE",
                  "ParentImage": "C:\\Windows\\SysWOW64\\cmd.exe",
                  "FileVersion": "10.0.17134.1 (WinBuild.160101.0800)",
                  "ParentProcessId": "5848",
                  "CurrentDirectory": "C:\\Windows\\SysWOW64\\",
                  "CommandLine": "powershell.exe  -executionpolicy bypass -File \"C:\\Program Files (x86)\\Joebox\\unpack\\wmievasions.ps1\" ",
                  "EventID": "1",
                  "LogonGuid": "C784477D-C43E-62FD-3AD6-030000000000",
                  "LogonId": "251450",
                  "Image": "C:\\Windows\\SysWOW64\\WindowsPowerShell\\v1.0\\powershell.exe",
                  "IntegrityLevel": "High",
                  "ParentCommandLine": "cmd /C powershell.exe -executionpolicy bypass -File \"C:\\Program Files (x86)\\Joebox\\unpack\\wmievasions.ps1\" > wmi.log 2>&1",
                  "UtcTime": "2022-08-18 04:52:05.995",
                  "RuleName": "-"
                }
              },
              {
                "values": {
                  "TerminalSessionId": "1",
                  "ProcessGuid": "C784477D-C58F-62FD-8705-000000003000",
                  "ProcessId": "3724",
                  "Product": "Microsoft\u00ae Windows\u00ae Operating System",
                  "Description": "Windows PowerShell",
                  "Company": "Microsoft Corporation",
                  "ParentProcessGuid": "C784477D-C58F-62FD-8105-000000003000",
                  "User": "DESKTOP-B0T93D6\\george",
                  "Hashes": "MD5=DBA3E6449E97D4E3DF64527EF7012A10,SHA256=E0C662D10B852B23F2D8A240AFC82A72B099519FA71CDDF9D5D0F0BE08169B6E,IMPHASH=D1A922C94A1F407CB2BBCAD033C8ED7A",
                  "OriginalFileName": "PowerShell.EXE",
                  "ParentImage": "C:\\Windows\\SysWOW64\\cmd.exe",
                  "FileVersion": "10.0.17134.1 (WinBuild.160101.0800)",
                  "ParentProcessId": "7004",
                  "CurrentDirectory": "C:\\Program Files (x86)\\AutoIt3\\",
                  "CommandLine": "powershell.exe  -ex bypass -command \"Get-ScheduledTask | Disable-ScheduledTask\" ",
                  "EventID": "1",
                  "LogonGuid": "C784477D-C43E-62FD-3AD6-030000000000",
                  "LogonId": "251450",
                  "Image": "C:\\Windows\\SysWOW64\\WindowsPowerShell\\v1.0\\powershell.exe",
                  "IntegrityLevel": "High",
                  "ParentCommandLine": "C:\\Windows\\system32\\cmd.exe /c powershell.exe -ex bypass -command \"Get-ScheduledTask | Disable-ScheduledTask\" > \\\\192.168.2.1\\joe-windows-g2-1\\logs\\taskdeletion.log 2>&1",
                  "UtcTime": "2022-08-18 04:52:31.859",
                  "RuleName": "-"
                }
              },
