              {
                "values": {
                  "TerminalSessionId": "1",
                  "ProcessGuid": "C784477D-DFA8-62FD-D205-000000003000",
                  "ProcessId": "4832",
                  "Product": "Microsoft\u00ae Windows\u00ae Operating System",
                  "Description": "Net Command",
                  "Company": "Microsoft Corporation",
                  "ParentProcessGuid": "C784477D-DFA7-62FD-D105-000000003000",
                  "User": "DESKTOP-B0T93D6\\george",
                  "Hashes": "MD5=B5A26C2BF17222E86B91D26F1247AF3E,SHA256=14CC5BE4C833ACC652195DEAD113E1C3B4AC0B98EA1AEAD11957836F9AE721CF,IMPHASH=3D3E7537BD3BA07738DC5CA8AD01B073",
                  "OriginalFileName": "net1.exe",
                  "ParentImage": "C:\\Windows\\SysWOW64\\net.exe",
                  "FileVersion": "10.0.17134.1 (WinBuild.160101.0800)",
                  "ParentProcessId": "4416",
                  "CurrentDirectory": "C:\\Program Files (x86)\\AutoIt3\\",
                  "CommandLine": "C:\\Windows\\system32\\net1  stop dnscache",
                  "EventID": "1",
                  "LogonGuid": "C784477D-DE5B-62FD-A3C9-030000000000",
                  "LogonId": "248227",
                  "Image": "C:\\Windows\\SysWOW64\\net1.exe",
                  "IntegrityLevel": "High",
                  "ParentCommandLine": "net  stop dnscache",
                  "UtcTime": "2022-08-18 06:43:52.007",
                  "RuleName": "-"
                }
              },
              {
                "values": {
                  "TerminalSessionId": "1",
                  "ProcessGuid": "C784477D-DFA8-62FD-D805-000000003000",
                  "ProcessId": "7024",
                  "Product": "Microsoft\u00ae Windows\u00ae Operating System",
                  "Description": "Net Command",
                  "Company": "Microsoft Corporation",
                  "ParentProcessGuid": "C784477D-DFA8-62FD-D405-000000003000",
                  "User": "DESKTOP-B0T93D6\\george",
                  "Hashes": "MD5=DD0561156F62BC1958CE0E370B23711B,SHA256=FD41D0261C6D22572DA448BCB5CBBB98F78A2922D1F1074D25237CC82C8CE432,IMPHASH=86350518EAE83E4A09BBF6317BA1C570",
                  "OriginalFileName": "net.exe",
                  "ParentImage": "C:\\Windows\\SysWOW64\\cmd.exe",
                  "FileVersion": "10.0.17134.1 (WinBuild.160101.0800)",
                  "ParentProcessId": "6624",
                  "CurrentDirectory": "C:\\Program Files (x86)\\AutoIt3\\",
                  "CommandLine": "net  stop sedsvc",
                  "EventID": "1",
                  "LogonGuid": "C784477D-DE5B-62FD-A3C9-030000000000",
                  "LogonId": "248227",
                  "Image": "C:\\Windows\\SysWOW64\\net.exe",
                  "IntegrityLevel": "High",
                  "ParentCommandLine": "C:\\Windows\\system32\\cmd.exe /c net stop sedsvc",
                  "UtcTime": "2022-08-18 06:43:52.117",
                  "RuleName": "-"
                }
              },
              {
                "values": {
                  "TerminalSessionId": "1",
                  "ProcessGuid": "C784477D-DFA8-62FD-DA05-000000003000",
                  "ProcessId": "6836",
                  "Product": "Microsoft\u00ae Windows\u00ae Operating System",
                  "Description": "Net Command",
                  "Company": "Microsoft Corporation",
                  "ParentProcessGuid": "C784477D-DFA8-62FD-D805-000000003000",
                  "User": "DESKTOP-B0T93D6\\george",
                  "Hashes": "MD5=B5A26C2BF17222E86B91D26F1247AF3E,SHA256=14CC5BE4C833ACC652195DEAD113E1C3B4AC0B98EA1AEAD11957836F9AE721CF,IMPHASH=3D3E7537BD3BA07738DC5CA8AD01B073",
                  "OriginalFileName": "net1.exe",
                  "ParentImage": "C:\\Windows\\SysWOW64\\net.exe",
                  "FileVersion": "10.0.17134.1 (WinBuild.160101.0800)",
                  "ParentProcessId": "7024",
                  "CurrentDirectory": "C:\\Program Files (x86)\\AutoIt3\\",
                  "CommandLine": "C:\\Windows\\system32\\net1  stop sedsvc",
                  "EventID": "1",
                  "LogonGuid": "C784477D-DE5B-62FD-A3C9-030000000000",
                  "LogonId": "248227",
                  "Image": "C:\\Windows\\SysWOW64\\net1.exe",
                  "IntegrityLevel": "High",
                  "ParentCommandLine": "net  stop sedsvc",
                  "UtcTime": "2022-08-18 06:43:52.130",
                  "RuleName": "-"
                }
              },
              {
                "values": {
                  "TerminalSessionId": "1",
                  "ProcessGuid": "C784477D-DFA8-62FD-DF05-000000003000",
                  "ProcessId": "4588",
                  "Product": "Microsoft\u00ae Windows\u00ae Operating System",
                  "Description": "Net Command",
                  "Company": "Microsoft Corporation",
                  "ParentProcessGuid": "C784477D-DFA8-62FD-DB05-000000003000",
                  "User": "DESKTOP-B0T93D6\\george",
                  "Hashes": "MD5=DD0561156F62BC1958CE0E370B23711B,SHA256=FD41D0261C6D22572DA448BCB5CBBB98F78A2922D1F1074D25237CC82C8CE432,IMPHASH=86350518EAE83E4A09BBF6317BA1C570",
                  "OriginalFileName": "net.exe",
                  "ParentImage": "C:\\Windows\\SysWOW64\\cmd.exe",
                  "FileVersion": "10.0.17134.1 (WinBuild.160101.0800)",
                  "ParentProcessId": "1424",
                  "CurrentDirectory": "C:\\Program Files (x86)\\AutoIt3\\",
                  "CommandLine": "net  stop PcaSvc",
                  "EventID": "1",
                  "LogonGuid": "C784477D-DE5B-62FD-A3C9-030000000000",
                  "LogonId": "248227",
                  "Image": "C:\\Windows\\SysWOW64\\net.exe",
                  "IntegrityLevel": "High",
                  "ParentCommandLine": "C:\\Windows\\system32\\cmd.exe /c net stop PcaSvc",
                  "UtcTime": "2022-08-18 06:43:52.202",
                  "RuleName": "-"
                }
              },
              {
                "values": {
                  "TerminalSessionId": "1",
                  "ProcessGuid": "C784477D-DFA8-62FD-E005-000000003000",
                  "ProcessId": "6344",
                  "Product": "Microsoft\u00ae Windows\u00ae Operating System",
                  "Description": "Net Command",
                  "Company": "Microsoft Corporation",
                  "ParentProcessGuid": "C784477D-DFA8-62FD-DF05-000000003000",
                  "User": "DESKTOP-B0T93D6\\george",
                  "Hashes": "MD5=B5A26C2BF17222E86B91D26F1247AF3E,SHA256=14CC5BE4C833ACC652195DEAD113E1C3B4AC0B98EA1AEAD11957836F9AE721CF,IMPHASH=3D3E7537BD3BA07738DC5CA8AD01B073",
                  "OriginalFileName": "net1.exe",
                  "ParentImage": "C:\\Windows\\SysWOW64\\net.exe",
                  "FileVersion": "10.0.17134.1 (WinBuild.160101.0800)",
                  "ParentProcessId": "4588",
                  "CurrentDirectory": "C:\\Program Files (x86)\\AutoIt3\\",
                  "CommandLine": "C:\\Windows\\system32\\net1  stop PcaSvc",
                  "EventID": "1",
                  "LogonGuid": "C784477D-DE5B-62FD-A3C9-030000000000",
                  "LogonId": "248227",
                  "Image": "C:\\Windows\\SysWOW64\\net1.exe",
                  "IntegrityLevel": "High",
                  "ParentCommandLine": "net  stop PcaSvc",
                  "UtcTime": "2022-08-18 06:43:52.215",
                  "RuleName": "-"
                }
              },
              {
                "values": {
                  "TerminalSessionId": "1",
                  "ProcessGuid": "C784477D-DFA8-62FD-E805-000000003000",
                  "ProcessId": "6364",
                  "Product": "Microsoft\u00ae Windows\u00ae Operating System",
                  "Description": "Net Command",
                  "Company": "Microsoft Corporation",
                  "ParentProcessGuid": "C784477D-DFA8-62FD-E205-000000003000",
                  "User": "DESKTOP-B0T93D6\\george",
                  "Hashes": "MD5=DD0561156F62BC1958CE0E370B23711B,SHA256=FD41D0261C6D22572DA448BCB5CBBB98F78A2922D1F1074D25237CC82C8CE432,IMPHASH=86350518EAE83E4A09BBF6317BA1C570",
                  "OriginalFileName": "net.exe",
                  "ParentImage": "C:\\Windows\\SysWOW64\\cmd.exe",
                  "FileVersion": "10.0.17134.1 (WinBuild.160101.0800)",
                  "ParentProcessId": "3732",
                  "CurrentDirectory": "C:\\Program Files (x86)\\AutoIt3\\",
                  "CommandLine": "net  stop \"OneDrive Updater Service\"",
                  "EventID": "1",
                  "LogonGuid": "C784477D-DE5B-62FD-A3C9-030000000000",
                  "LogonId": "248227",
                  "Image": "C:\\Windows\\SysWOW64\\net.exe",
                  "IntegrityLevel": "High",
                  "ParentCommandLine": "C:\\Windows\\system32\\cmd.exe /c net stop \"OneDrive Updater Service\"",
                  "UtcTime": "2022-08-18 06:43:52.305",
                  "RuleName": "-"
                }
              },
              {
                "values": {
                  "TerminalSessionId": "1",
                  "ProcessGuid": "C784477D-DFA8-62FD-EA05-000000003000",
                  "ProcessId": "2384",
                  "Product": "Microsoft\u00ae Windows\u00ae Operating System",
                  "Description": "Net Command",
                  "Company": "Microsoft Corporation",
                  "ParentProcessGuid": "C784477D-DFA8-62FD-E405-000000003000",
                  "User": "DESKTOP-B0T93D6\\george",
                  "Hashes": "MD5=DD0561156F62BC1958CE0E370B23711B,SHA256=FD41D0261C6D22572DA448BCB5CBBB98F78A2922D1F1074D25237CC82C8CE432,IMPHASH=86350518EAE83E4A09BBF6317BA1C570",
                  "OriginalFileName": "net.exe",
                  "ParentImage": "C:\\Windows\\SysWOW64\\cmd.exe",
                  "FileVersion": "10.0.17134.1 (WinBuild.160101.0800)",
                  "ParentProcessId": "4404",
                  "CurrentDirectory": "C:\\Program Files (x86)\\AutoIt3\\",
                  "CommandLine": "net  stop sppsvc",
                  "EventID": "1",
                  "LogonGuid": "C784477D-DE5B-62FD-A3C9-030000000000",
                  "LogonId": "248227",
                  "Image": "C:\\Windows\\SysWOW64\\net.exe",
                  "IntegrityLevel": "High",
                  "ParentCommandLine": "C:\\Windows\\system32\\cmd.exe /c net stop sppsvc",
                  "UtcTime": "2022-08-18 06:43:52.310",
                  "RuleName": "-"
                }
              },
              {
                "values": {
                  "TerminalSessionId": "1",
                  "ProcessGuid": "C784477D-DFA8-62FD-EB05-000000003000",
                  "ProcessId": "3832",
                  "Product": "Microsoft\u00ae Windows\u00ae Operating System",
                  "Description": "Net Command",
                  "Company": "Microsoft Corporation",
                  "ParentProcessGuid": "C784477D-DFA8-62FD-EA05-000000003000",
                  "User": "DESKTOP-B0T93D6\\george",
                  "Hashes": "MD5=B5A26C2BF17222E86B91D26F1247AF3E,SHA256=14CC5BE4C833ACC652195DEAD113E1C3B4AC0B98EA1AEAD11957836F9AE721CF,IMPHASH=3D3E7537BD3BA07738DC5CA8AD01B073",
                  "OriginalFileName": "net1.exe",
                  "ParentImage": "C:\\Windows\\SysWOW64\\net.exe",
                  "FileVersion": "10.0.17134.1 (WinBuild.160101.0800)",
                  "ParentProcessId": "2384",
                  "CurrentDirectory": "C:\\Program Files (x86)\\AutoIt3\\",
                  "CommandLine": "C:\\Windows\\system32\\net1  stop sppsvc",
                  "EventID": "1",
                  "LogonGuid": "C784477D-DE5B-62FD-A3C9-030000000000",
                  "LogonId": "248227",
                  "Image": "C:\\Windows\\SysWOW64\\net1.exe",
                  "IntegrityLevel": "High",
                  "ParentCommandLine": "net  stop sppsvc",
                  "UtcTime": "2022-08-18 06:43:52.322",
                  "RuleName": "-"
                }
              },
              {
                "values": {
                  "TerminalSessionId": "1",
                  "ProcessGuid": "C784477D-DFA8-62FD-EC05-000000003000",
                  "ProcessId": "5816",
                  "Product": "Microsoft\u00ae Windows\u00ae Operating System",
                  "Description": "Net Command",
                  "Company": "Microsoft Corporation",
                  "ParentProcessGuid": "C784477D-DFA8-62FD-E805-000000003000",
                  "User": "DESKTOP-B0T93D6\\george",
                  "Hashes": "MD5=B5A26C2BF17222E86B91D26F1247AF3E,SHA256=14CC5BE4C833ACC652195DEAD113E1C3B4AC0B98EA1AEAD11957836F9AE721CF,IMPHASH=3D3E7537BD3BA07738DC5CA8AD01B073",
                  "OriginalFileName": "net1.exe",
                  "ParentImage": "C:\\Windows\\SysWOW64\\net.exe",
                  "FileVersion": "10.0.17134.1 (WinBuild.160101.0800)",
                  "ParentProcessId": "6364",
                  "CurrentDirectory": "C:\\Program Files (x86)\\AutoIt3\\",
                  "CommandLine": "C:\\Windows\\system32\\net1  stop \"OneDrive Updater Service\"",
                  "EventID": "1",
                  "LogonGuid": "C784477D-DE5B-62FD-A3C9-030000000000",
                  "LogonId": "248227",
                  "Image": "C:\\Windows\\SysWOW64\\net1.exe",
                  "IntegrityLevel": "High",
                  "ParentCommandLine": "net  stop \"OneDrive Updater Service\"",
                  "UtcTime": "2022-08-18 06:43:52.322",
                  "RuleName": "-"
                }
              },
              {
                "values": {
                  "TerminalSessionId": "1",
                  "ProcessGuid": "C784477D-DFA8-62FD-F105-000000003000",
                  "ProcessId": "6276",
                  "Product": "Microsoft\u00ae Windows\u00ae Operating System",
                  "Description": "Net Command",
                  "Company": "Microsoft Corporation",
                  "ParentProcessGuid": "C784477D-DFA8-62FD-ED05-000000003000",
                  "User": "DESKTOP-B0T93D6\\george",
                  "Hashes": "MD5=DD0561156F62BC1958CE0E370B23711B,SHA256=FD41D0261C6D22572DA448BCB5CBBB98F78A2922D1F1074D25237CC82C8CE432,IMPHASH=86350518EAE83E4A09BBF6317BA1C570",
                  "OriginalFileName": "net.exe",
                  "ParentImage": "C:\\Windows\\SysWOW64\\cmd.exe",
                  "FileVersion": "10.0.17134.1 (WinBuild.160101.0800)",
                  "ParentProcessId": "6184",
                  "CurrentDirectory": "C:\\Program Files (x86)\\AutoIt3\\",
                  "CommandLine": "net  stop DPS",
                  "EventID": "1",
                  "LogonGuid": "C784477D-DE5B-62FD-A3C9-030000000000",
                  "LogonId": "248227",
                  "Image": "C:\\Windows\\SysWOW64\\net.exe",
                  "IntegrityLevel": "High",
                  "ParentCommandLine": "C:\\Windows\\system32\\cmd.exe /c net stop DPS",
                  "UtcTime": "2022-08-18 06:43:52.375",
                  "RuleName": "-"
                }
              },
              {
                "values": {
                  "TerminalSessionId": "1",
                  "ProcessGuid": "C784477D-DFA8-62FD-F205-000000003000",
                  "ProcessId": "2232",
                  "Product": "Microsoft\u00ae Windows\u00ae Operating System",
                  "Description": "Net Command",
                  "Company": "Microsoft Corporation",
                  "ParentProcessGuid": "C784477D-DFA8-62FD-F105-000000003000",
                  "User": "DESKTOP-B0T93D6\\george",
                  "Hashes": "MD5=B5A26C2BF17222E86B91D26F1247AF3E,SHA256=14CC5BE4C833ACC652195DEAD113E1C3B4AC0B98EA1AEAD11957836F9AE721CF,IMPHASH=3D3E7537BD3BA07738DC5CA8AD01B073",
                  "OriginalFileName": "net1.exe",
                  "ParentImage": "C:\\Windows\\SysWOW64\\net.exe",
                  "FileVersion": "10.0.17134.1 (WinBuild.160101.0800)",
                  "ParentProcessId": "6276",
                  "CurrentDirectory": "C:\\Program Files (x86)\\AutoIt3\\",
                  "CommandLine": "C:\\Windows\\system32\\net1  stop DPS",
                  "EventID": "1",
                  "LogonGuid": "C784477D-DE5B-62FD-A3C9-030000000000",
                  "LogonId": "248227",
                  "Image": "C:\\Windows\\SysWOW64\\net1.exe",
                  "IntegrityLevel": "High",
                  "ParentCommandLine": "net  stop DPS",
                  "UtcTime": "2022-08-18 06:43:52.386",
                  "RuleName": "-"
                }
              },
              {
                "values": {
                  "TerminalSessionId": "1",
                  "ProcessGuid": "C784477D-DFA8-62FD-F905-000000003000",
                  "ProcessId": "2204",
                  "Product": "Microsoft\u00ae Windows\u00ae Operating System",
                  "Description": "Net Command",
                  "Company": "Microsoft Corporation",
                  "ParentProcessGuid": "C784477D-DFA8-62FD-F405-000000003000",
                  "User": "DESKTOP-B0T93D6\\george",
                  "Hashes": "MD5=DD0561156F62BC1958CE0E370B23711B,SHA256=FD41D0261C6D22572DA448BCB5CBBB98F78A2922D1F1074D25237CC82C8CE432,IMPHASH=86350518EAE83E4A09BBF6317BA1C570",
                  "OriginalFileName": "net.exe",
                  "ParentImage": "C:\\Windows\\SysWOW64\\cmd.exe",
                  "FileVersion": "10.0.17134.1 (WinBuild.160101.0800)",
                  "ParentProcessId": "6292",
                  "CurrentDirectory": "C:\\Program Files (x86)\\AutoIt3\\",
                  "CommandLine": "net  stop TrustedInstaller",
                  "EventID": "1",
                  "LogonGuid": "C784477D-DE5B-62FD-A3C9-030000000000",
                  "LogonId": "248227",
                  "Image": "C:\\Windows\\SysWOW64\\net.exe",
                  "IntegrityLevel": "High",
                  "ParentCommandLine": "C:\\Windows\\system32\\cmd.exe /c net stop TrustedInstaller",
                  "UtcTime": "2022-08-18 06:43:52.448",
                  "RuleName": "-"
                }
              },
              {
                "values": {
                  "TerminalSessionId": "1",
                  "ProcessGuid": "C784477D-DFA8-62FD-FA05-000000003000",
                  "ProcessId": "576",
                  "Product": "Microsoft\u00ae Windows\u00ae Operating System",
                  "Description": "Net Command",
                  "Company": "Microsoft Corporation",
                  "ParentProcessGuid": "C784477D-DFA8-62FD-F905-000000003000",
                  "User": "DESKTOP-B0T93D6\\george",
                  "Hashes": "MD5=B5A26C2BF17222E86B91D26F1247AF3E,SHA256=14CC5BE4C833ACC652195DEAD113E1C3B4AC0B98EA1AEAD11957836F9AE721CF,IMPHASH=3D3E7537BD3BA07738DC5CA8AD01B073",
                  "OriginalFileName": "net1.exe",
                  "ParentImage": "C:\\Windows\\SysWOW64\\net.exe",
                  "FileVersion": "10.0.17134.1 (WinBuild.160101.0800)",
                  "ParentProcessId": "2204",
                  "CurrentDirectory": "C:\\Program Files (x86)\\AutoIt3\\",
                  "CommandLine": "C:\\Windows\\system32\\net1  stop TrustedInstaller",
                  "EventID": "1",
                  "LogonGuid": "C784477D-DE5B-62FD-A3C9-030000000000",
                  "LogonId": "248227",
                  "Image": "C:\\Windows\\SysWOW64\\net1.exe",
                  "IntegrityLevel": "High",
                  "ParentCommandLine": "net  stop TrustedInstaller",
                  "UtcTime": "2022-08-18 06:43:52.462",
                  "RuleName": "-"
                }
              },
              {
                "values": {
                  "TerminalSessionId": "1",
                  "ProcessGuid": "C784477D-DFA8-62FD-0006-000000003000",
                  "ProcessId": "2844",
                  "Product": "Microsoft\u00ae Windows\u00ae Operating System",
                  "Description": "Net Command",
                  "Company": "Microsoft Corporation",
                  "ParentProcessGuid": "C784477D-DFA8-62FD-FB05-000000003000",
                  "User": "DESKTOP-B0T93D6\\george",
                  "Hashes": "MD5=DD0561156F62BC1958CE0E370B23711B,SHA256=FD41D0261C6D22572DA448BCB5CBBB98F78A2922D1F1074D25237CC82C8CE432,IMPHASH=86350518EAE83E4A09BBF6317BA1C570",
                  "OriginalFileName": "net.exe",
                  "ParentImage": "C:\\Windows\\SysWOW64\\cmd.exe",
                  "FileVersion": "10.0.17134.1 (WinBuild.160101.0800)",
                  "ParentProcessId": "6752",
                  "CurrentDirectory": "C:\\Program Files (x86)\\AutoIt3\\",
                  "CommandLine": "net  stop \".NET Runtime Optimization Service\"",
                  "EventID": "1",
                  "LogonGuid": "C784477D-DE5B-62FD-A3C9-030000000000",
                  "LogonId": "248227",
                  "Image": "C:\\Windows\\SysWOW64\\net.exe",
                  "IntegrityLevel": "High",
                  "ParentCommandLine": "C:\\Windows\\system32\\cmd.exe /c net stop \".NET Runtime Optimization Service\"",
                  "UtcTime": "2022-08-18 06:43:52.519",
                  "RuleName": "-"
                }
              },
              {
                "values": {
                  "TerminalSessionId": "1",
                  "ProcessGuid": "C784477D-DFA8-62FD-0106-000000003000",
                  "ProcessId": "4996",
                  "Product": "Microsoft\u00ae Windows\u00ae Operating System",
                  "Description": "Net Command",
                  "Company": "Microsoft Corporation",
                  "ParentProcessGuid": "C784477D-DFA8-62FD-0006-000000003000",
                  "User": "DESKTOP-B0T93D6\\george",
                  "Hashes": "MD5=B5A26C2BF17222E86B91D26F1247AF3E,SHA256=14CC5BE4C833ACC652195DEAD113E1C3B4AC0B98EA1AEAD11957836F9AE721CF,IMPHASH=3D3E7537BD3BA07738DC5CA8AD01B073",
                  "OriginalFileName": "net1.exe",
                  "ParentImage": "C:\\Windows\\SysWOW64\\net.exe",
                  "FileVersion": "10.0.17134.1 (WinBuild.160101.0800)",
                  "ParentProcessId": "2844",
                  "CurrentDirectory": "C:\\Program Files (x86)\\AutoIt3\\",
                  "CommandLine": "C:\\Windows\\system32\\net1  stop \".NET Runtime Optimization Service\"",
                  "EventID": "1",
                  "LogonGuid": "C784477D-DE5B-62FD-A3C9-030000000000",
                  "LogonId": "248227",
                  "Image": "C:\\Windows\\SysWOW64\\net1.exe",
                  "IntegrityLevel": "High",
                  "ParentCommandLine": "net  stop \".NET Runtime Optimization Service\"",
                  "UtcTime": "2022-08-18 06:43:52.531",
                  "RuleName": "-"
                }
              },
              {
                "values": {
                  "TerminalSessionId": "1",
                  "ProcessGuid": "C784477D-DFA8-62FD-1006-000000003000",
                  "ProcessId": "3228",
                  "Product": "Microsoft\u00ae Windows\u00ae Operating System",
                  "Description": "Net Command",
                  "Company": "Microsoft Corporation",
                  "ParentProcessGuid": "C784477D-DFA8-62FD-0A06-000000003000",
                  "User": "DESKTOP-B0T93D6\\george",
                  "Hashes": "MD5=DD0561156F62BC1958CE0E370B23711B,SHA256=FD41D0261C6D22572DA448BCB5CBBB98F78A2922D1F1074D25237CC82C8CE432,IMPHASH=86350518EAE83E4A09BBF6317BA1C570",
                  "OriginalFileName": "net.exe",
                  "ParentImage": "C:\\Windows\\SysWOW64\\cmd.exe",
                  "FileVersion": "10.0.17134.1 (WinBuild.160101.0800)",
                  "ParentProcessId": "4968",
                  "CurrentDirectory": "C:\\Program Files (x86)\\AutoIt3\\",
                  "CommandLine": "net  stop OfficeClickToRun",
                  "EventID": "1",
                  "LogonGuid": "C784477D-DE5B-62FD-A3C9-030000000000",
                  "LogonId": "248227",
                  "Image": "C:\\Windows\\SysWOW64\\net.exe",
                  "IntegrityLevel": "High",
                  "ParentCommandLine": "C:\\Windows\\system32\\cmd.exe /c net stop OfficeClickToRun",
                  "UtcTime": "2022-08-18 06:43:52.699",
                  "RuleName": "-"
                }
              },
              {
                "values": {
                  "TerminalSessionId": "1",
                  "ProcessGuid": "C784477D-DFA8-62FD-1106-000000003000",
                  "ProcessId": "5592",
                  "Product": "Microsoft\u00ae Windows\u00ae Operating System",
                  "Description": "Net Command",
                  "Company": "Microsoft Corporation",
                  "ParentProcessGuid": "C784477D-DFA8-62FD-0906-000000003000",
                  "User": "DESKTOP-B0T93D6\\george",
                  "Hashes": "MD5=DD0561156F62BC1958CE0E370B23711B,SHA256=FD41D0261C6D22572DA448BCB5CBBB98F78A2922D1F1074D25237CC82C8CE432,IMPHASH=86350518EAE83E4A09BBF6317BA1C570",
                  "OriginalFileName": "net.exe",
                  "ParentImage": "C:\\Windows\\SysWOW64\\cmd.exe",
                  "FileVersion": "10.0.17134.1 (WinBuild.160101.0800)",
                  "ParentProcessId": "6324",
                  "CurrentDirectory": "C:\\Program Files (x86)\\AutoIt3\\",
                  "CommandLine": "net  stop msiserver",
                  "EventID": "1",
                  "LogonGuid": "C784477D-DE5B-62FD-A3C9-030000000000",
                  "LogonId": "248227",
                  "Image": "C:\\Windows\\SysWOW64\\net.exe",
                  "IntegrityLevel": "High",
                  "ParentCommandLine": "C:\\Windows\\system32\\cmd.exe /c net stop msiserver",
                  "UtcTime": "2022-08-18 06:43:52.700",
                  "RuleName": "-"
                }
              },
              {
                "values": {
                  "TerminalSessionId": "1",
                  "ProcessGuid": "C784477D-DFA8-62FD-1306-000000003000",
                  "ProcessId": "6920",
                  "Product": "Microsoft\u00ae Windows\u00ae Operating System",
                  "Description": "Net Command",
                  "Company": "Microsoft Corporation",
                  "ParentProcessGuid": "C784477D-DFA8-62FD-1106-000000003000",
                  "User": "DESKTOP-B0T93D6\\george",
                  "Hashes": "MD5=B5A26C2BF17222E86B91D26F1247AF3E,SHA256=14CC5BE4C833ACC652195DEAD113E1C3B4AC0B98EA1AEAD11957836F9AE721CF,IMPHASH=3D3E7537BD3BA07738DC5CA8AD01B073",
                  "OriginalFileName": "net1.exe",
                  "ParentImage": "C:\\Windows\\SysWOW64\\net.exe",
                  "FileVersion": "10.0.17134.1 (WinBuild.160101.0800)",
                  "ParentProcessId": "5592",
                  "CurrentDirectory": "C:\\Program Files (x86)\\AutoIt3\\",
                  "CommandLine": "C:\\Windows\\system32\\net1  stop msiserver",
                  "EventID": "1",
                  "LogonGuid": "C784477D-DE5B-62FD-A3C9-030000000000",
                  "LogonId": "248227",
                  "Image": "C:\\Windows\\SysWOW64\\net1.exe",
                  "IntegrityLevel": "High",
                  "ParentCommandLine": "net  stop msiserver",
                  "UtcTime": "2022-08-18 06:43:52.713",
                  "RuleName": "-"
                }
              },
              {
                "values": {
                  "TerminalSessionId": "1",
                  "ProcessGuid": "C784477D-DFA8-62FD-1406-000000003000",
                  "ProcessId": "6536",
                  "Product": "Microsoft\u00ae Windows\u00ae Operating System",
                  "Description": "Net Command",
                  "Company": "Microsoft Corporation",
                  "ParentProcessGuid": "C784477D-DFA8-62FD-1006-000000003000",
                  "User": "DESKTOP-B0T93D6\\george",
                  "Hashes": "MD5=B5A26C2BF17222E86B91D26F1247AF3E,SHA256=14CC5BE4C833ACC652195DEAD113E1C3B4AC0B98EA1AEAD11957836F9AE721CF,IMPHASH=3D3E7537BD3BA07738DC5CA8AD01B073",
                  "OriginalFileName": "net1.exe",
                  "ParentImage": "C:\\Windows\\SysWOW64\\net.exe",
                  "FileVersion": "10.0.17134.1 (WinBuild.160101.0800)",
                  "ParentProcessId": "3228",
                  "CurrentDirectory": "C:\\Program Files (x86)\\AutoIt3\\",
                  "CommandLine": "C:\\Windows\\system32\\net1  stop OfficeClickToRun",
                  "EventID": "1",
                  "LogonGuid": "C784477D-DE5B-62FD-A3C9-030000000000",
                  "LogonId": "248227",
                  "Image": "C:\\Windows\\SysWOW64\\net1.exe",
                  "IntegrityLevel": "High",
                  "ParentCommandLine": "net  stop OfficeClickToRun",
                  "UtcTime": "2022-08-18 06:43:52.714",
                  "RuleName": "-"
                }
              }
            ],
            "rule_level": "low",
            "rule_description": "Detects a windows service to be stopped",
            "rule_source": "Sigma Integrated Rule Set (GitHub)",
            "rule_title": "Stop Windows Service",
            "rule_id": "9afc79c8a56e6e5c4cbd55d203a7dce8efc4ed28aa315b736c842a88b1d3dd0e",
            "rule_author": "Jakob Weinzettl, oscd.community, Nasreddine Bencherchali"
          },
          {
            "match_context": [
              {
                "values": {
                  "EventID": "11",
                  "ProcessId": "6624",
                  "Image": "C:\\Users\\george\\Desktop\\WLMerger.exe",
                  "RuleName": "EXE",
                  "CreationUtcTime": "2022-10-03 13:01:02.109",
                  "UtcTime": "2022-10-03 13:01:02.109",
                  "ProcessGuid": "C784477D-DD03-633A-7006-000000003000",
                  "TargetFilename": "C:\\Windows\\SysWOW64\\svccpl.exe"
                }
              },
              {
                "values": {
                  "EventID": "11",
                  "ProcessId": "6624",
                  "Image": "C:\\Users\\george\\Desktop\\WLMerger.exe",
                  "RuleName": "EXE",
                  "CreationUtcTime": "2022-10-03 13:01:03.984",
                  "UtcTime": "2022-10-03 13:01:03.984",
                  "ProcessGuid": "C784477D-DD03-633A-7006-000000003000",
                  "TargetFilename": "C:\\Windows\\SysWOW64\\sysctf.exe"
                }
              }
            ],
            "rule_level": "low",
            "rule_description": "Detects the creation of an executable by another executable",
            "rule_source": "Sigma Integrated Rule Set (GitHub)",
            "rule_title": "Creation of an Executable by an Executable",
            "rule_id": "b5386a23355681c43cfbd2f2ccfe4b16ed45324d0d7b5583487a9f302ee1e427",
            "rule_author": "frack113"
          },
          {
            "match_context": [
              {
                "values": {
                  "EventID": "4104",
                  "ScriptBlockId": "098a8f59-dd4e-4602-a429-8a7f3890922c",
                  "ScriptBlockText": "nPEntity\"\r\n\r\nforeach ($pr in $objWmi[0].Properties)\r\n{\r\n\t$newClass.Properties.Add($pr.Name, $pr.Type, $false)\t\r\n\tif($pr.Name -eq \"DeviceID\")\r\n\t{\r\n\t\t$newClass.Properties[$pr.Name].Qualifiers.Add(\"Key\", $true)\r\n\t}\r\n\t$newClass.Properties[$pr.Name].Qualifiers.Add(\"read\", $true)\r\n}\r\n\r\n$newClass.Put()\r\n\r\nforeach ($obj in $objWmi)\r\n{\t\r\n\t$args = @{}\r\n\tforeach ($pr in $obj.Properties)\r\n\t{\t\r\n\t\tif(($pr.Name -eq \"DeviceId\" -or $pr.Name -eq \"Caption\" -or $pr.Name -eq \"Name\" -or $pr.Name -eq \"PNPDeviceID\"  -or $pr.Name -eq \"Service\") -and ($pr.Value -match 'VEN_80EE' -or $pr.Value -match 'VEN_15AD' -or $pr.Value -match 'VBOX' -or $pr.Value -match 'VBox' -or $pr.Value -match 'VMWARE' -or $pr.Value -match '82801FB' -or $pr.Value -match '82441FX' -or $pr.Value -match '82371SB' -or $pr.Value -match 'OpenHCD'))\r\n\t\t{\r\n\t\t\t$value = Get-RandomCharacters -length 8 -characters 'ABCDEFGHKLMNOPRSTUVWXYZ123456789_'\r\n\t\t\t$value = $pr.Value.replace(\"VEN_80EE\", $value).replace(\"VEN_15AD\", $value).replace(\"VBOX\", $value).replace(\"VBox\", $value).replace(\"VMWARE\", $value).replace(\"82801FB\", $value).replace(\"82441FX\", $value).replace(\"82371SB\", $value).replace(\"OpenHCD\", $value)\r\n\t\t\t\r\n\t\t\t# 82801FB 82441FX 82371SB OpenHCD\r\n\t\t\t\t\r\n\t\t\t$args.add($pr.Name, $value)\r\n\t\t\t\r\n\t\t} else\r\n\t\t{\r\n\t\t\t$args.add($pr.Name, $pr.Value)\r\n\t\t}\r\n\t}\r\n\t\r\n\tSet-WmiInstance -Path \\\\.\\root\\cimv2:Win32_PnPEntity -Arguments $args\r\n}\r\n\r\n#Joebox\r\n\r\n#Creating Win32_DiskDrive fake class\r\n$newClass = New-Object System.Management.ManagementClass(\"root\\cimv2\", [String]::Empty, $null); \r\n$newClass[\"__CLASS\"] = \"Win32_DiskDrive\";\r\n$newClass.Qualifiers.Add(\"Static\", $true);\r\n\r\n$objWMi = get-wmiobject -computername localhost -Namespace root\\CIMV2 -Query \"Select * from Win32_DiskDrive\"\r\n\r\nif(-Not ($objWMi -is [array]))\r\n{\r\n\t$objWMi = @($objWMi)\r\n}\r\n\r\nforeach ($pr in $objWmi[0].Properties)\r\n{\r\n\t$newClass.Properties.Add($pr.Name, $pr.Type, $false)\t\r\n\tif($pr.Name -eq \"DeviceID\")\r\n\t{\r\n\t\t$newClass.Properties[$pr.Name].Qualifiers.Add(\"Key\", $true)\r\n\t}\r\n\t$newClass.Properties[$pr.Name].Qualifiers.Add(\"read\", $true)\r\n}\r\n\r\n$newClass.Put()\r\n\r\nforeach ($obj in $objWmi)\r\n{\t\r\n\t$args = @{}\r\n\tforeach ($pr in $obj.Properties)\r\n\t{\t\r\n\t\tif(($pr.Name -eq \"DeviceId\" -or $pr.Name -eq \"Caption\" -or $pr.Name -eq \"Model\" -or $pr.Name -eq \"PNPDeviceID\") -and ($pr.Value -match 'VBOX' -or $pr.Value -match 'VBox' -or $pr.Value -match 'VMWARE' -or $pr.Value -match 'VMware'))\r\n\t\t{\r\n\t\t\t$value = Get-RandomCharacters -length 8 -characters 'ABCDEFGHKLMNOPRSTUVWXYZ123456789_'\r\n\t\t\t$value = $pr.Value.replace(\"VBOX\", $value).replace(\"VBox\", $value).replace(\"VMWARE\", $value).replace(\"VMware Virtual disk\", $value).replace(\"VMware\", $value).replace(\"HARDDISK\", \"WDC\").replace(\"VIRTUAL_DISK\", $value)\r\n\t\t\t\t\r\n\t\t\t$args.add($pr.Name, $value)\r\n\t\t\r\n\t\t# Change disk size\r\n\t\t} elseif($pr.Name -eq \"Size\" -and $pr.Value -lt 200000000000)\r\n\t\t{\r\n\t\t\t$args.add($pr.Name, 412300001200)\r\n\t\t} elseif(-Not($pr.Name -eq \"Capabilities\"))\r\n\t\t{\r\n\t\t\t$args.add($pr.Name, $pr.Value)\r\n\t\t}\r\n\t}\r\n\t\r\n\tSet-WmiInstance -Path \\\\.\\root\\cimv2:Win32_DiskDrive -Arguments $args\r\n}\r\n\r\n#Joebox\r\n\r\n#Creating Win32_VideoController fake class\r\n$newClass = New-Object System.Management.ManagementClass(\"root\\cimv2\", [String]::Empty, $null); \r\n$newClass[\"__CLASS\"] = \"Win32_VideoController\";\r\n$newClass.Qualifiers.Add(\"Static\", $true);\r\n\r\n$objWMi = get-wmiobject -computername localhost -Namespace root\\CIMV2 -Query \"Select * from Win32_VideoController\"\r\n\r\nif(-Not ($objWMi -is [array]))\r\n{\r\n\t$objWMi = @($objWMi)\r\n}\r\n\r\nforeach ($pr in $objWmi[0].Properties)\r\n{\r\n\t$newClass.Properties.Add($pr.Name, $pr.Type, $false)\t\r\n\tif($pr.Name -eq \"DeviceID\")\r\n\t{\r\n\t\t$newClass.Properties[$pr.Name].Qualifiers.Add(\"Key\", $true)\r\n\t}\r\n\t$newClass.Properties[$pr.Name].Qualifiers.Add(\"read\", $true)\r\n}\r\n\r\n$newClass.Put()\r\n\r\nforeach ($obj in $objWmi)\r\n{\t\r\n\t$args = @{}\r\n\tforeach ($pr in $obj.Properties)\r\n\t{\t\r\n\t\tif(($pr.Name -eq \"Caption\" -or $pr.Name -eq \"Name\" -or $pr.Name -eq \"PNPDeviceID\" -or $pr.Name -eq \"AdapterCompatibility\" -or $pr.Name -eq \"Description\" -or $pr.Name -eq \"InfSection\" -or $pr.Name -eq \"VideoProcessor\") -and ($pr.Value -match 'VBOX' -or $pr.Value -match 'VBox' -or $pr.Value -match 'VMWARE' -or $pr.Value -match 'VirtualBox' -or $pr.Value -match 'VMware' -or $pr.Value -match 'Oracle Corporation' -or $pr.Value -match 'Microsoft Basic Display Adapter'))\r\n\t\t{\r\n\t\t\t$value = Get-RandomCharacters -length 8 -characters 'ABCDEFGHKLMNOPRSTUVWXYZ123456789_'\r\n\t\t\t$value = $pr.Value.replace(\"VBOX\", $value).replace(\"VBox\", $value).replace(\"VMWARE\", $value).replace(\"VMware\", $value).replace(\"VirtualBox\", $value).replace(\"Oracle Corporation\", $value).replace(\"Microsoft Basic Display Adapter\", $value)\r\n\t\t\t\t\r\n\t\t\t$args.add($pr.Name, $value)\r\n\t\t\r\n\r\n\t\t} elseif($pr.Name -eq \"DriverVersion\")\r\n\t\t{\r\n\t\t\t$value = Get-RandomCharacters -length 8 -characters '1234567890.'\r\n\t\t\t$args.add($pr.Name, $value)\r\n\t\t} elseif($pr.Name -eq \"AdapterRAM\" -and $pr.Value -lt 1000000000)\r\n\t\t{\r\n\t\t\t$args.add($pr.Name, 1073741824)\r\n\t\t} else\r\n\t\t{\r\n\t\t\t$args.add($pr.Name, $pr.Value)\r\n\t\t}\r\n\t}\r\n\t\r\n\tSet-WmiInstance -Path \\\\.\\root\\cimv2:Win32_VideoController -Arguments $args\r\n}\r\n\r\n#Joebox\r\n\r\n# Creating Win32_BaseBoard fake class\r\n$newClass = New-Object System.Management.ManagementClass(\"root\\cimv2\", [String]::Empty, $null); \r\n$newClass[\"__CLASS\"] = \"Win32_BaseBoard\";\r\n$newClass.Qualifiers.Add(\"Static\", $true)\r\n\u00e2\u20ac\u2039\r\n$objWMi = get-wmiobject -computername localhost -Namespace root\\CIMV2 -Query \"Select * from Win32_BaseBoard\"\r\n\u00e2\u20ac\u2039\r\nforeach ($obj in $objWmi)\r\n{\r\n\tforeach ($pr in $obj.Properties)\r\n\t{\r\n\t\t$name = $pr.Name\r\n\t\t$value = $pr.Value\r\n\t\t$qualifier = $false\r\n\u00e2\u20ac\u2039\r\n\t\tswitch ($name)\r\n\t\t{\r\n\t\t\t\"Tag\" {\r\n\t\t\t\t$qualifier = $true\r\n\t\t\t}\r\n\t\t\t\"SerialNumber\" {\r\n\t\t\t\t$value = Get-RandomCharacters -length 16 -characters '1234567890'\r\n\t\t\t}\r\n\t\t\t{\"Product\", \"Manufacturer\" -eq $_} {\r\n\t\t\t\t$value = Get-RandomCharacters -length 10 -characters 'ABCDEFGHKLMNOPRSTUVWXYZ123456789'\r\n\t\t\t}\r\n\t\t}\r\n\u00e2\u20ac\u2039\r\n\t\t$newClass.Properties.Add($name, $value, $pr.Type)\r\n\t\tif ($qualifier) {\r\n\t\t\t$newClass.Properties[$name].Qualifiers.Add(\"Key\", $true)\r\n\t\t}\r\n\t}\r\n}\r\n\u00e2\u20ac\u2039\r\n$newClass.Put()\r\nSet-WmiInstance -Path \\\\.\\root\\cimv2:Win32_BaseBoard\r\n\r\n\r\n#Creating Win32_ComputerSystemProduct fake class\r\n$newClass = New-Object System.Management.ManagementClass(\"root\\cimv2\", [String]::Empty, $null); \r\n$newClass[\"__CLASS\"] = \"Win32_ComputerSystemProduct\";\r\n$newClass.Qualifiers.Add(\"Static\", $true)\r\n\r\n$objWMi = get-wmiobject -computername localhost -Namespace root\\CIMV2 -Query \"Select * from Win32_ComputerSystemProduct\"\r\n\r\nforeach ($obj in $objWmi)\r\n{\r\n\tforeach ($pr in $obj.Properties)\r\n\t{\r\n\t\tif($pr.Name -eq \"Name\")\r\n\t\t{\t\r\n\t\t\t$newClass.Properties.Add($pr.Name, $pr.$value, $pr.Type)\r\n\t\t\t$newClass.Properties[$pr.Name].Qualifiers.Add(\"Key\", $true)\r\n\t\t} elseif($pr.Name -eq \"IdentifyingNumber\")\r\n\t\t{\r\n\t\t\t$value = Get-RandomCharacters -length 6 -characters 'ABCDEFGHKLMNOPRSTUVWXYZ123456789'\r\n\t\t\t$newClass.Properties.Add($pr.Name, $value, $pr.Type)\r\n\t\t} else\r\n\t\t{\r\n\t\t\t$newClass.Properties.Add($pr.Name, $pr.Value, $pr.Type)\r\n\t\t}\r\n\t}\r\n}\r\n\r\n$newClass.Put()\r\nSet-WmiInstance -Path \\\\.\\root\\cimv2:Win32_ComputerSystemProduct\r\n\r\n\r\n\r\n#Creating Win32_LogicalDisk fake class\r\n$newClass = New-Object System.Management.ManagementClass(\"root\\cimv2\", [String]::Empty, $null); \r\n$newClass[\"__CLASS\"] = \"Win32_LogicalDisk\";\r\n$newClass.Qualifiers.Add(\"Static\", $true);\r\n\r\n$objWMi = get-wmiobject -computername localhost -Namespace root\\CIMV2 -Query \"Select * from Win32_LogicalDisk WHERE DriveType = 3\"\r\n\r\nif(-Not ($objWMi -is [array]))\r\n{\r\n\t$objWMi = @($objWMi)\r\n}\r\n\r\nforeach ($pr in $objWmi[0].Properties)\r\n{\r\n\t$newClass.Properties.Add($pr.Name, $pr.Type, $false)\t\r\n\tif($pr.Name -eq \"DeviceID\")\r\n\t{\r\n\t\t$newClass.Properties[$pr.Name].Qualifiers.Add(\"Key\", $true)\r\n\t}\r\n\t$newClass.Properties[$pr.Name].Qualifiers.Add(\"read\", $true)\r\n}\r\n\r\n$newClass.Put()\r\n\r\nforeach ($obj in $objWmi)\r\n{\t\r\n\t$args = @{}\r\n\tforeach ($pr in $obj.Properties)\r\n\t{\t\r\n\t\tif($pr.Name -eq \"Size\")\r\n\t\t{\r\n\t\t\t$args.add($pr.Name, \"223496729601\")\r\n\t\t} else\r\n\t\t{\r\n\t\t\t$args.add($pr.Name, $pr.Value)\r\n\t\t}\r\n\t}\r\n\t\r\n\tSet-WmiInstance -Path \\\\.\\root\\cimv2:Win32_LogicalDisk -Arguments $args\r\n}\r\n\r\n\r\n#Creating Win32_ComputerSystemProduct fake class\r\n$newClass = New-Object System.Management.ManagementClass(\"root\\cimv2\", [String]::Empty, $null); \r\n$newClass[\"__CLASS\"] = \"Win32_OperatingSystem\";\r\n$newClass.Qualifiers.Add(\"Static\", $true)\r\n\r\n$objWMi = get-wmiobject -computername localhost -Namespace root\\CIMV2 -Query \"Select * from Win32_OperatingSystem\"\r\n\r\n\r\nforeach ($obj in $objWmi)\r\n{\r\n\tforeach ($pr in $obj.Properties)\r\n\t{\r\n\t\tif($pr.Name -eq \"CreationClassName\")\r\n\t\t{\t\r\n\t\t\t$newClass.Properties.Add($pr.Name, $pr.$value, $pr.Type)\r\n\t\t\t$newClass.Properties[$pr.Name].Qualifiers.Add(\"Key\", $true)\r\n\t\t} elseif($pr.Name -eq \"LastBootUpTime\")\r\n\t\t{\r\n\t\t\t$d = [System.Management.ManagementDateTimeConverter]::ToDateTime($pr.Value)\r\n\t\t\t$d = $d.addDays(-10)\r\n\t\t\t$d = [System.Management.ManagementDateTimeConverter]::ToDmtfDateTime($d)\r\n\t\t\t\r\n\t\t\t$newClass.Properties.Add($pr.Name, $d, $pr.Type)\r\n\t\t\t\r\n\t\t} else\r\n\t\t{\r\n\t\t\t$newClass.Properties.Add($pr.Name, $pr.Value, $pr.Type)\r\n\t\t}\r\n\t}\r\n}\r\n\r\n$newClass.Put()\r\nSet-WmiInstance -Path \\\\.\\root\\cimv2:Win32_OperatingSystem\r\n\r\n\r\nfunction Delete() {\r\n    $Invocation = (Get-Variable MyInvocation -Scope 1).Value\r\n    $Path =  $Invocation.MyCommand.Path \r\n    Write-Host $Path\r\n    Remove-Item $Path -force\r\n} \r\n     \r\nDelete \r\n",
                  "MessageNumber": "\u0002",
                  "MessageTotal": "\u0002",
                  "Path": "C:\\Program Files (x86)\\Joebox\\unpack\\wmievasions.ps1"
                }
              }
            ],
            "rule_level": "low",
            "rule_description": "Powershell Remove-Item  with -Path to delete a file or a folder with \"-Recurse\"",
            "rule_source": "Sigma Integrated Rule Set (GitHub)",
            "rule_title": "Use Remove-Item to Delete File",
            "rule_id": "d9b2eb00753c3049fbb4ed4f7d88f29b65a0c50bec45ff4723b95bb637f8f83d",
            "rule_author": "frack113"
          },
          {
            "match_context": [
              {
                "values": {
                  "TerminalSessionId": "1",
                  "ProcessGuid": "C784477D-DF90-62FD-7C05-000000003000",
                  "ProcessId": "2240",
                  "Product": "Microsoft\u00ae Windows\u00ae Operating System",
                  "Description": "Windows Command Processor",
                  "Company": "Microsoft Corporation",
                  "ParentProcessGuid": "C784477D-DF8F-62FD-7205-000000003000",
                  "User": "DESKTOP-B0T93D6\\george",
                  "Hashes": "MD5=F3BDBE3BB6F734E357235F4D5898582D,SHA256=3685495D051137B1C4EFDE22C26DF0883614B6453B762FA84588DA55ED2E7744,IMPHASH=0AF8419BE362159398343D7B31721726",
                  "OriginalFileName": "Cmd.Exe",
                  "ParentImage": "C:\\Program Files (x86)\\AutoIt3\\AutoIt3.exe",
                  "FileVersion": "10.0.17134.1 (WinBuild.160101.0800)",
                  "ParentProcessId": "3132",
                  "CurrentDirectory": "C:\\Windows\\SysWOW64\\",
                  "CommandLine": "cmd /C powershell.exe -executionpolicy bypass -File \"C:\\Program Files (x86)\\Joebox\\unpack\\wmievasions.ps1\" > wmi.log 2>&1",
                  "EventID": "1",
                  "LogonGuid": "C784477D-DE5B-62FD-A3C9-030000000000",
                  "LogonId": "248227",
                  "Image": "C:\\Windows\\SysWOW64\\cmd.exe",
                  "IntegrityLevel": "High",
                  "ParentCommandLine": "\"C:\\Program Files (x86)\\AutoIt3\\AutoIt3.exe\" X:\\loadjoeboxvm.au3",
                  "UtcTime": "2022-08-18 06:43:28.316",
                  "RuleName": "-"
                }
              },
              {
                "values": {
                  "TerminalSessionId": "1",
                  "ProcessGuid": "C784477D-DF9F-62FD-8705-000000003000",
                  "ProcessId": "4892",
                  "Product": "Microsoft\u00ae Windows\u00ae Operating System",
                  "Description": "Windows Command Processor",
                  "Company": "Microsoft Corporation",
                  "ParentProcessGuid": "C784477D-DF9F-62FD-8505-000000003000",
                  "User": "DESKTOP-B0T93D6\\george",
                  "Hashes": "MD5=4E2ACF4F8A396486AB4268C94A6A245F,SHA256=9A7C58BD98D70631AA1473F7B57B426DB367D72429A5455B433A05EE251F3236,IMPHASH=8542FB14699D84D7E8DA92F66145C7FE",
                  "OriginalFileName": "Cmd.Exe",
                  "ParentImage": "C:\\Program Files (x86)\\Joebox\\control\\joeboxcontrol.exe",
                  "FileVersion": "10.0.17134.1 (WinBuild.160101.0800)",
                  "ParentProcessId": "6536",
                  "CurrentDirectory": "C:\\Program Files (x86)\\Joebox\\control\\",
                  "CommandLine": "C:\\Windows\\system32\\cmd.exe /c icacls \\\\192.168.2.1\\joe-windows-g7-1\\syscalls\\ /setintegritylevel (CI)(OI)L > nul",
                  "EventID": "1",
                  "LogonGuid": "C784477D-DE5B-62FD-A3C9-030000000000",
                  "LogonId": "248227",
                  "Image": "C:\\Windows\\System32\\cmd.exe",
                  "IntegrityLevel": "High",
                  "ParentCommandLine": "\"C:\\Program Files (x86)\\Joebox\\control\\joeboxcontrol.exe\"",
                  "UtcTime": "2022-08-18 06:43:43.618",
                  "RuleName": "-"
                }
              },
              {
                "values": {
                  "TerminalSessionId": "1",
                  "ProcessGuid": "C784477D-DFA5-62FD-9205-000000003000",
                  "ProcessId": "4360",
                  "Product": "Microsoft\u00ae Windows\u00ae Operating System",
                  "Description": "Windows Command Processor",
                  "Company": "Microsoft Corporation",
                  "ParentProcessGuid": "C784477D-DFA4-62FD-8D05-000000003000",
                  "User": "DESKTOP-B0T93D6\\george",
                  "Hashes": "MD5=F3BDBE3BB6F734E357235F4D5898582D,SHA256=3685495D051137B1C4EFDE22C26DF0883614B6453B762FA84588DA55ED2E7744,IMPHASH=0AF8419BE362159398343D7B31721726",
                  "OriginalFileName": "Cmd.Exe",
                  "ParentImage": "C:\\Program Files (x86)\\AutoIt3\\AutoIt3.exe",
                  "FileVersion": "10.0.17134.1 (WinBuild.160101.0800)",
                  "ParentProcessId": "3488",
                  "CurrentDirectory": "C:\\Program Files (x86)\\AutoIt3\\",
                  "CommandLine": "C:\\Windows\\system32\\cmd.exe /c arp -a > C:\\windows\\runiso.out 2>&1",
                  "EventID": "1",
                  "LogonGuid": "C784477D-DE5B-62FD-A3C9-030000000000",
                  "LogonId": "248227",
                  "Image": "C:\\Windows\\SysWOW64\\cmd.exe",
                  "IntegrityLevel": "High",
                  "ParentCommandLine": "\"C:\\Program Files (x86)\\AutoIt3\\AutoIt3.exe\" \"C:\\Users\\george\\Desktop\\script.1.au3\"",
                  "UtcTime": "2022-08-18 06:43:49.617",
                  "RuleName": "-"
                }
              },
              {
                "values": {
                  "TerminalSessionId": "1",
                  "ProcessGuid": "C784477D-DFA6-62FD-9D05-000000003000",
                  "ProcessId": "4148",
                  "Product": "Microsoft\u00ae Windows\u00ae Operating System",
                  "Description": "Windows Command Processor",
                  "Company": "Microsoft Corporation",
                  "ParentProcessGuid": "C784477D-DFA4-62FD-8D05-000000003000",
                  "User": "DESKTOP-B0T93D6\\george",
                  "Hashes": "MD5=F3BDBE3BB6F734E357235F4D5898582D,SHA256=3685495D051137B1C4EFDE22C26DF0883614B6453B762FA84588DA55ED2E7744,IMPHASH=0AF8419BE362159398343D7B31721726",
                  "OriginalFileName": "Cmd.Exe",
                  "ParentImage": "C:\\Program Files (x86)\\AutoIt3\\AutoIt3.exe",
                  "FileVersion": "10.0.17134.1 (WinBuild.160101.0800)",
                  "ParentProcessId": "3488",
                  "CurrentDirectory": "C:\\Program Files (x86)\\AutoIt3\\",
                  "CommandLine": "C:\\Windows\\system32\\cmd.exe /c tasklist /svc | find \"svchost.exe\" >> \\\\192.168.2.1\\joe-windows-g7-1\\logs\\services.log",
                  "EventID": "1",
                  "LogonGuid": "C784477D-DE5B-62FD-A3C9-030000000000",
                  "LogonId": "248227",
                  "Image": "C:\\Windows\\SysWOW64\\cmd.exe",
                  "IntegrityLevel": "High",
                  "ParentCommandLine": "\"C:\\Program Files (x86)\\AutoIt3\\AutoIt3.exe\" \"C:\\Users\\george\\Desktop\\script.1.au3\"",
                  "UtcTime": "2022-08-18 06:43:50.508",
                  "RuleName": "-"
                }
              },
