              {
                "values": {
                  "TerminalSessionId": "1",
                  "ProcessGuid": "C784477D-DF8F-62FD-7705-000000003000",
                  "ProcessId": "5356",
                  "Product": "Microsoft\u00ae Windows\u00ae Operating System",
                  "Description": "Windows PowerShell",
                  "Company": "Microsoft Corporation",
                  "ParentProcessGuid": "C784477D-DF8F-62FD-7405-000000003000",
                  "User": "DESKTOP-B0T93D6\\george",
                  "Hashes": "MD5=DBA3E6449E97D4E3DF64527EF7012A10,SHA256=E0C662D10B852B23F2D8A240AFC82A72B099519FA71CDDF9D5D0F0BE08169B6E,IMPHASH=D1A922C94A1F407CB2BBCAD033C8ED7A",
                  "OriginalFileName": "PowerShell.EXE",
                  "ParentImage": "C:\\Windows\\SysWOW64\\cmd.exe",
                  "FileVersion": "10.0.17134.1 (WinBuild.160101.0800)",
                  "ParentProcessId": "4880",
                  "CurrentDirectory": "C:\\Windows\\SysWOW64\\",
                  "CommandLine": "powershell.exe  -ex bypass -command \"Get-ScheduledTask | Stop-ScheduledTask",
                  "EventID": "1",
                  "LogonGuid": "C784477D-DE5B-62FD-A3C9-030000000000",
                  "LogonId": "248227",
                  "Image": "C:\\Windows\\SysWOW64\\WindowsPowerShell\\v1.0\\powershell.exe",
                  "IntegrityLevel": "High",
                  "ParentCommandLine": "C:\\Windows\\system32\\cmd.exe /c powershell.exe -ex bypass -command \"Get-ScheduledTask | Stop-ScheduledTask",
                  "UtcTime": "2022-08-18 06:43:27.504",
                  "RuleName": "-"
                }
              },
              {
                "values": {
                  "TerminalSessionId": "1",
                  "ProcessGuid": "C784477D-DF90-62FD-7E05-000000003000",
                  "ProcessId": "7052",
                  "Product": "Microsoft\u00ae Windows\u00ae Operating System",
                  "Description": "Windows PowerShell",
                  "Company": "Microsoft Corporation",
                  "ParentProcessGuid": "C784477D-DF90-62FD-7C05-000000003000",
                  "User": "DESKTOP-B0T93D6\\george",
                  "Hashes": "MD5=DBA3E6449E97D4E3DF64527EF7012A10,SHA256=E0C662D10B852B23F2D8A240AFC82A72B099519FA71CDDF9D5D0F0BE08169B6E,IMPHASH=D1A922C94A1F407CB2BBCAD033C8ED7A",
                  "OriginalFileName": "PowerShell.EXE",
                  "ParentImage": "C:\\Windows\\SysWOW64\\cmd.exe",
                  "FileVersion": "10.0.17134.1 (WinBuild.160101.0800)",
                  "ParentProcessId": "2240",
                  "CurrentDirectory": "C:\\Windows\\SysWOW64\\",
                  "CommandLine": "powershell.exe  -executionpolicy bypass -File \"C:\\Program Files (x86)\\Joebox\\unpack\\wmievasions.ps1\" ",
                  "EventID": "1",
                  "LogonGuid": "C784477D-DE5B-62FD-A3C9-030000000000",
                  "LogonId": "248227",
                  "Image": "C:\\Windows\\SysWOW64\\WindowsPowerShell\\v1.0\\powershell.exe",
                  "IntegrityLevel": "High",
                  "ParentCommandLine": "cmd /C powershell.exe -executionpolicy bypass -File \"C:\\Program Files (x86)\\Joebox\\unpack\\wmievasions.ps1\" > wmi.log 2>&1",
                  "UtcTime": "2022-08-18 06:43:28.349",
                  "RuleName": "-"
                }
              },
              {
                "values": {
                  "TerminalSessionId": "1",
                  "ProcessGuid": "C784477D-DFA6-62FD-A405-000000003000",
                  "ProcessId": "6052",
                  "Product": "Microsoft\u00ae Windows\u00ae Operating System",
                  "Description": "Windows PowerShell",
                  "Company": "Microsoft Corporation",
                  "ParentProcessGuid": "C784477D-DFA6-62FD-9E05-000000003000",
                  "User": "DESKTOP-B0T93D6\\george",
                  "Hashes": "MD5=DBA3E6449E97D4E3DF64527EF7012A10,SHA256=E0C662D10B852B23F2D8A240AFC82A72B099519FA71CDDF9D5D0F0BE08169B6E,IMPHASH=D1A922C94A1F407CB2BBCAD033C8ED7A",
                  "OriginalFileName": "PowerShell.EXE",
                  "ParentImage": "C:\\Windows\\SysWOW64\\cmd.exe",
                  "FileVersion": "10.0.17134.1 (WinBuild.160101.0800)",
                  "ParentProcessId": "5184",
                  "CurrentDirectory": "C:\\Program Files (x86)\\AutoIt3\\",
                  "CommandLine": "powershell.exe  -ex bypass -command \"Get-ScheduledTask | Disable-ScheduledTask\" ",
                  "EventID": "1",
                  "LogonGuid": "C784477D-DE5B-62FD-A3C9-030000000000",
                  "LogonId": "248227",
                  "Image": "C:\\Windows\\SysWOW64\\WindowsPowerShell\\v1.0\\powershell.exe",
                  "IntegrityLevel": "High",
                  "ParentCommandLine": "C:\\Windows\\system32\\cmd.exe /c powershell.exe -ex bypass -command \"Get-ScheduledTask | Disable-ScheduledTask\" > \\\\192.168.2.1\\joe-windows-g7-1\\logs\\taskdeletion.log 2>&1",
                  "UtcTime": "2022-08-18 06:43:50.557",
                  "RuleName": "-"
                }
              },
              {
                "values": {
                  "TerminalSessionId": "1",
                  "ProcessGuid": "C784477D-DFA6-62FD-A605-000000003000",
                  "ProcessId": "2200",
                  "Product": "Microsoft\u00ae Windows\u00ae Operating System",
                  "Description": "Windows PowerShell",
                  "Company": "Microsoft Corporation",
                  "ParentProcessGuid": "C784477D-DFA6-62FD-9F05-000000003000",
                  "User": "DESKTOP-B0T93D6\\george",
                  "Hashes": "MD5=DBA3E6449E97D4E3DF64527EF7012A10,SHA256=E0C662D10B852B23F2D8A240AFC82A72B099519FA71CDDF9D5D0F0BE08169B6E,IMPHASH=D1A922C94A1F407CB2BBCAD033C8ED7A",
                  "OriginalFileName": "PowerShell.EXE",
                  "ParentImage": "C:\\Windows\\SysWOW64\\cmd.exe",
                  "FileVersion": "10.0.17134.1 (WinBuild.160101.0800)",
                  "ParentProcessId": "6816",
                  "CurrentDirectory": "C:\\Program Files (x86)\\AutoIt3\\",
                  "CommandLine": "powershell.exe  -ex bypass -command \"Get-ScheduledTask | Stop-ScheduledTask\" ",
                  "EventID": "1",
                  "LogonGuid": "C784477D-DE5B-62FD-A3C9-030000000000",
                  "LogonId": "248227",
                  "Image": "C:\\Windows\\SysWOW64\\WindowsPowerShell\\v1.0\\powershell.exe",
                  "IntegrityLevel": "High",
                  "ParentCommandLine": "C:\\Windows\\system32\\cmd.exe /c powershell.exe -ex bypass -command \"Get-ScheduledTask | Stop-ScheduledTask\" > \\\\192.168.2.1\\joe-windows-g7-1\\logs\\taskstop.log 2>&1",
                  "UtcTime": "2022-08-18 06:43:50.566",
                  "RuleName": "-"
                }
              }
            ],
            "rule_level": "low",
            "rule_description": "Detects non-interactive PowerShell activity by looking at powershell.exe with not explorer.exe as a parent.",
            "rule_source": "Sigma Integrated Rule Set (GitHub)",
            "rule_title": "Non Interactive PowerShell",
            "rule_id": "1c2e4db94ca79f939e94e29c04fb3b71467fc6f5b9c31db34fcce5a2fb3b856f",
            "rule_author": "Roberto Rodriguez @Cyb3rWard0g (rule), oscd.community (improvements)"
          },
          {
            "match_context": [
              {
                "values": {
                  "EventID": "4104",
                  "ScriptBlockText": "#Joebox\r\n#Creating Win32_Fan class and settings values being checked (not everything!)\r\n$newClass = New-Object System.Management.ManagementClass(\"root\\cimv2\", [String]::Empty, $null); \r\n$newClass[\"__CLASS\"] = \"Win32_Fan\"; \r\n$newClass.Qualifiers.Add(\"Static\", $true)\r\n$newClass.Properties.Add(\"Name\", [System.Management.CimType]::String, $false)\r\n$newClass.Properties[\"Name\"].Qualifiers.Add(\"read\", $true)\r\n$newClass.Properties[\"Name\"].Qualifiers.Add(\"Key\", $true)\r\n$newClass.Put()\r\nSet-WmiInstance -Path \\\\.\\root\\cimv2:Win32_Fan -Arguments @{Name=\"Cooling Device\";}\r\n\r\n#Creating MSAcpi_ThermalZoneTemperature class and settings values being checked (not everything!)\r\n$newClass = New-Object System.Management.ManagementClass(\"root\\wmi\", [String]::Empty, $null); \r\n$newClass[\"__CLASS\"] = \"MSAcpi_ThermalZoneTemperature\"; \r\n$newClass.Qualifiers.Add(\"Static\", $true)\r\n$newClass.Properties.Add(\"CurrentTemperature\", [System.Management.CimType]::UInt32, $false)\r\n$newClass.Properties[\"CurrentTemperature\"].Qualifiers.Add(\"read\", $true)\r\n$newClass.Properties[\"CurrentTemperature\"].Qualifiers.Add(\"Key\", $true)\r\n$newClass.Put()\r\n$temp = Get-Random -Minimum 2000 -Maximum 3000\r\nSet-WmiInstance -Path \\\\.\\root\\wmi:MSAcpi_ThermalZoneTemperature -Arguments @{CurrentTemperature=$temp.ToString();}\r\n\r\nfunction Get-RandomCharacters($length, $characters) { \r\n    $random = 1..$length | ForEach-Object { Get-Random -Maximum $characters.length } \r\n    $private:ofs=\"\" \r\n    return [String]$characters[$random]\r\n}\r\n\r\n#Joebox\r\n<#\r\n# Win32_CacheMemory\r\n$newClass = New-Object System.Management.ManagementClass(\"root\\cimv2\", [String]::Empty, $null); \r\n$newClass[\"__CLASS\"] = \"Win32_CacheMemory\"; \r\n$newClass.Qualifiers.Add(\"Static\", $true)\r\n$newClass.Properties.Add(\"DeviceID\", [System.Management.CimType]::String, $false)\r\n$newClass.Properties[\"DeviceID\"].Qualifiers.Add(\"read\", $true)\r\n$newClass.Properties[\"DeviceID\"].Qualifiers.Add(\"Key\", $true)\r\n$newClass.Put()\r\nSet-WmiInstance -Path \\\\.\\root\\cimv2:Win32_CacheMemory -Arguments @{DeviceID=\"Cache Memory 0\";}\r\n\r\n# Win32_PhysicalMemory\r\n$newClass = New-Object System.Management.ManagementClass(\"root\\cimv2\", [String]::Empty, $null); \r\n$newClass[\"__CLASS\"] = \"Win32_PhysicalMemory\"; \r\n$newClass.Qualifiers.Add(\"Static\", $true)\r\n$newClass.Properties.Add(\"Name\", [System.Management.CimType]::String, $false)\r\n$newClass.Properties[\"Name\"].Qualifiers.Add(\"read\", $true)\r\n$newClass.Properties[\"Name\"].Qualifiers.Add(\"Key\", $true)\r\n$newClass.Put()\r\nSet-WmiInstance -Path \\\\.\\root\\cimv2:Win32_PhysicalMemory -Arguments @{Name=\"Physical Memory\";}\r\n\r\n# Win32_MemoryDevice\r\n$newClass = New-Object System.Management.ManagementClass(\"root\\cimv2\", [String]::Empty, $null); \r\n$newClass[\"__CLASS\"] = \"Win32_MemoryDevice\"; \r\n$newClass.Qualifiers.Add(\"Static\", $true)\r\n$newClass.Properties.Add(\"Name\", [System.Management.CimType]::String, $false)\r\n$newClass.Properties[\"Name\"].Qualifiers.Add(\"read\", $true)\r\n$newClass.Properties[\"Name\"].Qualifiers.Add(\"Key\", $true)\r\n$newClass.Put()\r\nSet-WmiInstance -Path \\\\.\\root\\cimv2:Win32_MemoryDevice -Arguments @{Name=\"Memory Device\";}\r\n\r\n# Win32_MemoryArray\r\n$newClass = New-Object System.Management.ManagementClass(\"root\\cimv2\", [String]::Empty, $null); \r\n$newClass[\"__CLASS\"] = \"Win32_MemoryArray\"; \r\n$newClass.Qualifiers.Add(\"Static\", $true)\r\n$newClass.Properties.Add(\"Name\", [System.Management.CimType]::String, $false)\r\n$newClass.Properties[\"Name\"].Qualifiers.Add(\"read\", $true)\r\n$newClass.Properties[\"Name\"].Qualifiers.Add(\"Key\", $true)\r\n$newClass.Put()\r\nSet-WmiInstance -Path \\\\.\\root\\cimv2:Win32_MemoryArray -Arguments @{Name=\"Memory Array\";}\r\n\r\n# Win32_PortConnector\r\n$newClass = New-Object System.Management.ManagementClass(\"root\\cimv2\", [String]::Empty, $null); \r\n$newClass[\"__CLASS\"] = \"Win32_PortConnector\"; \r\n$newClass.Qualifiers.Add(\"Static\", $true)\r\n$newClass.Properties.Add(\"Tag\", [System.Management.CimType]::String, $false)\r\n$newClass.Properties[\"Tag\"].Qualifiers.Add(\"read\", $true)\r\n$newClass.Properties[\"Tag\"].Qualifiers.Add(\"Key\", $true)\r\n$newClass.Put()\r\nSet-WmiInstance -Path \\\\.\\root\\cimv2:Win32_PortConnector -Arguments @{Tag=\"Port Connector 0\";}\r\n\r\n# Win32_SMBIOSMemory\r\n$newClass = New-Object System.Management.ManagementClass(\"root\\cimv2\", [String]::Empty, $null); \r\n$newClass[\"__CLASS\"] = \"Win32_SMBIOSMemory\"; \r\n$newClass.Qualifiers.Add(\"Static\", $true)\r\n$newClass.Properties.Add(\"Name\", [System.Management.CimType]::String, $false)\r\n$newClass.Properties[\"Name\"].Qualifiers.Add(\"read\", $true)\r\n$newClass.Properties[\"Name\"].Qualifiers.Add(\"Key\", $true)\r\n$newClass.Put()\r\nSet-WmiInstance -Path \\\\.\\root\\cimv2:Win32_SMBIOSMemory -Arguments @{Name=\"Memory Array\";}\r\n\r\n# Win32_VoltageProbe\r\n$newClass = New-Object System.Management.ManagementClass(\"root\\cimv2\", [String]::Empty, $null); \r\n$newClass[\"__CLASS\"] = \"Win32_VoltageProbe\"; \r\n$newClass.Qualifiers.Add(\"Static\", $true)\r\n$newClass.Properties.Add(\"Description\", [System.Management.CimType]::String, $false)\r\n$newClass.Properties[\"Description\"].Qualifiers.Add(\"read\", $true)\r\n$newClass.Properties[\"Description\"].Qualifiers.Add(\"Key\", $true)\r\n$newClass.Put()\r\nSet-WmiInstance -Path \\\\.\\root\\cimv2:Win32_VoltageProbe -Arguments @{Description=\"LM78A\";}\r\n\r\n\r\n\r\n# Win32_PerfFormattedData_Counters_ThermalZoneInformation\r\n$newClass = New-Object System.Management.ManagementClass(\"root\\cimv2\", [String]::Empty, $null); \r\n$newClass[\"__CLASS\"] = \"Win32_PerfFormattedData_Counters_ThermalZoneInformation\"; \r\n$newClass.Qualifiers.Add(\"Static\", $true)\r\n$newClass.Properties.Add(\"Name\", [System.Management.CimType]::String, $false)\r\n$newClass.Properties[\"Name\"].Qualifiers.Add(\"read\", $true)\r\n$newClass.Properties[\"Name\"].Qualifiers.Add(\"Key\", $true)\r\n$newClass.Put()\r\nSet-WmiInstance -Path \\\\.\\root\\cimv2:Win32_PerfFormattedData_Counters_ThermalZoneInformation -Arguments @{Name=\"\\\\_TZ.TZ01\";}\r\n#>\r\n<#\r\n\r\n# CIM_VoltageSensor\r\n$newClass = New-Object System.Management.ManagementClass(\"root\\cimv2\", [String]::Empty, $null); \r\n$newClass[\"__CLASS\"] = \"CIM_VoltageSensor\"; \r\n$newClass.Qualifiers.Add(\"Static\", $true)\r\n$newClass.Properties.Add(\"Description\", [System.Management.CimType]::String, $false)\r\n$newClass.Properties[\"Description\"].Qualifiers.Add(\"read\", $true)\r\n$newClass.Properties[\"Description\"].Qualifiers.Add(\"Key\", $true)\r\n$newClass.Put()\r\nSet-WmiInstance -Path \\\\.\\root\\cimv2:CIM_VoltageSensor -Arguments @{Description=\"LM78A\";}\r\n\r\n# CIM_Memory\r\n$newClass = New-Object System.Management.ManagementClass(\"root\\cimv2\", [String]::Empty, $null); \r\n$newClass[\"__CLASS\"] = \"CIM_Memory\"; \r\n$newClass.Qualifiers.Add(\"Static\", $true)\r\n$newClass.Properties.Add(\"DeviceID\", [System.Management.CimType]::String, $false)\r\n$newClass.Properties[\"DeviceID\"].Qualifiers.Add(\"read\", $true)\r\n$newClass.Properties[\"DeviceID\"].Qualifiers.Add(\"Key\", $true)\r\n$newClass.Put()\r\nSet-WmiInstance -Path \\\\.\\root\\cimv2:CIM_Memory -Arguments @{DeviceID=\"Cache Memory 0\";}\r\n\r\n# CIM_Sensor\r\n$newClass = New-Object System.Management.ManagementClass(\"root\\cimv2\", [String]::Empty, $null); \r\n$newClass[\"__CLASS\"] = \"CIM_Sensor\"; \r\n$newClass.Qualifiers.Add(\"Static\", $true)\r\n$newClass.Properties.Add(\"Name\", [System.Management.CimType]::String, $false)\r\n$newClass.Properties[\"Name\"].Qualifiers.Add(\"read\", $true)\r\n$newClass.Properties[\"Name\"].Qualifiers.Add(\"Key\", $true)\r\n$newClass.Put()\r\nSet-WmiInstance -Path \\\\.\\root\\cimv2:CIM_Sensor -Arguments @{Name=\"Numeric Sensor\";}\r\n\r\n# CIM_NumericSensor\r\n$newClass = New-Object System.Management.ManagementClass(\"root\\cimv2\", [String]::Empty, $null); \r\n$newClass[\"__CLASS\"] = \"CIM_NumericSensor\"; \r\n$newClass.Qualifiers.Add(\"Static\", $true)\r\n$newClass.Properties.Add(\"Name\", [System.Management.CimType]::String, $false)\r\n$newClass.Properties[\"Name\"].Qualifiers.Add(\"read\", $true)\r\n$newClass.Properties[\"Name\"].Qualifiers.Add(\"Key\", $true)\r\n$newClass.Put()\r\nSet-WmiInstance -Path \\\\.\\root\\cimv2:CIM_NumericSensor -Arguments @{Name=\"Numeric Sensor\";}\r\n\r\n# CIM_TemperatureSensor\r\n$newClass = New-Object System.Management.ManagementClass(\"root\\cimv2\", [String]::Empty, $null); \r\n$newClass[\"__CLASS\"] = \"CIM_TemperatureSensor\"; \r\n$newClass.Qualifiers.Add(\"Static\", $true)\r\n$newClass.Properties.Add(\"Name\", [System.Management.CimType]::String, $false)\r\n$newClass.Properties[\"Name\"].Qualifiers.Add(\"read\", $true)\r\n$newClass.Properties[\"Name\"].Qualifiers.Add(\"Key\", $true)\r\n$newClass.Put()\r\nSet-WmiInstance -Path \\\\.\\root\\cimv2:CIM_TemperatureSensor -Arguments @{Name=\"Numeric Sensor\";}\r\n\r\n# CIM_PhysicalConnector\r\n$newClass = New-Object System.Management.ManagementClass(\"root\\cimv2\", [String]::Empty, $null); \r\n$newClass[\"__CLASS\"] = \"CIM_PhysicalConnector\"; \r\n$newClass.Qualifiers.Add(\"Static\", $true)\r\n$newClass.Properties.Add(\"Tag\", [System.Management.CimType]::String, $false)\r\n$newClass.Properties[\"Tag\"].Qualifiers.Add(\"read\", $true)\r\n$newClass.Properties[\"Tag\"].Qualifiers.Add(\"Key\", $true)\r\n$newClass.Put()\r\nSet-WmiInstance -Path \\\\.\\root\\cimv2:CIM_PhysicalConnector -Arguments @{Tag=\"Port Connector 0\";}\r\n\r\n# CIM_Slot\r\n$newClass = New-Object System.Management.ManagementClass(\"root\\cimv2\", [String]::Empty, $null); \r\n$newClass[\"__CLASS\"] = \"CIM_Slot\"; \r\n$newClass.Qualifiers.Add(\"Static\", $true)\r\n$newClass.Properties.Add(\"Tag\", [System.Management.CimType]::String, $false)\r\n$newClass.Properties[\"Tag\"].Qualifiers.Add(\"read\", $true)\r\n$newClass.Properties[\"Tag\"].Qualifiers.Add(\"Key\", $true)\r\n$newClass.Put()\r\nSet-WmiInstance -Path \\\\.\\root\\cimv2:CIM_Slot -Arguments @{Tag=\"System Slot 0\";}\r\n\r\n#>\r\n\r\n#Joebox\r\n\r\n#Creating Win32_BIOS fake class\r\n$newClass = New-Object System.Management.ManagementClass(\"root\\cimv2\", [String]::Empty, $null); \r\n$newClass[\"__CLASS\"] = \"Win32_BIOS\";\r\n$newClass.Qualifiers.Add(\"Static\", $true)\r\n\r\n$objWMi = get-wmiobject -computername localhost -Namespace root\\CIMV2 -Query \"Select * from Win32_BIOS\"\r\n\r\nforeach ($obj in $objWmi)\r\n{\r\n\tforeach ($pr in $obj.Properties)\r\n\t{\r\n\t\tif($pr.Name -eq \"SerialNumber\")\r\n\t\t{\t$value = Get-RandomCharacters -length 10 -characters 'ABCDEFGHKLMNOPRSTUVWXYZ123456789'\r\n\r\n\t\t\t$newClass.Properties.Add($pr.Name, $value, $pr.Type)\r\n\t\t\t$newClass.Properties[$pr.Name].Qualifiers.Add(\"Key\", $true)\r\n\t\t} elseif($pr.Name -eq \"BIOSVersion\")\r\n\t\t{\r\n\t\t\t$value = Get-RandomCharacters -length 10 -characters 'ABCDEFGHKLMNOPRSTUVWXYZ123456789'\r\n\r\n\t\t\t$newClass.Properties.Add($pr.Name, @($value), $pr.Type)\r\n\t\t} elseif($pr.Name -eq \"Manufacturer\" -or $pr.Name -eq \"Version\" -or $pr.Name -eq \"SMBIOSBIOSVersion\")\r\n\t\t{\r\n\t\t\t$value = Get-RandomCharacters -length 5 -characters 'ABCDEFGHKLMNOPRSTUVWXYZ123456789'\r\n\r\n\t\t\t$newClass.Properties.Add($pr.Name, $value, $pr.Type)\r\n\t\t} else\r\n\t\t{\r\n\t\t\t$newClass.Properties.Add($pr.Name, $pr.Value, $pr.Type)\r\n\t\t}\r\n\t}\r\n}\r\n\r\n$newClass.Put()\r\nSet-WmiInstance -Path \\\\.\\root\\cimv2:Win32_BIOS \r\n\r\nfunction Get-RandomCharacters($length, $characters) { \r\n    $random = 1..$length | ForEach-Object { Get-Random -Maximum $characters.length } \r\n    $private:ofs=\"\" \r\n    return [String]$characters[$random]\r\n}\r\n\r\n#Joebox\r\n\r\n#Creating Win32_Processor fake class\r\n$newClass = New-Object System.Management.ManagementClass(\"root\\cimv2\", [String]::Empty, $null); \r\n$newClass[\"__CLASS\"] = \"Win32_Processor\";\r\n$newClass.Qualifiers.Add(\"Static\", $true);\r\n\r\n$objWMi = get-wmiobject -computername localhost -Namespace root\\CIMV2 -Query \"Select * from Win32_Processor\"\r\n\r\nif(-Not ($objWMi -is [array]))\r\n{\r\n\t$objWMi = @($objWMi)\r\n}\r\n\r\nforeach ($pr in $objWmi[0].Properties)\r\n{\r\n\t$newClass.Properties.Add($pr.Name, $pr.Type, $false)\t\r\n\tif($pr.Name -eq \"ProcessorId\")\r\n\t{\r\n\t\t$newClass.Properties[$pr.Name].Qualifiers.Add(\"Key\", $true)\r\n\t}\r\n\t$newClass.Properties[$pr.Name].Qualifiers.Add(\"read\", $true)\r\n}\r\n\r\n$newClass.Put()\r\n\r\nforeach ($obj in $objWmi)\r\n{\t\r\n\t$args = @{}\r\n\tforeach ($pr in $obj.Properties)\r\n\t{\t\r\n\t\tif($pr.Name -eq \"ProcessorId\")\r\n\t\t{\r\n\t\t\t$value = Get-RandomCharacters -length 10 -characters 'ABCDEF0123456789'\r\n\t\t\t$args.add($pr.Name, $value)\r\n\t\t} elseif($pr.Name -eq \"Name\" -and $pr.Value -match 'Xeon')\r\n\t\t{\r\n\t\t\t$value = $pr.Value.replace(\"Xeon\", \"Core\")\r\n\t\t\t$args.add($pr.Name, $pr.Value)\r\n\t\t\t\r\n\t\t} elseif($pr.Name -eq \"NumberOfCores\" -and $pr.Value -lt 4)\r\n\t\t{\r\n\t\t\t$args.add($pr.Name, 4)\r\n\t\t} else\r\n\t\t{\r\n\t\t\t$args.add($pr.Name, $pr.Value)\r\n\t\t}\r\n\t}\r\n\tSet-WmiInstance -Path \\\\.\\root\\cimv2:Win32_Processor -Arguments $args\r\n}\r\n\r\n#Joebox\r\n\r\n#Creating Win32_ComputerSystem fake class\r\n$newClass = New-Object System.Management.ManagementClass(\"root\\cimv2\", [String]::Empty, $null); \r\n$newClass[\"__CLASS\"] = \"Win32_ComputerSystem\";\r\n$newClass.Qualifiers.Add(\"Static\", $true)\r\n\r\n$objWMi = get-wmiobject -computername localhost -Namespace root\\CIMV2 -Query \"Select * from Win32_ComputerSystem\"\r\n\r\nforeach ($obj in $objWmi)\r\n{\r\n\tforeach ($pr in $obj.Properties)\r\n\t{\r\n\t\tif($pr.Name -eq \"Manufacturer\")\r\n\t\t{\r\n\t\t\t$value = Get-RandomCharacters -length 15 -characters 'ABCDEFGHKLMNOPRSTUVWXYZabcdefghklmnoprstuvwxyz123456789 '\r\n\r\n\t\t\t$newClass.Properties.Add($pr.Name, $value, $pr.Type)\r\n\t\t\t$newClass.Properties[$pr.Name].Qualifiers.Add(\"Key\", $true)\r\n\t\t} elseif($pr.Name -eq \"Model\")\r\n\t\t{\r\n\t\t\t$value = Get-RandomCharacters -length 8 -characters 'ABCDEFGHKLMNOPRSTUVWXYZabcdefghklmnoprstuvwxyz123456789 '\r\n\t\t\t$newClass.Properties.Add($pr.Name, $value, $pr.Type)\r\n\t\t} elseif($pr.Name -eq \"Domain\")\r\n\t\t{\r\n\t\t\t$value = Get-RandomCharacters -length 5 -characters 'ABCDEFGHKLMNOPRSTUVWXYZabcdefghklmnoprstuvwxyz123456789'\r\n\t\t\t$newClass.Properties.Add($pr.Name, $value, $pr.Type)\r\n\t\t} elseif($pr.Name -eq \"OEMStringArray\")\r\n\t\t{\r\n\t\t\t$value = Get-RandomCharacters -length 10 -characters 'ABCDEFGHKLMNOPRSTUVWXYZabcdefghklmnoprstuvwxyz123456789'\r\n\t\t\t$newClass.Properties.Add($pr.Name, @($value), $pr.Type)\r\n\t\t} else\r\n\t\t{\r\n\t\t\t$newClass.Properties.Add($pr.Name, $pr.Value, $pr.Type)\r\n\t\t}\r\n\t}\r\n}\r\n\r\n$newClass.Put()\r\nSet-WmiInstance -Path \\\\.\\root\\cimv2:Win32_ComputerSystem \r\n\r\n#Joebox\r\n\r\n#Creating Win32_PnPEntity fake class\r\n$newClass = New-Object System.Management.ManagementClass(\"root\\cimv2\", [String]::Empty, $null); \r\n$newClass[\"__CLASS\"] = \"Win32_PnPEntity\";\r\n$newClass.Qualifiers.Add(\"Static\", $true);\r\n\r\n$objWMi = get-wmiobject -computername localhost -Namespace root\\CIMV2 -Query \"Select * from Win32_P",
                  "ScriptBlockId": "098a8f59-dd4e-4602-a429-8a7f3890922c",
                  "MessageNumber": "\u0001",
                  "Path": "C:\\Program Files (x86)\\Joebox\\unpack\\wmievasions.ps1",
                  "MessageTotal": "\u0002"
                }
              },
              {
                "values": {
                  "EventID": "4104",
                  "ScriptBlockId": "098a8f59-dd4e-4602-a429-8a7f3890922c",
                  "ScriptBlockText": "nPEntity\"\r\n\r\nforeach ($pr in $objWmi[0].Properties)\r\n{\r\n\t$newClass.Properties.Add($pr.Name, $pr.Type, $false)\t\r\n\tif($pr.Name -eq \"DeviceID\")\r\n\t{\r\n\t\t$newClass.Properties[$pr.Name].Qualifiers.Add(\"Key\", $true)\r\n\t}\r\n\t$newClass.Properties[$pr.Name].Qualifiers.Add(\"read\", $true)\r\n}\r\n\r\n$newClass.Put()\r\n\r\nforeach ($obj in $objWmi)\r\n{\t\r\n\t$args = @{}\r\n\tforeach ($pr in $obj.Properties)\r\n\t{\t\r\n\t\tif(($pr.Name -eq \"DeviceId\" -or $pr.Name -eq \"Caption\" -or $pr.Name -eq \"Name\" -or $pr.Name -eq \"PNPDeviceID\"  -or $pr.Name -eq \"Service\") -and ($pr.Value -match 'VEN_80EE' -or $pr.Value -match 'VEN_15AD' -or $pr.Value -match 'VBOX' -or $pr.Value -match 'VBox' -or $pr.Value -match 'VMWARE' -or $pr.Value -match '82801FB' -or $pr.Value -match '82441FX' -or $pr.Value -match '82371SB' -or $pr.Value -match 'OpenHCD'))\r\n\t\t{\r\n\t\t\t$value = Get-RandomCharacters -length 8 -characters 'ABCDEFGHKLMNOPRSTUVWXYZ123456789_'\r\n\t\t\t$value = $pr.Value.replace(\"VEN_80EE\", $value).replace(\"VEN_15AD\", $value).replace(\"VBOX\", $value).replace(\"VBox\", $value).replace(\"VMWARE\", $value).replace(\"82801FB\", $value).replace(\"82441FX\", $value).replace(\"82371SB\", $value).replace(\"OpenHCD\", $value)\r\n\t\t\t\r\n\t\t\t# 82801FB 82441FX 82371SB OpenHCD\r\n\t\t\t\t\r\n\t\t\t$args.add($pr.Name, $value)\r\n\t\t\t\r\n\t\t} else\r\n\t\t{\r\n\t\t\t$args.add($pr.Name, $pr.Value)\r\n\t\t}\r\n\t}\r\n\t\r\n\tSet-WmiInstance -Path \\\\.\\root\\cimv2:Win32_PnPEntity -Arguments $args\r\n}\r\n\r\n#Joebox\r\n\r\n#Creating Win32_DiskDrive fake class\r\n$newClass = New-Object System.Management.ManagementClass(\"root\\cimv2\", [String]::Empty, $null); \r\n$newClass[\"__CLASS\"] = \"Win32_DiskDrive\";\r\n$newClass.Qualifiers.Add(\"Static\", $true);\r\n\r\n$objWMi = get-wmiobject -computername localhost -Namespace root\\CIMV2 -Query \"Select * from Win32_DiskDrive\"\r\n\r\nif(-Not ($objWMi -is [array]))\r\n{\r\n\t$objWMi = @($objWMi)\r\n}\r\n\r\nforeach ($pr in $objWmi[0].Properties)\r\n{\r\n\t$newClass.Properties.Add($pr.Name, $pr.Type, $false)\t\r\n\tif($pr.Name -eq \"DeviceID\")\r\n\t{\r\n\t\t$newClass.Properties[$pr.Name].Qualifiers.Add(\"Key\", $true)\r\n\t}\r\n\t$newClass.Properties[$pr.Name].Qualifiers.Add(\"read\", $true)\r\n}\r\n\r\n$newClass.Put()\r\n\r\nforeach ($obj in $objWmi)\r\n{\t\r\n\t$args = @{}\r\n\tforeach ($pr in $obj.Properties)\r\n\t{\t\r\n\t\tif(($pr.Name -eq \"DeviceId\" -or $pr.Name -eq \"Caption\" -or $pr.Name -eq \"Model\" -or $pr.Name -eq \"PNPDeviceID\") -and ($pr.Value -match 'VBOX' -or $pr.Value -match 'VBox' -or $pr.Value -match 'VMWARE' -or $pr.Value -match 'VMware'))\r\n\t\t{\r\n\t\t\t$value = Get-RandomCharacters -length 8 -characters 'ABCDEFGHKLMNOPRSTUVWXYZ123456789_'\r\n\t\t\t$value = $pr.Value.replace(\"VBOX\", $value).replace(\"VBox\", $value).replace(\"VMWARE\", $value).replace(\"VMware Virtual disk\", $value).replace(\"VMware\", $value).replace(\"HARDDISK\", \"WDC\").replace(\"VIRTUAL_DISK\", $value)\r\n\t\t\t\t\r\n\t\t\t$args.add($pr.Name, $value)\r\n\t\t\r\n\t\t# Change disk size\r\n\t\t} elseif($pr.Name -eq \"Size\" -and $pr.Value -lt 200000000000)\r\n\t\t{\r\n\t\t\t$args.add($pr.Name, 412300001200)\r\n\t\t} elseif(-Not($pr.Name -eq \"Capabilities\"))\r\n\t\t{\r\n\t\t\t$args.add($pr.Name, $pr.Value)\r\n\t\t}\r\n\t}\r\n\t\r\n\tSet-WmiInstance -Path \\\\.\\root\\cimv2:Win32_DiskDrive -Arguments $args\r\n}\r\n\r\n#Joebox\r\n\r\n#Creating Win32_VideoController fake class\r\n$newClass = New-Object System.Management.ManagementClass(\"root\\cimv2\", [String]::Empty, $null); \r\n$newClass[\"__CLASS\"] = \"Win32_VideoController\";\r\n$newClass.Qualifiers.Add(\"Static\", $true);\r\n\r\n$objWMi = get-wmiobject -computername localhost -Namespace root\\CIMV2 -Query \"Select * from Win32_VideoController\"\r\n\r\nif(-Not ($objWMi -is [array]))\r\n{\r\n\t$objWMi = @($objWMi)\r\n}\r\n\r\nforeach ($pr in $objWmi[0].Properties)\r\n{\r\n\t$newClass.Properties.Add($pr.Name, $pr.Type, $false)\t\r\n\tif($pr.Name -eq \"DeviceID\")\r\n\t{\r\n\t\t$newClass.Properties[$pr.Name].Qualifiers.Add(\"Key\", $true)\r\n\t}\r\n\t$newClass.Properties[$pr.Name].Qualifiers.Add(\"read\", $true)\r\n}\r\n\r\n$newClass.Put()\r\n\r\nforeach ($obj in $objWmi)\r\n{\t\r\n\t$args = @{}\r\n\tforeach ($pr in $obj.Properties)\r\n\t{\t\r\n\t\tif(($pr.Name -eq \"Caption\" -or $pr.Name -eq \"Name\" -or $pr.Name -eq \"PNPDeviceID\" -or $pr.Name -eq \"AdapterCompatibility\" -or $pr.Name -eq \"Description\" -or $pr.Name -eq \"InfSection\" -or $pr.Name -eq \"VideoProcessor\") -and ($pr.Value -match 'VBOX' -or $pr.Value -match 'VBox' -or $pr.Value -match 'VMWARE' -or $pr.Value -match 'VirtualBox' -or $pr.Value -match 'VMware' -or $pr.Value -match 'Oracle Corporation' -or $pr.Value -match 'Microsoft Basic Display Adapter'))\r\n\t\t{\r\n\t\t\t$value = Get-RandomCharacters -length 8 -characters 'ABCDEFGHKLMNOPRSTUVWXYZ123456789_'\r\n\t\t\t$value = $pr.Value.replace(\"VBOX\", $value).replace(\"VBox\", $value).replace(\"VMWARE\", $value).replace(\"VMware\", $value).replace(\"VirtualBox\", $value).replace(\"Oracle Corporation\", $value).replace(\"Microsoft Basic Display Adapter\", $value)\r\n\t\t\t\t\r\n\t\t\t$args.add($pr.Name, $value)\r\n\t\t\r\n\r\n\t\t} elseif($pr.Name -eq \"DriverVersion\")\r\n\t\t{\r\n\t\t\t$value = Get-RandomCharacters -length 8 -characters '1234567890.'\r\n\t\t\t$args.add($pr.Name, $value)\r\n\t\t} elseif($pr.Name -eq \"AdapterRAM\" -and $pr.Value -lt 1000000000)\r\n\t\t{\r\n\t\t\t$args.add($pr.Name, 1073741824)\r\n\t\t} else\r\n\t\t{\r\n\t\t\t$args.add($pr.Name, $pr.Value)\r\n\t\t}\r\n\t}\r\n\t\r\n\tSet-WmiInstance -Path \\\\.\\root\\cimv2:Win32_VideoController -Arguments $args\r\n}\r\n\r\n#Joebox\r\n\r\n# Creating Win32_BaseBoard fake class\r\n$newClass = New-Object System.Management.ManagementClass(\"root\\cimv2\", [String]::Empty, $null); \r\n$newClass[\"__CLASS\"] = \"Win32_BaseBoard\";\r\n$newClass.Qualifiers.Add(\"Static\", $true)\r\n\u00e2\u20ac\u2039\r\n$objWMi = get-wmiobject -computername localhost -Namespace root\\CIMV2 -Query \"Select * from Win32_BaseBoard\"\r\n\u00e2\u20ac\u2039\r\nforeach ($obj in $objWmi)\r\n{\r\n\tforeach ($pr in $obj.Properties)\r\n\t{\r\n\t\t$name = $pr.Name\r\n\t\t$value = $pr.Value\r\n\t\t$qualifier = $false\r\n\u00e2\u20ac\u2039\r\n\t\tswitch ($name)\r\n\t\t{\r\n\t\t\t\"Tag\" {\r\n\t\t\t\t$qualifier = $true\r\n\t\t\t}\r\n\t\t\t\"SerialNumber\" {\r\n\t\t\t\t$value = Get-RandomCharacters -length 16 -characters '1234567890'\r\n\t\t\t}\r\n\t\t\t{\"Product\", \"Manufacturer\" -eq $_} {\r\n\t\t\t\t$value = Get-RandomCharacters -length 10 -characters 'ABCDEFGHKLMNOPRSTUVWXYZ123456789'\r\n\t\t\t}\r\n\t\t}\r\n\u00e2\u20ac\u2039\r\n\t\t$newClass.Properties.Add($name, $value, $pr.Type)\r\n\t\tif ($qualifier) {\r\n\t\t\t$newClass.Properties[$name].Qualifiers.Add(\"Key\", $true)\r\n\t\t}\r\n\t}\r\n}\r\n\u00e2\u20ac\u2039\r\n$newClass.Put()\r\nSet-WmiInstance -Path \\\\.\\root\\cimv2:Win32_BaseBoard\r\n\r\n\r\n#Creating Win32_ComputerSystemProduct fake class\r\n$newClass = New-Object System.Management.ManagementClass(\"root\\cimv2\", [String]::Empty, $null); \r\n$newClass[\"__CLASS\"] = \"Win32_ComputerSystemProduct\";\r\n$newClass.Qualifiers.Add(\"Static\", $true)\r\n\r\n$objWMi = get-wmiobject -computername localhost -Namespace root\\CIMV2 -Query \"Select * from Win32_ComputerSystemProduct\"\r\n\r\nforeach ($obj in $objWmi)\r\n{\r\n\tforeach ($pr in $obj.Properties)\r\n\t{\r\n\t\tif($pr.Name -eq \"Name\")\r\n\t\t{\t\r\n\t\t\t$newClass.Properties.Add($pr.Name, $pr.$value, $pr.Type)\r\n\t\t\t$newClass.Properties[$pr.Name].Qualifiers.Add(\"Key\", $true)\r\n\t\t} elseif($pr.Name -eq \"IdentifyingNumber\")\r\n\t\t{\r\n\t\t\t$value = Get-RandomCharacters -length 6 -characters 'ABCDEFGHKLMNOPRSTUVWXYZ123456789'\r\n\t\t\t$newClass.Properties.Add($pr.Name, $value, $pr.Type)\r\n\t\t} else\r\n\t\t{\r\n\t\t\t$newClass.Properties.Add($pr.Name, $pr.Value, $pr.Type)\r\n\t\t}\r\n\t}\r\n}\r\n\r\n$newClass.Put()\r\nSet-WmiInstance -Path \\\\.\\root\\cimv2:Win32_ComputerSystemProduct\r\n\r\n\r\n\r\n#Creating Win32_LogicalDisk fake class\r\n$newClass = New-Object System.Management.ManagementClass(\"root\\cimv2\", [String]::Empty, $null); \r\n$newClass[\"__CLASS\"] = \"Win32_LogicalDisk\";\r\n$newClass.Qualifiers.Add(\"Static\", $true);\r\n\r\n$objWMi = get-wmiobject -computername localhost -Namespace root\\CIMV2 -Query \"Select * from Win32_LogicalDisk WHERE DriveType = 3\"\r\n\r\nif(-Not ($objWMi -is [array]))\r\n{\r\n\t$objWMi = @($objWMi)\r\n}\r\n\r\nforeach ($pr in $objWmi[0].Properties)\r\n{\r\n\t$newClass.Properties.Add($pr.Name, $pr.Type, $false)\t\r\n\tif($pr.Name -eq \"DeviceID\")\r\n\t{\r\n\t\t$newClass.Properties[$pr.Name].Qualifiers.Add(\"Key\", $true)\r\n\t}\r\n\t$newClass.Properties[$pr.Name].Qualifiers.Add(\"read\", $true)\r\n}\r\n\r\n$newClass.Put()\r\n\r\nforeach ($obj in $objWmi)\r\n{\t\r\n\t$args = @{}\r\n\tforeach ($pr in $obj.Properties)\r\n\t{\t\r\n\t\tif($pr.Name -eq \"Size\")\r\n\t\t{\r\n\t\t\t$args.add($pr.Name, \"223496729601\")\r\n\t\t} else\r\n\t\t{\r\n\t\t\t$args.add($pr.Name, $pr.Value)\r\n\t\t}\r\n\t}\r\n\t\r\n\tSet-WmiInstance -Path \\\\.\\root\\cimv2:Win32_LogicalDisk -Arguments $args\r\n}\r\n\r\n\r\n#Creating Win32_ComputerSystemProduct fake class\r\n$newClass = New-Object System.Management.ManagementClass(\"root\\cimv2\", [String]::Empty, $null); \r\n$newClass[\"__CLASS\"] = \"Win32_OperatingSystem\";\r\n$newClass.Qualifiers.Add(\"Static\", $true)\r\n\r\n$objWMi = get-wmiobject -computername localhost -Namespace root\\CIMV2 -Query \"Select * from Win32_OperatingSystem\"\r\n\r\n\r\nforeach ($obj in $objWmi)\r\n{\r\n\tforeach ($pr in $obj.Properties)\r\n\t{\r\n\t\tif($pr.Name -eq \"CreationClassName\")\r\n\t\t{\t\r\n\t\t\t$newClass.Properties.Add($pr.Name, $pr.$value, $pr.Type)\r\n\t\t\t$newClass.Properties[$pr.Name].Qualifiers.Add(\"Key\", $true)\r\n\t\t} elseif($pr.Name -eq \"LastBootUpTime\")\r\n\t\t{\r\n\t\t\t$d = [System.Management.ManagementDateTimeConverter]::ToDateTime($pr.Value)\r\n\t\t\t$d = $d.addDays(-10)\r\n\t\t\t$d = [System.Management.ManagementDateTimeConverter]::ToDmtfDateTime($d)\r\n\t\t\t\r\n\t\t\t$newClass.Properties.Add($pr.Name, $d, $pr.Type)\r\n\t\t\t\r\n\t\t} else\r\n\t\t{\r\n\t\t\t$newClass.Properties.Add($pr.Name, $pr.Value, $pr.Type)\r\n\t\t}\r\n\t}\r\n}\r\n\r\n$newClass.Put()\r\nSet-WmiInstance -Path \\\\.\\root\\cimv2:Win32_OperatingSystem\r\n\r\n\r\nfunction Delete() {\r\n    $Invocation = (Get-Variable MyInvocation -Scope 1).Value\r\n    $Path =  $Invocation.MyCommand.Path \r\n    Write-Host $Path\r\n    Remove-Item $Path -force\r\n} \r\n     \r\nDelete \r\n",
                  "MessageNumber": "\u0002",
                  "MessageTotal": "\u0002",
                  "Path": "C:\\Program Files (x86)\\Joebox\\unpack\\wmievasions.ps1"
                }
              }
            ],
            "rule_level": "low",
            "rule_description": "The infrastructure for management data and operations that enables local and remote management of Windows personal computers and servers",
            "rule_source": "Sigma Integrated Rule Set (GitHub)",
            "rule_title": "Suspicious Get-WmiObject",
            "rule_id": "1f7f8b1e9005dd4d64cb9d30ed53ee94f68fb96262fbd72f7a0266881149c79f",
            "rule_author": "frack113"
          },
          {
            "match_context": [
              {
                "values": {
                  "TerminalSessionId": "0",
                  "ProcessGuid": "C784477D-DF22-62FD-4305-000000003000",
                  "ProcessId": "4020",
                  "Product": "Microsoft\u00ae Windows\u00ae Operating System",
                  "Description": "Dism Host Servicing Process",
                  "Company": "Microsoft Corporation",
                  "ParentProcessGuid": "C784477D-DF0B-62FD-2605-000000003000",
                  "User": "NT AUTHORITY\\SYSTEM",
                  "Hashes": "MD5=2A1EE8DF1DD0335605DCC5015C60EBC0,SHA256=3344BE53D32153DCEF6A732E3BFF41AB2418F1B91F268567EB577314E34AA500,IMPHASH=8284817BCE2852A54A728AF71A282BBA",
                  "OriginalFileName": "DismHost.exe",
                  "ParentImage": "C:\\Program Files\\rempl\\sedlauncher.exe",
                  "FileVersion": "10.0.17134.1 (WinBuild.160101.0800)",
                  "ParentProcessId": "572",
                  "CurrentDirectory": "C:\\Windows\\system32\\",
                  "CommandLine": "C:\\Windows\\TEMP\\7345A66E-DD99-48D4-A6F5-778CF34126B0\\dismhost.exe {E62FCA2B-2BFE-4BF0-9301-FE164A321841}",
                  "EventID": "1",
                  "LogonGuid": "C784477D-DE56-62FD-E703-000000000000",
                  "LogonId": "999",
                  "Image": "C:\\Windows\\Temp\\7345A66E-DD99-48D4-A6F5-778CF34126B0\\DismHost.exe",
                  "IntegrityLevel": "System",
                  "ParentCommandLine": "\"C:\\Program Files\\rempl\\sedlauncher.exe\"",
                  "UtcTime": "2022-08-18 06:41:38.525",
                  "RuleName": "-"
                }
              },
              {
                "values": {
                  "TerminalSessionId": "1",
                  "ProcessGuid": "C784477D-DD03-633A-7006-000000003000",
                  "ProcessId": "6624",
                  "Product": "NVIDIA Update Components",
                  "Description": "WLMerger Application",
                  "Company": "NVIDIA Corporation",
                  "ParentProcessGuid": "C784477D-DE5C-62FD-6B00-000000003000",
                  "User": "DESKTOP-B0T93D6\\george",
                  "Hashes": "MD5=8B76A87B9DB99817A579CACEA232288D,SHA256=065C5EB797854FEDA7872BC30A2258890BE57B7DF1109B9890B304D9672F9885,IMPHASH=0A98ABEF111C57ACD6026D7DF811D15B",
                  "OriginalFileName": "WLMerger.exe",
                  "ParentImage": "C:\\Windows\\explorer.exe",
                  "FileVersion": "1.5.20.0",
                  "ParentProcessId": "4976",
                  "CurrentDirectory": "C:\\Users\\george\\Desktop\\",
                  "CommandLine": "\"C:\\Users\\george\\Desktop\\WLMerger.exe\" ",
                  "EventID": "1",
                  "LogonGuid": "C784477D-DE5B-62FD-A3C9-030000000000",
                  "LogonId": "248227",
                  "Image": "C:\\Users\\george\\Desktop\\WLMerger.exe",
                  "IntegrityLevel": "High",
                  "ParentCommandLine": "C:\\Windows\\Explorer.EXE",
                  "UtcTime": "2022-10-03 13:00:51.066",
                  "RuleName": "-"
                }
              },
              {
                "values": {
                  "TerminalSessionId": "1",
                  "ProcessGuid": "C784477D-DD8B-633A-7A06-000000003000",
                  "ProcessId": "1724",
                  "Product": "-",
                  "Description": "-",
                  "Company": "-",
                  "ParentProcessGuid": "C784477D-DD03-633A-7006-000000003000",
                  "User": "DESKTOP-B0T93D6\\george",
                  "Hashes": "MD5=6F5A73931C6C109BD6504A5EE0476AE7,SHA256=7B9E542426408AA384D0394820F82F330E615A1AD17A777D04720458B33B08A3,IMPHASH=BC536C41BF514B250AC05F0BA0A684D7",
                  "OriginalFileName": "-",
                  "ParentImage": "C:\\Users\\george\\Desktop\\WLMerger.exe",
                  "FileVersion": "-",
                  "ParentProcessId": "6624",
                  "CurrentDirectory": "C:\\Program Files (x86)\\Mozilla Firefox\\",
                  "CommandLine": "\"C:\\Users\\george\\AppData\\Local\\Temp\\cpluilib.exe\"",
                  "EventID": "1",
                  "LogonGuid": "C784477D-DE5B-62FD-A3C9-030000000000",
                  "LogonId": "248227",
                  "Image": "C:\\Users\\george\\AppData\\Local\\Temp\\cpluilib.exe",
                  "IntegrityLevel": "High",
                  "ParentCommandLine": "\"C:\\Users\\george\\Desktop\\WLMerger.exe\" ",
                  "UtcTime": "2022-10-03 13:03:07.869",
                  "RuleName": "-"
                }
              }
            ],
            "rule_level": "low",
            "rule_description": "Detects process start from rare or uncommon folders like temporary folder or folders that usually don't contain executable files",
            "rule_source": "Sigma Integrated Rule Set (GitHub)",
            "rule_title": "Process Start From Suspicious Folder",
            "rule_id": "539d657ea3dfb52773cd8616d93fd64ba9112091984d1c3eb044c6e5dadd2c5c",
            "rule_author": "frack113"
          },
          {
            "match_context": [
              {
                "values": {
                  "TerminalSessionId": "1",
                  "ProcessGuid": "C784477D-DFA6-62FD-9D05-000000003000",
                  "ProcessId": "4148",
                  "Product": "Microsoft\u00ae Windows\u00ae Operating System",
                  "Description": "Windows Command Processor",
                  "Company": "Microsoft Corporation",
                  "ParentProcessGuid": "C784477D-DFA4-62FD-8D05-000000003000",
                  "User": "DESKTOP-B0T93D6\\george",
                  "Hashes": "MD5=F3BDBE3BB6F734E357235F4D5898582D,SHA256=3685495D051137B1C4EFDE22C26DF0883614B6453B762FA84588DA55ED2E7744,IMPHASH=0AF8419BE362159398343D7B31721726",
                  "OriginalFileName": "Cmd.Exe",
                  "ParentImage": "C:\\Program Files (x86)\\AutoIt3\\AutoIt3.exe",
                  "FileVersion": "10.0.17134.1 (WinBuild.160101.0800)",
                  "ParentProcessId": "3488",
                  "CurrentDirectory": "C:\\Program Files (x86)\\AutoIt3\\",
                  "CommandLine": "C:\\Windows\\system32\\cmd.exe /c tasklist /svc | find \"svchost.exe\" >> \\\\192.168.2.1\\joe-windows-g7-1\\logs\\services.log",
                  "EventID": "1",
                  "LogonGuid": "C784477D-DE5B-62FD-A3C9-030000000000",
                  "LogonId": "248227",
                  "Image": "C:\\Windows\\SysWOW64\\cmd.exe",
                  "IntegrityLevel": "High",
                  "ParentCommandLine": "\"C:\\Program Files (x86)\\AutoIt3\\AutoIt3.exe\" \"C:\\Users\\george\\Desktop\\script.1.au3\"",
                  "UtcTime": "2022-08-18 06:43:50.508",
                  "RuleName": "-"
                }
              },
              {
                "values": {
                  "TerminalSessionId": "1",
                  "ProcessGuid": "C784477D-DFA6-62FD-A305-000000003000",
                  "ProcessId": "3012",
                  "Product": "Microsoft\u00ae Windows\u00ae Operating System",
                  "Description": "Lists the current running tasks",
                  "Company": "Microsoft Corporation",
                  "ParentProcessGuid": "C784477D-DFA6-62FD-9D05-000000003000",
                  "User": "DESKTOP-B0T93D6\\george",
                  "Hashes": "MD5=6B7D2FC3FB98B10A5F77B23DEF745F6F,SHA256=1A3F8B8C89F7D3DAA25A738E63D90C4806B3FD119596C58D335F98F96C777858,IMPHASH=D16A743355B243B7509AE74891F10F6B",
                  "OriginalFileName": "tasklist.exe",
                  "ParentImage": "C:\\Windows\\SysWOW64\\cmd.exe",
                  "FileVersion": "10.0.17134.1 (WinBuild.160101.0800)",
                  "ParentProcessId": "4148",
                  "CurrentDirectory": "C:\\Program Files (x86)\\AutoIt3\\",
                  "CommandLine": "tasklist  /svc ",
                  "EventID": "1",
                  "LogonGuid": "C784477D-DE5B-62FD-A3C9-030000000000",
                  "LogonId": "248227",
                  "Image": "C:\\Windows\\SysWOW64\\tasklist.exe",
                  "IntegrityLevel": "High",
                  "ParentCommandLine": "C:\\Windows\\system32\\cmd.exe /c tasklist /svc | find \"svchost.exe\" >> \\\\192.168.2.1\\joe-windows-g7-1\\logs\\services.log",
                  "UtcTime": "2022-08-18 06:43:50.552",
                  "RuleName": "-"
                }
              }
            ],
            "rule_level": "low",
            "rule_description": "Adversaries may attempt to get information about running processes on a system. Information obtained could be used to gain an understanding of common software/applications running on systems within the network",
            "rule_source": "Sigma Integrated Rule Set (GitHub)",
            "rule_title": "Suspicious Tasklist Discovery Command",
            "rule_id": "54b43d3a279bdcbcca22abf416f8b57c691f2c84a9363507162ca472e30ab902",
            "rule_author": "frack113"
          },
