              {
                "values": {
                  "TerminalSessionId": "1",
                  "ProcessGuid": "C784477D-DFA6-62FD-9E05-000000003000",
                  "ProcessId": "5184",
                  "Product": "Microsoft\u00ae Windows\u00ae Operating System",
                  "Description": "Windows Command Processor",
                  "Company": "Microsoft Corporation",
                  "ParentProcessGuid": "C784477D-DFA4-62FD-8D05-000000003000",
                  "User": "DESKTOP-B0T93D6\\george",
                  "Hashes": "MD5=F3BDBE3BB6F734E357235F4D5898582D,SHA256=3685495D051137B1C4EFDE22C26DF0883614B6453B762FA84588DA55ED2E7744,IMPHASH=0AF8419BE362159398343D7B31721726",
                  "OriginalFileName": "Cmd.Exe",
                  "ParentImage": "C:\\Program Files (x86)\\AutoIt3\\AutoIt3.exe",
                  "FileVersion": "10.0.17134.1 (WinBuild.160101.0800)",
                  "ParentProcessId": "3488",
                  "CurrentDirectory": "C:\\Program Files (x86)\\AutoIt3\\",
                  "CommandLine": "C:\\Windows\\system32\\cmd.exe /c powershell.exe -ex bypass -command \"Get-ScheduledTask | Disable-ScheduledTask\" > \\\\192.168.2.1\\joe-windows-g7-1\\logs\\taskdeletion.log 2>&1",
                  "EventID": "1",
                  "LogonGuid": "C784477D-DE5B-62FD-A3C9-030000000000",
                  "LogonId": "248227",
                  "Image": "C:\\Windows\\SysWOW64\\cmd.exe",
                  "IntegrityLevel": "High",
                  "ParentCommandLine": "\"C:\\Program Files (x86)\\AutoIt3\\AutoIt3.exe\" \"C:\\Users\\george\\Desktop\\script.1.au3\"",
                  "UtcTime": "2022-08-18 06:43:50.512",
                  "RuleName": "-"
                }
              },
              {
                "values": {
                  "TerminalSessionId": "1",
                  "ProcessGuid": "C784477D-DFA6-62FD-9F05-000000003000",
                  "ProcessId": "6816",
                  "Product": "Microsoft\u00ae Windows\u00ae Operating System",
                  "Description": "Windows Command Processor",
                  "Company": "Microsoft Corporation",
                  "ParentProcessGuid": "C784477D-DFA4-62FD-8D05-000000003000",
                  "User": "DESKTOP-B0T93D6\\george",
                  "Hashes": "MD5=F3BDBE3BB6F734E357235F4D5898582D,SHA256=3685495D051137B1C4EFDE22C26DF0883614B6453B762FA84588DA55ED2E7744,IMPHASH=0AF8419BE362159398343D7B31721726",
                  "OriginalFileName": "Cmd.Exe",
                  "ParentImage": "C:\\Program Files (x86)\\AutoIt3\\AutoIt3.exe",
                  "FileVersion": "10.0.17134.1 (WinBuild.160101.0800)",
                  "ParentProcessId": "3488",
                  "CurrentDirectory": "C:\\Program Files (x86)\\AutoIt3\\",
                  "CommandLine": "C:\\Windows\\system32\\cmd.exe /c powershell.exe -ex bypass -command \"Get-ScheduledTask | Stop-ScheduledTask\" > \\\\192.168.2.1\\joe-windows-g7-1\\logs\\taskstop.log 2>&1",
                  "EventID": "1",
                  "LogonGuid": "C784477D-DE5B-62FD-A3C9-030000000000",
                  "LogonId": "248227",
                  "Image": "C:\\Windows\\SysWOW64\\cmd.exe",
                  "IntegrityLevel": "High",
                  "ParentCommandLine": "\"C:\\Program Files (x86)\\AutoIt3\\AutoIt3.exe\" \"C:\\Users\\george\\Desktop\\script.1.au3\"",
                  "UtcTime": "2022-08-18 06:43:50.514",
                  "RuleName": "-"
                }
              },
              {
                "values": {
                  "TerminalSessionId": "1",
                  "ProcessGuid": "C784477D-DFA8-62FD-1506-000000003000",
                  "ProcessId": "2800",
                  "Product": "Microsoft\u00ae Windows\u00ae Operating System",
                  "Description": "Windows Command Processor",
                  "Company": "Microsoft Corporation",
                  "ParentProcessGuid": "C784477D-DFA4-62FD-8D05-000000003000",
                  "User": "DESKTOP-B0T93D6\\george",
                  "Hashes": "MD5=F3BDBE3BB6F734E357235F4D5898582D,SHA256=3685495D051137B1C4EFDE22C26DF0883614B6453B762FA84588DA55ED2E7744,IMPHASH=0AF8419BE362159398343D7B31721726",
                  "OriginalFileName": "Cmd.Exe",
                  "ParentImage": "C:\\Program Files (x86)\\AutoIt3\\AutoIt3.exe",
                  "FileVersion": "10.0.17134.1 (WinBuild.160101.0800)",
                  "ParentProcessId": "3488",
                  "CurrentDirectory": "C:\\Program Files (x86)\\AutoIt3\\",
                  "CommandLine": "C:\\Windows\\system32\\cmd.exe /c \"sc start MpsSvc\" 1> fw 2>&1",
                  "EventID": "1",
                  "LogonGuid": "C784477D-DE5B-62FD-A3C9-030000000000",
                  "LogonId": "248227",
                  "Image": "C:\\Windows\\SysWOW64\\cmd.exe",
                  "IntegrityLevel": "High",
                  "ParentCommandLine": "\"C:\\Program Files (x86)\\AutoIt3\\AutoIt3.exe\" \"C:\\Users\\george\\Desktop\\script.1.au3\"",
                  "UtcTime": "2022-08-18 06:43:52.737",
                  "RuleName": "-"
                }
              },
              {
                "values": {
                  "TerminalSessionId": "1",
                  "ProcessGuid": "C784477D-DFA8-62FD-1806-000000003000",
                  "ProcessId": "6960",
                  "Product": "Microsoft\u00ae Windows\u00ae Operating System",
                  "Description": "Windows Command Processor",
                  "Company": "Microsoft Corporation",
                  "ParentProcessGuid": "C784477D-DFA4-62FD-8D05-000000003000",
                  "User": "DESKTOP-B0T93D6\\george",
                  "Hashes": "MD5=F3BDBE3BB6F734E357235F4D5898582D,SHA256=3685495D051137B1C4EFDE22C26DF0883614B6453B762FA84588DA55ED2E7744,IMPHASH=0AF8419BE362159398343D7B31721726",
                  "OriginalFileName": "Cmd.Exe",
                  "ParentImage": "C:\\Program Files (x86)\\AutoIt3\\AutoIt3.exe",
                  "FileVersion": "10.0.17134.1 (WinBuild.160101.0800)",
                  "ParentProcessId": "3488",
                  "CurrentDirectory": "C:\\Program Files (x86)\\AutoIt3\\",
                  "CommandLine": "C:\\Windows\\system32\\cmd.exe /c \"netsh advfirewall set allprofiles state off\" 1> fw 2>&1",
                  "EventID": "1",
                  "LogonGuid": "C784477D-DE5B-62FD-A3C9-030000000000",
                  "LogonId": "248227",
                  "Image": "C:\\Windows\\SysWOW64\\cmd.exe",
                  "IntegrityLevel": "High",
                  "ParentCommandLine": "\"C:\\Program Files (x86)\\AutoIt3\\AutoIt3.exe\" \"C:\\Users\\george\\Desktop\\script.1.au3\"",
                  "UtcTime": "2022-08-18 06:43:52.806",
                  "RuleName": "-"
                }
              },
              {
                "values": {
                  "TerminalSessionId": "1",
                  "ProcessGuid": "C784477D-DFA9-62FD-4406-000000003000",
                  "ProcessId": "5240",
                  "Product": "Microsoft\u00ae Windows\u00ae Operating System",
                  "Description": "Windows Command Processor",
                  "Company": "Microsoft Corporation",
                  "ParentProcessGuid": "C784477D-DFA4-62FD-8D05-000000003000",
                  "User": "DESKTOP-B0T93D6\\george",
                  "Hashes": "MD5=F3BDBE3BB6F734E357235F4D5898582D,SHA256=3685495D051137B1C4EFDE22C26DF0883614B6453B762FA84588DA55ED2E7744,IMPHASH=0AF8419BE362159398343D7B31721726",
                  "OriginalFileName": "Cmd.Exe",
                  "ParentImage": "C:\\Program Files (x86)\\AutoIt3\\AutoIt3.exe",
                  "FileVersion": "10.0.17134.1 (WinBuild.160101.0800)",
                  "ParentProcessId": "3488",
                  "CurrentDirectory": "C:\\Program Files (x86)\\AutoIt3\\",
                  "CommandLine": "C:\\Windows\\system32\\cmd.exe /c C:\\Windows\\Sysnative\\bcdedit.exe 1> bcdedit 2>&1",
                  "EventID": "1",
                  "LogonGuid": "C784477D-DE5B-62FD-A3C9-030000000000",
                  "LogonId": "248227",
                  "Image": "C:\\Windows\\SysWOW64\\cmd.exe",
                  "IntegrityLevel": "High",
                  "ParentCommandLine": "\"C:\\Program Files (x86)\\AutoIt3\\AutoIt3.exe\" \"C:\\Users\\george\\Desktop\\script.1.au3\"",
                  "UtcTime": "2022-08-18 06:43:53.391",
                  "RuleName": "-"
                }
              },
              {
                "values": {
                  "TerminalSessionId": "1",
                  "ProcessGuid": "C784477D-DFAA-62FD-4F06-000000003000",
                  "ProcessId": "6320",
                  "Product": "Microsoft\u00ae Windows\u00ae Operating System",
                  "Description": "Windows Command Processor",
                  "Company": "Microsoft Corporation",
                  "ParentProcessGuid": "C784477D-DFA4-62FD-8D05-000000003000",
                  "User": "DESKTOP-B0T93D6\\george",
                  "Hashes": "MD5=F3BDBE3BB6F734E357235F4D5898582D,SHA256=3685495D051137B1C4EFDE22C26DF0883614B6453B762FA84588DA55ED2E7744,IMPHASH=0AF8419BE362159398343D7B31721726",
                  "OriginalFileName": "Cmd.Exe",
                  "ParentImage": "C:\\Program Files (x86)\\AutoIt3\\AutoIt3.exe",
                  "FileVersion": "10.0.17134.1 (WinBuild.160101.0800)",
                  "ParentProcessId": "3488",
                  "CurrentDirectory": "C:\\Program Files (x86)\\AutoIt3\\",
                  "CommandLine": "C:\\Windows\\system32\\cmd.exe /c netsh advfirewall firewall add rule name=\"bKQSx\" dir=in action=allow protocol=UDP localport=74 1> fw.out 2>&1",
                  "EventID": "1",
                  "LogonGuid": "C784477D-DE5B-62FD-A3C9-030000000000",
                  "LogonId": "248227",
                  "Image": "C:\\Windows\\SysWOW64\\cmd.exe",
                  "IntegrityLevel": "High",
                  "ParentCommandLine": "\"C:\\Program Files (x86)\\AutoIt3\\AutoIt3.exe\" \"C:\\Users\\george\\Desktop\\script.1.au3\"",
                  "UtcTime": "2022-08-18 06:43:54.247",
                  "RuleName": "-"
                }
              },
              {
                "values": {
                  "TerminalSessionId": "1",
                  "ProcessGuid": "C784477D-DFAA-62FD-5206-000000003000",
                  "ProcessId": "2400",
                  "Product": "Microsoft\u00ae Windows\u00ae Operating System",
                  "Description": "Windows Command Processor",
                  "Company": "Microsoft Corporation",
                  "ParentProcessGuid": "C784477D-DFA4-62FD-8D05-000000003000",
                  "User": "DESKTOP-B0T93D6\\george",
                  "Hashes": "MD5=F3BDBE3BB6F734E357235F4D5898582D,SHA256=3685495D051137B1C4EFDE22C26DF0883614B6453B762FA84588DA55ED2E7744,IMPHASH=0AF8419BE362159398343D7B31721726",
                  "OriginalFileName": "Cmd.Exe",
                  "ParentImage": "C:\\Program Files (x86)\\AutoIt3\\AutoIt3.exe",
                  "FileVersion": "10.0.17134.1 (WinBuild.160101.0800)",
                  "ParentProcessId": "3488",
                  "CurrentDirectory": "C:\\Program Files (x86)\\AutoIt3\\",
                  "CommandLine": "C:\\Windows\\system32\\cmd.exe /c netsh advfirewall firewall add rule name=\"RyiYw\" dir=out action=allow protocol=UDP localport=74 1> fw.out 2>&1",
                  "EventID": "1",
                  "LogonGuid": "C784477D-DE5B-62FD-A3C9-030000000000",
                  "LogonId": "248227",
                  "Image": "C:\\Windows\\SysWOW64\\cmd.exe",
                  "IntegrityLevel": "High",
                  "ParentCommandLine": "\"C:\\Program Files (x86)\\AutoIt3\\AutoIt3.exe\" \"C:\\Users\\george\\Desktop\\script.1.au3\"",
                  "UtcTime": "2022-08-18 06:43:54.452",
                  "RuleName": "-"
                }
              },
              {
                "values": {
                  "TerminalSessionId": "1",
                  "ProcessGuid": "C784477D-DCF0-633A-6A06-000000003000",
                  "ProcessId": "5604",
                  "Product": "Microsoft\u00ae Windows\u00ae Operating System",
                  "Description": "Windows Command Processor",
                  "Company": "Microsoft Corporation",
                  "ParentProcessGuid": "C784477D-DFAB-62FD-5606-000000003000",
                  "User": "DESKTOP-B0T93D6\\george",
                  "Hashes": "MD5=4E2ACF4F8A396486AB4268C94A6A245F,SHA256=9A7C58BD98D70631AA1473F7B57B426DB367D72429A5455B433A05EE251F3236,IMPHASH=8542FB14699D84D7E8DA92F66145C7FE",
                  "OriginalFileName": "Cmd.Exe",
                  "ParentImage": "C:\\Program Files (x86)\\Joebox\\control\\joeboxcontrol.exe",
                  "FileVersion": "10.0.17134.1 (WinBuild.160101.0800)",
                  "ParentProcessId": "4172",
                  "CurrentDirectory": "C:\\Program Files (x86)\\Joebox\\control\\",
                  "CommandLine": "C:\\Windows\\system32\\cmd.exe /c icacls \\\\192.168.2.1\\joe-windows-g7-1\\syscalls\\ /setintegritylevel (CI)(OI)L > nul",
                  "EventID": "1",
                  "LogonGuid": "C784477D-DE5B-62FD-A3C9-030000000000",
                  "LogonId": "248227",
                  "Image": "C:\\Windows\\System32\\cmd.exe",
                  "IntegrityLevel": "High",
                  "ParentCommandLine": "\"C:\\Program Files (x86)\\Joebox\\control\\joeboxcontrol.exe\"",
                  "UtcTime": "2022-10-03 13:00:32.758",
                  "RuleName": "-"
                }
              },
              {
                "values": {
                  "TerminalSessionId": "1",
                  "ProcessGuid": "{C784477D-DFAA-62FD-4F06-000000003000}",
                  "ProcessId": "6320",
                  "Product": "Microsoft\\xae Windows\\xae Operating System",
                  "Description": "Windows Command Processor",
                  "Company": "Microsoft Corporation",
                  "ParentProcessGuid": "{C784477D-DFA4-62FD-8D05-000000003000}",
                  "User": "DESKTOP-B0T93D6\\george",
                  "Hashes": "MD5=F3BDBE3BB6F734E357235F4D5898582D,SHA256=3685495D051137B1C4EFDE22C26DF0883614B6453B762FA84588DA55ED2E7744,IMPHASH=0AF8419BE362159398343D7B31721726",
                  "OriginalFileName": "Cmd.Exe",
                  "ParentImage": "C:\\Program Files (x86)\\AutoIt3\\AutoIt3.exe",
                  "FileVersion": "10.0.17134.1 (WinBuild.160101.0800)",
                  "ParentProcessId": "3488",
                  "CurrentDirectory": "C:\\Program Files (x86)\\AutoIt3\\",
                  "CommandLine": "C:\\Windows\\system32\\cmd.exe /c netsh advfirewall firewall add rule name=\"bKQSx\" dir=in action=allow protocol=UDP localport=74 1> fw.out 2>&1",
                  "EventID": "1",
                  "LogonGuid": "C784477D-DE5B-62FD-A3C9-030000000000",
                  "LogonId": "248227",
                  "Image": "C:\\Windows\\SysWOW64\\cmd.exe",
                  "IntegrityLevel": "High",
                  "ParentCommandLine": "\"C:\\Program Files (x86)\\AutoIt3\\AutoIt3.exe\" \"C:\\Users\\george\\Desktop\\script.1.au3\"",
                  "UtcTime": "1660805034",
                  "RuleName": "-"
                }
              },
              {
                "values": {
                  "TerminalSessionId": "1",
                  "ProcessGuid": "{C784477D-DFAA-62FD-5206-000000003000}",
                  "ProcessId": "2400",
                  "Product": "Microsoft\\xae Windows\\xae Operating System",
                  "Description": "Windows Command Processor",
                  "Company": "Microsoft Corporation",
                  "ParentProcessGuid": "{C784477D-DFA4-62FD-8D05-000000003000}",
                  "User": "DESKTOP-B0T93D6\\george",
                  "Hashes": "MD5=F3BDBE3BB6F734E357235F4D5898582D,SHA256=3685495D051137B1C4EFDE22C26DF0883614B6453B762FA84588DA55ED2E7744,IMPHASH=0AF8419BE362159398343D7B31721726",
                  "OriginalFileName": "Cmd.Exe",
                  "ParentImage": "C:\\Program Files (x86)\\AutoIt3\\AutoIt3.exe",
                  "FileVersion": "10.0.17134.1 (WinBuild.160101.0800)",
                  "ParentProcessId": "3488",
                  "CurrentDirectory": "C:\\Program Files (x86)\\AutoIt3\\",
                  "CommandLine": "C:\\Windows\\system32\\cmd.exe /c netsh advfirewall firewall add rule name=\"RyiYw\" dir=out action=allow protocol=UDP localport=74 1> fw.out 2>&1",
                  "EventID": "1",
                  "LogonGuid": "C784477D-DE5B-62FD-A3C9-030000000000",
                  "LogonId": "248227",
                  "Image": "C:\\Windows\\SysWOW64\\cmd.exe",
                  "IntegrityLevel": "High",
                  "ParentCommandLine": "\"C:\\Program Files (x86)\\AutoIt3\\AutoIt3.exe\" \"C:\\Users\\george\\Desktop\\script.1.au3\"",
                  "UtcTime": "1660805034",
                  "RuleName": "-"
                }
              }
            ],
            "rule_level": "low",
            "rule_description": "Use \">\" to redicrect information in commandline",
            "rule_source": "Sigma Integrated Rule Set (GitHub)",
            "rule_title": "Redirect Output in CommandLine",
            "rule_id": "e77646c39db7fa011a5223aeb73c738046787fc7f62a99394e883d76a54341f7",
            "rule_author": "frack113"
          },
          {
            "match_context": [
              {
                "values": {
                  "TerminalSessionId": "1",
                  "ProcessGuid": "C784477D-DFA6-62FD-9B05-000000003000",
                  "ProcessId": "2008",
                  "Product": "Microsoft\u00ae Windows\u00ae Operating System",
                  "Description": "Net Command",
                  "Company": "Microsoft Corporation",
                  "ParentProcessGuid": "C784477D-DFA6-62FD-9905-000000003000",
                  "User": "DESKTOP-B0T93D6\\george",
                  "Hashes": "MD5=DD0561156F62BC1958CE0E370B23711B,SHA256=FD41D0261C6D22572DA448BCB5CBBB98F78A2922D1F1074D25237CC82C8CE432,IMPHASH=86350518EAE83E4A09BBF6317BA1C570",
                  "OriginalFileName": "net.exe",
                  "ParentImage": "C:\\Windows\\SysWOW64\\cmd.exe",
                  "FileVersion": "10.0.17134.1 (WinBuild.160101.0800)",
                  "ParentProcessId": "4992",
                  "CurrentDirectory": "C:\\Program Files (x86)\\AutoIt3\\",
                  "CommandLine": "net  stop SysMain",
                  "EventID": "1",
                  "LogonGuid": "C784477D-DE5B-62FD-A3C9-030000000000",
                  "LogonId": "248227",
                  "Image": "C:\\Windows\\SysWOW64\\net.exe",
                  "IntegrityLevel": "High",
                  "ParentCommandLine": "C:\\Windows\\system32\\cmd.exe /c net stop SysMain",
                  "UtcTime": "2022-08-18 06:43:50.470",
                  "RuleName": "-"
                }
              },
              {
                "values": {
                  "TerminalSessionId": "1",
                  "ProcessGuid": "C784477D-DFA6-62FD-9C05-000000003000",
                  "ProcessId": "4336",
                  "Product": "Microsoft\u00ae Windows\u00ae Operating System",
                  "Description": "Net Command",
                  "Company": "Microsoft Corporation",
                  "ParentProcessGuid": "C784477D-DFA6-62FD-9B05-000000003000",
                  "User": "DESKTOP-B0T93D6\\george",
                  "Hashes": "MD5=B5A26C2BF17222E86B91D26F1247AF3E,SHA256=14CC5BE4C833ACC652195DEAD113E1C3B4AC0B98EA1AEAD11957836F9AE721CF,IMPHASH=3D3E7537BD3BA07738DC5CA8AD01B073",
                  "OriginalFileName": "net1.exe",
                  "ParentImage": "C:\\Windows\\SysWOW64\\net.exe",
                  "FileVersion": "10.0.17134.1 (WinBuild.160101.0800)",
                  "ParentProcessId": "2008",
                  "CurrentDirectory": "C:\\Program Files (x86)\\AutoIt3\\",
                  "CommandLine": "C:\\Windows\\system32\\net1  stop SysMain",
                  "EventID": "1",
                  "LogonGuid": "C784477D-DE5B-62FD-A3C9-030000000000",
                  "LogonId": "248227",
                  "Image": "C:\\Windows\\SysWOW64\\net1.exe",
                  "IntegrityLevel": "High",
                  "ParentCommandLine": "net  stop SysMain",
                  "UtcTime": "2022-08-18 06:43:50.483",
                  "RuleName": "-"
                }
              },
              {
                "values": {
                  "TerminalSessionId": "1",
                  "ProcessGuid": "C784477D-DFA7-62FD-AE05-000000003000",
                  "ProcessId": "4552",
                  "Product": "Microsoft\u00ae Windows\u00ae Operating System",
                  "Description": "Net Command",
                  "Company": "Microsoft Corporation",
                  "ParentProcessGuid": "C784477D-DFA6-62FD-AA05-000000003000",
                  "User": "DESKTOP-B0T93D6\\george",
                  "Hashes": "MD5=DD0561156F62BC1958CE0E370B23711B,SHA256=FD41D0261C6D22572DA448BCB5CBBB98F78A2922D1F1074D25237CC82C8CE432,IMPHASH=86350518EAE83E4A09BBF6317BA1C570",
                  "OriginalFileName": "net.exe",
                  "ParentImage": "C:\\Windows\\SysWOW64\\cmd.exe",
                  "FileVersion": "10.0.17134.1 (WinBuild.160101.0800)",
                  "ParentProcessId": "6372",
                  "CurrentDirectory": "C:\\Program Files (x86)\\AutoIt3\\",
                  "CommandLine": "net  stop AdobeARMservice",
                  "EventID": "1",
                  "LogonGuid": "C784477D-DE5B-62FD-A3C9-030000000000",
                  "LogonId": "248227",
                  "Image": "C:\\Windows\\SysWOW64\\net.exe",
                  "IntegrityLevel": "High",
                  "ParentCommandLine": "C:\\Windows\\system32\\cmd.exe /c net stop AdobeARMservice",
                  "UtcTime": "2022-08-18 06:43:51.329",
                  "RuleName": "-"
                }
              },
              {
                "values": {
                  "TerminalSessionId": "1",
                  "ProcessGuid": "C784477D-DFA7-62FD-AF05-000000003000",
                  "ProcessId": "1508",
                  "Product": "Microsoft\u00ae Windows\u00ae Operating System",
                  "Description": "Net Command",
                  "Company": "Microsoft Corporation",
                  "ParentProcessGuid": "C784477D-DFA7-62FD-AE05-000000003000",
                  "User": "DESKTOP-B0T93D6\\george",
                  "Hashes": "MD5=B5A26C2BF17222E86B91D26F1247AF3E,SHA256=14CC5BE4C833ACC652195DEAD113E1C3B4AC0B98EA1AEAD11957836F9AE721CF,IMPHASH=3D3E7537BD3BA07738DC5CA8AD01B073",
                  "OriginalFileName": "net1.exe",
                  "ParentImage": "C:\\Windows\\SysWOW64\\net.exe",
                  "FileVersion": "10.0.17134.1 (WinBuild.160101.0800)",
                  "ParentProcessId": "4552",
                  "CurrentDirectory": "C:\\Program Files (x86)\\AutoIt3\\",
                  "CommandLine": "C:\\Windows\\system32\\net1  stop AdobeARMservice",
                  "EventID": "1",
                  "LogonGuid": "C784477D-DE5B-62FD-A3C9-030000000000",
                  "LogonId": "248227",
                  "Image": "C:\\Windows\\SysWOW64\\net1.exe",
                  "IntegrityLevel": "High",
                  "ParentCommandLine": "net  stop AdobeARMservice",
                  "UtcTime": "2022-08-18 06:43:51.385",
                  "RuleName": "-"
                }
              },
              {
                "values": {
                  "TerminalSessionId": "1",
                  "ProcessGuid": "C784477D-DFA7-62FD-BA05-000000003000",
                  "ProcessId": "7040",
                  "Product": "Microsoft\u00ae Windows\u00ae Operating System",
                  "Description": "Net Command",
                  "Company": "Microsoft Corporation",
                  "ParentProcessGuid": "C784477D-DFA7-62FD-B405-000000003000",
                  "User": "DESKTOP-B0T93D6\\george",
                  "Hashes": "MD5=DD0561156F62BC1958CE0E370B23711B,SHA256=FD41D0261C6D22572DA448BCB5CBBB98F78A2922D1F1074D25237CC82C8CE432,IMPHASH=86350518EAE83E4A09BBF6317BA1C570",
                  "OriginalFileName": "net.exe",
                  "ParentImage": "C:\\Windows\\SysWOW64\\cmd.exe",
                  "FileVersion": "10.0.17134.1 (WinBuild.160101.0800)",
                  "ParentProcessId": "1724",
                  "CurrentDirectory": "C:\\Program Files (x86)\\AutoIt3\\",
                  "CommandLine": "net  stop gupdate",
                  "EventID": "1",
                  "LogonGuid": "C784477D-DE5B-62FD-A3C9-030000000000",
                  "LogonId": "248227",
                  "Image": "C:\\Windows\\SysWOW64\\net.exe",
                  "IntegrityLevel": "High",
                  "ParentCommandLine": "C:\\Windows\\system32\\cmd.exe /c net stop gupdate",
                  "UtcTime": "2022-08-18 06:43:51.729",
                  "RuleName": "-"
                }
              },
              {
                "values": {
                  "TerminalSessionId": "1",
                  "ProcessGuid": "C784477D-DFA7-62FD-BB05-000000003000",
                  "ProcessId": "6540",
                  "Product": "Microsoft\u00ae Windows\u00ae Operating System",
                  "Description": "Net Command",
                  "Company": "Microsoft Corporation",
                  "ParentProcessGuid": "C784477D-DFA7-62FD-B505-000000003000",
                  "User": "DESKTOP-B0T93D6\\george",
                  "Hashes": "MD5=DD0561156F62BC1958CE0E370B23711B,SHA256=FD41D0261C6D22572DA448BCB5CBBB98F78A2922D1F1074D25237CC82C8CE432,IMPHASH=86350518EAE83E4A09BBF6317BA1C570",
                  "OriginalFileName": "net.exe",
                  "ParentImage": "C:\\Windows\\SysWOW64\\cmd.exe",
                  "FileVersion": "10.0.17134.1 (WinBuild.160101.0800)",
                  "ParentProcessId": "1480",
                  "CurrentDirectory": "C:\\Program Files (x86)\\AutoIt3\\",
                  "CommandLine": "net  stop gupdatem",
                  "EventID": "1",
                  "LogonGuid": "C784477D-DE5B-62FD-A3C9-030000000000",
                  "LogonId": "248227",
                  "Image": "C:\\Windows\\SysWOW64\\net.exe",
                  "IntegrityLevel": "High",
                  "ParentCommandLine": "C:\\Windows\\system32\\cmd.exe /c net stop gupdatem",
                  "UtcTime": "2022-08-18 06:43:51.730",
                  "RuleName": "-"
                }
              },
              {
                "values": {
                  "TerminalSessionId": "1",
                  "ProcessGuid": "C784477D-DFA7-62FD-BD05-000000003000",
                  "ProcessId": "5520",
                  "Product": "Microsoft\u00ae Windows\u00ae Operating System",
                  "Description": "Net Command",
                  "Company": "Microsoft Corporation",
                  "ParentProcessGuid": "C784477D-DFA7-62FD-BA05-000000003000",
                  "User": "DESKTOP-B0T93D6\\george",
                  "Hashes": "MD5=B5A26C2BF17222E86B91D26F1247AF3E,SHA256=14CC5BE4C833ACC652195DEAD113E1C3B4AC0B98EA1AEAD11957836F9AE721CF,IMPHASH=3D3E7537BD3BA07738DC5CA8AD01B073",
                  "OriginalFileName": "net1.exe",
                  "ParentImage": "C:\\Windows\\SysWOW64\\net.exe",
                  "FileVersion": "10.0.17134.1 (WinBuild.160101.0800)",
                  "ParentProcessId": "7040",
                  "CurrentDirectory": "C:\\Program Files (x86)\\AutoIt3\\",
                  "CommandLine": "C:\\Windows\\system32\\net1  stop gupdate",
                  "EventID": "1",
                  "LogonGuid": "C784477D-DE5B-62FD-A3C9-030000000000",
                  "LogonId": "248227",
                  "Image": "C:\\Windows\\SysWOW64\\net1.exe",
                  "IntegrityLevel": "High",
                  "ParentCommandLine": "net  stop gupdate",
                  "UtcTime": "2022-08-18 06:43:51.746",
                  "RuleName": "-"
                }
              },
              {
                "values": {
                  "TerminalSessionId": "1",
                  "ProcessGuid": "C784477D-DFA7-62FD-BE05-000000003000",
                  "ProcessId": "4924",
                  "Product": "Microsoft\u00ae Windows\u00ae Operating System",
                  "Description": "Net Command",
                  "Company": "Microsoft Corporation",
                  "ParentProcessGuid": "C784477D-DFA7-62FD-BB05-000000003000",
                  "User": "DESKTOP-B0T93D6\\george",
                  "Hashes": "MD5=B5A26C2BF17222E86B91D26F1247AF3E,SHA256=14CC5BE4C833ACC652195DEAD113E1C3B4AC0B98EA1AEAD11957836F9AE721CF,IMPHASH=3D3E7537BD3BA07738DC5CA8AD01B073",
                  "OriginalFileName": "net1.exe",
                  "ParentImage": "C:\\Windows\\SysWOW64\\net.exe",
                  "FileVersion": "10.0.17134.1 (WinBuild.160101.0800)",
                  "ParentProcessId": "6540",
                  "CurrentDirectory": "C:\\Program Files (x86)\\AutoIt3\\",
                  "CommandLine": "C:\\Windows\\system32\\net1  stop gupdatem",
                  "EventID": "1",
                  "LogonGuid": "C784477D-DE5B-62FD-A3C9-030000000000",
                  "LogonId": "248227",
                  "Image": "C:\\Windows\\SysWOW64\\net1.exe",
                  "IntegrityLevel": "High",
                  "ParentCommandLine": "net  stop gupdatem",
                  "UtcTime": "2022-08-18 06:43:51.749",
                  "RuleName": "-"
                }
              },
              {
                "values": {
                  "TerminalSessionId": "1",
                  "ProcessGuid": "C784477D-DFA7-62FD-C405-000000003000",
                  "ProcessId": "72",
                  "Product": "Microsoft\u00ae Windows\u00ae Operating System",
                  "Description": "Net Command",
                  "Company": "Microsoft Corporation",
                  "ParentProcessGuid": "C784477D-DFA7-62FD-BF05-000000003000",
                  "User": "DESKTOP-B0T93D6\\george",
                  "Hashes": "MD5=DD0561156F62BC1958CE0E370B23711B,SHA256=FD41D0261C6D22572DA448BCB5CBBB98F78A2922D1F1074D25237CC82C8CE432,IMPHASH=86350518EAE83E4A09BBF6317BA1C570",
                  "OriginalFileName": "net.exe",
                  "ParentImage": "C:\\Windows\\SysWOW64\\cmd.exe",
                  "FileVersion": "10.0.17134.1 (WinBuild.160101.0800)",
                  "ParentProcessId": "2672",
                  "CurrentDirectory": "C:\\Program Files (x86)\\AutoIt3\\",
                  "CommandLine": "net  stop MozillaMaintenance",
                  "EventID": "1",
                  "LogonGuid": "C784477D-DE5B-62FD-A3C9-030000000000",
                  "LogonId": "248227",
                  "Image": "C:\\Windows\\SysWOW64\\net.exe",
                  "IntegrityLevel": "High",
                  "ParentCommandLine": "C:\\Windows\\system32\\cmd.exe /c net stop MozillaMaintenance",
                  "UtcTime": "2022-08-18 06:43:51.840",
                  "RuleName": "-"
                }
              },
              {
                "values": {
                  "TerminalSessionId": "1",
                  "ProcessGuid": "C784477D-DFA7-62FD-C705-000000003000",
                  "ProcessId": "4008",
                  "Product": "Microsoft\u00ae Windows\u00ae Operating System",
                  "Description": "Net Command",
                  "Company": "Microsoft Corporation",
                  "ParentProcessGuid": "C784477D-DFA7-62FD-C405-000000003000",
                  "User": "DESKTOP-B0T93D6\\george",
                  "Hashes": "MD5=B5A26C2BF17222E86B91D26F1247AF3E,SHA256=14CC5BE4C833ACC652195DEAD113E1C3B4AC0B98EA1AEAD11957836F9AE721CF,IMPHASH=3D3E7537BD3BA07738DC5CA8AD01B073",
                  "OriginalFileName": "net1.exe",
                  "ParentImage": "C:\\Windows\\SysWOW64\\net.exe",
                  "FileVersion": "10.0.17134.1 (WinBuild.160101.0800)",
                  "ParentProcessId": "72",
                  "CurrentDirectory": "C:\\Program Files (x86)\\AutoIt3\\",
                  "CommandLine": "C:\\Windows\\system32\\net1  stop MozillaMaintenance",
                  "EventID": "1",
                  "LogonGuid": "C784477D-DE5B-62FD-A3C9-030000000000",
                  "LogonId": "248227",
                  "Image": "C:\\Windows\\SysWOW64\\net1.exe",
                  "IntegrityLevel": "High",
                  "ParentCommandLine": "net  stop MozillaMaintenance",
                  "UtcTime": "2022-08-18 06:43:51.855",
                  "RuleName": "-"
                }
              },
              {
                "values": {
                  "TerminalSessionId": "1",
                  "ProcessGuid": "C784477D-DFA7-62FD-CB05-000000003000",
                  "ProcessId": "6968",
                  "Product": "Microsoft\u00ae Windows\u00ae Operating System",
                  "Description": "Net Command",
                  "Company": "Microsoft Corporation",
                  "ParentProcessGuid": "C784477D-DFA7-62FD-C505-000000003000",
                  "User": "DESKTOP-B0T93D6\\george",
                  "Hashes": "MD5=DD0561156F62BC1958CE0E370B23711B,SHA256=FD41D0261C6D22572DA448BCB5CBBB98F78A2922D1F1074D25237CC82C8CE432,IMPHASH=86350518EAE83E4A09BBF6317BA1C570",
                  "OriginalFileName": "net.exe",
                  "ParentImage": "C:\\Windows\\SysWOW64\\cmd.exe",
                  "FileVersion": "10.0.17134.1 (WinBuild.160101.0800)",
                  "ParentProcessId": "3120",
                  "CurrentDirectory": "C:\\Program Files (x86)\\AutoIt3\\",
                  "CommandLine": "net  stop edgeupdatem",
                  "EventID": "1",
                  "LogonGuid": "C784477D-DE5B-62FD-A3C9-030000000000",
                  "LogonId": "248227",
                  "Image": "C:\\Windows\\SysWOW64\\net.exe",
                  "IntegrityLevel": "High",
                  "ParentCommandLine": "C:\\Windows\\system32\\cmd.exe /c net stop edgeupdatem",
                  "UtcTime": "2022-08-18 06:43:51.921",
                  "RuleName": "-"
                }
              },
              {
                "values": {
                  "TerminalSessionId": "1",
                  "ProcessGuid": "C784477D-DFA7-62FD-CC05-000000003000",
                  "ProcessId": "6928",
                  "Product": "Microsoft\u00ae Windows\u00ae Operating System",
                  "Description": "Net Command",
                  "Company": "Microsoft Corporation",
                  "ParentProcessGuid": "C784477D-DFA7-62FD-CB05-000000003000",
                  "User": "DESKTOP-B0T93D6\\george",
                  "Hashes": "MD5=B5A26C2BF17222E86B91D26F1247AF3E,SHA256=14CC5BE4C833ACC652195DEAD113E1C3B4AC0B98EA1AEAD11957836F9AE721CF,IMPHASH=3D3E7537BD3BA07738DC5CA8AD01B073",
                  "OriginalFileName": "net1.exe",
                  "ParentImage": "C:\\Windows\\SysWOW64\\net.exe",
                  "FileVersion": "10.0.17134.1 (WinBuild.160101.0800)",
                  "ParentProcessId": "6968",
                  "CurrentDirectory": "C:\\Program Files (x86)\\AutoIt3\\",
                  "CommandLine": "C:\\Windows\\system32\\net1  stop edgeupdatem",
                  "EventID": "1",
                  "LogonGuid": "C784477D-DE5B-62FD-A3C9-030000000000",
                  "LogonId": "248227",
                  "Image": "C:\\Windows\\SysWOW64\\net1.exe",
                  "IntegrityLevel": "High",
                  "ParentCommandLine": "net  stop edgeupdatem",
                  "UtcTime": "2022-08-18 06:43:51.934",
                  "RuleName": "-"
                }
              },
              {
                "values": {
                  "TerminalSessionId": "1",
                  "ProcessGuid": "C784477D-DFA7-62FD-D105-000000003000",
                  "ProcessId": "4416",
                  "Product": "Microsoft\u00ae Windows\u00ae Operating System",
                  "Description": "Net Command",
                  "Company": "Microsoft Corporation",
                  "ParentProcessGuid": "C784477D-DFA7-62FD-CD05-000000003000",
                  "User": "DESKTOP-B0T93D6\\george",
                  "Hashes": "MD5=DD0561156F62BC1958CE0E370B23711B,SHA256=FD41D0261C6D22572DA448BCB5CBBB98F78A2922D1F1074D25237CC82C8CE432,IMPHASH=86350518EAE83E4A09BBF6317BA1C570",
                  "OriginalFileName": "net.exe",
                  "ParentImage": "C:\\Windows\\SysWOW64\\cmd.exe",
                  "FileVersion": "10.0.17134.1 (WinBuild.160101.0800)",
                  "ParentProcessId": "3984",
                  "CurrentDirectory": "C:\\Program Files (x86)\\AutoIt3\\",
                  "CommandLine": "net  stop dnscache",
                  "EventID": "1",
                  "LogonGuid": "C784477D-DE5B-62FD-A3C9-030000000000",
                  "LogonId": "248227",
                  "Image": "C:\\Windows\\SysWOW64\\net.exe",
                  "IntegrityLevel": "High",
                  "ParentCommandLine": "C:\\Windows\\system32\\cmd.exe /c net stop dnscache",
                  "UtcTime": "2022-08-18 06:43:51.995",
                  "RuleName": "-"
                }
              },
              {
                "values": {
                  "TerminalSessionId": "1",
                  "ProcessGuid": "C784477D-DFA8-62FD-D205-000000003000",
                  "ProcessId": "4832",
                  "Product": "Microsoft\u00ae Windows\u00ae Operating System",
                  "Description": "Net Command",
                  "Company": "Microsoft Corporation",
                  "ParentProcessGuid": "C784477D-DFA7-62FD-D105-000000003000",
                  "User": "DESKTOP-B0T93D6\\george",
                  "Hashes": "MD5=B5A26C2BF17222E86B91D26F1247AF3E,SHA256=14CC5BE4C833ACC652195DEAD113E1C3B4AC0B98EA1AEAD11957836F9AE721CF,IMPHASH=3D3E7537BD3BA07738DC5CA8AD01B073",
                  "OriginalFileName": "net1.exe",
                  "ParentImage": "C:\\Windows\\SysWOW64\\net.exe",
                  "FileVersion": "10.0.17134.1 (WinBuild.160101.0800)",
                  "ParentProcessId": "4416",
                  "CurrentDirectory": "C:\\Program Files (x86)\\AutoIt3\\",
                  "CommandLine": "C:\\Windows\\system32\\net1  stop dnscache",
                  "EventID": "1",
                  "LogonGuid": "C784477D-DE5B-62FD-A3C9-030000000000",
                  "LogonId": "248227",
                  "Image": "C:\\Windows\\SysWOW64\\net1.exe",
                  "IntegrityLevel": "High",
                  "ParentCommandLine": "net  stop dnscache",
                  "UtcTime": "2022-08-18 06:43:52.007",
                  "RuleName": "-"
                }
              },
              {
                "values": {
                  "TerminalSessionId": "1",
                  "ProcessGuid": "C784477D-DFA8-62FD-D805-000000003000",
                  "ProcessId": "7024",
                  "Product": "Microsoft\u00ae Windows\u00ae Operating System",
                  "Description": "Net Command",
                  "Company": "Microsoft Corporation",
                  "ParentProcessGuid": "C784477D-DFA8-62FD-D405-000000003000",
                  "User": "DESKTOP-B0T93D6\\george",
                  "Hashes": "MD5=DD0561156F62BC1958CE0E370B23711B,SHA256=FD41D0261C6D22572DA448BCB5CBBB98F78A2922D1F1074D25237CC82C8CE432,IMPHASH=86350518EAE83E4A09BBF6317BA1C570",
                  "OriginalFileName": "net.exe",
                  "ParentImage": "C:\\Windows\\SysWOW64\\cmd.exe",
                  "FileVersion": "10.0.17134.1 (WinBuild.160101.0800)",
                  "ParentProcessId": "6624",
                  "CurrentDirectory": "C:\\Program Files (x86)\\AutoIt3\\",
                  "CommandLine": "net  stop sedsvc",
                  "EventID": "1",
                  "LogonGuid": "C784477D-DE5B-62FD-A3C9-030000000000",
                  "LogonId": "248227",
                  "Image": "C:\\Windows\\SysWOW64\\net.exe",
                  "IntegrityLevel": "High",
                  "ParentCommandLine": "C:\\Windows\\system32\\cmd.exe /c net stop sedsvc",
                  "UtcTime": "2022-08-18 06:43:52.117",
                  "RuleName": "-"
                }
              },
              {
                "values": {
                  "TerminalSessionId": "1",
                  "ProcessGuid": "C784477D-DFA8-62FD-DA05-000000003000",
                  "ProcessId": "6836",
                  "Product": "Microsoft\u00ae Windows\u00ae Operating System",
                  "Description": "Net Command",
                  "Company": "Microsoft Corporation",
                  "ParentProcessGuid": "C784477D-DFA8-62FD-D805-000000003000",
                  "User": "DESKTOP-B0T93D6\\george",
                  "Hashes": "MD5=B5A26C2BF17222E86B91D26F1247AF3E,SHA256=14CC5BE4C833ACC652195DEAD113E1C3B4AC0B98EA1AEAD11957836F9AE721CF,IMPHASH=3D3E7537BD3BA07738DC5CA8AD01B073",
                  "OriginalFileName": "net1.exe",
                  "ParentImage": "C:\\Windows\\SysWOW64\\net.exe",
                  "FileVersion": "10.0.17134.1 (WinBuild.160101.0800)",
                  "ParentProcessId": "7024",
                  "CurrentDirectory": "C:\\Program Files (x86)\\AutoIt3\\",
                  "CommandLine": "C:\\Windows\\system32\\net1  stop sedsvc",
                  "EventID": "1",
                  "LogonGuid": "C784477D-DE5B-62FD-A3C9-030000000000",
                  "LogonId": "248227",
                  "Image": "C:\\Windows\\SysWOW64\\net1.exe",
                  "IntegrityLevel": "High",
                  "ParentCommandLine": "net  stop sedsvc",
                  "UtcTime": "2022-08-18 06:43:52.130",
                  "RuleName": "-"
                }
              },
              {
                "values": {
                  "TerminalSessionId": "1",
                  "ProcessGuid": "C784477D-DFA8-62FD-DF05-000000003000",
                  "ProcessId": "4588",
                  "Product": "Microsoft\u00ae Windows\u00ae Operating System",
                  "Description": "Net Command",
                  "Company": "Microsoft Corporation",
                  "ParentProcessGuid": "C784477D-DFA8-62FD-DB05-000000003000",
                  "User": "DESKTOP-B0T93D6\\george",
                  "Hashes": "MD5=DD0561156F62BC1958CE0E370B23711B,SHA256=FD41D0261C6D22572DA448BCB5CBBB98F78A2922D1F1074D25237CC82C8CE432,IMPHASH=86350518EAE83E4A09BBF6317BA1C570",
                  "OriginalFileName": "net.exe",
                  "ParentImage": "C:\\Windows\\SysWOW64\\cmd.exe",
                  "FileVersion": "10.0.17134.1 (WinBuild.160101.0800)",
                  "ParentProcessId": "1424",
                  "CurrentDirectory": "C:\\Program Files (x86)\\AutoIt3\\",
                  "CommandLine": "net  stop PcaSvc",
                  "EventID": "1",
                  "LogonGuid": "C784477D-DE5B-62FD-A3C9-030000000000",
                  "LogonId": "248227",
                  "Image": "C:\\Windows\\SysWOW64\\net.exe",
                  "IntegrityLevel": "High",
                  "ParentCommandLine": "C:\\Windows\\system32\\cmd.exe /c net stop PcaSvc",
                  "UtcTime": "2022-08-18 06:43:52.202",
                  "RuleName": "-"
                }
              },
              {
                "values": {
                  "TerminalSessionId": "1",
                  "ProcessGuid": "C784477D-DFA8-62FD-E005-000000003000",
                  "ProcessId": "6344",
                  "Product": "Microsoft\u00ae Windows\u00ae Operating System",
                  "Description": "Net Command",
                  "Company": "Microsoft Corporation",
                  "ParentProcessGuid": "C784477D-DFA8-62FD-DF05-000000003000",
                  "User": "DESKTOP-B0T93D6\\george",
                  "Hashes": "MD5=B5A26C2BF17222E86B91D26F1247AF3E,SHA256=14CC5BE4C833ACC652195DEAD113E1C3B4AC0B98EA1AEAD11957836F9AE721CF,IMPHASH=3D3E7537BD3BA07738DC5CA8AD01B073",
                  "OriginalFileName": "net1.exe",
                  "ParentImage": "C:\\Windows\\SysWOW64\\net.exe",
                  "FileVersion": "10.0.17134.1 (WinBuild.160101.0800)",
                  "ParentProcessId": "4588",
                  "CurrentDirectory": "C:\\Program Files (x86)\\AutoIt3\\",
                  "CommandLine": "C:\\Windows\\system32\\net1  stop PcaSvc",
                  "EventID": "1",
                  "LogonGuid": "C784477D-DE5B-62FD-A3C9-030000000000",
                  "LogonId": "248227",
                  "Image": "C:\\Windows\\SysWOW64\\net1.exe",
                  "IntegrityLevel": "High",
                  "ParentCommandLine": "net  stop PcaSvc",
                  "UtcTime": "2022-08-18 06:43:52.215",
                  "RuleName": "-"
                }
              },
              {
                "values": {
                  "TerminalSessionId": "1",
                  "ProcessGuid": "C784477D-DFA8-62FD-E805-000000003000",
                  "ProcessId": "6364",
                  "Product": "Microsoft\u00ae Windows\u00ae Operating System",
                  "Description": "Net Command",
                  "Company": "Microsoft Corporation",
                  "ParentProcessGuid": "C784477D-DFA8-62FD-E205-000000003000",
                  "User": "DESKTOP-B0T93D6\\george",
                  "Hashes": "MD5=DD0561156F62BC1958CE0E370B23711B,SHA256=FD41D0261C6D22572DA448BCB5CBBB98F78A2922D1F1074D25237CC82C8CE432,IMPHASH=86350518EAE83E4A09BBF6317BA1C570",
                  "OriginalFileName": "net.exe",
                  "ParentImage": "C:\\Windows\\SysWOW64\\cmd.exe",
                  "FileVersion": "10.0.17134.1 (WinBuild.160101.0800)",
                  "ParentProcessId": "3732",
                  "CurrentDirectory": "C:\\Program Files (x86)\\AutoIt3\\",
                  "CommandLine": "net  stop \"OneDrive Updater Service\"",
                  "EventID": "1",
                  "LogonGuid": "C784477D-DE5B-62FD-A3C9-030000000000",
                  "LogonId": "248227",
                  "Image": "C:\\Windows\\SysWOW64\\net.exe",
                  "IntegrityLevel": "High",
                  "ParentCommandLine": "C:\\Windows\\system32\\cmd.exe /c net stop \"OneDrive Updater Service\"",
                  "UtcTime": "2022-08-18 06:43:52.305",
                  "RuleName": "-"
                }
              },
              {
                "values": {
                  "TerminalSessionId": "1",
                  "ProcessGuid": "C784477D-DFA8-62FD-EA05-000000003000",
                  "ProcessId": "2384",
                  "Product": "Microsoft\u00ae Windows\u00ae Operating System",
                  "Description": "Net Command",
                  "Company": "Microsoft Corporation",
                  "ParentProcessGuid": "C784477D-DFA8-62FD-E405-000000003000",
                  "User": "DESKTOP-B0T93D6\\george",
                  "Hashes": "MD5=DD0561156F62BC1958CE0E370B23711B,SHA256=FD41D0261C6D22572DA448BCB5CBBB98F78A2922D1F1074D25237CC82C8CE432,IMPHASH=86350518EAE83E4A09BBF6317BA1C570",
                  "OriginalFileName": "net.exe",
                  "ParentImage": "C:\\Windows\\SysWOW64\\cmd.exe",
                  "FileVersion": "10.0.17134.1 (WinBuild.160101.0800)",
                  "ParentProcessId": "4404",
                  "CurrentDirectory": "C:\\Program Files (x86)\\AutoIt3\\",
                  "CommandLine": "net  stop sppsvc",
                  "EventID": "1",
                  "LogonGuid": "C784477D-DE5B-62FD-A3C9-030000000000",
                  "LogonId": "248227",
                  "Image": "C:\\Windows\\SysWOW64\\net.exe",
                  "IntegrityLevel": "High",
                  "ParentCommandLine": "C:\\Windows\\system32\\cmd.exe /c net stop sppsvc",
                  "UtcTime": "2022-08-18 06:43:52.310",
                  "RuleName": "-"
                }
              },
              {
                "values": {
                  "TerminalSessionId": "1",
                  "ProcessGuid": "C784477D-DFA8-62FD-EB05-000000003000",
                  "ProcessId": "3832",
                  "Product": "Microsoft\u00ae Windows\u00ae Operating System",
                  "Description": "Net Command",
                  "Company": "Microsoft Corporation",
                  "ParentProcessGuid": "C784477D-DFA8-62FD-EA05-000000003000",
                  "User": "DESKTOP-B0T93D6\\george",
                  "Hashes": "MD5=B5A26C2BF17222E86B91D26F1247AF3E,SHA256=14CC5BE4C833ACC652195DEAD113E1C3B4AC0B98EA1AEAD11957836F9AE721CF,IMPHASH=3D3E7537BD3BA07738DC5CA8AD01B073",
                  "OriginalFileName": "net1.exe",
                  "ParentImage": "C:\\Windows\\SysWOW64\\net.exe",
                  "FileVersion": "10.0.17134.1 (WinBuild.160101.0800)",
                  "ParentProcessId": "2384",
                  "CurrentDirectory": "C:\\Program Files (x86)\\AutoIt3\\",
                  "CommandLine": "C:\\Windows\\system32\\net1  stop sppsvc",
                  "EventID": "1",
                  "LogonGuid": "C784477D-DE5B-62FD-A3C9-030000000000",
                  "LogonId": "248227",
                  "Image": "C:\\Windows\\SysWOW64\\net1.exe",
                  "IntegrityLevel": "High",
                  "ParentCommandLine": "net  stop sppsvc",
                  "UtcTime": "2022-08-18 06:43:52.322",
                  "RuleName": "-"
                }
              },
