          {
            "rule_level": "high",
            "rule_id": "9c82223957e793a96ef035ed0c34e45da5cda4718210320cc09615a65b0fb5d1",
            "rule_source": "Sigma Integrated Rule Set (GitHub)",
            "rule_title": "Renamed Rundll32.exe Execution",
            "rule_description": "Detects the execution of rundll32.exe that has been renamed to a different name to avoid detection",
            "rule_author": "Florian Roth",
            "match_context": [
              {
                "values": {
                  "TerminalSessionId": "1",
                  "ProcessGuid": "{C784477D-0B76-638F-F305-000000004100}",
                  "ProcessId": "4192",
                  "Product": "Microsoft\\xae Windows\\xae Operating System",
                  "Description": "Windows host process (Rundll32)",
                  "Company": "Microsoft Corporation",
                  "ParentProcessGuid": "{C784477D-0B74-638F-F105-000000004100}",
                  "User": "DESKTOP-B0T93D6\\george",
                  "Hashes": "MD5=D7CA562B0DB4F4DD0F03A89A1FDAD63D,SHA256=4E15AA13A02798E924C63537E458A09415C48DAE0E7AFD5A3D25532A2AA935EE,IMPHASH=BB17B2FBBFF4BBF5EBDCA7D0BB9E4A5B",
                  "OriginalFileName": "RUNDLL32.EXE",
                  "ParentImage": "C:\\Users\\george\\AppData\\Local\\Temp\\reader_sl.exe",
                  "FileVersion": "10.0.17134.1 (WinBuild.160101.0800)",
                  "ParentProcessId": "3236",
                  "CurrentDirectory": "C:\\Users\\george\\AppData\\Local\\Temp\\",
                  "CommandLine": "C:\\Users\\george\\AppData\\Roaming\\ATI_Subsystem\\atiapfxx.exe C:\\Users\\george\\AppData\\Roaming\\ATI_Subsystem\\amd_opencl32.dll, ADL_Adapter_CrossdisplayInfoX2_Set pid=3236 \"C:\\Users\\george\\AppData\\Local\\Temp\\reader_sl.exe\" ",
                  "EventID": "1",
                  "LogonGuid": "C784477D-7FD9-6384-6EF0-030000000000",
                  "LogonId": "258158",
                  "Image": "C:\\Users\\george\\AppData\\Roaming\\ATI_Subsystem\\atiapfxx.exe",
                  "IntegrityLevel": "High",
                  "ParentCommandLine": "\"C:\\Users\\george\\AppData\\Local\\Temp\\reader_sl.exe\" ",
                  "UtcTime": "1670318966",
                  "RuleName": "-"
                }
              },
              {
                "values": {
                  "TerminalSessionId": "1",
                  "ProcessGuid": "{C784477D-0BF1-638F-0606-000000004100}",
                  "ProcessId": "4748",
                  "Product": "Microsoft\\xae Windows\\xae Operating System",
                  "Description": "Windows host process (Rundll32)",
                  "Company": "Microsoft Corporation",
                  "ParentProcessGuid": "{C784477D-0B76-638F-F305-000000004100}",
                  "User": "DESKTOP-B0T93D6\\george",
                  "Hashes": "MD5=D7CA562B0DB4F4DD0F03A89A1FDAD63D,SHA256=4E15AA13A02798E924C63537E458A09415C48DAE0E7AFD5A3D25532A2AA935EE,IMPHASH=BB17B2FBBFF4BBF5EBDCA7D0BB9E4A5B",
                  "OriginalFileName": "RUNDLL32.EXE",
                  "ParentImage": "C:\\Users\\george\\AppData\\Roaming\\ATI_Subsystem\\atiapfxx.exe",
                  "FileVersion": "10.0.17134.1 (WinBuild.160101.0800)",
                  "ParentProcessId": "4192",
                  "CurrentDirectory": "C:\\Users\\george\\AppData\\Roaming\\ATI_Subsystem\\",
                  "CommandLine": "\"C:\\Users\\george\\AppData\\Roaming\\ATI_Subsystem\\atiapfxx.exe\" \"C:\\Users\\george\\AppData\\Roaming\\ATI_Subsystem\\amd_opencl32.dll\", ADL_Adapter_CrossdisplayInfoX2_Set",
                  "EventID": "1",
                  "LogonGuid": "C784477D-7FD9-6384-6EF0-030000000000",
                  "LogonId": "258158",
                  "Image": "C:\\Users\\george\\AppData\\Roaming\\ATI_Subsystem\\atiapfxx.exe",
                  "IntegrityLevel": "High",
                  "ParentCommandLine": "C:\\Users\\george\\AppData\\Roaming\\ATI_Subsystem\\atiapfxx.exe C:\\Users\\george\\AppData\\Roaming\\ATI_Subsystem\\amd_opencl32.dll, ADL_Adapter_CrossdisplayInfoX2_Set pid=3236 \"C:\\Users\\george\\AppData\\Local\\Temp\\reader_sl.exe\" ",
                  "UtcTime": "1670319089",
                  "RuleName": "-"
                }
              },
              {
                "values": {
                  "TerminalSessionId": "1",
                  "ProcessGuid": "{C784477D-0BFA-638F-0906-000000004100}",
                  "ProcessId": "6956",
                  "Product": "Microsoft\\xae Windows\\xae Operating System",
                  "Description": "Windows host process (Rundll32)",
                  "Company": "Microsoft Corporation",
                  "ParentProcessGuid": "{C784477D-7FDA-6384-6C00-000000004100}",
                  "User": "DESKTOP-B0T93D6\\george",
                  "Hashes": "MD5=D7CA562B0DB4F4DD0F03A89A1FDAD63D,SHA256=4E15AA13A02798E924C63537E458A09415C48DAE0E7AFD5A3D25532A2AA935EE,IMPHASH=BB17B2FBBFF4BBF5EBDCA7D0BB9E4A5B",
                  "OriginalFileName": "RUNDLL32.EXE",
                  "ParentImage": "C:\\Windows\\explorer.exe",
                  "FileVersion": "10.0.17134.1 (WinBuild.160101.0800)",
                  "ParentProcessId": "4936",
                  "CurrentDirectory": "C:\\Users\\george\\AppData\\Roaming\\ATI_Subsystem\\",
                  "CommandLine": "\"C:\\Users\\george\\AppData\\Roaming\\ATI_Subsystem\\atiapfxx.exe\" C:\\Users\\george\\AppData\\Roaming\\ATI_Subsystem\\amd_opencl32.dll, ADL_Adapter_CrossdisplayInfoX2_Set",
                  "EventID": "1",
                  "LogonGuid": "C784477D-7FD9-6384-D8F0-030000000000",
                  "LogonId": "258264",
                  "Image": "C:\\Users\\george\\AppData\\Roaming\\ATI_Subsystem\\atiapfxx.exe",
                  "IntegrityLevel": "Medium",
                  "ParentCommandLine": "C:\\Windows\\Explorer.EXE",
                  "UtcTime": "1670319098",
                  "RuleName": "-"
                }
              },
              {
                "values": {
                  "TerminalSessionId": "1",
                  "ProcessGuid": "{C784477D-0C03-638F-0E06-000000004100}",
                  "ProcessId": "296",
                  "Product": "Microsoft\\xae Windows\\xae Operating System",
                  "Description": "Windows host process (Rundll32)",
                  "Company": "Microsoft Corporation",
                  "ParentProcessGuid": "{C784477D-7FDA-6384-6C00-000000004100}",
                  "User": "DESKTOP-B0T93D6\\george",
                  "Hashes": "MD5=D7CA562B0DB4F4DD0F03A89A1FDAD63D,SHA256=4E15AA13A02798E924C63537E458A09415C48DAE0E7AFD5A3D25532A2AA935EE,IMPHASH=BB17B2FBBFF4BBF5EBDCA7D0BB9E4A5B",
                  "OriginalFileName": "RUNDLL32.EXE",
                  "ParentImage": "C:\\Windows\\explorer.exe",
                  "FileVersion": "10.0.17134.1 (WinBuild.160101.0800)",
                  "ParentProcessId": "4936",
                  "CurrentDirectory": "C:\\Users\\george\\AppData\\Roaming\\ATI_Subsystem\\",
                  "CommandLine": "\"C:\\Users\\george\\AppData\\Roaming\\ATI_Subsystem\\atiapfxx.exe\" C:\\Users\\george\\AppData\\Roaming\\ATI_Subsystem\\amd_opencl32.dll, ADL_Adapter_CrossdisplayInfoX2_Set",
                  "EventID": "1",
                  "LogonGuid": "C784477D-7FD9-6384-D8F0-030000000000",
                  "LogonId": "258264",
                  "Image": "C:\\Users\\george\\AppData\\Roaming\\ATI_Subsystem\\atiapfxx.exe",
                  "IntegrityLevel": "Medium",
                  "ParentCommandLine": "C:\\Windows\\Explorer.EXE",
                  "UtcTime": "1670319107",
                  "RuleName": "-"
                }
              },
              {
                "values": {
                  "TerminalSessionId": "1",
                  "ProcessGuid": "{C784477D-0C0B-638F-1106-000000004100}",
                  "ProcessId": "5820",
                  "Product": "Microsoft\\xae Windows\\xae Operating System",
                  "Description": "Windows host process (Rundll32)",
                  "Company": "Microsoft Corporation",
                  "ParentProcessGuid": "{C784477D-7FDA-6384-6C00-000000004100}",
                  "User": "DESKTOP-B0T93D6\\george",
                  "Hashes": "MD5=D7CA562B0DB4F4DD0F03A89A1FDAD63D,SHA256=4E15AA13A02798E924C63537E458A09415C48DAE0E7AFD5A3D25532A2AA935EE,IMPHASH=BB17B2FBBFF4BBF5EBDCA7D0BB9E4A5B",
                  "OriginalFileName": "RUNDLL32.EXE",
                  "ParentImage": "C:\\Windows\\explorer.exe",
                  "FileVersion": "10.0.17134.1 (WinBuild.160101.0800)",
                  "ParentProcessId": "4936",
                  "CurrentDirectory": "C:\\Users\\george\\AppData\\Roaming\\ATI_Subsystem\\",
                  "CommandLine": "\"C:\\Users\\george\\AppData\\Roaming\\ATI_Subsystem\\atiapfxx.exe\" C:\\Users\\george\\AppData\\Roaming\\ATI_Subsystem\\amd_opencl32.dll, ADL_Adapter_CrossdisplayInfoX2_Set",
                  "EventID": "1",
                  "LogonGuid": "C784477D-7FD9-6384-D8F0-030000000000",
                  "LogonId": "258264",
                  "Image": "C:\\Users\\george\\AppData\\Roaming\\ATI_Subsystem\\atiapfxx.exe",
                  "IntegrityLevel": "Medium",
                  "ParentCommandLine": "C:\\Windows\\Explorer.EXE",
                  "UtcTime": "1670319115",
                  "RuleName": "-"
                }
              }
            ]
          },
          {
            "rule_level": "medium",
            "rule_id": "3c0434c2b9b483a1c7879404c2a80556dc54436bf222a970ca7131b1f30079f1",
            "rule_source": "Sigma Integrated Rule Set (GitHub)",
            "rule_title": "Use Short Name Path in Command Line",
            "rule_description": "Detect use of the Windows 8.3 short name. Which could be used as a method to avoid command-line detection",
            "rule_author": "frack113, Nasreddine Bencherchali",
            "match_context": [
              {
                "values": {
                  "CommandLine": "\"C:\\Users\\ADMINI~1\\AppData\\Local\\Temp\\reader_sl.exe\"",
                  "Image": "C:\\Users\\ADMINI~1\\AppData\\Local\\Temp\\reader_sl.exe",
                  "EventID": "1"
                }
              },
              {
                "values": {
                  "CommandLine": "\"C:\\Program Files\\Adobe\\Reader 9.0\\Reader\\AcroRd32.exe\" \"C:\\Users\\ADMINI~1\\AppData\\Local\\Temp\\2537.pdf\"",
                  "Image": "C:\\Program Files\\Adobe\\Reader 9.0\\Reader\\AcroRd32.exe",
                  "EventID": "1"
                }
              },
              {
                "values": {
                  "CommandLine": "C:\\Users\\ADMINI~1\\AppData\\Local\\Temp\\reader_sl.exe",
                  "Image": "C:\\Users\\ADMINI~1\\AppData\\Local\\Temp\\reader_sl.exe",
                  "EventID": "1"
                }
              }
            ]
          },
          {
            "rule_level": "medium",
            "rule_id": "8b5db9da5732dc549b0e8b56fe5933d7c95ed760f3ac20568ab95347ef8c5bcc",
            "rule_source": "Sigma Integrated Rule Set (GitHub)",
            "rule_title": "CurrentVersion Autorun Keys Modification",
            "rule_description": "Detects modification of autostart extensibility point (ASEP) in registry.",
            "rule_author": "Victor Sergeev, Daniil Yugoslavskiy, Gleb Sukhodolskiy, Timur Zinniatullin, oscd.community, Tim Shelton, frack113 (split)",
            "match_context": [
              {
                "values": {
                  "EventID": "13",
                  "ProcessId": "4192",
                  "EventType": "SetValue",
                  "Image": "C:\\Users\\george\\AppData\\Roaming\\ATI_Subsystem\\atiapfxx.exe",
                  "ProcessGuid": "{C784477D-0B76-638F-F305-000000004100}",
                  "UtcTime": "1670319090",
                  "Details": "C:\\Users\\george\\AppData\\Roaming\\ATI_Subsystem\\atiapfxx.exe C:\\Users\\george\\AppData\\Roaming\\ATI_Subsystem\\amd_opencl32.dll, ADL_Adapter_CrossdisplayInfoX2_Set",
                  "RuleName": "T1060,RunPolicy",
                  "TargetObject": "HKLM\\SOFTWARE\\Microsoft\\Windows\\CurrentVersion\\Policies\\Explorer\\Run\\amdhdl_API"
                }
              },
              {
                "values": {
                  "EventID": "13",
                  "ProcessId": "4192",
                  "EventType": "SetValue",
                  "Image": "C:\\Users\\george\\AppData\\Roaming\\ATI_Subsystem\\atiapfxx.exe",
                  "ProcessGuid": "{C784477D-0B76-638F-F305-000000004100}",
                  "UtcTime": "1670319090",
                  "Details": "C:\\Users\\george\\AppData\\Roaming\\ATI_Subsystem\\atiapfxx.exe C:\\Users\\george\\AppData\\Roaming\\ATI_Subsystem\\amd_opencl32.dll, ADL_Adapter_CrossdisplayInfoX2_Set",
                  "RuleName": "T1060,RunKey",
                  "TargetObject": "HKU\\S-1-5-21-1015118539-3749460369-599379286-1001\\Software\\Microsoft\\Windows\\CurrentVersion\\Run\\atidxx_Eng"
                }
              },
              {
                "values": {
                  "EventID": "13",
                  "ProcessId": "4192",
                  "EventType": "SetValue",
                  "Image": "C:\\Users\\george\\AppData\\Roaming\\ATI_Subsystem\\atiapfxx.exe",
                  "ProcessGuid": "{C784477D-0B76-638F-F305-000000004100}",
                  "UtcTime": "1670319090",
                  "Details": "C:\\Users\\george\\AppData\\Roaming\\ATI_Subsystem\\atiapfxx.exe C:\\Users\\george\\AppData\\Roaming\\ATI_Subsystem\\amd_opencl32.dll, ADL_Adapter_CrossdisplayInfoX2_Set",
                  "RuleName": "T1060,RunKey",
                  "TargetObject": "HKLM\\SOFTWARE\\Microsoft\\Windows\\CurrentVersion\\Run\\atikmpag_x32"
                }
              }
            ]
          },
          {
            "rule_level": "low",
            "rule_id": "77ed185ff979a8d9206b5eed07bf6d5823529f713ed0ea19f2ef7a4a355568bc",
            "rule_source": "Sigma Integrated Rule Set (GitHub)",
            "rule_title": "Windows Cmd Delete File",
            "rule_description": "Adversaries may delete files left behind by the actions of their intrusion activity.\nMalware, tools, or other non-native files dropped or created on a system by an adversary may leave traces to indicate to what was done within a network and how.\nRemoval of these files can occur during an intrusion, or as part of a post-intrusion process to minimize the adversary's footprint.\n",
            "rule_author": "frack113",
            "match_context": [
              {
                "values": {
                  "TerminalSessionId": "1",
                  "ProcessGuid": "{C784477D-0B76-638F-F405-000000004100}",
                  "ProcessId": "368",
                  "Product": "Microsoft\\xae Windows\\xae Operating System",
                  "Description": "Windows Command Processor",
                  "Company": "Microsoft Corporation",
                  "ParentProcessGuid": "{C784477D-0B76-638F-F305-000000004100}",
                  "User": "DESKTOP-B0T93D6\\george",
                  "Hashes": "MD5=F3BDBE3BB6F734E357235F4D5898582D,SHA256=3685495D051137B1C4EFDE22C26DF0883614B6453B762FA84588DA55ED2E7744,IMPHASH=0AF8419BE362159398343D7B31721726",
                  "OriginalFileName": "Cmd.Exe",
                  "ParentImage": "C:\\Users\\george\\AppData\\Roaming\\ATI_Subsystem\\atiapfxx.exe",
                  "FileVersion": "10.0.17134.1 (WinBuild.160101.0800)",
                  "ParentProcessId": "4192",
                  "CurrentDirectory": "C:\\Users\\george\\AppData\\Local\\Temp\\",
                  "CommandLine": "/Q /C TASKKILL /F /PID 3236 > NUL & DEL /F /Q C:\\Users\\george\\AppData\\Local\\Temp\\reader_sl.exe > NUL",
                  "EventID": "1",
                  "LogonGuid": "C784477D-7FD9-6384-6EF0-030000000000",
                  "LogonId": "258158",
                  "Image": "C:\\Windows\\SysWOW64\\cmd.exe",
                  "IntegrityLevel": "High",
                  "ParentCommandLine": "C:\\Users\\george\\AppData\\Roaming\\ATI_Subsystem\\atiapfxx.exe C:\\Users\\george\\AppData\\Roaming\\ATI_Subsystem\\amd_opencl32.dll, ADL_Adapter_CrossdisplayInfoX2_Set pid=3236 \"C:\\Users\\george\\AppData\\Local\\Temp\\reader_sl.exe\" ",
                  "UtcTime": "1670318966",
                  "RuleName": "-"
                }
              }
            ]
          },
          {
            "rule_level": "low",
            "rule_id": "b5386a23355681c43cfbd2f2ccfe4b16ed45324d0d7b5583487a9f302ee1e427",
            "rule_source": "Sigma Integrated Rule Set (GitHub)",
            "rule_title": "Creation of an Executable by an Executable",
            "rule_description": "Detects the creation of an executable by another executable",
            "rule_author": "frack113",
            "match_context": [
              {
                "values": {
                  "EventID": "11",
                  "ProcessId": "3872",
                  "Image": "C:\\Users\\george\\Desktop\\executable.exe",
                  "ProcessGuid": "{C784477D-0B72-638F-F005-000000004100}",
                  "CreationUtcTime": "1670318963",
                  "UtcTime": "1670318963",
                  "RuleName": "EXE",
                  "TargetFilename": "C:\\Users\\george\\AppData\\Local\\Temp\\reader_sl.exe"
                }
              },
              {
                "values": {
                  "EventID": "11",
                  "ProcessId": "3236",
                  "TargetFilename": "C:\\Users\\george\\AppData\\Roaming\\ATI_Subsystem\\atiapfxx.exe",
                  "RuleName": "EXE",
                  "CreationUtcTime": "1670318966",
                  "UtcTime": "1670318966",
                  "ProcessGuid": "{C784477D-0B74-638F-F105-000000004100}",
                  "Image": "C:\\Users\\george\\AppData\\Local\\Temp\\reader_sl.exe"
                }
              }
            ]
          },
          {
            "rule_level": "low",
            "rule_id": "e77646c39db7fa011a5223aeb73c738046787fc7f62a99394e883d76a54341f7",
            "rule_source": "Sigma Integrated Rule Set (GitHub)",
            "rule_title": "Redirect Output in CommandLine",
            "rule_description": "Use \">\" to redicrect information in commandline",
            "rule_author": "frack113",
            "match_context": [
              {
                "values": {
                  "TerminalSessionId": "1",
                  "ProcessGuid": "{C784477D-0B76-638F-F405-000000004100}",
                  "ProcessId": "368",
                  "Product": "Microsoft\\xae Windows\\xae Operating System",
                  "Description": "Windows Command Processor",
                  "Company": "Microsoft Corporation",
                  "ParentProcessGuid": "{C784477D-0B76-638F-F305-000000004100}",
                  "User": "DESKTOP-B0T93D6\\george",
                  "Hashes": "MD5=F3BDBE3BB6F734E357235F4D5898582D,SHA256=3685495D051137B1C4EFDE22C26DF0883614B6453B762FA84588DA55ED2E7744,IMPHASH=0AF8419BE362159398343D7B31721726",
                  "OriginalFileName": "Cmd.Exe",
                  "ParentImage": "C:\\Users\\george\\AppData\\Roaming\\ATI_Subsystem\\atiapfxx.exe",
                  "FileVersion": "10.0.17134.1 (WinBuild.160101.0800)",
                  "ParentProcessId": "4192",
                  "CurrentDirectory": "C:\\Users\\george\\AppData\\Local\\Temp\\",
                  "CommandLine": "/Q /C TASKKILL /F /PID 3236 > NUL & DEL /F /Q C:\\Users\\george\\AppData\\Local\\Temp\\reader_sl.exe > NUL",
                  "EventID": "1",
                  "LogonGuid": "C784477D-7FD9-6384-6EF0-030000000000",
                  "LogonId": "258158",
                  "Image": "C:\\Windows\\SysWOW64\\cmd.exe",
                  "IntegrityLevel": "High",
                  "ParentCommandLine": "C:\\Users\\george\\AppData\\Roaming\\ATI_Subsystem\\atiapfxx.exe C:\\Users\\george\\AppData\\Roaming\\ATI_Subsystem\\amd_opencl32.dll, ADL_Adapter_CrossdisplayInfoX2_Set pid=3236 \"C:\\Users\\george\\AppData\\Local\\Temp\\reader_sl.exe\" ",
                  "UtcTime": "1670318966",
                  "RuleName": "-"
                }
              }
            ]
          }
        ],
        "sandbox_verdicts": {
          "C2AE": {
            "category": "undetected",
            "sandbox_name": "C2AE",
            "malware_classification": [
              "UNKNOWN_VERDICT"
            ]
          },
          "DAS-Security Orcas": {
            "category": "malicious",
            "sandbox_name": "DAS-Security Orcas",
            "malware_classification": [
              "MALWARE"
            ]
          }
        },
        "detectiteasy": {
          "filetype": "PE32",
          "values": [
            {
              "type": "sfx",
              "name": "WinRAR"
            },
            {
              "info": "EXE32",
              "version": "2008-2010",
              "type": "Compiler",
              "name": "EP:Microsoft Visual C/C++"
            },
            {
              "info": "C++",
              "version": "15.00.30729",
              "type": "Compiler",
              "name": "Microsoft Visual C/C++"
            },
            {
              "version": "9.00.30729",
              "type": "Linker",
              "name": "Microsoft Linker"
            },
            {
              "version": "2008",
              "type": "Tool",
              "name": "Visual Studio"
            },
            {
              "info": "solid,90.8%,2 files",
              "version": "4",
              "type": "Archive",
              "name": "RAR"
            }
          ]
        },
        "ssdeep": "12288:ow35dS4X8AnVyiKdXZcqt/dmzwxCkTcUEaOqJJIZ5+AJOPbg9xsdeL2zi/zxHSJ8:h35dPpXWcUEay5OP89xpmi/cgrqWdfj9"
      }
    }
  ],
  "errors": [],
  "contacted_urls": [],
  "bundled_files": [
    {
      "id": "722ea0d047085fd7b44d0d7cb9ab4645746219a29d2803ae1a4961010d081916",
      "attributes": {}
    },
    {
      "id": "59a573269fe91e1019c989feb87133bb3a4c2fb40afb96b8486c0873c223bd86",
      "attributes": {}
    },
    {
      "id": "ab69d30dd3b620cdb09e3f2f20403bf41c30b625af640591659841eb4eaf9145",
      "attributes": {}
    },
    {
      "id": "bd543c930a3fe5e24e843bad9b056289e0b8d9aaddba2bfff7e5326accc5aa97",
      "attributes": {}
    },
    {
      "id": "c7711c3e4018b2a638b044b23d3fc00b0fdaaeb2a67f5c074e635e04cf2b9b6a",
      "attributes": {}
    }
  ]
}