              {
                "values": {
                  "EventID": "3",
                  "ProcessId": "1044",
                  "DestinationPortName": "-",
                  "SourceIsIpv6": "false",
                  "Initiated": "true",
                  "DestinationIp": "172.253.115.153",
                  "SourcePortName": "-",
                  "Image": "C:\\Users\\admin\\AppData\\Local\\Programs\\Python\\Python37\\pythonw.exe",
                  "RuleName": "Usermode",
                  "DestinationHostname": "-",
                  "UtcTime": "2022-07-25 17:59:49.826",
                  "User": "work\\admin",
                  "DestinationPort": "443",
                  "ProcessGuid": "5240FBE6-D9EE-62DE-3A00-000000002400",
                  "SourcePort": "49176",
                  "Protocol": "tcp",
                  "SourceHostname": "-",
                  "SourceIp": "192.168.122.101",
                  "DestinationIsIpv6": "false"
                }
              },
              {
                "values": {
                  "EventID": "3",
                  "ProcessId": "1044",
                  "DestinationPortName": "-",
                  "SourceIsIpv6": "false",
                  "DestinationIp": "172.253.115.153",
                  "Initiated": "true",
                  "SourcePortName": "-",
                  "Image": "C:\\Users\\admin\\AppData\\Local\\Programs\\Python\\Python37\\pythonw.exe",
                  "RuleName": "Usermode",
                  "DestinationHostname": "-",
                  "UtcTime": "2022-07-25 17:59:55.453",
                  "User": "work\\admin",
                  "DestinationPort": "443",
                  "ProcessGuid": "5240FBE6-D9EE-62DE-3A00-000000002400",
                  "SourcePort": "49177",
                  "Protocol": "tcp",
                  "SourceHostname": "-",
                  "SourceIp": "192.168.122.101",
                  "DestinationIsIpv6": "false"
                }
              },
              {
                "values": {
                  "EventID": "3",
                  "ProcessId": "1044",
                  "DestinationPortName": "-",
                  "SourceIsIpv6": "false",
                  "DestinationIp": "172.253.115.153",
                  "Initiated": "true",
                  "SourcePortName": "-",
                  "Image": "C:\\Users\\admin\\AppData\\Local\\Programs\\Python\\Python37\\pythonw.exe",
                  "RuleName": "Usermode",
                  "DestinationHostname": "-",
                  "UtcTime": "2022-07-25 17:59:57.044",
                  "User": "work\\admin",
                  "DestinationPort": "443",
                  "ProcessGuid": "5240FBE6-D9EE-62DE-3A00-000000002400",
                  "SourcePort": "49178",
                  "Protocol": "tcp",
                  "SourceHostname": "-",
                  "SourceIp": "192.168.122.101",
                  "DestinationIsIpv6": "false"
                }
              },
              {
                "values": {
                  "EventID": "3",
                  "ProcessId": "1044",
                  "DestinationPortName": "-",
                  "Protocol": "tcp",
                  "Initiated": "true",
                  "DestinationIp": "172.253.115.153",
                  "SourcePortName": "-",
                  "Image": "C:\\Users\\admin\\AppData\\Local\\Programs\\Python\\Python37\\pythonw.exe",
                  "RuleName": "Usermode",
                  "DestinationHostname": "-",
                  "UtcTime": "2022-07-25 18:00:02.294",
                  "User": "work\\admin",
                  "DestinationPort": "443",
                  "ProcessGuid": "5240FBE6-D9EE-62DE-3A00-000000002400",
                  "SourcePort": "49179",
                  "SourceIsIpv6": "false",
                  "SourceHostname": "-",
                  "SourceIp": "192.168.122.101",
                  "DestinationIsIpv6": "false"
                }
              },
              {
                "values": {
                  "EventID": "3",
                  "ProcessId": "1044",
                  "DestinationPortName": "-",
                  "Protocol": "tcp",
                  "DestinationIp": "172.253.115.153",
                  "Initiated": "true",
                  "SourcePortName": "-",
                  "Image": "C:\\Users\\admin\\AppData\\Local\\Programs\\Python\\Python37\\pythonw.exe",
                  "RuleName": "Usermode",
                  "DestinationHostname": "-",
                  "UtcTime": "2022-07-25 18:00:10.927",
                  "User": "work\\admin",
                  "DestinationPort": "443",
                  "ProcessGuid": "5240FBE6-D9EE-62DE-3A00-000000002400",
                  "SourcePort": "49184",
                  "SourceIsIpv6": "false",
                  "SourceHostname": "-",
                  "SourceIp": "192.168.122.101",
                  "DestinationIsIpv6": "false"
                }
              },
              {
                "values": {
                  "EventID": "3",
                  "ProcessId": "1044",
                  "DestinationPortName": "-",
                  "Protocol": "tcp",
                  "DestinationIp": "172.253.115.153",
                  "Initiated": "true",
                  "SourcePortName": "-",
                  "Image": "C:\\Users\\admin\\AppData\\Local\\Programs\\Python\\Python37\\pythonw.exe",
                  "RuleName": "Usermode",
                  "DestinationHostname": "-",
                  "UtcTime": "2022-07-25 18:00:17.523",
                  "User": "work\\admin",
                  "DestinationPort": "443",
                  "ProcessGuid": "5240FBE6-D9EE-62DE-3A00-000000002400",
                  "SourcePort": "49187",
                  "SourceIsIpv6": "false",
                  "SourceHostname": "-",
                  "SourceIp": "192.168.122.101",
                  "DestinationIsIpv6": "false"
                }
              },
              {
                "values": {
                  "EventID": "3",
                  "ProcessId": "1044",
                  "DestinationPortName": "-",
                  "SourceIsIpv6": "false",
                  "DestinationIp": "172.253.115.153",
                  "Initiated": "true",
                  "SourcePortName": "-",
                  "Image": "C:\\Users\\admin\\AppData\\Local\\Programs\\Python\\Python37\\pythonw.exe",
                  "RuleName": "Usermode",
                  "DestinationHostname": "-",
                  "UtcTime": "2022-07-25 18:00:22.822",
                  "User": "work\\admin",
                  "DestinationPort": "443",
                  "ProcessGuid": "5240FBE6-D9EE-62DE-3A00-000000002400",
                  "SourcePort": "49189",
                  "Protocol": "tcp",
                  "SourceHostname": "-",
                  "SourceIp": "192.168.122.101",
                  "DestinationIsIpv6": "false"
                }
              },
              {
                "values": {
                  "EventID": "3",
                  "ProcessId": "1044",
                  "DestinationPortName": "-",
                  "SourceIsIpv6": "false",
                  "Initiated": "true",
                  "DestinationIp": "172.253.115.153",
                  "SourcePortName": "-",
                  "Image": "C:\\Users\\admin\\AppData\\Local\\Programs\\Python\\Python37\\pythonw.exe",
                  "RuleName": "Usermode",
                  "DestinationHostname": "-",
                  "UtcTime": "2022-07-25 18:00:34.294",
                  "User": "work\\admin",
                  "DestinationPort": "443",
                  "ProcessGuid": "5240FBE6-D9EE-62DE-3A00-000000002400",
                  "SourcePort": "49193",
                  "Protocol": "tcp",
                  "SourceHostname": "-",
                  "SourceIp": "192.168.122.101",
                  "DestinationIsIpv6": "false"
                }
              },
              {
                "values": {
                  "EventID": "3",
                  "ProcessId": "1044",
                  "DestinationPortName": "-",
                  "Protocol": "tcp",
                  "DestinationIp": "172.253.115.153",
                  "Initiated": "true",
                  "SourcePortName": "-",
                  "Image": "C:\\Users\\admin\\AppData\\Local\\Programs\\Python\\Python37\\pythonw.exe",
                  "RuleName": "Usermode",
                  "DestinationHostname": "-",
                  "UtcTime": "2022-07-25 18:00:40.060",
                  "User": "work\\admin",
                  "DestinationPort": "443",
                  "ProcessGuid": "5240FBE6-D9EE-62DE-3A00-000000002400",
                  "SourcePort": "49197",
                  "SourceIsIpv6": "false",
                  "SourceHostname": "-",
                  "SourceIp": "192.168.122.101",
                  "DestinationIsIpv6": "false"
                }
              },
              {
                "values": {
                  "EventID": "3",
                  "ProcessId": "1044",
                  "DestinationPortName": "-",
                  "Protocol": "tcp",
                  "Initiated": "true",
                  "DestinationIp": "172.253.115.153",
                  "SourcePortName": "-",
                  "Image": "C:\\Users\\admin\\AppData\\Local\\Programs\\Python\\Python37\\pythonw.exe",
                  "RuleName": "Usermode",
                  "DestinationHostname": "-",
                  "UtcTime": "2022-07-25 18:00:42.419",
                  "User": "work\\admin",
                  "DestinationPort": "443",
                  "ProcessGuid": "5240FBE6-D9EE-62DE-3A00-000000002400",
                  "SourcePort": "49198",
                  "SourceIsIpv6": "false",
                  "SourceHostname": "-",
                  "SourceIp": "192.168.122.101",
                  "DestinationIsIpv6": "false"
                }
              },
              {
                "values": {
                  "EventID": "3",
                  "ProcessId": "1044",
                  "DestinationPortName": "-",
                  "SourceIsIpv6": "false",
                  "DestinationIp": "172.253.115.153",
                  "Initiated": "true",
                  "SourcePortName": "-",
                  "Image": "C:\\Users\\admin\\AppData\\Local\\Programs\\Python\\Python37\\pythonw.exe",
                  "RuleName": "Usermode",
                  "DestinationHostname": "-",
                  "UtcTime": "2022-07-25 18:00:47.724",
                  "User": "work\\admin",
                  "DestinationPort": "443",
                  "ProcessGuid": "5240FBE6-D9EE-62DE-3A00-000000002400",
                  "SourcePort": "49200",
                  "Protocol": "tcp",
                  "SourceHostname": "-",
                  "SourceIp": "192.168.122.101",
                  "DestinationIsIpv6": "false"
                }
              },
              {
                "values": {
                  "EventID": "3",
                  "ProcessId": "1044",
                  "DestinationPortName": "-",
                  "Protocol": "tcp",
                  "DestinationIp": "172.253.115.153",
                  "Initiated": "true",
                  "SourcePortName": "-",
                  "Image": "C:\\Users\\admin\\AppData\\Local\\Programs\\Python\\Python37\\pythonw.exe",
                  "RuleName": "Usermode",
                  "DestinationHostname": "-",
                  "UtcTime": "2022-07-25 18:00:57.215",
                  "User": "work\\admin",
                  "DestinationPort": "443",
                  "ProcessGuid": "5240FBE6-D9EE-62DE-3A00-000000002400",
                  "SourcePort": "49207",
                  "SourceIsIpv6": "false",
                  "SourceHostname": "-",
                  "SourceIp": "192.168.122.101",
                  "DestinationIsIpv6": "false"
                }
              },
              {
                "values": {
                  "EventID": "3",
                  "ProcessId": "1044",
                  "DestinationPortName": "-",
                  "SourceIsIpv6": "false",
                  "DestinationIp": "255.255.255.255",
                  "Initiated": "true",
                  "SourcePortName": "-",
                  "Image": "C:\\Users\\admin\\AppData\\Local\\Programs\\Python\\Python37\\pythonw.exe",
                  "RuleName": "Usermode",
                  "DestinationHostname": "-",
                  "UtcTime": "2022-07-25 17:59:22.838",
                  "User": "work\\admin",
                  "DestinationPort": "12345",
                  "ProcessGuid": "5240FBE6-D9EE-62DE-3A00-000000002400",
                  "SourcePort": "51675",
                  "Protocol": "udp",
                  "SourceHostname": "-",
                  "SourceIp": "192.168.122.101",
                  "DestinationIsIpv6": "false"
                }
              },
              {
                "values": {
                  "EventID": "3",
                  "ProcessId": "1044",
                  "DestinationPortName": "-",
                  "SourceIsIpv6": "false",
                  "DestinationIp": "172.253.115.153",
                  "Initiated": "true",
                  "SourcePortName": "-",
                  "Image": "C:\\Users\\admin\\AppData\\Local\\Programs\\Python\\Python37\\pythonw.exe",
                  "RuleName": "Usermode",
                  "DestinationHostname": "-",
                  "UtcTime": "2022-07-25 17:59:38.201",
                  "User": "work\\admin",
                  "DestinationPort": "443",
                  "ProcessGuid": "5240FBE6-D9EE-62DE-3A00-000000002400",
                  "SourcePort": "49171",
                  "Protocol": "tcp",
                  "SourceHostname": "-",
                  "SourceIp": "192.168.122.101",
                  "DestinationIsIpv6": "false"
                }
              },
              {
                "values": {
                  "EventID": "3",
                  "ProcessId": "1044",
                  "DestinationPortName": "-",
                  "Protocol": "tcp",
                  "Initiated": "true",
                  "DestinationIp": "172.253.115.153",
                  "SourcePortName": "-",
                  "Image": "C:\\Users\\admin\\AppData\\Local\\Programs\\Python\\Python37\\pythonw.exe",
                  "RuleName": "Usermode",
                  "DestinationHostname": "-",
                  "UtcTime": "2022-07-25 17:59:44.650",
                  "User": "work\\admin",
                  "DestinationPort": "443",
                  "ProcessGuid": "5240FBE6-D9EE-62DE-3A00-000000002400",
                  "SourcePort": "49175",
                  "SourceIsIpv6": "false",
                  "SourceHostname": "-",
                  "SourceIp": "192.168.122.101",
                  "DestinationIsIpv6": "false"
                }
              },
              {
                "values": {
                  "EventID": "3",
                  "ProcessId": "1044",
                  "DestinationPortName": "-",
                  "SourceIsIpv6": "false",
                  "DestinationIp": "172.253.115.153",
                  "Initiated": "true",
                  "SourcePortName": "-",
                  "Image": "C:\\Users\\admin\\AppData\\Local\\Programs\\Python\\Python37\\pythonw.exe",
                  "RuleName": "Usermode",
                  "DestinationHostname": "-",
                  "UtcTime": "2022-07-25 17:59:49.826",
                  "User": "work\\admin",
                  "DestinationPort": "443",
                  "ProcessGuid": "5240FBE6-D9EE-62DE-3A00-000000002400",
                  "SourcePort": "49176",
                  "Protocol": "tcp",
                  "SourceHostname": "-",
                  "SourceIp": "192.168.122.101",
                  "DestinationIsIpv6": "false"
                }
              },
              {
                "values": {
                  "EventID": "3",
                  "ProcessId": "1044",
                  "DestinationPortName": "-",
                  "Protocol": "tcp",
                  "DestinationIp": "172.253.115.153",
                  "Initiated": "true",
                  "SourcePortName": "-",
                  "Image": "C:\\Users\\admin\\AppData\\Local\\Programs\\Python\\Python37\\pythonw.exe",
                  "RuleName": "Usermode",
                  "DestinationHostname": "-",
                  "UtcTime": "2022-07-25 17:59:55.453",
                  "User": "work\\admin",
                  "DestinationPort": "443",
                  "ProcessGuid": "5240FBE6-D9EE-62DE-3A00-000000002400",
                  "SourcePort": "49177",
                  "SourceIsIpv6": "false",
                  "SourceHostname": "-",
                  "SourceIp": "192.168.122.101",
                  "DestinationIsIpv6": "false"
                }
              },
              {
                "values": {
                  "EventID": "3",
                  "ProcessId": "1044",
                  "DestinationPortName": "-",
                  "Protocol": "tcp",
                  "Initiated": "true",
                  "DestinationIp": "172.253.115.153",
                  "SourcePortName": "-",
                  "Image": "C:\\Users\\admin\\AppData\\Local\\Programs\\Python\\Python37\\pythonw.exe",
                  "RuleName": "Usermode",
                  "DestinationHostname": "-",
                  "UtcTime": "2022-07-25 17:59:57.044",
                  "User": "work\\admin",
                  "DestinationPort": "443",
                  "ProcessGuid": "5240FBE6-D9EE-62DE-3A00-000000002400",
                  "SourcePort": "49178",
                  "SourceIsIpv6": "false",
                  "SourceHostname": "-",
                  "SourceIp": "192.168.122.101",
                  "DestinationIsIpv6": "false"
                }
              },
              {
                "values": {
                  "EventID": "3",
                  "ProcessId": "1044",
                  "DestinationPortName": "-",
                  "Protocol": "tcp",
                  "DestinationIp": "172.253.115.153",
                  "Initiated": "true",
                  "SourcePortName": "-",
                  "Image": "C:\\Users\\admin\\AppData\\Local\\Programs\\Python\\Python37\\pythonw.exe",
                  "RuleName": "Usermode",
                  "DestinationHostname": "-",
                  "UtcTime": "2022-07-25 18:00:02.294",
                  "User": "work\\admin",
                  "DestinationPort": "443",
                  "ProcessGuid": "5240FBE6-D9EE-62DE-3A00-000000002400",
                  "SourcePort": "49179",
                  "SourceIsIpv6": "false",
                  "SourceHostname": "-",
                  "SourceIp": "192.168.122.101",
                  "DestinationIsIpv6": "false"
                }
              },
              {
                "values": {
                  "EventID": "3",
                  "ProcessId": "1044",
                  "DestinationPortName": "-",
                  "SourceIsIpv6": "false",
                  "DestinationIp": "172.253.115.153",
                  "Initiated": "true",
                  "SourcePortName": "-",
                  "Image": "C:\\Users\\admin\\AppData\\Local\\Programs\\Python\\Python37\\pythonw.exe",
                  "RuleName": "Usermode",
                  "DestinationHostname": "-",
                  "UtcTime": "2022-07-25 18:00:10.927",
                  "User": "work\\admin",
                  "DestinationPort": "443",
                  "ProcessGuid": "5240FBE6-D9EE-62DE-3A00-000000002400",
                  "SourcePort": "49184",
                  "Protocol": "tcp",
                  "SourceHostname": "-",
                  "SourceIp": "192.168.122.101",
                  "DestinationIsIpv6": "false"
                }
              },
              {
                "values": {
                  "EventID": "3",
                  "ProcessId": "1044",
                  "DestinationPortName": "-",
                  "SourceIsIpv6": "false",
                  "DestinationIp": "172.253.115.153",
                  "Initiated": "true",
                  "SourcePortName": "-",
                  "Image": "C:\\Users\\admin\\AppData\\Local\\Programs\\Python\\Python37\\pythonw.exe",
                  "RuleName": "Usermode",
                  "DestinationHostname": "-",
                  "UtcTime": "2022-07-25 18:00:17.523",
                  "User": "work\\admin",
                  "DestinationPort": "443",
                  "ProcessGuid": "5240FBE6-D9EE-62DE-3A00-000000002400",
                  "SourcePort": "49187",
                  "Protocol": "tcp",
                  "SourceHostname": "-",
                  "SourceIp": "192.168.122.101",
                  "DestinationIsIpv6": "false"
                }
              },
              {
                "values": {
                  "EventID": "3",
                  "ProcessId": "1044",
                  "DestinationPortName": "-",
                  "Protocol": "tcp",
                  "DestinationIp": "172.253.115.153",
                  "Initiated": "true",
                  "SourcePortName": "-",
                  "Image": "C:\\Users\\admin\\AppData\\Local\\Programs\\Python\\Python37\\pythonw.exe",
                  "RuleName": "Usermode",
                  "DestinationHostname": "-",
                  "UtcTime": "2022-07-25 18:00:22.822",
                  "User": "work\\admin",
                  "DestinationPort": "443",
                  "ProcessGuid": "5240FBE6-D9EE-62DE-3A00-000000002400",
                  "SourcePort": "49189",
                  "SourceIsIpv6": "false",
                  "SourceHostname": "-",
                  "SourceIp": "192.168.122.101",
                  "DestinationIsIpv6": "false"
                }
              },
              {
                "values": {
                  "EventID": "3",
                  "ProcessId": "1044",
                  "DestinationPortName": "-",
                  "Protocol": "tcp",
                  "Initiated": "true",
                  "DestinationIp": "172.253.115.153",
                  "SourcePortName": "-",
                  "Image": "C:\\Users\\admin\\AppData\\Local\\Programs\\Python\\Python37\\pythonw.exe",
                  "RuleName": "Usermode",
                  "DestinationHostname": "-",
                  "UtcTime": "2022-07-25 18:00:40.060",
                  "User": "work\\admin",
                  "DestinationPort": "443",
                  "ProcessGuid": "5240FBE6-D9EE-62DE-3A00-000000002400",
                  "SourcePort": "49197",
                  "SourceIsIpv6": "false",
                  "SourceHostname": "-",
                  "SourceIp": "192.168.122.101",
                  "DestinationIsIpv6": "false"
                }
              },
              {
                "values": {
                  "EventID": "3",
                  "ProcessId": "1044",
                  "DestinationPortName": "-",
                  "Protocol": "tcp",
                  "DestinationIp": "172.253.115.153",
                  "Initiated": "true",
                  "SourcePortName": "-",
                  "Image": "C:\\Users\\admin\\AppData\\Local\\Programs\\Python\\Python37\\pythonw.exe",
                  "RuleName": "Usermode",
                  "DestinationHostname": "-",
                  "UtcTime": "2022-07-25 18:00:47.724",
                  "User": "work\\admin",
                  "DestinationPort": "443",
                  "ProcessGuid": "5240FBE6-D9EE-62DE-3A00-000000002400",
                  "SourcePort": "49200",
                  "SourceIsIpv6": "false",
                  "SourceHostname": "-",
                  "SourceIp": "192.168.122.101",
                  "DestinationIsIpv6": "false"
                }
              },
              {
                "values": {
                  "EventID": "3",
                  "ProcessId": "1044",
                  "DestinationPortName": "-",
                  "SourceIsIpv6": "false",
                  "Initiated": "true",
                  "DestinationIp": "172.253.115.153",
                  "SourcePortName": "-",
                  "Image": "C:\\Users\\admin\\AppData\\Local\\Programs\\Python\\Python37\\pythonw.exe",
                  "RuleName": "Usermode",
                  "DestinationHostname": "-",
                  "UtcTime": "2022-07-25 18:00:57.215",
                  "User": "work\\admin",
                  "DestinationPort": "443",
                  "ProcessGuid": "5240FBE6-D9EE-62DE-3A00-000000002400",
                  "SourcePort": "49207",
                  "Protocol": "tcp",
                  "SourceHostname": "-",
                  "SourceIp": "192.168.122.101",
                  "DestinationIsIpv6": "false"
                }
              }
            ],
            "rule_level": "high",
            "rule_description": "Adversaries may attempt to get a listing of services running on remote hosts, including those that may be vulnerable to remote software exploitation",
            "rule_source": "Sigma Integrated Rule Set (GitHub)",
            "rule_title": "Python Initiated Connection",
            "rule_id": "e4d5f1be0673fa786cc8379c15338af08cdd11eed433bead9e801d6204d42a2d",
            "rule_author": "frack113"
          },
          {
            "match_context": [
              {
                "values": {
                  "EventID": "4104",
                  "ScriptBlockText": "2a9050b8b5565911bbd3de0f9fdb41c96563509fc86f87745820109398fd58d8",
                  "ScriptBlockId": "e8497cf2-cf17-44ff-8eec-5045368e1e02",
                  "MessageNumber": "\u0001",
                  "Path": "",
                  "MessageTotal": "\u0001"
                }
              },
              {
                "values": {
                  "EventID": "4104",
                  "ScriptBlockText": "2a9050b8b5565911bbd3de0f9fdb41c96563509fc86f87745820109398fd58d8",
                  "ScriptBlockId": "94c8267e-0e28-4c8b-9a2b-0d5aebe120dc",
                  "MessageNumber": "\u0001",
                  "MessageTotal": "\u0001",
                  "Path": ""
                }
              },
              {
                "values": {
                  "EventID": "4104",
                  "ScriptBlockText": "c871d96f73214964f11a5e0a0a7b3a82ad33892cc069a521738fc12d022aea44",
                  "ScriptBlockId": "77df90f2-0281-404f-9110-9c328b83a224",
                  "MessageNumber": "\u0003",
                  "MessageTotal": "\u0010",
                  "Path": ""
                }
              },
              {
                "values": {
                  "EventID": "4104",
                  "ScriptBlockText": "68457aba458710f9c923d2585f3122d452bd51ca131da68e371b7462bab084b9",
                  "ScriptBlockId": "77df90f2-0281-404f-9110-9c328b83a224",
                  "MessageNumber": "\u0004",
                  "Path": "",
                  "MessageTotal": "\u0010"
                }
              },
              {
                "values": {
                  "EventID": "4104",
                  "ScriptBlockText": "f73c550de7c2dd81b35d4a7e6d8500f33cbc83f4c60341daf32f0097d30e20c6",
                  "ScriptBlockId": "77df90f2-0281-404f-9110-9c328b83a224",
                  "MessageNumber": "\u0006",
                  "MessageTotal": "\u0010",
                  "Path": ""
                }
              },
              {
                "values": {
                  "EventID": "4104",
                  "ScriptBlockId": "77df90f2-0281-404f-9110-9c328b83a224",
                  "ScriptBlockText": "3059f23dcc49496fb1f39546d2b5884edd075f759f518a0405a0242f697c1ea0",
                  "MessageNumber": "\b",
                  "MessageTotal": "\u0010",
                  "Path": ""
                }
              },
              {
                "values": {
                  "EventID": "4104",
                  "ScriptBlockId": "77df90f2-0281-404f-9110-9c328b83a224",
                  "ScriptBlockText": "a84a507ac18d7dec8bd3c040fde4818aa634db74e9bf03a2de4f5cd23cbb5cab",
                  "MessageNumber": "\n",
                  "MessageTotal": "\u0010",
                  "Path": ""
                }
              },
              {
                "values": {
                  "EventID": "4104",
                  "ScriptBlockText": "38df8132d8fcfdb72403b293248eae498f17554f04f4a23a0346942bfeb09f07",
                  "ScriptBlockId": "77df90f2-0281-404f-9110-9c328b83a224",
                  "MessageNumber": "\r",
                  "Path": "",
                  "MessageTotal": "\u0010"
                }
              },
              {
                "values": {
                  "EventID": "4104",
                  "ScriptBlockText": "c7f2a65421adf50aa05ab1ce2ee70fb7f45b038a96e6b0ffc65ab1e668a6f666",
                  "ScriptBlockId": "3db2f77d-fc0f-4546-99c1-91e6a6ef2d43",
                  "MessageNumber": "\u0003",
                  "MessageTotal": "\f",
                  "Path": ""
                }
              },
              {
                "values": {
                  "EventID": "4104",
                  "ScriptBlockText": "f9775f8ca324bfe84e97cafc97f2f53edbc0906786c46c6bd2408f2b85cef628",
                  "ScriptBlockId": "3db2f77d-fc0f-4546-99c1-91e6a6ef2d43",
                  "MessageNumber": "\u0004",
                  "Path": "",
                  "MessageTotal": "\f"
                }
              },
              {
                "values": {
                  "EventID": "4104",
                  "ScriptBlockId": "3db2f77d-fc0f-4546-99c1-91e6a6ef2d43",
                  "ScriptBlockText": "54b4d33a805fa5036a6d3c4d45e77a669a47afb3c6cbd8ae0ca5e5d7f5c86cd5",
                  "MessageNumber": "\u0005",
                  "MessageTotal": "\f",
                  "Path": ""
                }
              },
              {
                "values": {
                  "EventID": "4104",
                  "ScriptBlockText": "1acf39490dde79a4db0e5803867bc684e03e8a68e8b0d9bc893ee36883ccaba9",
                  "ScriptBlockId": "3db2f77d-fc0f-4546-99c1-91e6a6ef2d43",
                  "MessageNumber": "\u0006",
                  "Path": "",
                  "MessageTotal": "\f"
                }
              },
              {
                "values": {
                  "EventID": "4104",
                  "ScriptBlockText": "8dd377e7e21f570a6555434d8b6722e60a76bf296cfbe57a02b3053d5074743a",
                  "ScriptBlockId": "3db2f77d-fc0f-4546-99c1-91e6a6ef2d43",
                  "MessageNumber": "\b",
                  "Path": "",
                  "MessageTotal": "\f"
                }
              },
              {
                "values": {
                  "EventID": "4104",
                  "ScriptBlockText": "2b8ce9be9313477249f1e9d1130b0a01817e1a26a86cf93237851554750b7ab6",
                  "ScriptBlockId": "3db2f77d-fc0f-4546-99c1-91e6a6ef2d43",
                  "MessageNumber": "\n",
                  "MessageTotal": "\f",
                  "Path": ""
                }
              }
            ],
            "rule_level": "medium",
            "rule_description": "Adversaries may abuse the Windows Task Scheduler to perform task scheduling for initial or recurring execution of malicious code",
            "rule_source": "Sigma Integrated Rule Set (GitHub)",
            "rule_title": "Powershell Create Scheduled Task",
            "rule_id": "60d527fe5a592cbe8e98428d1412743b909d5625ec8bc91d20e8b6ee8b36db20",
            "rule_author": "frack113"
          },
          {
            "match_context": [
              {
                "values": {
                  "EventID": "5038",
                  "param1": "\\Device\\HarddiskVolume4\\Program Files (x86)\\sandbox\\driver\\sandbox-driver.sys"
                }
              }
            ],
            "rule_level": "low",
            "rule_description": "Code integrity failures may indicate tampered executables.",
            "rule_source": "Sigma Integrated Rule Set (GitHub)",
            "rule_title": "Failed Code Integrity Checks",
            "rule_id": "134564d292d785dff102940b8a1ee06dba2d462c5fb852124b3771a49d7885f1",
            "rule_author": "Thomas Patzke"
          },
          {
            "match_context": [
              {
                "values": {
                  "EventID": "11",
                  "ProcessId": "1044",
                  "TargetFilename": "C:\\Users\\admin\\AppData\\Local\\Temp\\frida-b97168dfb173cf6414a2a60a301ff98e\\frida-winjector-helper-32.exe",
                  "RuleName": "EXE",
                  "CreationUtcTime": "2022-07-25 17:59:30.296",
                  "UtcTime": "2022-07-25 17:59:30.296",
                  "ProcessGuid": "5240FBE6-D9EE-62DE-3A00-000000002400",
                  "Image": "C:\\Users\\admin\\AppData\\Local\\Programs\\Python\\Python37\\pythonw.exe"
                }
              },
              {
                "values": {
                  "EventID": "11",
                  "ProcessId": "1044",
                  "Image": "C:\\Users\\admin\\AppData\\Local\\Programs\\Python\\Python37\\pythonw.exe",
                  "RuleName": "EXE",
                  "CreationUtcTime": "2022-07-25 17:59:31.453",
                  "UtcTime": "2022-07-25 17:59:31.468",
                  "ProcessGuid": "5240FBE6-D9EE-62DE-3A00-000000002400",
                  "TargetFilename": "C:\\Users\\admin\\AppData\\Local\\Temp\\frida-b97168dfb173cf6414a2a60a301ff98e\\frida-winjector-helper-64.exe"
                }
              },
              {
                "values": {
                  "EventID": "11",
                  "ProcessId": "2324",
                  "Image": "C:\\Users\\admin\\Downloads\\7631f1db92e61504596790057ce674ee90570755_sig_replaced.exe",
                  "RuleName": "EXE",
                  "CreationUtcTime": "2022-07-25 17:59:33.015",
                  "UtcTime": "2022-07-25 17:59:33.015",
                  "ProcessGuid": "5240FBE6-DA01-62DE-9700-000000002400",
                  "TargetFilename": "C:\\Users\\admin\\AppData\\Roaming\\Adobe\\cmdbineb.exe"
                }
              },
              {
                "values": {
                  "EventID": "11",
                  "ProcessId": "1044",
                  "TargetFilename": "C:\\Users\\admin\\Downloads\\files\\cmdbineb.exe",
                  "RuleName": "Downloads",
                  "CreationUtcTime": "2022-07-25 17:59:33.406",
                  "UtcTime": "2022-07-25 17:59:33.406",
                  "ProcessGuid": "5240FBE6-D9EE-62DE-3A00-000000002400",
                  "Image": "C:\\Users\\admin\\AppData\\Local\\Programs\\Python\\Python37\\pythonw.exe"
                }
              },
              {
                "values": {
                  "EventID": "11",
                  "ProcessId": "2616",
                  "TargetFilename": "C:\\Windows\\SysWOW64\\srvfs.exe",
                  "RuleName": "EXE",
                  "CreationUtcTime": "2022-07-25 18:00:02.015",
                  "UtcTime": "2022-07-25 18:00:02.015",
                  "ProcessGuid": "5240FBE6-DA05-62DE-A000-000000002400",
                  "Image": "C:\\Users\\admin\\AppData\\Roaming\\Adobe\\cmdbineb.exe"
                }
              },
              {
                "values": {
                  "EventID": "11",
                  "ProcessId": "2616",
                  "TargetFilename": "C:\\Windows\\SysWOW64\\udfid.exe",
                  "RuleName": "EXE",
                  "CreationUtcTime": "2022-07-25 18:00:02.015",
                  "UtcTime": "2022-07-25 18:00:02.015",
                  "ProcessGuid": "5240FBE6-DA05-62DE-A000-000000002400",
                  "Image": "C:\\Users\\admin\\AppData\\Roaming\\Adobe\\cmdbineb.exe"
                }
              },
              {
                "values": {
                  "EventID": "11",
                  "ProcessId": "2616",
                  "Image": "C:\\Users\\admin\\AppData\\Roaming\\Adobe\\cmdbineb.exe",
                  "RuleName": "EXE",
                  "CreationUtcTime": "2022-07-25 18:00:03.531",
                  "UtcTime": "2022-07-25 18:00:03.531",
                  "ProcessGuid": "5240FBE6-DA05-62DE-A000-000000002400",
                  "TargetFilename": "C:\\Windows\\SysWOW64\\engusb.exe"
                }
              },
              {
                "values": {
                  "EventID": "11",
                  "ProcessId": "1044",
                  "Image": "C:\\Users\\admin\\AppData\\Local\\Programs\\Python\\Python37\\pythonw.exe",
                  "ProcessGuid": "5240FBE6-D9EE-62DE-3A00-000000002400",
                  "CreationUtcTime": "2022-07-25 17:59:30.296",
                  "UtcTime": "2022-07-25 17:59:30.296",
                  "RuleName": "EXE",
                  "TargetFilename": "C:\\Users\\admin\\AppData\\Local\\Temp\\frida-b97168dfb173cf6414a2a60a301ff98e\\frida-winjector-helper-32.exe"
                }
              },
              {
                "values": {
                  "EventID": "11",
                  "ProcessId": "1044",
                  "Image": "C:\\Users\\admin\\AppData\\Local\\Programs\\Python\\Python37\\pythonw.exe",
                  "ProcessGuid": "5240FBE6-D9EE-62DE-3A00-000000002400",
                  "CreationUtcTime": "2022-07-25 17:59:31.453",
                  "UtcTime": "2022-07-25 17:59:31.468",
                  "RuleName": "EXE",
                  "TargetFilename": "C:\\Users\\admin\\AppData\\Local\\Temp\\frida-b97168dfb173cf6414a2a60a301ff98e\\frida-winjector-helper-64.exe"
                }
              },
              {
                "values": {
                  "EventID": "11",
                  "ProcessId": "2324",
                  "Image": "C:\\Users\\admin\\Downloads\\7631f1db92e61504596790057ce674ee90570755_sig_replaced.exe",
                  "ProcessGuid": "5240FBE6-DA01-62DE-9700-000000002400",
                  "CreationUtcTime": "2022-07-25 17:59:33.015",
                  "UtcTime": "2022-07-25 17:59:33.015",
                  "RuleName": "EXE",
                  "TargetFilename": "C:\\Users\\admin\\AppData\\Roaming\\Adobe\\cmdbineb.exe"
                }
              },
              {
                "values": {
                  "EventID": "11",
                  "ProcessId": "1044",
                  "Image": "C:\\Users\\admin\\AppData\\Local\\Programs\\Python\\Python37\\pythonw.exe",
                  "RuleName": "Downloads",
                  "CreationUtcTime": "2022-07-25 17:59:33.406",
                  "UtcTime": "2022-07-25 17:59:33.406",
                  "ProcessGuid": "5240FBE6-D9EE-62DE-3A00-000000002400",
                  "TargetFilename": "C:\\Users\\admin\\Downloads\\files\\cmdbineb.exe"
                }
              },
              {
                "values": {
                  "EventID": "11",
                  "ProcessId": "2616",
                  "Image": "C:\\Users\\admin\\AppData\\Roaming\\Adobe\\cmdbineb.exe",
                  "ProcessGuid": "5240FBE6-DA05-62DE-A000-000000002400",
                  "CreationUtcTime": "2022-07-25 18:00:02.015",
                  "UtcTime": "2022-07-25 18:00:02.015",
                  "RuleName": "EXE",
                  "TargetFilename": "C:\\Windows\\SysWOW64\\srvfs.exe"
                }
              },
              {
                "values": {
                  "EventID": "11",
                  "ProcessId": "2616",
                  "Image": "C:\\Users\\admin\\AppData\\Roaming\\Adobe\\cmdbineb.exe",
                  "ProcessGuid": "5240FBE6-DA05-62DE-A000-000000002400",
                  "CreationUtcTime": "2022-07-25 18:00:02.015",
                  "UtcTime": "2022-07-25 18:00:02.015",
                  "RuleName": "EXE",
                  "TargetFilename": "C:\\Windows\\SysWOW64\\udfid.exe"
                }
              },
              {
                "values": {
                  "EventID": "11",
                  "ProcessId": "2616",
                  "TargetFilename": "C:\\Windows\\SysWOW64\\engusb.exe",
                  "RuleName": "EXE",
                  "CreationUtcTime": "2022-07-25 18:00:03.531",
                  "UtcTime": "2022-07-25 18:00:03.531",
                  "ProcessGuid": "5240FBE6-DA05-62DE-A000-000000002400",
                  "Image": "C:\\Users\\admin\\AppData\\Roaming\\Adobe\\cmdbineb.exe"
                }
              },
              {
                "values": {
                  "EventID": "11",
                  "ProcessId": "3356",
                  "Image": "C:\\Users\\george\\Desktop\\file.exe",
                  "RuleName": "EXE",
                  "CreationUtcTime": "2022-07-26 01:42:21.237",
                  "UtcTime": "2022-07-26 01:42:21.237",
                  "ProcessGuid": "C784477D-467C-62DF-7C06-000000003000",
                  "TargetFilename": "C:\\Users\\george\\AppData\\Roaming\\Adobe\\winmsdu.exe"
                }
              },
              {
                "values": {
                  "EventID": "11",
                  "ProcessId": "7012",
                  "Image": "C:\\Users\\george\\AppData\\Roaming\\Adobe\\winmsdu.exe",
                  "RuleName": "EXE",
                  "CreationUtcTime": "2022-07-26 01:43:21.065",
                  "UtcTime": "2022-07-26 01:43:21.065",
                  "ProcessGuid": "C784477D-467E-62DF-8206-000000003000",
                  "TargetFilename": "C:\\Windows\\SysWOW64\\cfgwin.exe"
                }
              },
