              {
                "values": {
                  "TerminalSessionId": "1",
                  "ProcessGuid": "C784477D-A6CB-62DF-6A06-000000004300",
                  "ProcessId": "7100",
                  "Product": "Microsoft\u00ae Windows\u00ae Operating System",
                  "Description": "TCP/IP Ping Command",
                  "Company": "Microsoft Corporation",
                  "ParentProcessGuid": "C784477D-A6A9-62DF-5606-000000004300",
                  "User": "DESKTOP-B0T93D6\\george",
                  "Hashes": "MD5=70C24A306F768936563ABDADB9CA9108,SHA256=7BF496D5B9F227CCE033F204E21743008C3F4B081D44B02500EDA4EFBCCF3281,IMPHASH=6C1FE20B3F9688A9263FFDF9FF417272",
                  "OriginalFileName": "ping.exe",
                  "ParentImage": "C:\\Windows\\SysWOW64\\cmd.exe",
                  "FileVersion": "10.0.17134.1 (WinBuild.160101.0800)",
                  "ParentProcessId": "2476",
                  "CurrentDirectory": "C:\\Users\\george\\Desktop\\",
                  "CommandLine": "\"C:\\Users\\george\\AppData\\Local\\Temp\\smss.exe\"  127.1 -n 5",
                  "EventID": "1",
                  "LogonGuid": "C784477D-AD4F-629D-8382-030000000000",
                  "LogonId": "230019",
                  "Image": "C:\\Users\\george\\AppData\\Local\\Temp\\smss.exe",
                  "IntegrityLevel": "High",
                  "ParentCommandLine": "C:\\Windows\\system32\\cmd.exe /c \"C:\\Users\\george\\AppData\\Local\\Temp\\1.tmp.cmd \"C:\\Users\\george\\AppData\\Local\\Temp\\SQLPDB~1.EXE\"\"",
                  "UtcTime": "2022-07-26 08:33:15.213",
                  "RuleName": "-"
                }
              }
            ],
            "rule_level": "high",
            "rule_id": "25fc56c1bee673d7ff3edcf371e4d2a36c0af83222da348961b87735c8efa61f",
            "rule_source": "Sigma Integrated Rule Set (GitHub)",
            "rule_title": "System File Execution Location Anomaly",
            "rule_description": "Detects a Windows program executable started in a suspicious folder",
            "rule_author": "Florian Roth, Patrick Bareiss, Anton Kutepov, oscd.community, Nasreddine Bencherchali"
          },
          {
            "match_context": [
              {
                "values": {
                  "EventID": "3",
                  "ProcessId": "1120",
                  "DestinationPortName": "-",
                  "Protocol": "udp",
                  "DestinationIp": "255.255.255.255",
                  "Initiated": "true",
                  "SourcePortName": "-",
                  "Image": "C:\\Users\\admin\\AppData\\Local\\Programs\\Python\\Python37\\pythonw.exe",
                  "ProcessGuid": "5240FBE6-E115-62DE-3B00-000000002400",
                  "DestinationHostname": "-",
                  "UtcTime": "2022-07-25 18:29:50.548",
                  "User": "work\\admin",
                  "DestinationPort": "12345",
                  "RuleName": "Usermode",
                  "SourcePort": "63531",
                  "SourceIsIpv6": "false",
                  "SourceHostname": "-",
                  "SourceIp": "192.168.122.10",
                  "DestinationIsIpv6": "false"
                }
              },
              {
                "values": {
                  "EventID": "3",
                  "ProcessId": "1120",
                  "DestinationPortName": "-",
                  "Protocol": "tcp",
                  "Initiated": "true",
                  "DestinationIp": "173.194.215.153",
                  "SourcePortName": "-",
                  "Image": "C:\\Users\\admin\\AppData\\Local\\Programs\\Python\\Python37\\pythonw.exe",
                  "ProcessGuid": "5240FBE6-E115-62DE-3B00-000000002400",
                  "DestinationHostname": "-",
                  "UtcTime": "2022-07-25 18:30:00.705",
                  "User": "work\\admin",
                  "DestinationPort": "443",
                  "RuleName": "Usermode",
                  "SourcePort": "49168",
                  "SourceIsIpv6": "false",
                  "SourceHostname": "-",
                  "SourceIp": "192.168.122.10",
                  "DestinationIsIpv6": "false"
                }
              },
              {
                "values": {
                  "EventID": "3",
                  "ProcessId": "1120",
                  "DestinationPortName": "-",
                  "SourceIsIpv6": "false",
                  "DestinationIp": "173.194.215.153",
                  "Initiated": "true",
                  "SourcePortName": "-",
                  "Image": "C:\\Users\\admin\\AppData\\Local\\Programs\\Python\\Python37\\pythonw.exe",
                  "ProcessGuid": "5240FBE6-E115-62DE-3B00-000000002400",
                  "DestinationHostname": "-",
                  "UtcTime": "2022-07-25 18:30:01.486",
                  "User": "work\\admin",
                  "DestinationPort": "443",
                  "RuleName": "Usermode",
                  "SourcePort": "49169",
                  "Protocol": "tcp",
                  "SourceHostname": "-",
                  "SourceIp": "192.168.122.10",
                  "DestinationIsIpv6": "false"
                }
              },
              {
                "values": {
                  "EventID": "3",
                  "ProcessId": "1120",
                  "DestinationPortName": "-",
                  "Protocol": "tcp",
                  "DestinationIp": "173.194.215.153",
                  "Initiated": "true",
                  "SourcePortName": "-",
                  "Image": "C:\\Users\\admin\\AppData\\Local\\Programs\\Python\\Python37\\pythonw.exe",
                  "ProcessGuid": "5240FBE6-E115-62DE-3B00-000000002400",
                  "DestinationHostname": "-",
                  "UtcTime": "2022-07-25 18:30:06.648",
                  "User": "work\\admin",
                  "DestinationPort": "443",
                  "RuleName": "Usermode",
                  "SourcePort": "49171",
                  "SourceIsIpv6": "false",
                  "SourceHostname": "-",
                  "SourceIp": "192.168.122.10",
                  "DestinationIsIpv6": "false"
                }
              },
              {
                "values": {
                  "EventID": "3",
                  "ProcessId": "1120",
                  "DestinationPortName": "-",
                  "SourceIsIpv6": "false",
                  "Initiated": "true",
                  "DestinationIp": "173.194.215.153",
                  "SourcePortName": "-",
                  "Image": "C:\\Users\\admin\\AppData\\Local\\Programs\\Python\\Python37\\pythonw.exe",
                  "ProcessGuid": "5240FBE6-E115-62DE-3B00-000000002400",
                  "DestinationHostname": "-",
                  "UtcTime": "2022-07-25 18:30:12.416",
                  "User": "work\\admin",
                  "DestinationPort": "443",
                  "RuleName": "Usermode",
                  "SourcePort": "49172",
                  "Protocol": "tcp",
                  "SourceHostname": "-",
                  "SourceIp": "192.168.122.10",
                  "DestinationIsIpv6": "false"
                }
              },
              {
                "values": {
                  "EventID": "3",
                  "ProcessId": "1120",
                  "DestinationPortName": "-",
                  "Protocol": "tcp",
                  "DestinationIp": "173.194.215.153",
                  "Initiated": "true",
                  "SourcePortName": "-",
                  "Image": "C:\\Users\\admin\\AppData\\Local\\Programs\\Python\\Python37\\pythonw.exe",
                  "ProcessGuid": "5240FBE6-E115-62DE-3B00-000000002400",
                  "DestinationHostname": "-",
                  "UtcTime": "2022-07-25 18:30:13.105",
                  "User": "work\\admin",
                  "DestinationPort": "443",
                  "RuleName": "Usermode",
                  "SourcePort": "49173",
                  "SourceIsIpv6": "false",
                  "SourceHostname": "-",
                  "SourceIp": "192.168.122.10",
                  "DestinationIsIpv6": "false"
                }
              },
              {
                "values": {
                  "EventID": "3",
                  "ProcessId": "1120",
                  "DestinationPortName": "-",
                  "Protocol": "tcp",
                  "DestinationIp": "173.194.215.153",
                  "Initiated": "true",
                  "SourcePortName": "-",
                  "Image": "C:\\Users\\admin\\AppData\\Local\\Programs\\Python\\Python37\\pythonw.exe",
                  "ProcessGuid": "5240FBE6-E115-62DE-3B00-000000002400",
                  "DestinationHostname": "-",
                  "UtcTime": "2022-07-25 18:30:18.308",
                  "User": "work\\admin",
                  "DestinationPort": "443",
                  "RuleName": "Usermode",
                  "SourcePort": "49174",
                  "SourceIsIpv6": "false",
                  "SourceHostname": "-",
                  "SourceIp": "192.168.122.10",
                  "DestinationIsIpv6": "false"
                }
              },
              {
                "values": {
                  "EventID": "3",
                  "ProcessId": "1120",
                  "DestinationPortName": "-",
                  "Protocol": "tcp",
                  "Initiated": "true",
                  "DestinationIp": "173.194.215.153",
                  "SourcePortName": "-",
                  "Image": "C:\\Users\\admin\\AppData\\Local\\Programs\\Python\\Python37\\pythonw.exe",
                  "ProcessGuid": "5240FBE6-E115-62DE-3B00-000000002400",
                  "DestinationHostname": "-",
                  "UtcTime": "2022-07-25 18:30:25.168",
                  "User": "work\\admin",
                  "DestinationPort": "443",
                  "RuleName": "Usermode",
                  "SourcePort": "49176",
                  "SourceIsIpv6": "false",
                  "SourceHostname": "-",
                  "SourceIp": "192.168.122.10",
                  "DestinationIsIpv6": "false"
                }
              },
              {
                "values": {
                  "EventID": "3",
                  "ProcessId": "1120",
                  "DestinationPortName": "-",
                  "Protocol": "tcp",
                  "Initiated": "true",
                  "DestinationIp": "173.194.215.153",
                  "SourcePortName": "-",
                  "Image": "C:\\Users\\admin\\AppData\\Local\\Programs\\Python\\Python37\\pythonw.exe",
                  "ProcessGuid": "5240FBE6-E115-62DE-3B00-000000002400",
                  "DestinationHostname": "-",
                  "UtcTime": "2022-07-25 18:30:26.146",
                  "User": "work\\admin",
                  "DestinationPort": "443",
                  "RuleName": "Usermode",
                  "SourcePort": "49177",
                  "SourceIsIpv6": "false",
                  "SourceHostname": "-",
                  "SourceIp": "192.168.122.10",
                  "DestinationIsIpv6": "false"
                }
              },
              {
                "values": {
                  "EventID": "3",
                  "ProcessId": "1120",
                  "DestinationPortName": "-",
                  "SourceIsIpv6": "false",
                  "Initiated": "true",
                  "DestinationIp": "173.194.215.153",
                  "SourcePortName": "-",
                  "Image": "C:\\Users\\admin\\AppData\\Local\\Programs\\Python\\Python37\\pythonw.exe",
                  "ProcessGuid": "5240FBE6-E115-62DE-3B00-000000002400",
                  "DestinationHostname": "-",
                  "UtcTime": "2022-07-25 18:30:31.589",
                  "User": "work\\admin",
                  "DestinationPort": "443",
                  "RuleName": "Usermode",
                  "SourcePort": "49178",
                  "Protocol": "tcp",
                  "SourceHostname": "-",
                  "SourceIp": "192.168.122.10",
                  "DestinationIsIpv6": "false"
                }
              },
              {
                "values": {
                  "EventID": "3",
                  "ProcessId": "1120",
                  "DestinationPortName": "-",
                  "SourceIsIpv6": "false",
                  "Initiated": "true",
                  "DestinationIp": "173.194.215.153",
                  "SourcePortName": "-",
                  "Image": "C:\\Users\\admin\\AppData\\Local\\Programs\\Python\\Python37\\pythonw.exe",
                  "ProcessGuid": "5240FBE6-E115-62DE-3B00-000000002400",
                  "DestinationHostname": "-",
                  "UtcTime": "2022-07-25 18:30:37.907",
                  "User": "work\\admin",
                  "DestinationPort": "443",
                  "RuleName": "Usermode",
                  "SourcePort": "49179",
                  "Protocol": "tcp",
                  "SourceHostname": "-",
                  "SourceIp": "192.168.122.10",
                  "DestinationIsIpv6": "false"
                }
              },
              {
                "values": {
                  "EventID": "3",
                  "ProcessId": "1120",
                  "DestinationPortName": "-",
                  "SourceIsIpv6": "false",
                  "DestinationIp": "173.194.215.153",
                  "Initiated": "true",
                  "SourcePortName": "-",
                  "Image": "C:\\Users\\admin\\AppData\\Local\\Programs\\Python\\Python37\\pythonw.exe",
                  "ProcessGuid": "5240FBE6-E115-62DE-3B00-000000002400",
                  "DestinationHostname": "-",
                  "UtcTime": "2022-07-25 18:30:39.197",
                  "User": "work\\admin",
                  "DestinationPort": "443",
                  "RuleName": "Usermode",
                  "SourcePort": "49180",
                  "Protocol": "tcp",
                  "SourceHostname": "-",
                  "SourceIp": "192.168.122.10",
                  "DestinationIsIpv6": "false"
                }
              },
              {
                "values": {
                  "EventID": "3",
                  "ProcessId": "1120",
                  "DestinationPortName": "-",
                  "Protocol": "tcp",
                  "DestinationIp": "173.194.215.153",
                  "Initiated": "true",
                  "SourcePortName": "-",
                  "Image": "C:\\Users\\admin\\AppData\\Local\\Programs\\Python\\Python37\\pythonw.exe",
                  "ProcessGuid": "5240FBE6-E115-62DE-3B00-000000002400",
                  "DestinationHostname": "-",
                  "UtcTime": "2022-07-25 18:30:45.313",
                  "User": "work\\admin",
                  "DestinationPort": "443",
                  "RuleName": "Usermode",
                  "SourcePort": "49186",
                  "SourceIsIpv6": "false",
                  "SourceHostname": "-",
                  "SourceIp": "192.168.122.10",
                  "DestinationIsIpv6": "false"
                }
              },
              {
                "values": {
                  "EventID": "3",
                  "ProcessId": "1120",
                  "DestinationPortName": "-",
                  "SourceIsIpv6": "false",
                  "Initiated": "true",
                  "DestinationIp": "173.194.215.153",
                  "SourcePortName": "-",
                  "Image": "C:\\Users\\admin\\AppData\\Local\\Programs\\Python\\Python37\\pythonw.exe",
                  "ProcessGuid": "5240FBE6-E115-62DE-3B00-000000002400",
                  "DestinationHostname": "-",
                  "UtcTime": "2022-07-25 18:30:51.668",
                  "User": "work\\admin",
                  "DestinationPort": "443",
                  "RuleName": "Usermode",
                  "SourcePort": "49187",
                  "Protocol": "tcp",
                  "SourceHostname": "-",
                  "SourceIp": "192.168.122.10",
                  "DestinationIsIpv6": "false"
                }
              },
              {
                "values": {
                  "EventID": "3",
                  "ProcessId": "1120",
                  "DestinationPortName": "-",
                  "Protocol": "tcp",
                  "Initiated": "true",
                  "DestinationIp": "173.194.215.153",
                  "SourcePortName": "-",
                  "Image": "C:\\Users\\admin\\AppData\\Local\\Programs\\Python\\Python37\\pythonw.exe",
                  "ProcessGuid": "5240FBE6-E115-62DE-3B00-000000002400",
                  "DestinationHostname": "-",
                  "UtcTime": "2022-07-25 18:30:54.073",
                  "User": "work\\admin",
                  "DestinationPort": "443",
                  "RuleName": "Usermode",
                  "SourcePort": "49188",
                  "SourceIsIpv6": "false",
                  "SourceHostname": "-",
                  "SourceIp": "192.168.122.10",
                  "DestinationIsIpv6": "false"
                }
              },
              {
                "values": {
                  "EventID": "3",
                  "ProcessId": "1120",
                  "DestinationPortName": "-",
                  "Protocol": "tcp",
                  "Initiated": "true",
                  "DestinationIp": "173.194.215.153",
                  "SourcePortName": "-",
                  "Image": "C:\\Users\\admin\\AppData\\Local\\Programs\\Python\\Python37\\pythonw.exe",
                  "ProcessGuid": "5240FBE6-E115-62DE-3B00-000000002400",
                  "DestinationHostname": "-",
                  "UtcTime": "2022-07-25 18:30:59.292",
                  "User": "work\\admin",
                  "DestinationPort": "443",
                  "RuleName": "Usermode",
                  "SourcePort": "49189",
                  "SourceIsIpv6": "false",
                  "SourceHostname": "-",
                  "SourceIp": "192.168.122.10",
                  "DestinationIsIpv6": "false"
                }
              },
              {
                "values": {
                  "EventID": "3",
                  "ProcessId": "1120",
                  "DestinationPortName": "-",
                  "Protocol": "tcp",
                  "DestinationIp": "173.194.215.153",
                  "Initiated": "true",
                  "SourcePortName": "-",
                  "Image": "C:\\Users\\admin\\AppData\\Local\\Programs\\Python\\Python37\\pythonw.exe",
                  "ProcessGuid": "5240FBE6-E115-62DE-3B00-000000002400",
                  "DestinationHostname": "-",
                  "UtcTime": "2022-07-25 18:31:05.717",
                  "User": "work\\admin",
                  "DestinationPort": "443",
                  "RuleName": "Usermode",
                  "SourcePort": "49191",
                  "SourceIsIpv6": "false",
                  "SourceHostname": "-",
                  "SourceIp": "192.168.122.10",
                  "DestinationIsIpv6": "false"
                }
              },
              {
                "values": {
                  "EventID": "3",
                  "ProcessId": "1120",
                  "DestinationPortName": "-",
                  "Protocol": "tcp",
                  "DestinationIp": "173.194.215.153",
                  "Initiated": "true",
                  "SourcePortName": "-",
                  "Image": "C:\\Users\\admin\\AppData\\Local\\Programs\\Python\\Python37\\pythonw.exe",
                  "ProcessGuid": "5240FBE6-E115-62DE-3B00-000000002400",
                  "DestinationHostname": "-",
                  "UtcTime": "2022-07-25 18:31:07.462",
                  "User": "work\\admin",
                  "DestinationPort": "443",
                  "RuleName": "Usermode",
                  "SourcePort": "49192",
                  "SourceIsIpv6": "false",
                  "SourceHostname": "-",
                  "SourceIp": "192.168.122.10",
                  "DestinationIsIpv6": "false"
                }
              },
              {
                "values": {
                  "EventID": "3",
                  "ProcessId": "1120",
                  "DestinationPortName": "-",
                  "SourceIsIpv6": "false",
                  "DestinationIp": "173.194.215.153",
                  "Initiated": "true",
                  "SourcePortName": "-",
                  "Image": "C:\\Users\\admin\\AppData\\Local\\Programs\\Python\\Python37\\pythonw.exe",
                  "ProcessGuid": "5240FBE6-E115-62DE-3B00-000000002400",
                  "DestinationHostname": "-",
                  "UtcTime": "2022-07-25 18:31:09.045",
                  "User": "work\\admin",
                  "DestinationPort": "443",
                  "RuleName": "Usermode",
                  "SourcePort": "49193",
                  "Protocol": "tcp",
                  "SourceHostname": "-",
                  "SourceIp": "192.168.122.10",
                  "DestinationIsIpv6": "false"
                }
              },
              {
                "values": {
                  "EventID": "3",
                  "ProcessId": "1120",
                  "DestinationPortName": "-",
                  "SourceIsIpv6": "false",
                  "Initiated": "true",
                  "DestinationIp": "173.194.215.153",
                  "SourcePortName": "-",
                  "Image": "C:\\Users\\admin\\AppData\\Local\\Programs\\Python\\Python37\\pythonw.exe",
                  "ProcessGuid": "5240FBE6-E115-62DE-3B00-000000002400",
                  "DestinationHostname": "-",
                  "UtcTime": "2022-07-25 18:31:14.287",
                  "User": "work\\admin",
                  "DestinationPort": "443",
                  "RuleName": "Usermode",
                  "SourcePort": "49195",
                  "Protocol": "tcp",
                  "SourceHostname": "-",
                  "SourceIp": "192.168.122.10",
                  "DestinationIsIpv6": "false"
                }
              },
              {
                "values": {
                  "EventID": "3",
                  "ProcessId": "1120",
                  "DestinationPortName": "-",
                  "Protocol": "tcp",
                  "Initiated": "true",
                  "DestinationIp": "173.194.215.153",
                  "SourcePortName": "-",
                  "Image": "C:\\Users\\admin\\AppData\\Local\\Programs\\Python\\Python37\\pythonw.exe",
                  "ProcessGuid": "5240FBE6-E115-62DE-3B00-000000002400",
                  "DestinationHostname": "-",
                  "UtcTime": "2022-07-25 18:31:21.347",
                  "User": "work\\admin",
                  "DestinationPort": "443",
                  "RuleName": "Usermode",
                  "SourcePort": "49196",
                  "SourceIsIpv6": "false",
                  "SourceHostname": "-",
                  "SourceIp": "192.168.122.10",
                  "DestinationIsIpv6": "false"
                }
              },
              {
                "values": {
                  "EventID": "3",
                  "ProcessId": "1120",
                  "DestinationPortName": "-",
                  "SourceIsIpv6": "false",
                  "Initiated": "true",
                  "DestinationIp": "173.194.215.153",
                  "SourcePortName": "-",
                  "Image": "C:\\Users\\admin\\AppData\\Local\\Programs\\Python\\Python37\\pythonw.exe",
                  "ProcessGuid": "5240FBE6-E115-62DE-3B00-000000002400",
                  "DestinationHostname": "-",
                  "UtcTime": "2022-07-25 18:31:22.811",
                  "User": "work\\admin",
                  "DestinationPort": "443",
                  "RuleName": "Usermode",
                  "SourcePort": "49198",
                  "Protocol": "tcp",
                  "SourceHostname": "-",
                  "SourceIp": "192.168.122.10",
                  "DestinationIsIpv6": "false"
                }
              },
              {
                "values": {
                  "EventID": "3",
                  "ProcessId": "1120",
                  "DestinationPortName": "-",
                  "SourceIsIpv6": "false",
                  "Initiated": "true",
                  "DestinationIp": "108.177.12.153",
                  "SourcePortName": "-",
                  "Image": "C:\\Users\\admin\\AppData\\Local\\Programs\\Python\\Python37\\pythonw.exe",
                  "ProcessGuid": "5240FBE6-E115-62DE-3B00-000000002400",
                  "DestinationHostname": "-",
                  "UtcTime": "2022-07-25 18:31:28.055",
                  "User": "work\\admin",
                  "DestinationPort": "443",
                  "RuleName": "Usermode",
                  "SourcePort": "49200",
                  "Protocol": "tcp",
                  "SourceHostname": "-",
                  "SourceIp": "192.168.122.10",
                  "DestinationIsIpv6": "false"
                }
              },
              {
                "values": {
                  "EventID": "3",
                  "ProcessId": "1120",
                  "DestinationPortName": "-",
                  "SourceIsIpv6": "false",
                  "DestinationIp": "255.255.255.255",
                  "Initiated": "true",
                  "SourcePortName": "-",
                  "Image": "C:\\Users\\admin\\AppData\\Local\\Programs\\Python\\Python37\\pythonw.exe",
                  "ProcessGuid": "5240FBE6-E115-62DE-3B00-000000002400",
                  "DestinationHostname": "-",
                  "UtcTime": "2022-07-25 18:29:50.548",
                  "User": "work\\admin",
                  "DestinationPort": "12345",
                  "RuleName": "Usermode",
                  "SourcePort": "63531",
                  "Protocol": "udp",
                  "SourceHostname": "-",
                  "SourceIp": "192.168.122.10",
                  "DestinationIsIpv6": "false"
                }
              },
              {
                "values": {
                  "EventID": "3",
                  "ProcessId": "1120",
                  "DestinationPortName": "-",
                  "Protocol": "tcp",
                  "DestinationIp": "173.194.215.153",
                  "Initiated": "true",
                  "SourcePortName": "-",
                  "Image": "C:\\Users\\admin\\AppData\\Local\\Programs\\Python\\Python37\\pythonw.exe",
                  "ProcessGuid": "5240FBE6-E115-62DE-3B00-000000002400",
                  "DestinationHostname": "-",
                  "UtcTime": "2022-07-25 18:30:01.486",
                  "User": "work\\admin",
                  "DestinationPort": "443",
                  "RuleName": "Usermode",
                  "SourcePort": "49169",
                  "SourceIsIpv6": "false",
                  "SourceHostname": "-",
                  "SourceIp": "192.168.122.10",
                  "DestinationIsIpv6": "false"
                }
              },
              {
                "values": {
                  "EventID": "3",
                  "ProcessId": "1120",
                  "DestinationPortName": "-",
                  "SourceIsIpv6": "false",
                  "Initiated": "true",
                  "DestinationIp": "173.194.215.153",
                  "SourcePortName": "-",
                  "Image": "C:\\Users\\admin\\AppData\\Local\\Programs\\Python\\Python37\\pythonw.exe",
                  "ProcessGuid": "5240FBE6-E115-62DE-3B00-000000002400",
                  "DestinationHostname": "-",
                  "UtcTime": "2022-07-25 18:30:06.648",
                  "User": "work\\admin",
                  "DestinationPort": "443",
                  "RuleName": "Usermode",
                  "SourcePort": "49171",
                  "Protocol": "tcp",
                  "SourceHostname": "-",
                  "SourceIp": "192.168.122.10",
                  "DestinationIsIpv6": "false"
                }
              },
              {
                "values": {
                  "EventID": "3",
                  "ProcessId": "1120",
                  "DestinationPortName": "-",
                  "Protocol": "tcp",
                  "DestinationIp": "173.194.215.153",
                  "Initiated": "true",
                  "SourcePortName": "-",
                  "Image": "C:\\Users\\admin\\AppData\\Local\\Programs\\Python\\Python37\\pythonw.exe",
                  "ProcessGuid": "5240FBE6-E115-62DE-3B00-000000002400",
                  "DestinationHostname": "-",
                  "UtcTime": "2022-07-25 18:30:12.416",
                  "User": "work\\admin",
                  "DestinationPort": "443",
                  "RuleName": "Usermode",
                  "SourcePort": "49172",
                  "SourceIsIpv6": "false",
                  "SourceHostname": "-",
                  "SourceIp": "192.168.122.10",
                  "DestinationIsIpv6": "false"
                }
              },
              {
                "values": {
                  "EventID": "3",
                  "ProcessId": "1120",
                  "DestinationPortName": "-",
                  "SourceIsIpv6": "false",
                  "Initiated": "true",
                  "DestinationIp": "173.194.215.153",
                  "SourcePortName": "-",
                  "Image": "C:\\Users\\admin\\AppData\\Local\\Programs\\Python\\Python37\\pythonw.exe",
                  "ProcessGuid": "5240FBE6-E115-62DE-3B00-000000002400",
                  "DestinationHostname": "-",
                  "UtcTime": "2022-07-25 18:30:13.105",
                  "User": "work\\admin",
                  "DestinationPort": "443",
                  "RuleName": "Usermode",
                  "SourcePort": "49173",
                  "Protocol": "tcp",
                  "SourceHostname": "-",
                  "SourceIp": "192.168.122.10",
                  "DestinationIsIpv6": "false"
                }
              },
              {
                "values": {
                  "EventID": "3",
                  "ProcessId": "1120",
                  "DestinationPortName": "-",
                  "SourceIsIpv6": "false",
                  "DestinationIp": "173.194.215.153",
                  "Initiated": "true",
                  "SourcePortName": "-",
                  "Image": "C:\\Users\\admin\\AppData\\Local\\Programs\\Python\\Python37\\pythonw.exe",
                  "ProcessGuid": "5240FBE6-E115-62DE-3B00-000000002400",
                  "DestinationHostname": "-",
                  "UtcTime": "2022-07-25 18:30:25.168",
                  "User": "work\\admin",
                  "DestinationPort": "443",
                  "RuleName": "Usermode",
                  "SourcePort": "49176",
                  "Protocol": "tcp",
                  "SourceHostname": "-",
                  "SourceIp": "192.168.122.10",
                  "DestinationIsIpv6": "false"
                }
              },
              {
                "values": {
                  "EventID": "3",
                  "ProcessId": "1120",
                  "DestinationPortName": "-",
                  "SourceIsIpv6": "false",
                  "Initiated": "true",
                  "DestinationIp": "173.194.215.153",
                  "SourcePortName": "-",
                  "Image": "C:\\Users\\admin\\AppData\\Local\\Programs\\Python\\Python37\\pythonw.exe",
                  "ProcessGuid": "5240FBE6-E115-62DE-3B00-000000002400",
                  "DestinationHostname": "-",
                  "UtcTime": "2022-07-25 18:30:26.146",
                  "User": "work\\admin",
                  "DestinationPort": "443",
                  "RuleName": "Usermode",
                  "SourcePort": "49177",
                  "Protocol": "tcp",
                  "SourceHostname": "-",
                  "SourceIp": "192.168.122.10",
                  "DestinationIsIpv6": "false"
                }
              },
              {
                "values": {
                  "EventID": "3",
                  "ProcessId": "1120",
                  "DestinationPortName": "-",
                  "Protocol": "tcp",
                  "DestinationIp": "173.194.215.153",
                  "Initiated": "true",
                  "SourcePortName": "-",
                  "Image": "C:\\Users\\admin\\AppData\\Local\\Programs\\Python\\Python37\\pythonw.exe",
                  "ProcessGuid": "5240FBE6-E115-62DE-3B00-000000002400",
                  "DestinationHostname": "-",
                  "UtcTime": "2022-07-25 18:30:31.589",
                  "User": "work\\admin",
                  "DestinationPort": "443",
                  "RuleName": "Usermode",
                  "SourcePort": "49178",
                  "SourceIsIpv6": "false",
                  "SourceHostname": "-",
                  "SourceIp": "192.168.122.10",
                  "DestinationIsIpv6": "false"
                }
              },
              {
                "values": {
                  "EventID": "3",
                  "ProcessId": "1120",
                  "DestinationPortName": "-",
                  "Protocol": "tcp",
                  "DestinationIp": "173.194.215.153",
                  "Initiated": "true",
                  "SourcePortName": "-",
                  "Image": "C:\\Users\\admin\\AppData\\Local\\Programs\\Python\\Python37\\pythonw.exe",
                  "ProcessGuid": "5240FBE6-E115-62DE-3B00-000000002400",
                  "DestinationHostname": "-",
                  "UtcTime": "2022-07-25 18:30:37.907",
                  "User": "work\\admin",
                  "DestinationPort": "443",
                  "RuleName": "Usermode",
                  "SourcePort": "49179",
                  "SourceIsIpv6": "false",
                  "SourceHostname": "-",
                  "SourceIp": "192.168.122.10",
                  "DestinationIsIpv6": "false"
                }
              },
              {
                "values": {
                  "EventID": "3",
                  "ProcessId": "1120",
                  "DestinationPortName": "-",
                  "SourceIsIpv6": "false",
                  "Initiated": "true",
                  "DestinationIp": "173.194.215.153",
                  "SourcePortName": "-",
                  "Image": "C:\\Users\\admin\\AppData\\Local\\Programs\\Python\\Python37\\pythonw.exe",
                  "ProcessGuid": "5240FBE6-E115-62DE-3B00-000000002400",
                  "DestinationHostname": "-",
                  "UtcTime": "2022-07-25 18:30:39.197",
                  "User": "work\\admin",
                  "DestinationPort": "443",
                  "RuleName": "Usermode",
                  "SourcePort": "49180",
                  "Protocol": "tcp",
                  "SourceHostname": "-",
                  "SourceIp": "192.168.122.10",
                  "DestinationIsIpv6": "false"
                }
              },
              {
                "values": {
                  "EventID": "3",
                  "ProcessId": "1120",
                  "DestinationPortName": "-",
                  "SourceIsIpv6": "false",
                  "Initiated": "true",
                  "DestinationIp": "173.194.215.153",
                  "SourcePortName": "-",
                  "Image": "C:\\Users\\admin\\AppData\\Local\\Programs\\Python\\Python37\\pythonw.exe",
                  "ProcessGuid": "5240FBE6-E115-62DE-3B00-000000002400",
                  "DestinationHostname": "-",
                  "UtcTime": "2022-07-25 18:30:45.313",
                  "User": "work\\admin",
                  "DestinationPort": "443",
                  "RuleName": "Usermode",
                  "SourcePort": "49186",
                  "Protocol": "tcp",
                  "SourceHostname": "-",
                  "SourceIp": "192.168.122.10",
                  "DestinationIsIpv6": "false"
                }
              },
              {
                "values": {
                  "EventID": "3",
                  "ProcessId": "1120",
                  "DestinationPortName": "-",
                  "Protocol": "tcp",
                  "DestinationIp": "173.194.215.153",
                  "Initiated": "true",
                  "SourcePortName": "-",
                  "Image": "C:\\Users\\admin\\AppData\\Local\\Programs\\Python\\Python37\\pythonw.exe",
                  "ProcessGuid": "5240FBE6-E115-62DE-3B00-000000002400",
                  "DestinationHostname": "-",
                  "UtcTime": "2022-07-25 18:30:51.668",
                  "User": "work\\admin",
                  "DestinationPort": "443",
                  "RuleName": "Usermode",
                  "SourcePort": "49187",
                  "SourceIsIpv6": "false",
                  "SourceHostname": "-",
                  "SourceIp": "192.168.122.10",
                  "DestinationIsIpv6": "false"
                }
              },
              {
                "values": {
                  "EventID": "3",
                  "ProcessId": "1120",
                  "DestinationPortName": "-",
                  "Protocol": "tcp",
                  "DestinationIp": "173.194.215.153",
                  "Initiated": "true",
                  "SourcePortName": "-",
                  "Image": "C:\\Users\\admin\\AppData\\Local\\Programs\\Python\\Python37\\pythonw.exe",
                  "ProcessGuid": "5240FBE6-E115-62DE-3B00-000000002400",
                  "DestinationHostname": "-",
                  "UtcTime": "2022-07-25 18:30:54.073",
                  "User": "work\\admin",
                  "DestinationPort": "443",
                  "RuleName": "Usermode",
                  "SourcePort": "49188",
                  "SourceIsIpv6": "false",
                  "SourceHostname": "-",
                  "SourceIp": "192.168.122.10",
                  "DestinationIsIpv6": "false"
                }
              },
              {
                "values": {
                  "EventID": "3",
                  "ProcessId": "1120",
                  "DestinationPortName": "-",
                  "Protocol": "tcp",
                  "DestinationIp": "173.194.215.153",
                  "Initiated": "true",
                  "SourcePortName": "-",
                  "Image": "C:\\Users\\admin\\AppData\\Local\\Programs\\Python\\Python37\\pythonw.exe",
                  "ProcessGuid": "5240FBE6-E115-62DE-3B00-000000002400",
                  "DestinationHostname": "-",
                  "UtcTime": "2022-07-25 18:30:59.292",
                  "User": "work\\admin",
                  "DestinationPort": "443",
                  "RuleName": "Usermode",
                  "SourcePort": "49189",
                  "SourceIsIpv6": "false",
                  "SourceHostname": "-",
                  "SourceIp": "192.168.122.10",
                  "DestinationIsIpv6": "false"
                }
              },
              {
                "values": {
                  "EventID": "3",
                  "ProcessId": "1120",
                  "DestinationPortName": "-",
                  "SourceIsIpv6": "false",
                  "Initiated": "true",
                  "DestinationIp": "173.194.215.153",
                  "SourcePortName": "-",
                  "Image": "C:\\Users\\admin\\AppData\\Local\\Programs\\Python\\Python37\\pythonw.exe",
                  "ProcessGuid": "5240FBE6-E115-62DE-3B00-000000002400",
                  "DestinationHostname": "-",
                  "UtcTime": "2022-07-25 18:31:07.462",
                  "User": "work\\admin",
                  "DestinationPort": "443",
                  "RuleName": "Usermode",
                  "SourcePort": "49192",
                  "Protocol": "tcp",
                  "SourceHostname": "-",
                  "SourceIp": "192.168.122.10",
                  "DestinationIsIpv6": "false"
                }
              },
              {
                "values": {
                  "EventID": "3",
                  "ProcessId": "1120",
                  "DestinationPortName": "-",
                  "Protocol": "tcp",
                  "DestinationIp": "173.194.215.153",
                  "Initiated": "true",
                  "SourcePortName": "-",
                  "Image": "C:\\Users\\admin\\AppData\\Local\\Programs\\Python\\Python37\\pythonw.exe",
                  "ProcessGuid": "5240FBE6-E115-62DE-3B00-000000002400",
                  "DestinationHostname": "-",
                  "UtcTime": "2022-07-25 18:31:14.287",
                  "User": "work\\admin",
                  "DestinationPort": "443",
                  "RuleName": "Usermode",
                  "SourcePort": "49195",
                  "SourceIsIpv6": "false",
                  "SourceHostname": "-",
                  "SourceIp": "192.168.122.10",
                  "DestinationIsIpv6": "false"
                }
              },
              {
                "values": {
                  "EventID": "3",
                  "ProcessId": "1120",
                  "DestinationPortName": "-",
                  "Protocol": "tcp",
                  "DestinationIp": "173.194.215.153",
                  "Initiated": "true",
                  "SourcePortName": "-",
                  "Image": "C:\\Users\\admin\\AppData\\Local\\Programs\\Python\\Python37\\pythonw.exe",
                  "ProcessGuid": "5240FBE6-E115-62DE-3B00-000000002400",
                  "DestinationHostname": "-",
                  "UtcTime": "2022-07-25 18:31:21.347",
                  "User": "work\\admin",
                  "DestinationPort": "443",
                  "RuleName": "Usermode",
                  "SourcePort": "49196",
                  "SourceIsIpv6": "false",
                  "SourceHostname": "-",
                  "SourceIp": "192.168.122.10",
                  "DestinationIsIpv6": "false"
                }
              },
              {
                "values": {
                  "EventID": "3",
                  "ProcessId": "1120",
                  "DestinationPortName": "-",
                  "SourceIsIpv6": "false",
                  "DestinationIp": "173.194.215.153",
                  "Initiated": "true",
                  "SourcePortName": "-",
                  "Image": "C:\\Users\\admin\\AppData\\Local\\Programs\\Python\\Python37\\pythonw.exe",
                  "ProcessGuid": "5240FBE6-E115-62DE-3B00-000000002400",
                  "DestinationHostname": "-",
                  "UtcTime": "2022-07-25 18:31:22.811",
                  "User": "work\\admin",
                  "DestinationPort": "443",
                  "RuleName": "Usermode",
                  "SourcePort": "49198",
                  "Protocol": "tcp",
                  "SourceHostname": "-",
                  "SourceIp": "192.168.122.10",
                  "DestinationIsIpv6": "false"
                }
              }
            ],
            "rule_level": "high",
            "rule_id": "e4d5f1be0673fa786cc8379c15338af08cdd11eed433bead9e801d6204d42a2d",
            "rule_source": "Sigma Integrated Rule Set (GitHub)",
            "rule_title": "Python Initiated Connection",
            "rule_description": "Adversaries may attempt to get a listing of services running on remote hosts, including those that may be vulnerable to remote software exploitation",
            "rule_author": "frack113"
          },
