              {
                "values": {
                  "TerminalSessionId": "1",
                  "ProcessGuid": "{C784477D-8472-64EB-5206-000000004400}",
                  "ProcessId": "4456",
                  "Product": "Microsoft\\xae Windows\\xae Operating System",
                  "Description": "Attribute Utility",
                  "Company": "Microsoft Corporation",
                  "ParentProcessGuid": "{C784477D-843C-64EB-3106-000000004400}",
                  "User": "DESKTOP-B0T93D6\\george",
                  "Hashes": "MD5=A5540E9F87D4CB083BDF8269DEC1CFF9,SHA256=9C0378382F4606E3709675CD9E28C43525156B174D0A5CECB68EC4398C31EF1C,IMPHASH=F0A82FEBA5B0EF2BE614622AE3E32C1C",
                  "OriginalFileName": "ATTRIB.EXE",
                  "ParentImage": "C:\\Windows\\SysWOW64\\cmd.exe",
                  "FileVersion": "10.0.17134.1 (WinBuild.160101.0800)",
                  "ParentProcessId": "7600",
                  "CurrentDirectory": "C:\\Users\\george\\Desktop\\",
                  "CommandLine": "attrib  -s -h \"C:\\Users\\george\\AppData\\Local\\Temp\\PDBDIS~1.EXE\"",
                  "EventID": "1",
                  "LogonGuid": "C784477D-C5D3-648A-22FA-030000000000",
                  "LogonId": "260642",
                  "Image": "C:\\Windows\\SysWOW64\\attrib.exe",
                  "IntegrityLevel": "High",
                  "ParentCommandLine": "C:\\Windows\\system32\\cmd.exe /c \"C:\\Users\\george\\AppData\\Local\\Temp\\1.tmp.cmd \"C:\\Users\\george\\AppData\\Local\\Temp\\PDBDIS~1.EXE\"\"",
                  "UtcTime": "1693156466",
                  "RuleName": "-"
                }
              },
              {
                "values": {
                  "TerminalSessionId": "1",
                  "ProcessGuid": "{C784477D-8476-64EB-5406-000000004400}",
                  "ProcessId": "6128",
                  "Product": "Microsoft\\xae Windows\\xae Operating System",
                  "Description": "Attribute Utility",
                  "Company": "Microsoft Corporation",
                  "ParentProcessGuid": "{C784477D-843C-64EB-3106-000000004400}",
                  "User": "DESKTOP-B0T93D6\\george",
                  "Hashes": "MD5=A5540E9F87D4CB083BDF8269DEC1CFF9,SHA256=9C0378382F4606E3709675CD9E28C43525156B174D0A5CECB68EC4398C31EF1C,IMPHASH=F0A82FEBA5B0EF2BE614622AE3E32C1C",
                  "OriginalFileName": "ATTRIB.EXE",
                  "ParentImage": "C:\\Windows\\SysWOW64\\cmd.exe",
                  "FileVersion": "10.0.17134.1 (WinBuild.160101.0800)",
                  "ParentProcessId": "7600",
                  "CurrentDirectory": "C:\\Users\\george\\Desktop\\",
                  "CommandLine": "attrib  -s -h \"C:\\Users\\george\\AppData\\Local\\Temp\\PDBDIS~1.EXE\"",
                  "EventID": "1",
                  "LogonGuid": "C784477D-C5D3-648A-22FA-030000000000",
                  "LogonId": "260642",
                  "Image": "C:\\Windows\\SysWOW64\\attrib.exe",
                  "IntegrityLevel": "High",
                  "ParentCommandLine": "C:\\Windows\\system32\\cmd.exe /c \"C:\\Users\\george\\AppData\\Local\\Temp\\1.tmp.cmd \"C:\\Users\\george\\AppData\\Local\\Temp\\PDBDIS~1.EXE\"\"",
                  "UtcTime": "1693156470",
                  "RuleName": "-"
                }
              },
              {
                "values": {
                  "TerminalSessionId": "1",
                  "ProcessGuid": "{C784477D-847B-64EB-5706-000000004400}",
                  "ProcessId": "4948",
                  "Product": "Microsoft\\xae Windows\\xae Operating System",
                  "Description": "Attribute Utility",
                  "Company": "Microsoft Corporation",
                  "ParentProcessGuid": "{C784477D-843C-64EB-3106-000000004400}",
                  "User": "DESKTOP-B0T93D6\\george",
                  "Hashes": "MD5=A5540E9F87D4CB083BDF8269DEC1CFF9,SHA256=9C0378382F4606E3709675CD9E28C43525156B174D0A5CECB68EC4398C31EF1C,IMPHASH=F0A82FEBA5B0EF2BE614622AE3E32C1C",
                  "OriginalFileName": "ATTRIB.EXE",
                  "ParentImage": "C:\\Windows\\SysWOW64\\cmd.exe",
                  "FileVersion": "10.0.17134.1 (WinBuild.160101.0800)",
                  "ParentProcessId": "7600",
                  "CurrentDirectory": "C:\\Users\\george\\Desktop\\",
                  "CommandLine": "attrib  -s -h \"C:\\Users\\george\\AppData\\Local\\Temp\\PDBDIS~1.EXE\"",
                  "EventID": "1",
                  "LogonGuid": "C784477D-C5D3-648A-22FA-030000000000",
                  "LogonId": "260642",
                  "Image": "C:\\Windows\\SysWOW64\\attrib.exe",
                  "IntegrityLevel": "High",
                  "ParentCommandLine": "C:\\Windows\\system32\\cmd.exe /c \"C:\\Users\\george\\AppData\\Local\\Temp\\1.tmp.cmd \"C:\\Users\\george\\AppData\\Local\\Temp\\PDBDIS~1.EXE\"\"",
                  "UtcTime": "1693156475",
                  "RuleName": "-"
                }
              },
              {
                "values": {
                  "TerminalSessionId": "1",
                  "ProcessGuid": "{C784477D-847F-64EB-5906-000000004400}",
                  "ProcessId": "3132",
                  "Product": "Microsoft\\xae Windows\\xae Operating System",
                  "Description": "Attribute Utility",
                  "Company": "Microsoft Corporation",
                  "ParentProcessGuid": "{C784477D-843C-64EB-3106-000000004400}",
                  "User": "DESKTOP-B0T93D6\\george",
                  "Hashes": "MD5=A5540E9F87D4CB083BDF8269DEC1CFF9,SHA256=9C0378382F4606E3709675CD9E28C43525156B174D0A5CECB68EC4398C31EF1C,IMPHASH=F0A82FEBA5B0EF2BE614622AE3E32C1C",
                  "OriginalFileName": "ATTRIB.EXE",
                  "ParentImage": "C:\\Windows\\SysWOW64\\cmd.exe",
                  "FileVersion": "10.0.17134.1 (WinBuild.160101.0800)",
                  "ParentProcessId": "7600",
                  "CurrentDirectory": "C:\\Users\\george\\Desktop\\",
                  "CommandLine": "attrib  -s -h \"C:\\Users\\george\\AppData\\Local\\Temp\\PDBDIS~1.EXE\"",
                  "EventID": "1",
                  "LogonGuid": "C784477D-C5D3-648A-22FA-030000000000",
                  "LogonId": "260642",
                  "Image": "C:\\Windows\\SysWOW64\\attrib.exe",
                  "IntegrityLevel": "High",
                  "ParentCommandLine": "C:\\Windows\\system32\\cmd.exe /c \"C:\\Users\\george\\AppData\\Local\\Temp\\1.tmp.cmd \"C:\\Users\\george\\AppData\\Local\\Temp\\PDBDIS~1.EXE\"\"",
                  "UtcTime": "1693156479",
                  "RuleName": "-"
                }
              },
              {
                "values": {
                  "TerminalSessionId": "1",
                  "ProcessGuid": "{C784477D-8483-64EB-5F06-000000004400}",
                  "ProcessId": "6396",
                  "Product": "Microsoft\\xae Windows\\xae Operating System",
                  "Description": "Attribute Utility",
                  "Company": "Microsoft Corporation",
                  "ParentProcessGuid": "{C784477D-843C-64EB-3106-000000004400}",
                  "User": "DESKTOP-B0T93D6\\george",
                  "Hashes": "MD5=A5540E9F87D4CB083BDF8269DEC1CFF9,SHA256=9C0378382F4606E3709675CD9E28C43525156B174D0A5CECB68EC4398C31EF1C,IMPHASH=F0A82FEBA5B0EF2BE614622AE3E32C1C",
                  "OriginalFileName": "ATTRIB.EXE",
                  "ParentImage": "C:\\Windows\\SysWOW64\\cmd.exe",
                  "FileVersion": "10.0.17134.1 (WinBuild.160101.0800)",
                  "ParentProcessId": "7600",
                  "CurrentDirectory": "C:\\Users\\george\\Desktop\\",
                  "CommandLine": "attrib  -s -h \"C:\\Users\\george\\AppData\\Local\\Temp\\PDBDIS~1.EXE\"",
                  "EventID": "1",
                  "LogonGuid": "C784477D-C5D3-648A-22FA-030000000000",
                  "LogonId": "260642",
                  "Image": "C:\\Windows\\SysWOW64\\attrib.exe",
                  "IntegrityLevel": "High",
                  "ParentCommandLine": "C:\\Windows\\system32\\cmd.exe /c \"C:\\Users\\george\\AppData\\Local\\Temp\\1.tmp.cmd \"C:\\Users\\george\\AppData\\Local\\Temp\\PDBDIS~1.EXE\"\"",
                  "UtcTime": "1693156483",
                  "RuleName": "-"
                }
              },
              {
                "values": {
                  "TerminalSessionId": "1",
                  "ProcessGuid": "{C784477D-8487-64EB-6206-000000004400}",
                  "ProcessId": "6904",
                  "Product": "Microsoft\\xae Windows\\xae Operating System",
                  "Description": "Attribute Utility",
                  "Company": "Microsoft Corporation",
                  "ParentProcessGuid": "{C784477D-843C-64EB-3106-000000004400}",
                  "User": "DESKTOP-B0T93D6\\george",
                  "Hashes": "MD5=A5540E9F87D4CB083BDF8269DEC1CFF9,SHA256=9C0378382F4606E3709675CD9E28C43525156B174D0A5CECB68EC4398C31EF1C,IMPHASH=F0A82FEBA5B0EF2BE614622AE3E32C1C",
                  "OriginalFileName": "ATTRIB.EXE",
                  "ParentImage": "C:\\Windows\\SysWOW64\\cmd.exe",
                  "FileVersion": "10.0.17134.1 (WinBuild.160101.0800)",
                  "ParentProcessId": "7600",
                  "CurrentDirectory": "C:\\Users\\george\\Desktop\\",
                  "CommandLine": "attrib  -s -h \"C:\\Users\\george\\AppData\\Local\\Temp\\PDBDIS~1.EXE\"",
                  "EventID": "1",
                  "LogonGuid": "C784477D-C5D3-648A-22FA-030000000000",
                  "LogonId": "260642",
                  "Image": "C:\\Windows\\SysWOW64\\attrib.exe",
                  "IntegrityLevel": "High",
                  "ParentCommandLine": "C:\\Windows\\system32\\cmd.exe /c \"C:\\Users\\george\\AppData\\Local\\Temp\\1.tmp.cmd \"C:\\Users\\george\\AppData\\Local\\Temp\\PDBDIS~1.EXE\"\"",
                  "UtcTime": "1693156487",
                  "RuleName": "-"
                }
              },
              {
                "values": {
                  "TerminalSessionId": "1",
                  "ProcessGuid": "{C784477D-848B-64EB-6406-000000004400}",
                  "ProcessId": "7032",
                  "Product": "Microsoft\\xae Windows\\xae Operating System",
                  "Description": "Attribute Utility",
                  "Company": "Microsoft Corporation",
                  "ParentProcessGuid": "{C784477D-843C-64EB-3106-000000004400}",
                  "User": "DESKTOP-B0T93D6\\george",
                  "Hashes": "MD5=A5540E9F87D4CB083BDF8269DEC1CFF9,SHA256=9C0378382F4606E3709675CD9E28C43525156B174D0A5CECB68EC4398C31EF1C,IMPHASH=F0A82FEBA5B0EF2BE614622AE3E32C1C",
                  "OriginalFileName": "ATTRIB.EXE",
                  "ParentImage": "C:\\Windows\\SysWOW64\\cmd.exe",
                  "FileVersion": "10.0.17134.1 (WinBuild.160101.0800)",
                  "ParentProcessId": "7600",
                  "CurrentDirectory": "C:\\Users\\george\\Desktop\\",
                  "CommandLine": "attrib  -s -h \"C:\\Users\\george\\AppData\\Local\\Temp\\PDBDIS~1.EXE\"",
                  "EventID": "1",
                  "LogonGuid": "C784477D-C5D3-648A-22FA-030000000000",
                  "LogonId": "260642",
                  "Image": "C:\\Windows\\SysWOW64\\attrib.exe",
                  "IntegrityLevel": "High",
                  "ParentCommandLine": "C:\\Windows\\system32\\cmd.exe /c \"C:\\Users\\george\\AppData\\Local\\Temp\\1.tmp.cmd \"C:\\Users\\george\\AppData\\Local\\Temp\\PDBDIS~1.EXE\"\"",
                  "UtcTime": "1693156491",
                  "RuleName": "-"
                }
              },
              {
                "values": {
                  "TerminalSessionId": "1",
                  "ProcessGuid": "{C784477D-848F-64EB-6606-000000004400}",
                  "ProcessId": "7252",
                  "Product": "Microsoft\\xae Windows\\xae Operating System",
                  "Description": "Attribute Utility",
                  "Company": "Microsoft Corporation",
                  "ParentProcessGuid": "{C784477D-843C-64EB-3106-000000004400}",
                  "User": "DESKTOP-B0T93D6\\george",
                  "Hashes": "MD5=A5540E9F87D4CB083BDF8269DEC1CFF9,SHA256=9C0378382F4606E3709675CD9E28C43525156B174D0A5CECB68EC4398C31EF1C,IMPHASH=F0A82FEBA5B0EF2BE614622AE3E32C1C",
                  "OriginalFileName": "ATTRIB.EXE",
                  "ParentImage": "C:\\Windows\\SysWOW64\\cmd.exe",
                  "FileVersion": "10.0.17134.1 (WinBuild.160101.0800)",
                  "ParentProcessId": "7600",
                  "CurrentDirectory": "C:\\Users\\george\\Desktop\\",
                  "CommandLine": "attrib  -s -h \"C:\\Users\\george\\AppData\\Local\\Temp\\PDBDIS~1.EXE\"",
                  "EventID": "1",
                  "LogonGuid": "C784477D-C5D3-648A-22FA-030000000000",
                  "LogonId": "260642",
                  "Image": "C:\\Windows\\SysWOW64\\attrib.exe",
                  "IntegrityLevel": "High",
                  "ParentCommandLine": "C:\\Windows\\system32\\cmd.exe /c \"C:\\Users\\george\\AppData\\Local\\Temp\\1.tmp.cmd \"C:\\Users\\george\\AppData\\Local\\Temp\\PDBDIS~1.EXE\"\"",
                  "UtcTime": "1693156495",
                  "RuleName": "-"
                }
              },
              {
                "values": {
                  "TerminalSessionId": "1",
                  "ProcessGuid": "{C784477D-8493-64EB-6806-000000004400}",
                  "ProcessId": "3316",
                  "Product": "Microsoft\\xae Windows\\xae Operating System",
                  "Description": "Attribute Utility",
                  "Company": "Microsoft Corporation",
                  "ParentProcessGuid": "{C784477D-843C-64EB-3106-000000004400}",
                  "User": "DESKTOP-B0T93D6\\george",
                  "Hashes": "MD5=A5540E9F87D4CB083BDF8269DEC1CFF9,SHA256=9C0378382F4606E3709675CD9E28C43525156B174D0A5CECB68EC4398C31EF1C,IMPHASH=F0A82FEBA5B0EF2BE614622AE3E32C1C",
                  "OriginalFileName": "ATTRIB.EXE",
                  "ParentImage": "C:\\Windows\\SysWOW64\\cmd.exe",
                  "FileVersion": "10.0.17134.1 (WinBuild.160101.0800)",
                  "ParentProcessId": "7600",
                  "CurrentDirectory": "C:\\Users\\george\\Desktop\\",
                  "CommandLine": "attrib  -s -h \"C:\\Users\\george\\AppData\\Local\\Temp\\PDBDIS~1.EXE\"",
                  "EventID": "1",
                  "LogonGuid": "C784477D-C5D3-648A-22FA-030000000000",
                  "LogonId": "260642",
                  "Image": "C:\\Windows\\SysWOW64\\attrib.exe",
                  "IntegrityLevel": "High",
                  "ParentCommandLine": "C:\\Windows\\system32\\cmd.exe /c \"C:\\Users\\george\\AppData\\Local\\Temp\\1.tmp.cmd \"C:\\Users\\george\\AppData\\Local\\Temp\\PDBDIS~1.EXE\"\"",
                  "UtcTime": "1693156499",
                  "RuleName": "-"
                }
              },
              {
                "values": {
                  "TerminalSessionId": "1",
                  "ProcessGuid": "{C784477D-8498-64EB-6A06-000000004400}",
                  "ProcessId": "5180",
                  "Product": "Microsoft\\xae Windows\\xae Operating System",
                  "Description": "Attribute Utility",
                  "Company": "Microsoft Corporation",
                  "ParentProcessGuid": "{C784477D-843C-64EB-3106-000000004400}",
                  "User": "DESKTOP-B0T93D6\\george",
                  "Hashes": "MD5=A5540E9F87D4CB083BDF8269DEC1CFF9,SHA256=9C0378382F4606E3709675CD9E28C43525156B174D0A5CECB68EC4398C31EF1C,IMPHASH=F0A82FEBA5B0EF2BE614622AE3E32C1C",
                  "OriginalFileName": "ATTRIB.EXE",
                  "ParentImage": "C:\\Windows\\SysWOW64\\cmd.exe",
                  "FileVersion": "10.0.17134.1 (WinBuild.160101.0800)",
                  "ParentProcessId": "7600",
                  "CurrentDirectory": "C:\\Users\\george\\Desktop\\",
                  "CommandLine": "attrib  -s -h \"C:\\Users\\george\\AppData\\Local\\Temp\\PDBDIS~1.EXE\"",
                  "EventID": "1",
                  "LogonGuid": "C784477D-C5D3-648A-22FA-030000000000",
                  "LogonId": "260642",
                  "Image": "C:\\Windows\\SysWOW64\\attrib.exe",
                  "IntegrityLevel": "High",
                  "ParentCommandLine": "C:\\Windows\\system32\\cmd.exe /c \"C:\\Users\\george\\AppData\\Local\\Temp\\1.tmp.cmd \"C:\\Users\\george\\AppData\\Local\\Temp\\PDBDIS~1.EXE\"\"",
                  "UtcTime": "1693156504",
                  "RuleName": "-"
                }
              },
              {
                "values": {
                  "TerminalSessionId": "1",
                  "ProcessGuid": "{C784477D-849C-64EB-6C06-000000004400}",
                  "ProcessId": "6804",
                  "Product": "Microsoft\\xae Windows\\xae Operating System",
                  "Description": "Attribute Utility",
                  "Company": "Microsoft Corporation",
                  "ParentProcessGuid": "{C784477D-843C-64EB-3106-000000004400}",
                  "User": "DESKTOP-B0T93D6\\george",
                  "Hashes": "MD5=A5540E9F87D4CB083BDF8269DEC1CFF9,SHA256=9C0378382F4606E3709675CD9E28C43525156B174D0A5CECB68EC4398C31EF1C,IMPHASH=F0A82FEBA5B0EF2BE614622AE3E32C1C",
                  "OriginalFileName": "ATTRIB.EXE",
                  "ParentImage": "C:\\Windows\\SysWOW64\\cmd.exe",
                  "FileVersion": "10.0.17134.1 (WinBuild.160101.0800)",
                  "ParentProcessId": "7600",
                  "CurrentDirectory": "C:\\Users\\george\\Desktop\\",
                  "CommandLine": "attrib  -s -h \"C:\\Users\\george\\AppData\\Local\\Temp\\PDBDIS~1.EXE\"",
                  "EventID": "1",
                  "LogonGuid": "C784477D-C5D3-648A-22FA-030000000000",
                  "LogonId": "260642",
                  "Image": "C:\\Windows\\SysWOW64\\attrib.exe",
                  "IntegrityLevel": "High",
                  "ParentCommandLine": "C:\\Windows\\system32\\cmd.exe /c \"C:\\Users\\george\\AppData\\Local\\Temp\\1.tmp.cmd \"C:\\Users\\george\\AppData\\Local\\Temp\\PDBDIS~1.EXE\"\"",
                  "UtcTime": "1693156508",
                  "RuleName": "-"
                }
              },
              {
                "values": {
                  "TerminalSessionId": "1",
                  "ProcessGuid": "{C784477D-84A0-64EB-6E06-000000004400}",
                  "ProcessId": "7212",
                  "Product": "Microsoft\\xae Windows\\xae Operating System",
                  "Description": "Attribute Utility",
                  "Company": "Microsoft Corporation",
                  "ParentProcessGuid": "{C784477D-843C-64EB-3106-000000004400}",
                  "User": "DESKTOP-B0T93D6\\george",
                  "Hashes": "MD5=A5540E9F87D4CB083BDF8269DEC1CFF9,SHA256=9C0378382F4606E3709675CD9E28C43525156B174D0A5CECB68EC4398C31EF1C,IMPHASH=F0A82FEBA5B0EF2BE614622AE3E32C1C",
                  "OriginalFileName": "ATTRIB.EXE",
                  "ParentImage": "C:\\Windows\\SysWOW64\\cmd.exe",
                  "FileVersion": "10.0.17134.1 (WinBuild.160101.0800)",
                  "ParentProcessId": "7600",
                  "CurrentDirectory": "C:\\Users\\george\\Desktop\\",
                  "CommandLine": "attrib  -s -h \"C:\\Users\\george\\AppData\\Local\\Temp\\PDBDIS~1.EXE\"",
                  "EventID": "1",
                  "LogonGuid": "C784477D-C5D3-648A-22FA-030000000000",
                  "LogonId": "260642",
                  "Image": "C:\\Windows\\SysWOW64\\attrib.exe",
                  "IntegrityLevel": "High",
                  "ParentCommandLine": "C:\\Windows\\system32\\cmd.exe /c \"C:\\Users\\george\\AppData\\Local\\Temp\\1.tmp.cmd \"C:\\Users\\george\\AppData\\Local\\Temp\\PDBDIS~1.EXE\"\"",
                  "UtcTime": "1693156512",
                  "RuleName": "-"
                }
              },
              {
                "values": {
                  "TerminalSessionId": "1",
                  "ProcessGuid": "{C784477D-84A4-64EB-7006-000000004400}",
                  "ProcessId": "8176",
                  "Product": "Microsoft\\xae Windows\\xae Operating System",
                  "Description": "Attribute Utility",
                  "Company": "Microsoft Corporation",
                  "ParentProcessGuid": "{C784477D-843C-64EB-3106-000000004400}",
                  "User": "DESKTOP-B0T93D6\\george",
                  "Hashes": "MD5=A5540E9F87D4CB083BDF8269DEC1CFF9,SHA256=9C0378382F4606E3709675CD9E28C43525156B174D0A5CECB68EC4398C31EF1C,IMPHASH=F0A82FEBA5B0EF2BE614622AE3E32C1C",
                  "OriginalFileName": "ATTRIB.EXE",
                  "ParentImage": "C:\\Windows\\SysWOW64\\cmd.exe",
                  "FileVersion": "10.0.17134.1 (WinBuild.160101.0800)",
                  "ParentProcessId": "7600",
                  "CurrentDirectory": "C:\\Users\\george\\Desktop\\",
                  "CommandLine": "attrib  -s -h \"C:\\Users\\george\\AppData\\Local\\Temp\\PDBDIS~1.EXE\"",
                  "EventID": "1",
                  "LogonGuid": "C784477D-C5D3-648A-22FA-030000000000",
                  "LogonId": "260642",
                  "Image": "C:\\Windows\\SysWOW64\\attrib.exe",
                  "IntegrityLevel": "High",
                  "ParentCommandLine": "C:\\Windows\\system32\\cmd.exe /c \"C:\\Users\\george\\AppData\\Local\\Temp\\1.tmp.cmd \"C:\\Users\\george\\AppData\\Local\\Temp\\PDBDIS~1.EXE\"\"",
                  "UtcTime": "1693156516",
                  "RuleName": "-"
                }
              },
              {
                "values": {
                  "TerminalSessionId": "1",
                  "ProcessGuid": "{C784477D-84A8-64EB-7206-000000004400}",
                  "ProcessId": "6024",
                  "Product": "Microsoft\\xae Windows\\xae Operating System",
                  "Description": "Attribute Utility",
                  "Company": "Microsoft Corporation",
                  "ParentProcessGuid": "{C784477D-843C-64EB-3106-000000004400}",
                  "User": "DESKTOP-B0T93D6\\george",
                  "Hashes": "MD5=A5540E9F87D4CB083BDF8269DEC1CFF9,SHA256=9C0378382F4606E3709675CD9E28C43525156B174D0A5CECB68EC4398C31EF1C,IMPHASH=F0A82FEBA5B0EF2BE614622AE3E32C1C",
                  "OriginalFileName": "ATTRIB.EXE",
                  "ParentImage": "C:\\Windows\\SysWOW64\\cmd.exe",
                  "FileVersion": "10.0.17134.1 (WinBuild.160101.0800)",
                  "ParentProcessId": "7600",
                  "CurrentDirectory": "C:\\Users\\george\\Desktop\\",
                  "CommandLine": "attrib  -s -h \"C:\\Users\\george\\AppData\\Local\\Temp\\PDBDIS~1.EXE\"",
                  "EventID": "1",
                  "LogonGuid": "C784477D-C5D3-648A-22FA-030000000000",
                  "LogonId": "260642",
                  "Image": "C:\\Windows\\SysWOW64\\attrib.exe",
                  "IntegrityLevel": "High",
                  "ParentCommandLine": "C:\\Windows\\system32\\cmd.exe /c \"C:\\Users\\george\\AppData\\Local\\Temp\\1.tmp.cmd \"C:\\Users\\george\\AppData\\Local\\Temp\\PDBDIS~1.EXE\"\"",
                  "UtcTime": "1693156520",
                  "RuleName": "-"
                }
              },
              {
                "values": {
                  "TerminalSessionId": "1",
                  "ProcessGuid": "{C784477D-84AC-64EB-7406-000000004400}",
                  "ProcessId": "7548",
                  "Product": "Microsoft\\xae Windows\\xae Operating System",
                  "Description": "Attribute Utility",
                  "Company": "Microsoft Corporation",
                  "ParentProcessGuid": "{C784477D-843C-64EB-3106-000000004400}",
                  "User": "DESKTOP-B0T93D6\\george",
                  "Hashes": "MD5=A5540E9F87D4CB083BDF8269DEC1CFF9,SHA256=9C0378382F4606E3709675CD9E28C43525156B174D0A5CECB68EC4398C31EF1C,IMPHASH=F0A82FEBA5B0EF2BE614622AE3E32C1C",
                  "OriginalFileName": "ATTRIB.EXE",
                  "ParentImage": "C:\\Windows\\SysWOW64\\cmd.exe",
                  "FileVersion": "10.0.17134.1 (WinBuild.160101.0800)",
                  "ParentProcessId": "7600",
                  "CurrentDirectory": "C:\\Users\\george\\Desktop\\",
                  "CommandLine": "attrib  -s -h \"C:\\Users\\george\\AppData\\Local\\Temp\\PDBDIS~1.EXE\"",
                  "EventID": "1",
                  "LogonGuid": "C784477D-C5D3-648A-22FA-030000000000",
                  "LogonId": "260642",
                  "Image": "C:\\Windows\\SysWOW64\\attrib.exe",
                  "IntegrityLevel": "High",
                  "ParentCommandLine": "C:\\Windows\\system32\\cmd.exe /c \"C:\\Users\\george\\AppData\\Local\\Temp\\1.tmp.cmd \"C:\\Users\\george\\AppData\\Local\\Temp\\PDBDIS~1.EXE\"\"",
                  "UtcTime": "1693156524",
                  "RuleName": "-"
                }
              },
              {
                "values": {
                  "TerminalSessionId": "1",
                  "ProcessGuid": "{C784477D-84B0-64EB-7606-000000004400}",
                  "ProcessId": "868",
                  "Product": "Microsoft\\xae Windows\\xae Operating System",
                  "Description": "Attribute Utility",
                  "Company": "Microsoft Corporation",
                  "ParentProcessGuid": "{C784477D-843C-64EB-3106-000000004400}",
                  "User": "DESKTOP-B0T93D6\\george",
                  "Hashes": "MD5=A5540E9F87D4CB083BDF8269DEC1CFF9,SHA256=9C0378382F4606E3709675CD9E28C43525156B174D0A5CECB68EC4398C31EF1C,IMPHASH=F0A82FEBA5B0EF2BE614622AE3E32C1C",
                  "OriginalFileName": "ATTRIB.EXE",
                  "ParentImage": "C:\\Windows\\SysWOW64\\cmd.exe",
                  "FileVersion": "10.0.17134.1 (WinBuild.160101.0800)",
                  "ParentProcessId": "7600",
                  "CurrentDirectory": "C:\\Users\\george\\Desktop\\",
                  "CommandLine": "attrib  -s -h \"C:\\Users\\george\\AppData\\Local\\Temp\\PDBDIS~1.EXE\"",
                  "EventID": "1",
                  "LogonGuid": "C784477D-C5D3-648A-22FA-030000000000",
                  "LogonId": "260642",
                  "Image": "C:\\Windows\\SysWOW64\\attrib.exe",
                  "IntegrityLevel": "High",
                  "ParentCommandLine": "C:\\Windows\\system32\\cmd.exe /c \"C:\\Users\\george\\AppData\\Local\\Temp\\1.tmp.cmd \"C:\\Users\\george\\AppData\\Local\\Temp\\PDBDIS~1.EXE\"\"",
                  "UtcTime": "1693156528",
                  "RuleName": "-"
                }
              },
              {
                "values": {
                  "TerminalSessionId": "1",
                  "ProcessGuid": "{C784477D-84B4-64EB-7806-000000004400}",
                  "ProcessId": "7692",
                  "Product": "Microsoft\\xae Windows\\xae Operating System",
                  "Description": "Attribute Utility",
                  "Company": "Microsoft Corporation",
                  "ParentProcessGuid": "{C784477D-843C-64EB-3106-000000004400}",
                  "User": "DESKTOP-B0T93D6\\george",
                  "Hashes": "MD5=A5540E9F87D4CB083BDF8269DEC1CFF9,SHA256=9C0378382F4606E3709675CD9E28C43525156B174D0A5CECB68EC4398C31EF1C,IMPHASH=F0A82FEBA5B0EF2BE614622AE3E32C1C",
                  "OriginalFileName": "ATTRIB.EXE",
                  "ParentImage": "C:\\Windows\\SysWOW64\\cmd.exe",
                  "FileVersion": "10.0.17134.1 (WinBuild.160101.0800)",
                  "ParentProcessId": "7600",
                  "CurrentDirectory": "C:\\Users\\george\\Desktop\\",
                  "CommandLine": "attrib  -s -h \"C:\\Users\\george\\AppData\\Local\\Temp\\PDBDIS~1.EXE\"",
                  "EventID": "1",
                  "LogonGuid": "C784477D-C5D3-648A-22FA-030000000000",
                  "LogonId": "260642",
                  "Image": "C:\\Windows\\SysWOW64\\attrib.exe",
                  "IntegrityLevel": "High",
                  "ParentCommandLine": "C:\\Windows\\system32\\cmd.exe /c \"C:\\Users\\george\\AppData\\Local\\Temp\\1.tmp.cmd \"C:\\Users\\george\\AppData\\Local\\Temp\\PDBDIS~1.EXE\"\"",
                  "UtcTime": "1693156532",
                  "RuleName": "-"
                }
              },
              {
                "values": {
                  "TerminalSessionId": "1",
                  "ProcessGuid": "{C784477D-84B9-64EB-7A06-000000004400}",
                  "ProcessId": "7688",
                  "Product": "Microsoft\\xae Windows\\xae Operating System",
                  "Description": "Attribute Utility",
                  "Company": "Microsoft Corporation",
                  "ParentProcessGuid": "{C784477D-843C-64EB-3106-000000004400}",
                  "User": "DESKTOP-B0T93D6\\george",
                  "Hashes": "MD5=A5540E9F87D4CB083BDF8269DEC1CFF9,SHA256=9C0378382F4606E3709675CD9E28C43525156B174D0A5CECB68EC4398C31EF1C,IMPHASH=F0A82FEBA5B0EF2BE614622AE3E32C1C",
                  "OriginalFileName": "ATTRIB.EXE",
                  "ParentImage": "C:\\Windows\\SysWOW64\\cmd.exe",
                  "FileVersion": "10.0.17134.1 (WinBuild.160101.0800)",
                  "ParentProcessId": "7600",
                  "CurrentDirectory": "C:\\Users\\george\\Desktop\\",
                  "CommandLine": "attrib  -s -h \"C:\\Users\\george\\AppData\\Local\\Temp\\PDBDIS~1.EXE\"",
                  "EventID": "1",
                  "LogonGuid": "C784477D-C5D3-648A-22FA-030000000000",
                  "LogonId": "260642",
                  "Image": "C:\\Windows\\SysWOW64\\attrib.exe",
                  "IntegrityLevel": "High",
                  "ParentCommandLine": "C:\\Windows\\system32\\cmd.exe /c \"C:\\Users\\george\\AppData\\Local\\Temp\\1.tmp.cmd \"C:\\Users\\george\\AppData\\Local\\Temp\\PDBDIS~1.EXE\"\"",
                  "UtcTime": "1693156537",
                  "RuleName": "-"
                }
              },
              {
                "values": {
                  "TerminalSessionId": "1",
                  "ProcessGuid": "{C784477D-84BD-64EB-7C06-000000004400}",
                  "ProcessId": "7844",
                  "Product": "Microsoft\\xae Windows\\xae Operating System",
                  "Description": "Attribute Utility",
                  "Company": "Microsoft Corporation",
                  "ParentProcessGuid": "{C784477D-843C-64EB-3106-000000004400}",
                  "User": "DESKTOP-B0T93D6\\george",
                  "Hashes": "MD5=A5540E9F87D4CB083BDF8269DEC1CFF9,SHA256=9C0378382F4606E3709675CD9E28C43525156B174D0A5CECB68EC4398C31EF1C,IMPHASH=F0A82FEBA5B0EF2BE614622AE3E32C1C",
                  "OriginalFileName": "ATTRIB.EXE",
                  "ParentImage": "C:\\Windows\\SysWOW64\\cmd.exe",
                  "FileVersion": "10.0.17134.1 (WinBuild.160101.0800)",
                  "ParentProcessId": "7600",
                  "CurrentDirectory": "C:\\Users\\george\\Desktop\\",
                  "CommandLine": "attrib  -s -h \"C:\\Users\\george\\AppData\\Local\\Temp\\PDBDIS~1.EXE\"",
                  "EventID": "1",
                  "LogonGuid": "C784477D-C5D3-648A-22FA-030000000000",
                  "LogonId": "260642",
                  "Image": "C:\\Windows\\SysWOW64\\attrib.exe",
                  "IntegrityLevel": "High",
                  "ParentCommandLine": "C:\\Windows\\system32\\cmd.exe /c \"C:\\Users\\george\\AppData\\Local\\Temp\\1.tmp.cmd \"C:\\Users\\george\\AppData\\Local\\Temp\\PDBDIS~1.EXE\"\"",
                  "UtcTime": "1693156541",
                  "RuleName": "-"
                }
              },
              {
                "values": {
                  "TerminalSessionId": "1",
                  "ProcessGuid": "{C784477D-84C1-64EB-7E06-000000004400}",
                  "ProcessId": "260",
                  "Product": "Microsoft\\xae Windows\\xae Operating System",
                  "Description": "Attribute Utility",
                  "Company": "Microsoft Corporation",
                  "ParentProcessGuid": "{C784477D-843C-64EB-3106-000000004400}",
                  "User": "DESKTOP-B0T93D6\\george",
                  "Hashes": "MD5=A5540E9F87D4CB083BDF8269DEC1CFF9,SHA256=9C0378382F4606E3709675CD9E28C43525156B174D0A5CECB68EC4398C31EF1C,IMPHASH=F0A82FEBA5B0EF2BE614622AE3E32C1C",
                  "OriginalFileName": "ATTRIB.EXE",
                  "ParentImage": "C:\\Windows\\SysWOW64\\cmd.exe",
                  "FileVersion": "10.0.17134.1 (WinBuild.160101.0800)",
                  "ParentProcessId": "7600",
                  "CurrentDirectory": "C:\\Users\\george\\Desktop\\",
                  "CommandLine": "attrib  -s -h \"C:\\Users\\george\\AppData\\Local\\Temp\\PDBDIS~1.EXE\"",
                  "EventID": "1",
                  "LogonGuid": "C784477D-C5D3-648A-22FA-030000000000",
                  "LogonId": "260642",
                  "Image": "C:\\Windows\\SysWOW64\\attrib.exe",
                  "IntegrityLevel": "High",
                  "ParentCommandLine": "C:\\Windows\\system32\\cmd.exe /c \"C:\\Users\\george\\AppData\\Local\\Temp\\1.tmp.cmd \"C:\\Users\\george\\AppData\\Local\\Temp\\PDBDIS~1.EXE\"\"",
                  "UtcTime": "1693156545",
                  "RuleName": "-"
                }
              },
              {
                "values": {
                  "TerminalSessionId": "1",
                  "ProcessGuid": "{C784477D-84C5-64EB-8006-000000004400}",
                  "ProcessId": "7184",
                  "Product": "Microsoft\\xae Windows\\xae Operating System",
                  "Description": "Attribute Utility",
                  "Company": "Microsoft Corporation",
                  "ParentProcessGuid": "{C784477D-843C-64EB-3106-000000004400}",
                  "User": "DESKTOP-B0T93D6\\george",
                  "Hashes": "MD5=A5540E9F87D4CB083BDF8269DEC1CFF9,SHA256=9C0378382F4606E3709675CD9E28C43525156B174D0A5CECB68EC4398C31EF1C,IMPHASH=F0A82FEBA5B0EF2BE614622AE3E32C1C",
                  "OriginalFileName": "ATTRIB.EXE",
                  "ParentImage": "C:\\Windows\\SysWOW64\\cmd.exe",
                  "FileVersion": "10.0.17134.1 (WinBuild.160101.0800)",
                  "ParentProcessId": "7600",
                  "CurrentDirectory": "C:\\Users\\george\\Desktop\\",
                  "CommandLine": "attrib  -s -h \"C:\\Users\\george\\AppData\\Local\\Temp\\PDBDIS~1.EXE\"",
                  "EventID": "1",
                  "LogonGuid": "C784477D-C5D3-648A-22FA-030000000000",
                  "LogonId": "260642",
                  "Image": "C:\\Windows\\SysWOW64\\attrib.exe",
                  "IntegrityLevel": "High",
                  "ParentCommandLine": "C:\\Windows\\system32\\cmd.exe /c \"C:\\Users\\george\\AppData\\Local\\Temp\\1.tmp.cmd \"C:\\Users\\george\\AppData\\Local\\Temp\\PDBDIS~1.EXE\"\"",
                  "UtcTime": "1693156549",
                  "RuleName": "-"
                }
              },
              {
                "values": {
                  "TerminalSessionId": "1",
                  "ProcessGuid": "{C784477D-84C9-64EB-8206-000000004400}",
                  "ProcessId": "3924",
                  "Product": "Microsoft\\xae Windows\\xae Operating System",
                  "Description": "Attribute Utility",
                  "Company": "Microsoft Corporation",
                  "ParentProcessGuid": "{C784477D-843C-64EB-3106-000000004400}",
                  "User": "DESKTOP-B0T93D6\\george",
                  "Hashes": "MD5=A5540E9F87D4CB083BDF8269DEC1CFF9,SHA256=9C0378382F4606E3709675CD9E28C43525156B174D0A5CECB68EC4398C31EF1C,IMPHASH=F0A82FEBA5B0EF2BE614622AE3E32C1C",
                  "OriginalFileName": "ATTRIB.EXE",
                  "ParentImage": "C:\\Windows\\SysWOW64\\cmd.exe",
                  "FileVersion": "10.0.17134.1 (WinBuild.160101.0800)",
                  "ParentProcessId": "7600",
                  "CurrentDirectory": "C:\\Users\\george\\Desktop\\",
                  "CommandLine": "attrib  -s -h \"C:\\Users\\george\\AppData\\Local\\Temp\\PDBDIS~1.EXE\"",
                  "EventID": "1",
                  "LogonGuid": "C784477D-C5D3-648A-22FA-030000000000",
                  "LogonId": "260642",
                  "Image": "C:\\Windows\\SysWOW64\\attrib.exe",
                  "IntegrityLevel": "High",
                  "ParentCommandLine": "C:\\Windows\\system32\\cmd.exe /c \"C:\\Users\\george\\AppData\\Local\\Temp\\1.tmp.cmd \"C:\\Users\\george\\AppData\\Local\\Temp\\PDBDIS~1.EXE\"\"",
                  "UtcTime": "1693156553",
                  "RuleName": "-"
                }
              },
              {
                "values": {
                  "TerminalSessionId": "1",
                  "ProcessGuid": "{C784477D-84CD-64EB-8406-000000004400}",
                  "ProcessId": "7924",
                  "Product": "Microsoft\\xae Windows\\xae Operating System",
                  "Description": "Attribute Utility",
                  "Company": "Microsoft Corporation",
                  "ParentProcessGuid": "{C784477D-843C-64EB-3106-000000004400}",
                  "User": "DESKTOP-B0T93D6\\george",
                  "Hashes": "MD5=A5540E9F87D4CB083BDF8269DEC1CFF9,SHA256=9C0378382F4606E3709675CD9E28C43525156B174D0A5CECB68EC4398C31EF1C,IMPHASH=F0A82FEBA5B0EF2BE614622AE3E32C1C",
                  "OriginalFileName": "ATTRIB.EXE",
                  "ParentImage": "C:\\Windows\\SysWOW64\\cmd.exe",
                  "FileVersion": "10.0.17134.1 (WinBuild.160101.0800)",
                  "ParentProcessId": "7600",
                  "CurrentDirectory": "C:\\Users\\george\\Desktop\\",
                  "CommandLine": "attrib  -s -h \"C:\\Users\\george\\AppData\\Local\\Temp\\PDBDIS~1.EXE\"",
                  "EventID": "1",
                  "LogonGuid": "C784477D-C5D3-648A-22FA-030000000000",
                  "LogonId": "260642",
                  "Image": "C:\\Windows\\SysWOW64\\attrib.exe",
                  "IntegrityLevel": "High",
                  "ParentCommandLine": "C:\\Windows\\system32\\cmd.exe /c \"C:\\Users\\george\\AppData\\Local\\Temp\\1.tmp.cmd \"C:\\Users\\george\\AppData\\Local\\Temp\\PDBDIS~1.EXE\"\"",
                  "UtcTime": "1693156557",
                  "RuleName": "-"
                }
              },
              {
                "values": {
                  "TerminalSessionId": "1",
                  "ProcessGuid": "{C784477D-84D1-64EB-8606-000000004400}",
                  "ProcessId": "6564",
                  "Product": "Microsoft\\xae Windows\\xae Operating System",
                  "Description": "Attribute Utility",
                  "Company": "Microsoft Corporation",
                  "ParentProcessGuid": "{C784477D-843C-64EB-3106-000000004400}",
                  "User": "DESKTOP-B0T93D6\\george",
                  "Hashes": "MD5=A5540E9F87D4CB083BDF8269DEC1CFF9,SHA256=9C0378382F4606E3709675CD9E28C43525156B174D0A5CECB68EC4398C31EF1C,IMPHASH=F0A82FEBA5B0EF2BE614622AE3E32C1C",
                  "OriginalFileName": "ATTRIB.EXE",
                  "ParentImage": "C:\\Windows\\SysWOW64\\cmd.exe",
                  "FileVersion": "10.0.17134.1 (WinBuild.160101.0800)",
                  "ParentProcessId": "7600",
                  "CurrentDirectory": "C:\\Users\\george\\Desktop\\",
                  "CommandLine": "attrib  -s -h \"C:\\Users\\george\\AppData\\Local\\Temp\\PDBDIS~1.EXE\"",
                  "EventID": "1",
                  "LogonGuid": "C784477D-C5D3-648A-22FA-030000000000",
                  "LogonId": "260642",
                  "Image": "C:\\Windows\\SysWOW64\\attrib.exe",
                  "IntegrityLevel": "High",
                  "ParentCommandLine": "C:\\Windows\\system32\\cmd.exe /c \"C:\\Users\\george\\AppData\\Local\\Temp\\1.tmp.cmd \"C:\\Users\\george\\AppData\\Local\\Temp\\PDBDIS~1.EXE\"\"",
                  "UtcTime": "1693156561",
                  "RuleName": "-"
                }
              }
            ],
            "rule_level": "medium",
            "rule_description": "Detect use of the Windows 8.3 short name. Which could be used as a method to avoid command-line detection",
            "rule_source": "Sigma Integrated Rule Set (GitHub)",
            "rule_title": "Use NTFS Short Name in Command Line",
            "rule_id": "c0bf6ba71da9d0f13368b0f1281354c8f9b3d491845ea5902282fece277ec655",
            "rule_author": "frack113, Nasreddine Bencherchali (Nextron Systems)"
          },
          {
            "match_context": [
              {
                "values": {
                  "EventID": "11",
                  "ProcessId": "3332",
                  "Image": "C:\\Users\\george\\Desktop\\program.exe",
                  "ProcessGuid": "{C784477D-8435-64EB-2D06-000000004400}",
                  "CreationUtcTime": "1693156405",
                  "UtcTime": "1693156405",
                  "RuleName": "EXE",
                  "TargetFilename": "C:\\Windows\\SysWOW64\\rasmspool.exe"
                }
              },
              {
                "values": {
                  "EventID": "11",
                  "ProcessId": "3332",
                  "TargetFilename": "C:\\Windows\\SysWOW64\\lsadisppdb.exe",
                  "ProcessGuid": "{C784477D-8435-64EB-2D06-000000004400}",
                  "CreationUtcTime": "1693156405",
                  "UtcTime": "1693156405",
                  "RuleName": "EXE",
                  "Image": "C:\\Users\\george\\Desktop\\program.exe"
                }
              },
              {
                "values": {
                  "EventID": "11",
                  "ProcessId": "3332",
                  "TargetFilename": "C:\\Windows\\SysWOW64\\srvdnssrv.exe",
                  "ProcessGuid": "{C784477D-8435-64EB-2D06-000000004400}",
                  "CreationUtcTime": "1693156405",
                  "UtcTime": "1693156405",
                  "RuleName": "EXE",
                  "Image": "C:\\Users\\george\\Desktop\\program.exe"
                }
              },
              {
                "values": {
                  "EventID": "11",
                  "ProcessId": "3332",
                  "Image": "C:\\Users\\george\\Desktop\\program.exe",
                  "ProcessGuid": "{C784477D-8435-64EB-2D06-000000004400}",
                  "CreationUtcTime": "1693156406",
                  "UtcTime": "1693156406",
                  "RuleName": "EXE",
                  "TargetFilename": "C:\\Windows\\SysWOW64\\pptpmsdhcp.exe"
                }
              },
