              {
                "values": {
                  "TerminalSessionId": "1",
                  "ProcessGuid": "{C784477D-8498-64EB-6B06-000000004400}",
                  "ProcessId": "7684",
                  "Product": "Microsoft\\xae Windows\\xae Operating System",
                  "Description": "TCP/IP Ping Command",
                  "Company": "Microsoft Corporation",
                  "ParentProcessGuid": "{C784477D-843C-64EB-3106-000000004400}",
                  "User": "DESKTOP-B0T93D6\\george",
                  "Hashes": "MD5=70C24A306F768936563ABDADB9CA9108,SHA256=7BF496D5B9F227CCE033F204E21743008C3F4B081D44B02500EDA4EFBCCF3281,IMPHASH=6C1FE20B3F9688A9263FFDF9FF417272",
                  "OriginalFileName": "ping.exe",
                  "ParentImage": "C:\\Windows\\SysWOW64\\cmd.exe",
                  "FileVersion": "10.0.17134.1 (WinBuild.160101.0800)",
                  "ParentProcessId": "7600",
                  "CurrentDirectory": "C:\\Users\\george\\Desktop\\",
                  "CommandLine": "\"C:\\Users\\george\\AppData\\Local\\Temp\\smss.exe\"  127.1 -n 5",
                  "EventID": "1",
                  "LogonGuid": "C784477D-C5D3-648A-22FA-030000000000",
                  "LogonId": "260642",
                  "Image": "C:\\Users\\george\\AppData\\Local\\Temp\\smss.exe",
                  "IntegrityLevel": "High",
                  "ParentCommandLine": "C:\\Windows\\system32\\cmd.exe /c \"C:\\Users\\george\\AppData\\Local\\Temp\\1.tmp.cmd \"C:\\Users\\george\\AppData\\Local\\Temp\\PDBDIS~1.EXE\"\"",
                  "UtcTime": "1693156504",
                  "RuleName": "-"
                }
              },
              {
                "values": {
                  "TerminalSessionId": "1",
                  "ProcessGuid": "{C784477D-849C-64EB-6D06-000000004400}",
                  "ProcessId": "7084",
                  "Product": "Microsoft\\xae Windows\\xae Operating System",
                  "Description": "TCP/IP Ping Command",
                  "Company": "Microsoft Corporation",
                  "ParentProcessGuid": "{C784477D-843C-64EB-3106-000000004400}",
                  "User": "DESKTOP-B0T93D6\\george",
                  "Hashes": "MD5=70C24A306F768936563ABDADB9CA9108,SHA256=7BF496D5B9F227CCE033F204E21743008C3F4B081D44B02500EDA4EFBCCF3281,IMPHASH=6C1FE20B3F9688A9263FFDF9FF417272",
                  "OriginalFileName": "ping.exe",
                  "ParentImage": "C:\\Windows\\SysWOW64\\cmd.exe",
                  "FileVersion": "10.0.17134.1 (WinBuild.160101.0800)",
                  "ParentProcessId": "7600",
                  "CurrentDirectory": "C:\\Users\\george\\Desktop\\",
                  "CommandLine": "\"C:\\Users\\george\\AppData\\Local\\Temp\\smss.exe\"  127.1 -n 5",
                  "EventID": "1",
                  "LogonGuid": "C784477D-C5D3-648A-22FA-030000000000",
                  "LogonId": "260642",
                  "Image": "C:\\Users\\george\\AppData\\Local\\Temp\\smss.exe",
                  "IntegrityLevel": "High",
                  "ParentCommandLine": "C:\\Windows\\system32\\cmd.exe /c \"C:\\Users\\george\\AppData\\Local\\Temp\\1.tmp.cmd \"C:\\Users\\george\\AppData\\Local\\Temp\\PDBDIS~1.EXE\"\"",
                  "UtcTime": "1693156508",
                  "RuleName": "-"
                }
              },
              {
                "values": {
                  "TerminalSessionId": "1",
                  "ProcessGuid": "{C784477D-84A0-64EB-6F06-000000004400}",
                  "ProcessId": "7908",
                  "Product": "Microsoft\\xae Windows\\xae Operating System",
                  "Description": "TCP/IP Ping Command",
                  "Company": "Microsoft Corporation",
                  "ParentProcessGuid": "{C784477D-843C-64EB-3106-000000004400}",
                  "User": "DESKTOP-B0T93D6\\george",
                  "Hashes": "MD5=70C24A306F768936563ABDADB9CA9108,SHA256=7BF496D5B9F227CCE033F204E21743008C3F4B081D44B02500EDA4EFBCCF3281,IMPHASH=6C1FE20B3F9688A9263FFDF9FF417272",
                  "OriginalFileName": "ping.exe",
                  "ParentImage": "C:\\Windows\\SysWOW64\\cmd.exe",
                  "FileVersion": "10.0.17134.1 (WinBuild.160101.0800)",
                  "ParentProcessId": "7600",
                  "CurrentDirectory": "C:\\Users\\george\\Desktop\\",
                  "CommandLine": "\"C:\\Users\\george\\AppData\\Local\\Temp\\smss.exe\"  127.1 -n 5",
                  "EventID": "1",
                  "LogonGuid": "C784477D-C5D3-648A-22FA-030000000000",
                  "LogonId": "260642",
                  "Image": "C:\\Users\\george\\AppData\\Local\\Temp\\smss.exe",
                  "IntegrityLevel": "High",
                  "ParentCommandLine": "C:\\Windows\\system32\\cmd.exe /c \"C:\\Users\\george\\AppData\\Local\\Temp\\1.tmp.cmd \"C:\\Users\\george\\AppData\\Local\\Temp\\PDBDIS~1.EXE\"\"",
                  "UtcTime": "1693156512",
                  "RuleName": "-"
                }
              },
              {
                "values": {
                  "TerminalSessionId": "1",
                  "ProcessGuid": "{C784477D-84A4-64EB-7106-000000004400}",
                  "ProcessId": "6800",
                  "Product": "Microsoft\\xae Windows\\xae Operating System",
                  "Description": "TCP/IP Ping Command",
                  "Company": "Microsoft Corporation",
                  "ParentProcessGuid": "{C784477D-843C-64EB-3106-000000004400}",
                  "User": "DESKTOP-B0T93D6\\george",
                  "Hashes": "MD5=70C24A306F768936563ABDADB9CA9108,SHA256=7BF496D5B9F227CCE033F204E21743008C3F4B081D44B02500EDA4EFBCCF3281,IMPHASH=6C1FE20B3F9688A9263FFDF9FF417272",
                  "OriginalFileName": "ping.exe",
                  "ParentImage": "C:\\Windows\\SysWOW64\\cmd.exe",
                  "FileVersion": "10.0.17134.1 (WinBuild.160101.0800)",
                  "ParentProcessId": "7600",
                  "CurrentDirectory": "C:\\Users\\george\\Desktop\\",
                  "CommandLine": "\"C:\\Users\\george\\AppData\\Local\\Temp\\smss.exe\"  127.1 -n 5",
                  "EventID": "1",
                  "LogonGuid": "C784477D-C5D3-648A-22FA-030000000000",
                  "LogonId": "260642",
                  "Image": "C:\\Users\\george\\AppData\\Local\\Temp\\smss.exe",
                  "IntegrityLevel": "High",
                  "ParentCommandLine": "C:\\Windows\\system32\\cmd.exe /c \"C:\\Users\\george\\AppData\\Local\\Temp\\1.tmp.cmd \"C:\\Users\\george\\AppData\\Local\\Temp\\PDBDIS~1.EXE\"\"",
                  "UtcTime": "1693156516",
                  "RuleName": "-"
                }
              },
              {
                "values": {
                  "TerminalSessionId": "1",
                  "ProcessGuid": "{C784477D-84A8-64EB-7306-000000004400}",
                  "ProcessId": "5740",
                  "Product": "Microsoft\\xae Windows\\xae Operating System",
                  "Description": "TCP/IP Ping Command",
                  "Company": "Microsoft Corporation",
                  "ParentProcessGuid": "{C784477D-843C-64EB-3106-000000004400}",
                  "User": "DESKTOP-B0T93D6\\george",
                  "Hashes": "MD5=70C24A306F768936563ABDADB9CA9108,SHA256=7BF496D5B9F227CCE033F204E21743008C3F4B081D44B02500EDA4EFBCCF3281,IMPHASH=6C1FE20B3F9688A9263FFDF9FF417272",
                  "OriginalFileName": "ping.exe",
                  "ParentImage": "C:\\Windows\\SysWOW64\\cmd.exe",
                  "FileVersion": "10.0.17134.1 (WinBuild.160101.0800)",
                  "ParentProcessId": "7600",
                  "CurrentDirectory": "C:\\Users\\george\\Desktop\\",
                  "CommandLine": "\"C:\\Users\\george\\AppData\\Local\\Temp\\smss.exe\"  127.1 -n 5",
                  "EventID": "1",
                  "LogonGuid": "C784477D-C5D3-648A-22FA-030000000000",
                  "LogonId": "260642",
                  "Image": "C:\\Users\\george\\AppData\\Local\\Temp\\smss.exe",
                  "IntegrityLevel": "High",
                  "ParentCommandLine": "C:\\Windows\\system32\\cmd.exe /c \"C:\\Users\\george\\AppData\\Local\\Temp\\1.tmp.cmd \"C:\\Users\\george\\AppData\\Local\\Temp\\PDBDIS~1.EXE\"\"",
                  "UtcTime": "1693156520",
                  "RuleName": "-"
                }
              },
              {
                "values": {
                  "TerminalSessionId": "1",
                  "ProcessGuid": "{C784477D-84AC-64EB-7506-000000004400}",
                  "ProcessId": "5656",
                  "Product": "Microsoft\\xae Windows\\xae Operating System",
                  "Description": "TCP/IP Ping Command",
                  "Company": "Microsoft Corporation",
                  "ParentProcessGuid": "{C784477D-843C-64EB-3106-000000004400}",
                  "User": "DESKTOP-B0T93D6\\george",
                  "Hashes": "MD5=70C24A306F768936563ABDADB9CA9108,SHA256=7BF496D5B9F227CCE033F204E21743008C3F4B081D44B02500EDA4EFBCCF3281,IMPHASH=6C1FE20B3F9688A9263FFDF9FF417272",
                  "OriginalFileName": "ping.exe",
                  "ParentImage": "C:\\Windows\\SysWOW64\\cmd.exe",
                  "FileVersion": "10.0.17134.1 (WinBuild.160101.0800)",
                  "ParentProcessId": "7600",
                  "CurrentDirectory": "C:\\Users\\george\\Desktop\\",
                  "CommandLine": "\"C:\\Users\\george\\AppData\\Local\\Temp\\smss.exe\"  127.1 -n 5",
                  "EventID": "1",
                  "LogonGuid": "C784477D-C5D3-648A-22FA-030000000000",
                  "LogonId": "260642",
                  "Image": "C:\\Users\\george\\AppData\\Local\\Temp\\smss.exe",
                  "IntegrityLevel": "High",
                  "ParentCommandLine": "C:\\Windows\\system32\\cmd.exe /c \"C:\\Users\\george\\AppData\\Local\\Temp\\1.tmp.cmd \"C:\\Users\\george\\AppData\\Local\\Temp\\PDBDIS~1.EXE\"\"",
                  "UtcTime": "1693156524",
                  "RuleName": "-"
                }
              },
              {
                "values": {
                  "TerminalSessionId": "1",
                  "ProcessGuid": "{C784477D-84B0-64EB-7706-000000004400}",
                  "ProcessId": "4656",
                  "Product": "Microsoft\\xae Windows\\xae Operating System",
                  "Description": "TCP/IP Ping Command",
                  "Company": "Microsoft Corporation",
                  "ParentProcessGuid": "{C784477D-843C-64EB-3106-000000004400}",
                  "User": "DESKTOP-B0T93D6\\george",
                  "Hashes": "MD5=70C24A306F768936563ABDADB9CA9108,SHA256=7BF496D5B9F227CCE033F204E21743008C3F4B081D44B02500EDA4EFBCCF3281,IMPHASH=6C1FE20B3F9688A9263FFDF9FF417272",
                  "OriginalFileName": "ping.exe",
                  "ParentImage": "C:\\Windows\\SysWOW64\\cmd.exe",
                  "FileVersion": "10.0.17134.1 (WinBuild.160101.0800)",
                  "ParentProcessId": "7600",
                  "CurrentDirectory": "C:\\Users\\george\\Desktop\\",
                  "CommandLine": "\"C:\\Users\\george\\AppData\\Local\\Temp\\smss.exe\"  127.1 -n 5",
                  "EventID": "1",
                  "LogonGuid": "C784477D-C5D3-648A-22FA-030000000000",
                  "LogonId": "260642",
                  "Image": "C:\\Users\\george\\AppData\\Local\\Temp\\smss.exe",
                  "IntegrityLevel": "High",
                  "ParentCommandLine": "C:\\Windows\\system32\\cmd.exe /c \"C:\\Users\\george\\AppData\\Local\\Temp\\1.tmp.cmd \"C:\\Users\\george\\AppData\\Local\\Temp\\PDBDIS~1.EXE\"\"",
                  "UtcTime": "1693156528",
                  "RuleName": "-"
                }
              },
              {
                "values": {
                  "TerminalSessionId": "1",
                  "ProcessGuid": "{C784477D-84B4-64EB-7906-000000004400}",
                  "ProcessId": "7468",
                  "Product": "Microsoft\\xae Windows\\xae Operating System",
                  "Description": "TCP/IP Ping Command",
                  "Company": "Microsoft Corporation",
                  "ParentProcessGuid": "{C784477D-843C-64EB-3106-000000004400}",
                  "User": "DESKTOP-B0T93D6\\george",
                  "Hashes": "MD5=70C24A306F768936563ABDADB9CA9108,SHA256=7BF496D5B9F227CCE033F204E21743008C3F4B081D44B02500EDA4EFBCCF3281,IMPHASH=6C1FE20B3F9688A9263FFDF9FF417272",
                  "OriginalFileName": "ping.exe",
                  "ParentImage": "C:\\Windows\\SysWOW64\\cmd.exe",
                  "FileVersion": "10.0.17134.1 (WinBuild.160101.0800)",
                  "ParentProcessId": "7600",
                  "CurrentDirectory": "C:\\Users\\george\\Desktop\\",
                  "CommandLine": "\"C:\\Users\\george\\AppData\\Local\\Temp\\smss.exe\"  127.1 -n 5",
                  "EventID": "1",
                  "LogonGuid": "C784477D-C5D3-648A-22FA-030000000000",
                  "LogonId": "260642",
                  "Image": "C:\\Users\\george\\AppData\\Local\\Temp\\smss.exe",
                  "IntegrityLevel": "High",
                  "ParentCommandLine": "C:\\Windows\\system32\\cmd.exe /c \"C:\\Users\\george\\AppData\\Local\\Temp\\1.tmp.cmd \"C:\\Users\\george\\AppData\\Local\\Temp\\PDBDIS~1.EXE\"\"",
                  "UtcTime": "1693156532",
                  "RuleName": "-"
                }
              },
              {
                "values": {
                  "TerminalSessionId": "1",
                  "ProcessGuid": "{C784477D-84B9-64EB-7B06-000000004400}",
                  "ProcessId": "7852",
                  "Product": "Microsoft\\xae Windows\\xae Operating System",
                  "Description": "TCP/IP Ping Command",
                  "Company": "Microsoft Corporation",
                  "ParentProcessGuid": "{C784477D-843C-64EB-3106-000000004400}",
                  "User": "DESKTOP-B0T93D6\\george",
                  "Hashes": "MD5=70C24A306F768936563ABDADB9CA9108,SHA256=7BF496D5B9F227CCE033F204E21743008C3F4B081D44B02500EDA4EFBCCF3281,IMPHASH=6C1FE20B3F9688A9263FFDF9FF417272",
                  "OriginalFileName": "ping.exe",
                  "ParentImage": "C:\\Windows\\SysWOW64\\cmd.exe",
                  "FileVersion": "10.0.17134.1 (WinBuild.160101.0800)",
                  "ParentProcessId": "7600",
                  "CurrentDirectory": "C:\\Users\\george\\Desktop\\",
                  "CommandLine": "\"C:\\Users\\george\\AppData\\Local\\Temp\\smss.exe\"  127.1 -n 5",
                  "EventID": "1",
                  "LogonGuid": "C784477D-C5D3-648A-22FA-030000000000",
                  "LogonId": "260642",
                  "Image": "C:\\Users\\george\\AppData\\Local\\Temp\\smss.exe",
                  "IntegrityLevel": "High",
                  "ParentCommandLine": "C:\\Windows\\system32\\cmd.exe /c \"C:\\Users\\george\\AppData\\Local\\Temp\\1.tmp.cmd \"C:\\Users\\george\\AppData\\Local\\Temp\\PDBDIS~1.EXE\"\"",
                  "UtcTime": "1693156537",
                  "RuleName": "-"
                }
              },
              {
                "values": {
                  "TerminalSessionId": "1",
                  "ProcessGuid": "{C784477D-84BD-64EB-7D06-000000004400}",
                  "ProcessId": "3408",
                  "Product": "Microsoft\\xae Windows\\xae Operating System",
                  "Description": "TCP/IP Ping Command",
                  "Company": "Microsoft Corporation",
                  "ParentProcessGuid": "{C784477D-843C-64EB-3106-000000004400}",
                  "User": "DESKTOP-B0T93D6\\george",
                  "Hashes": "MD5=70C24A306F768936563ABDADB9CA9108,SHA256=7BF496D5B9F227CCE033F204E21743008C3F4B081D44B02500EDA4EFBCCF3281,IMPHASH=6C1FE20B3F9688A9263FFDF9FF417272",
                  "OriginalFileName": "ping.exe",
                  "ParentImage": "C:\\Windows\\SysWOW64\\cmd.exe",
                  "FileVersion": "10.0.17134.1 (WinBuild.160101.0800)",
                  "ParentProcessId": "7600",
                  "CurrentDirectory": "C:\\Users\\george\\Desktop\\",
                  "CommandLine": "\"C:\\Users\\george\\AppData\\Local\\Temp\\smss.exe\"  127.1 -n 5",
                  "EventID": "1",
                  "LogonGuid": "C784477D-C5D3-648A-22FA-030000000000",
                  "LogonId": "260642",
                  "Image": "C:\\Users\\george\\AppData\\Local\\Temp\\smss.exe",
                  "IntegrityLevel": "High",
                  "ParentCommandLine": "C:\\Windows\\system32\\cmd.exe /c \"C:\\Users\\george\\AppData\\Local\\Temp\\1.tmp.cmd \"C:\\Users\\george\\AppData\\Local\\Temp\\PDBDIS~1.EXE\"\"",
                  "UtcTime": "1693156541",
                  "RuleName": "-"
                }
              },
              {
                "values": {
                  "TerminalSessionId": "1",
                  "ProcessGuid": "{C784477D-84C1-64EB-7F06-000000004400}",
                  "ProcessId": "3392",
                  "Product": "Microsoft\\xae Windows\\xae Operating System",
                  "Description": "TCP/IP Ping Command",
                  "Company": "Microsoft Corporation",
                  "ParentProcessGuid": "{C784477D-843C-64EB-3106-000000004400}",
                  "User": "DESKTOP-B0T93D6\\george",
                  "Hashes": "MD5=70C24A306F768936563ABDADB9CA9108,SHA256=7BF496D5B9F227CCE033F204E21743008C3F4B081D44B02500EDA4EFBCCF3281,IMPHASH=6C1FE20B3F9688A9263FFDF9FF417272",
                  "OriginalFileName": "ping.exe",
                  "ParentImage": "C:\\Windows\\SysWOW64\\cmd.exe",
                  "FileVersion": "10.0.17134.1 (WinBuild.160101.0800)",
                  "ParentProcessId": "7600",
                  "CurrentDirectory": "C:\\Users\\george\\Desktop\\",
                  "CommandLine": "\"C:\\Users\\george\\AppData\\Local\\Temp\\smss.exe\"  127.1 -n 5",
                  "EventID": "1",
                  "LogonGuid": "C784477D-C5D3-648A-22FA-030000000000",
                  "LogonId": "260642",
                  "Image": "C:\\Users\\george\\AppData\\Local\\Temp\\smss.exe",
                  "IntegrityLevel": "High",
                  "ParentCommandLine": "C:\\Windows\\system32\\cmd.exe /c \"C:\\Users\\george\\AppData\\Local\\Temp\\1.tmp.cmd \"C:\\Users\\george\\AppData\\Local\\Temp\\PDBDIS~1.EXE\"\"",
                  "UtcTime": "1693156545",
                  "RuleName": "-"
                }
              },
              {
                "values": {
                  "TerminalSessionId": "1",
                  "ProcessGuid": "{C784477D-84C9-64EB-8306-000000004400}",
                  "ProcessId": "1576",
                  "Product": "Microsoft\\xae Windows\\xae Operating System",
                  "Description": "TCP/IP Ping Command",
                  "Company": "Microsoft Corporation",
                  "ParentProcessGuid": "{C784477D-843C-64EB-3106-000000004400}",
                  "User": "DESKTOP-B0T93D6\\george",
                  "Hashes": "MD5=70C24A306F768936563ABDADB9CA9108,SHA256=7BF496D5B9F227CCE033F204E21743008C3F4B081D44B02500EDA4EFBCCF3281,IMPHASH=6C1FE20B3F9688A9263FFDF9FF417272",
                  "OriginalFileName": "ping.exe",
                  "ParentImage": "C:\\Windows\\SysWOW64\\cmd.exe",
                  "FileVersion": "10.0.17134.1 (WinBuild.160101.0800)",
                  "ParentProcessId": "7600",
                  "CurrentDirectory": "C:\\Users\\george\\Desktop\\",
                  "CommandLine": "\"C:\\Users\\george\\AppData\\Local\\Temp\\smss.exe\"  127.1 -n 5",
                  "EventID": "1",
                  "LogonGuid": "C784477D-C5D3-648A-22FA-030000000000",
                  "LogonId": "260642",
                  "Image": "C:\\Users\\george\\AppData\\Local\\Temp\\smss.exe",
                  "IntegrityLevel": "High",
                  "ParentCommandLine": "C:\\Windows\\system32\\cmd.exe /c \"C:\\Users\\george\\AppData\\Local\\Temp\\1.tmp.cmd \"C:\\Users\\george\\AppData\\Local\\Temp\\PDBDIS~1.EXE\"\"",
                  "UtcTime": "1693156553",
                  "RuleName": "-"
                }
              },
              {
                "values": {
                  "TerminalSessionId": "1",
                  "ProcessGuid": "{C784477D-84CD-64EB-8506-000000004400}",
                  "ProcessId": "7700",
                  "Product": "Microsoft\\xae Windows\\xae Operating System",
                  "Description": "TCP/IP Ping Command",
                  "Company": "Microsoft Corporation",
                  "ParentProcessGuid": "{C784477D-843C-64EB-3106-000000004400}",
                  "User": "DESKTOP-B0T93D6\\george",
                  "Hashes": "MD5=70C24A306F768936563ABDADB9CA9108,SHA256=7BF496D5B9F227CCE033F204E21743008C3F4B081D44B02500EDA4EFBCCF3281,IMPHASH=6C1FE20B3F9688A9263FFDF9FF417272",
                  "OriginalFileName": "ping.exe",
                  "ParentImage": "C:\\Windows\\SysWOW64\\cmd.exe",
                  "FileVersion": "10.0.17134.1 (WinBuild.160101.0800)",
                  "ParentProcessId": "7600",
                  "CurrentDirectory": "C:\\Users\\george\\Desktop\\",
                  "CommandLine": "\"C:\\Users\\george\\AppData\\Local\\Temp\\smss.exe\"  127.1 -n 5",
                  "EventID": "1",
                  "LogonGuid": "C784477D-C5D3-648A-22FA-030000000000",
                  "LogonId": "260642",
                  "Image": "C:\\Users\\george\\AppData\\Local\\Temp\\smss.exe",
                  "IntegrityLevel": "High",
                  "ParentCommandLine": "C:\\Windows\\system32\\cmd.exe /c \"C:\\Users\\george\\AppData\\Local\\Temp\\1.tmp.cmd \"C:\\Users\\george\\AppData\\Local\\Temp\\PDBDIS~1.EXE\"\"",
                  "UtcTime": "1693156557",
                  "RuleName": "-"
                }
              },
              {
                "values": {
                  "TerminalSessionId": "1",
                  "ProcessGuid": "{C784477D-84D1-64EB-8706-000000004400}",
                  "ProcessId": "6712",
                  "Product": "Microsoft\\xae Windows\\xae Operating System",
                  "Description": "TCP/IP Ping Command",
                  "Company": "Microsoft Corporation",
                  "ParentProcessGuid": "{C784477D-843C-64EB-3106-000000004400}",
                  "User": "DESKTOP-B0T93D6\\george",
                  "Hashes": "MD5=70C24A306F768936563ABDADB9CA9108,SHA256=7BF496D5B9F227CCE033F204E21743008C3F4B081D44B02500EDA4EFBCCF3281,IMPHASH=6C1FE20B3F9688A9263FFDF9FF417272",
                  "OriginalFileName": "ping.exe",
                  "ParentImage": "C:\\Windows\\SysWOW64\\cmd.exe",
                  "FileVersion": "10.0.17134.1 (WinBuild.160101.0800)",
                  "ParentProcessId": "7600",
                  "CurrentDirectory": "C:\\Users\\george\\Desktop\\",
                  "CommandLine": "\"C:\\Users\\george\\AppData\\Local\\Temp\\smss.exe\"  127.1 -n 5",
                  "EventID": "1",
                  "LogonGuid": "C784477D-C5D3-648A-22FA-030000000000",
                  "LogonId": "260642",
                  "Image": "C:\\Users\\george\\AppData\\Local\\Temp\\smss.exe",
                  "IntegrityLevel": "High",
                  "ParentCommandLine": "C:\\Windows\\system32\\cmd.exe /c \"C:\\Users\\george\\AppData\\Local\\Temp\\1.tmp.cmd \"C:\\Users\\george\\AppData\\Local\\Temp\\PDBDIS~1.EXE\"\"",
                  "UtcTime": "1693156561",
                  "RuleName": "-"
                }
              }
            ],
            "rule_level": "high",
            "rule_description": "Detects a Windows program executable started from a suspicious folder",
            "rule_source": "Sigma Integrated Rule Set (GitHub)",
            "rule_title": "System File Execution Location Anomaly",
            "rule_id": "25fc56c1bee673d7ff3edcf371e4d2a36c0af83222da348961b87735c8efa61f",
            "rule_author": "Florian Roth (Nextron Systems), Patrick Bareiss, Anton Kutepov, oscd.community, Nasreddine Bencherchali"
          },
          {
            "match_context": [
              {
                "values": {
                  "EventID": "13",
                  "ProcessId": "3332",
                  "EventType": "SetValue",
                  "Image": "C:\\Users\\george\\Desktop\\program.exe",
                  "ProcessGuid": "{C784477D-8435-64EB-2D06-000000004400}",
                  "UtcTime": "1693156406",
                  "Details": "AcroIEHelperStub",
                  "RuleName": "T1176",
                  "TargetObject": "HKLM\\SOFTWARE\\WOW6432Node\\Microsoft\\Windows\\CurrentVersion\\Explorer\\Browser Helper Objects\\{18DF081C-E8AD-4283-A596-FA578C2EBDC3}\\(Default)"
                }
              },
              {
                "values": {
                  "EventID": "13",
                  "ProcessId": "3332",
                  "EventType": "SetValue",
                  "Image": "C:\\Users\\george\\Desktop\\program.exe",
                  "ProcessGuid": "{C784477D-8435-64EB-2D06-000000004400}",
                  "UtcTime": "1693156406",
                  "Details": "DWORD (0x00000001)",
                  "RuleName": "T1176",
                  "TargetObject": "HKLM\\SOFTWARE\\WOW6432Node\\Microsoft\\Windows\\CurrentVersion\\Explorer\\Browser Helper Objects\\{18DF081C-E8AD-4283-A596-FA578C2EBDC3}\\NoExplorer"
                }
              },
              {
                "values": {
                  "EventID": "13",
                  "ProcessId": "3332",
                  "EventType": "SetValue",
                  "Image": "C:\\Users\\george\\Desktop\\program.exe",
                  "ProcessGuid": "{C784477D-8435-64EB-2D06-000000004400}",
                  "UtcTime": "1693156406",
                  "Details": "C:\\Windows\\system32\\pptpmsdhcp.exe",
                  "RuleName": "T1060,RunKey",
                  "TargetObject": "HKLM\\SOFTWARE\\WOW6432Node\\Microsoft\\Windows\\CurrentVersion\\Run\\recovery"
                }
              }
            ],
            "rule_level": "medium",
            "rule_description": "Detects modification of autostart extensibility point (ASEP) in registry.",
            "rule_source": "Sigma Integrated Rule Set (GitHub)",
            "rule_title": "Wow6432Node CurrentVersion Autorun Keys Modification",
            "rule_id": "18842e32896dd83b8aca4d5e1ac78c1f66b1d252479c0023cdd02f108c42c8cd",
            "rule_author": "Victor Sergeev, Daniil Yugoslavskiy, Gleb Sukhodolskiy, Timur Zinniatullin, oscd.community, Tim Shelton, frack113 (split)"
          },
          {
            "match_context": [
              {
                "values": {
                  "EventID": "13",
                  "ProcessId": "7924",
                  "EventType": "SetValue",
                  "Image": "C:\\Windows\\SysWOW64\\regedit.exe",
                  "ProcessGuid": "{C784477D-847F-64EB-5B06-000000004400}",
                  "UtcTime": "1693156479",
                  "Details": "DWORD (0x00000002)",
                  "RuleName": "Suspicious,ImageBeginWithBackslash",
                  "TargetObject": "HKU\\S-1-5-21-1015118539-3749460369-599379286-1001\\Software\\Microsoft\\Windows\\CurrentVersion\\Internet Settings\\ZoneMap\\Domains\\82.146.51.22\\*"
                }
              }
            ],
            "rule_level": "medium",
            "rule_description": "Hides the file extension through modification of the registry",
            "rule_source": "Sigma Integrated Rule Set (GitHub)",
            "rule_title": "IE Change Domain Zone",
            "rule_id": "1fd27acf648f3f73802533ae95c6e367de8eb32fe05e9d3b52913ec54401a5ca",
            "rule_author": "frack113"
          },
          {
            "match_context": [
              {
                "values": {
                  "EventID": "13",
                  "ProcessId": "3332",
                  "EventType": "SetValue",
                  "Image": "C:\\Users\\george\\Desktop\\program.exe",
                  "RuleName": "T1060,RunPolicy",
                  "UtcTime": "1693156406",
                  "Details": "C:\\Windows\\system32\\pptpmsdhcp.exe",
                  "ProcessGuid": "{C784477D-8435-64EB-2D06-000000004400}",
                  "TargetObject": "HKLM\\SOFTWARE\\Microsoft\\Windows\\CurrentVersion\\Policies\\Explorer\\Run\\recovery"
                }
              }
            ],
            "rule_level": "medium",
            "rule_description": "Detects modification of autostart extensibility point (ASEP) in registry.",
            "rule_source": "Sigma Integrated Rule Set (GitHub)",
            "rule_title": "CurrentVersion Autorun Keys Modification",
            "rule_id": "8b5db9da5732dc549b0e8b56fe5933d7c95ed760f3ac20568ab95347ef8c5bcc",
            "rule_author": "Victor Sergeev, Daniil Yugoslavskiy, Gleb Sukhodolskiy, Timur Zinniatullin, oscd.community, Tim Shelton, frack113 (split)"
          },
          {
            "match_context": [
              {
                "values": {
                  "TerminalSessionId": "1",
                  "ProcessGuid": "{C784477D-843C-64EB-3106-000000004400}",
                  "ProcessId": "7600",
                  "Product": "Microsoft\\xae Windows\\xae Operating System",
                  "Description": "Windows Command Processor",
                  "Company": "Microsoft Corporation",
                  "ParentProcessGuid": "{C784477D-8438-64EB-2F06-000000004400}",
                  "User": "DESKTOP-B0T93D6\\george",
                  "Hashes": "MD5=F3BDBE3BB6F734E357235F4D5898582D,SHA256=3685495D051137B1C4EFDE22C26DF0883614B6453B762FA84588DA55ED2E7744,IMPHASH=0AF8419BE362159398343D7B31721726",
                  "OriginalFileName": "Cmd.Exe",
                  "ParentImage": "C:\\Users\\george\\AppData\\Local\\Temp\\pdbdispdns.exe",
                  "FileVersion": "10.0.17134.1 (WinBuild.160101.0800)",
                  "ParentProcessId": "4284",
                  "CurrentDirectory": "C:\\Users\\george\\Desktop\\",
                  "CommandLine": "C:\\Windows\\system32\\cmd.exe /c \"C:\\Users\\george\\AppData\\Local\\Temp\\1.tmp.cmd \"C:\\Users\\george\\AppData\\Local\\Temp\\PDBDIS~1.EXE\"\"",
                  "EventID": "1",
                  "LogonGuid": "C784477D-C5D3-648A-22FA-030000000000",
                  "LogonId": "260642",
                  "Image": "C:\\Windows\\SysWOW64\\cmd.exe",
                  "IntegrityLevel": "High",
                  "ParentCommandLine": "\"C:\\Users\\george\\AppData\\Local\\Temp\\pdbdispdns.exe\"",
                  "UtcTime": "1693156412",
                  "RuleName": "-"
                }
              },
              {
                "values": {
                  "TerminalSessionId": "1",
                  "ProcessGuid": "{C784477D-8440-64EB-3406-000000004400}",
                  "ProcessId": "8028",
                  "Product": "Microsoft\\xae Windows\\xae Operating System",
                  "Description": "Attribute Utility",
                  "Company": "Microsoft Corporation",
                  "ParentProcessGuid": "{C784477D-843C-64EB-3106-000000004400}",
                  "User": "DESKTOP-B0T93D6\\george",
                  "Hashes": "MD5=A5540E9F87D4CB083BDF8269DEC1CFF9,SHA256=9C0378382F4606E3709675CD9E28C43525156B174D0A5CECB68EC4398C31EF1C,IMPHASH=F0A82FEBA5B0EF2BE614622AE3E32C1C",
                  "OriginalFileName": "ATTRIB.EXE",
                  "ParentImage": "C:\\Windows\\SysWOW64\\cmd.exe",
                  "FileVersion": "10.0.17134.1 (WinBuild.160101.0800)",
                  "ParentProcessId": "7600",
                  "CurrentDirectory": "C:\\Users\\george\\Desktop\\",
                  "CommandLine": "attrib  -s -h \"C:\\Users\\george\\AppData\\Local\\Temp\\PDBDIS~1.EXE\"",
                  "EventID": "1",
                  "LogonGuid": "C784477D-C5D3-648A-22FA-030000000000",
                  "LogonId": "260642",
                  "Image": "C:\\Windows\\SysWOW64\\attrib.exe",
                  "IntegrityLevel": "High",
                  "ParentCommandLine": "C:\\Windows\\system32\\cmd.exe /c \"C:\\Users\\george\\AppData\\Local\\Temp\\1.tmp.cmd \"C:\\Users\\george\\AppData\\Local\\Temp\\PDBDIS~1.EXE\"\"",
                  "UtcTime": "1693156416",
                  "RuleName": "-"
                }
              },
              {
                "values": {
                  "TerminalSessionId": "1",
                  "ProcessGuid": "{C784477D-8445-64EB-3906-000000004400}",
                  "ProcessId": "2156",
                  "Product": "Microsoft\\xae Windows\\xae Operating System",
                  "Description": "Attribute Utility",
                  "Company": "Microsoft Corporation",
                  "ParentProcessGuid": "{C784477D-843C-64EB-3106-000000004400}",
                  "User": "DESKTOP-B0T93D6\\george",
                  "Hashes": "MD5=A5540E9F87D4CB083BDF8269DEC1CFF9,SHA256=9C0378382F4606E3709675CD9E28C43525156B174D0A5CECB68EC4398C31EF1C,IMPHASH=F0A82FEBA5B0EF2BE614622AE3E32C1C",
                  "OriginalFileName": "ATTRIB.EXE",
                  "ParentImage": "C:\\Windows\\SysWOW64\\cmd.exe",
                  "FileVersion": "10.0.17134.1 (WinBuild.160101.0800)",
                  "ParentProcessId": "7600",
                  "CurrentDirectory": "C:\\Users\\george\\Desktop\\",
                  "CommandLine": "attrib  -s -h \"C:\\Users\\george\\AppData\\Local\\Temp\\PDBDIS~1.EXE\"",
                  "EventID": "1",
                  "LogonGuid": "C784477D-C5D3-648A-22FA-030000000000",
                  "LogonId": "260642",
                  "Image": "C:\\Windows\\SysWOW64\\attrib.exe",
                  "IntegrityLevel": "High",
                  "ParentCommandLine": "C:\\Windows\\system32\\cmd.exe /c \"C:\\Users\\george\\AppData\\Local\\Temp\\1.tmp.cmd \"C:\\Users\\george\\AppData\\Local\\Temp\\PDBDIS~1.EXE\"\"",
                  "UtcTime": "1693156421",
                  "RuleName": "-"
                }
              },
              {
                "values": {
                  "TerminalSessionId": "1",
                  "ProcessGuid": "{C784477D-8449-64EB-3C06-000000004400}",
                  "ProcessId": "7188",
                  "Product": "Microsoft\\xae Windows\\xae Operating System",
                  "Description": "Attribute Utility",
                  "Company": "Microsoft Corporation",
                  "ParentProcessGuid": "{C784477D-843C-64EB-3106-000000004400}",
                  "User": "DESKTOP-B0T93D6\\george",
                  "Hashes": "MD5=A5540E9F87D4CB083BDF8269DEC1CFF9,SHA256=9C0378382F4606E3709675CD9E28C43525156B174D0A5CECB68EC4398C31EF1C,IMPHASH=F0A82FEBA5B0EF2BE614622AE3E32C1C",
                  "OriginalFileName": "ATTRIB.EXE",
                  "ParentImage": "C:\\Windows\\SysWOW64\\cmd.exe",
                  "FileVersion": "10.0.17134.1 (WinBuild.160101.0800)",
                  "ParentProcessId": "7600",
                  "CurrentDirectory": "C:\\Users\\george\\Desktop\\",
                  "CommandLine": "attrib  -s -h \"C:\\Users\\george\\AppData\\Local\\Temp\\PDBDIS~1.EXE\"",
                  "EventID": "1",
                  "LogonGuid": "C784477D-C5D3-648A-22FA-030000000000",
                  "LogonId": "260642",
                  "Image": "C:\\Windows\\SysWOW64\\attrib.exe",
                  "IntegrityLevel": "High",
                  "ParentCommandLine": "C:\\Windows\\system32\\cmd.exe /c \"C:\\Users\\george\\AppData\\Local\\Temp\\1.tmp.cmd \"C:\\Users\\george\\AppData\\Local\\Temp\\PDBDIS~1.EXE\"\"",
                  "UtcTime": "1693156425",
                  "RuleName": "-"
                }
              },
              {
                "values": {
                  "TerminalSessionId": "1",
                  "ProcessGuid": "{C784477D-844E-64EB-3F06-000000004400}",
                  "ProcessId": "864",
                  "Product": "Microsoft\\xae Windows\\xae Operating System",
                  "Description": "Attribute Utility",
                  "Company": "Microsoft Corporation",
                  "ParentProcessGuid": "{C784477D-843C-64EB-3106-000000004400}",
                  "User": "DESKTOP-B0T93D6\\george",
                  "Hashes": "MD5=A5540E9F87D4CB083BDF8269DEC1CFF9,SHA256=9C0378382F4606E3709675CD9E28C43525156B174D0A5CECB68EC4398C31EF1C,IMPHASH=F0A82FEBA5B0EF2BE614622AE3E32C1C",
                  "OriginalFileName": "ATTRIB.EXE",
                  "ParentImage": "C:\\Windows\\SysWOW64\\cmd.exe",
                  "FileVersion": "10.0.17134.1 (WinBuild.160101.0800)",
                  "ParentProcessId": "7600",
                  "CurrentDirectory": "C:\\Users\\george\\Desktop\\",
                  "CommandLine": "attrib  -s -h \"C:\\Users\\george\\AppData\\Local\\Temp\\PDBDIS~1.EXE\"",
                  "EventID": "1",
                  "LogonGuid": "C784477D-C5D3-648A-22FA-030000000000",
                  "LogonId": "260642",
                  "Image": "C:\\Windows\\SysWOW64\\attrib.exe",
                  "IntegrityLevel": "High",
                  "ParentCommandLine": "C:\\Windows\\system32\\cmd.exe /c \"C:\\Users\\george\\AppData\\Local\\Temp\\1.tmp.cmd \"C:\\Users\\george\\AppData\\Local\\Temp\\PDBDIS~1.EXE\"\"",
                  "UtcTime": "1693156430",
                  "RuleName": "-"
                }
              },
              {
                "values": {
                  "TerminalSessionId": "1",
                  "ProcessGuid": "{C784477D-8452-64EB-4106-000000004400}",
                  "ProcessId": "7852",
                  "Product": "Microsoft\\xae Windows\\xae Operating System",
                  "Description": "Attribute Utility",
                  "Company": "Microsoft Corporation",
                  "ParentProcessGuid": "{C784477D-843C-64EB-3106-000000004400}",
                  "User": "DESKTOP-B0T93D6\\george",
                  "Hashes": "MD5=A5540E9F87D4CB083BDF8269DEC1CFF9,SHA256=9C0378382F4606E3709675CD9E28C43525156B174D0A5CECB68EC4398C31EF1C,IMPHASH=F0A82FEBA5B0EF2BE614622AE3E32C1C",
                  "OriginalFileName": "ATTRIB.EXE",
                  "ParentImage": "C:\\Windows\\SysWOW64\\cmd.exe",
                  "FileVersion": "10.0.17134.1 (WinBuild.160101.0800)",
                  "ParentProcessId": "7600",
                  "CurrentDirectory": "C:\\Users\\george\\Desktop\\",
                  "CommandLine": "attrib  -s -h \"C:\\Users\\george\\AppData\\Local\\Temp\\PDBDIS~1.EXE\"",
                  "EventID": "1",
                  "LogonGuid": "C784477D-C5D3-648A-22FA-030000000000",
                  "LogonId": "260642",
                  "Image": "C:\\Windows\\SysWOW64\\attrib.exe",
                  "IntegrityLevel": "High",
                  "ParentCommandLine": "C:\\Windows\\system32\\cmd.exe /c \"C:\\Users\\george\\AppData\\Local\\Temp\\1.tmp.cmd \"C:\\Users\\george\\AppData\\Local\\Temp\\PDBDIS~1.EXE\"\"",
                  "UtcTime": "1693156434",
                  "RuleName": "-"
                }
              },
              {
                "values": {
                  "TerminalSessionId": "1",
                  "ProcessGuid": "{C784477D-8457-64EB-4306-000000004400}",
                  "ProcessId": "4204",
                  "Product": "Microsoft\\xae Windows\\xae Operating System",
                  "Description": "Attribute Utility",
                  "Company": "Microsoft Corporation",
                  "ParentProcessGuid": "{C784477D-843C-64EB-3106-000000004400}",
                  "User": "DESKTOP-B0T93D6\\george",
                  "Hashes": "MD5=A5540E9F87D4CB083BDF8269DEC1CFF9,SHA256=9C0378382F4606E3709675CD9E28C43525156B174D0A5CECB68EC4398C31EF1C,IMPHASH=F0A82FEBA5B0EF2BE614622AE3E32C1C",
                  "OriginalFileName": "ATTRIB.EXE",
                  "ParentImage": "C:\\Windows\\SysWOW64\\cmd.exe",
                  "FileVersion": "10.0.17134.1 (WinBuild.160101.0800)",
                  "ParentProcessId": "7600",
                  "CurrentDirectory": "C:\\Users\\george\\Desktop\\",
                  "CommandLine": "attrib  -s -h \"C:\\Users\\george\\AppData\\Local\\Temp\\PDBDIS~1.EXE\"",
                  "EventID": "1",
                  "LogonGuid": "C784477D-C5D3-648A-22FA-030000000000",
                  "LogonId": "260642",
                  "Image": "C:\\Windows\\SysWOW64\\attrib.exe",
                  "IntegrityLevel": "High",
                  "ParentCommandLine": "C:\\Windows\\system32\\cmd.exe /c \"C:\\Users\\george\\AppData\\Local\\Temp\\1.tmp.cmd \"C:\\Users\\george\\AppData\\Local\\Temp\\PDBDIS~1.EXE\"\"",
                  "UtcTime": "1693156439",
                  "RuleName": "-"
                }
              },
              {
                "values": {
                  "TerminalSessionId": "1",
                  "ProcessGuid": "{C784477D-845B-64EB-4506-000000004400}",
                  "ProcessId": "5560",
                  "Product": "Microsoft\\xae Windows\\xae Operating System",
                  "Description": "Attribute Utility",
                  "Company": "Microsoft Corporation",
                  "ParentProcessGuid": "{C784477D-843C-64EB-3106-000000004400}",
                  "User": "DESKTOP-B0T93D6\\george",
                  "Hashes": "MD5=A5540E9F87D4CB083BDF8269DEC1CFF9,SHA256=9C0378382F4606E3709675CD9E28C43525156B174D0A5CECB68EC4398C31EF1C,IMPHASH=F0A82FEBA5B0EF2BE614622AE3E32C1C",
                  "OriginalFileName": "ATTRIB.EXE",
                  "ParentImage": "C:\\Windows\\SysWOW64\\cmd.exe",
                  "FileVersion": "10.0.17134.1 (WinBuild.160101.0800)",
                  "ParentProcessId": "7600",
                  "CurrentDirectory": "C:\\Users\\george\\Desktop\\",
                  "CommandLine": "attrib  -s -h \"C:\\Users\\george\\AppData\\Local\\Temp\\PDBDIS~1.EXE\"",
                  "EventID": "1",
                  "LogonGuid": "C784477D-C5D3-648A-22FA-030000000000",
                  "LogonId": "260642",
                  "Image": "C:\\Windows\\SysWOW64\\attrib.exe",
                  "IntegrityLevel": "High",
                  "ParentCommandLine": "C:\\Windows\\system32\\cmd.exe /c \"C:\\Users\\george\\AppData\\Local\\Temp\\1.tmp.cmd \"C:\\Users\\george\\AppData\\Local\\Temp\\PDBDIS~1.EXE\"\"",
                  "UtcTime": "1693156443",
                  "RuleName": "-"
                }
              },
              {
                "values": {
                  "TerminalSessionId": "1",
                  "ProcessGuid": "{C784477D-845F-64EB-4706-000000004400}",
                  "ProcessId": "2740",
                  "Product": "Microsoft\\xae Windows\\xae Operating System",
                  "Description": "Attribute Utility",
                  "Company": "Microsoft Corporation",
                  "ParentProcessGuid": "{C784477D-843C-64EB-3106-000000004400}",
                  "User": "DESKTOP-B0T93D6\\george",
                  "Hashes": "MD5=A5540E9F87D4CB083BDF8269DEC1CFF9,SHA256=9C0378382F4606E3709675CD9E28C43525156B174D0A5CECB68EC4398C31EF1C,IMPHASH=F0A82FEBA5B0EF2BE614622AE3E32C1C",
                  "OriginalFileName": "ATTRIB.EXE",
                  "ParentImage": "C:\\Windows\\SysWOW64\\cmd.exe",
                  "FileVersion": "10.0.17134.1 (WinBuild.160101.0800)",
                  "ParentProcessId": "7600",
                  "CurrentDirectory": "C:\\Users\\george\\Desktop\\",
                  "CommandLine": "attrib  -s -h \"C:\\Users\\george\\AppData\\Local\\Temp\\PDBDIS~1.EXE\"",
                  "EventID": "1",
                  "LogonGuid": "C784477D-C5D3-648A-22FA-030000000000",
                  "LogonId": "260642",
                  "Image": "C:\\Windows\\SysWOW64\\attrib.exe",
                  "IntegrityLevel": "High",
                  "ParentCommandLine": "C:\\Windows\\system32\\cmd.exe /c \"C:\\Users\\george\\AppData\\Local\\Temp\\1.tmp.cmd \"C:\\Users\\george\\AppData\\Local\\Temp\\PDBDIS~1.EXE\"\"",
                  "UtcTime": "1693156447",
                  "RuleName": "-"
                }
              },
              {
                "values": {
                  "TerminalSessionId": "1",
                  "ProcessGuid": "{C784477D-8464-64EB-4906-000000004400}",
                  "ProcessId": "6560",
                  "Product": "Microsoft\\xae Windows\\xae Operating System",
                  "Description": "Attribute Utility",
                  "Company": "Microsoft Corporation",
                  "ParentProcessGuid": "{C784477D-843C-64EB-3106-000000004400}",
                  "User": "DESKTOP-B0T93D6\\george",
                  "Hashes": "MD5=A5540E9F87D4CB083BDF8269DEC1CFF9,SHA256=9C0378382F4606E3709675CD9E28C43525156B174D0A5CECB68EC4398C31EF1C,IMPHASH=F0A82FEBA5B0EF2BE614622AE3E32C1C",
                  "OriginalFileName": "ATTRIB.EXE",
                  "ParentImage": "C:\\Windows\\SysWOW64\\cmd.exe",
                  "FileVersion": "10.0.17134.1 (WinBuild.160101.0800)",
                  "ParentProcessId": "7600",
                  "CurrentDirectory": "C:\\Users\\george\\Desktop\\",
                  "CommandLine": "attrib  -s -h \"C:\\Users\\george\\AppData\\Local\\Temp\\PDBDIS~1.EXE\"",
                  "EventID": "1",
                  "LogonGuid": "C784477D-C5D3-648A-22FA-030000000000",
                  "LogonId": "260642",
                  "Image": "C:\\Windows\\SysWOW64\\attrib.exe",
                  "IntegrityLevel": "High",
                  "ParentCommandLine": "C:\\Windows\\system32\\cmd.exe /c \"C:\\Users\\george\\AppData\\Local\\Temp\\1.tmp.cmd \"C:\\Users\\george\\AppData\\Local\\Temp\\PDBDIS~1.EXE\"\"",
                  "UtcTime": "1693156452",
                  "RuleName": "-"
                }
              },
              {
                "values": {
                  "TerminalSessionId": "1",
                  "ProcessGuid": "{C784477D-8469-64EB-4C06-000000004400}",
                  "ProcessId": "4168",
                  "Product": "Microsoft\\xae Windows\\xae Operating System",
                  "Description": "Attribute Utility",
                  "Company": "Microsoft Corporation",
                  "ParentProcessGuid": "{C784477D-843C-64EB-3106-000000004400}",
                  "User": "DESKTOP-B0T93D6\\george",
                  "Hashes": "MD5=A5540E9F87D4CB083BDF8269DEC1CFF9,SHA256=9C0378382F4606E3709675CD9E28C43525156B174D0A5CECB68EC4398C31EF1C,IMPHASH=F0A82FEBA5B0EF2BE614622AE3E32C1C",
                  "OriginalFileName": "ATTRIB.EXE",
                  "ParentImage": "C:\\Windows\\SysWOW64\\cmd.exe",
                  "FileVersion": "10.0.17134.1 (WinBuild.160101.0800)",
                  "ParentProcessId": "7600",
                  "CurrentDirectory": "C:\\Users\\george\\Desktop\\",
                  "CommandLine": "attrib  -s -h \"C:\\Users\\george\\AppData\\Local\\Temp\\PDBDIS~1.EXE\"",
                  "EventID": "1",
                  "LogonGuid": "C784477D-C5D3-648A-22FA-030000000000",
                  "LogonId": "260642",
                  "Image": "C:\\Windows\\SysWOW64\\attrib.exe",
                  "IntegrityLevel": "High",
                  "ParentCommandLine": "C:\\Windows\\system32\\cmd.exe /c \"C:\\Users\\george\\AppData\\Local\\Temp\\1.tmp.cmd \"C:\\Users\\george\\AppData\\Local\\Temp\\PDBDIS~1.EXE\"\"",
                  "UtcTime": "1693156457",
                  "RuleName": "-"
                }
              },
              {
                "values": {
                  "TerminalSessionId": "1",
                  "ProcessGuid": "{C784477D-846D-64EB-4E06-000000004400}",
                  "ProcessId": "3384",
                  "Product": "Microsoft\\xae Windows\\xae Operating System",
                  "Description": "Attribute Utility",
                  "Company": "Microsoft Corporation",
                  "ParentProcessGuid": "{C784477D-843C-64EB-3106-000000004400}",
                  "User": "DESKTOP-B0T93D6\\george",
                  "Hashes": "MD5=A5540E9F87D4CB083BDF8269DEC1CFF9,SHA256=9C0378382F4606E3709675CD9E28C43525156B174D0A5CECB68EC4398C31EF1C,IMPHASH=F0A82FEBA5B0EF2BE614622AE3E32C1C",
                  "OriginalFileName": "ATTRIB.EXE",
                  "ParentImage": "C:\\Windows\\SysWOW64\\cmd.exe",
                  "FileVersion": "10.0.17134.1 (WinBuild.160101.0800)",
                  "ParentProcessId": "7600",
                  "CurrentDirectory": "C:\\Users\\george\\Desktop\\",
                  "CommandLine": "attrib  -s -h \"C:\\Users\\george\\AppData\\Local\\Temp\\PDBDIS~1.EXE\"",
                  "EventID": "1",
                  "LogonGuid": "C784477D-C5D3-648A-22FA-030000000000",
                  "LogonId": "260642",
                  "Image": "C:\\Windows\\SysWOW64\\attrib.exe",
                  "IntegrityLevel": "High",
                  "ParentCommandLine": "C:\\Windows\\system32\\cmd.exe /c \"C:\\Users\\george\\AppData\\Local\\Temp\\1.tmp.cmd \"C:\\Users\\george\\AppData\\Local\\Temp\\PDBDIS~1.EXE\"\"",
                  "UtcTime": "1693156461",
                  "RuleName": "-"
                }
              },
