              {
                "values": {
                  "TerminalSessionId": "1",
                  "ProcessGuid": "5240FBE6-0D2B-62E8-BF00-000000002400",
                  "ProcessId": "2192",
                  "Product": "Microsoft\u00ae Windows\u00ae Operating System",
                  "Description": "TCP/IP Ping Command",
                  "Company": "Microsoft Corporation",
                  "ParentProcessGuid": "5240FBE6-0D21-62E8-A700-000000002400",
                  "User": "work\\admin",
                  "Hashes": "MD5=6242E3D67787CCBF4E06AD2982853144,SHA256=4CA10DBA7FF487FDB3F1362A3681D7D929F5AA1262CDFD31B04C30826983FB1D,IMPHASH=608DEBBDFBEAC87355579C189F9BDFC5",
                  "OriginalFileName": "ping.exe",
                  "ParentImage": "C:\\Windows\\SysWOW64\\cmd.exe",
                  "FileVersion": "6.1.7600.16385 (win7_rtm.090713-1255)",
                  "ParentProcessId": "2412",
                  "CurrentDirectory": "C:\\Users\\admin\\Downloads\\",
                  "CommandLine": "\"C:\\Users\\admin\\AppData\\Local\\Temp\\smss.exe\"  127.1 -n 5",
                  "EventID": "1",
                  "LogonGuid": "5240FBE6-0C95-62E8-AC1E-010000000000",
                  "LogonId": "73388",
                  "Image": "C:\\Users\\admin\\AppData\\Local\\Temp\\smss.exe",
                  "IntegrityLevel": "High",
                  "ParentCommandLine": "C:\\Windows\\system32\\cmd.exe /c \"C:\\Users\\admin\\AppData\\Local\\Temp\\6826.tmp.cmd \"C:\\Users\\admin\\AppData\\Local\\Temp\\rasdnsip.exe\"\"",
                  "UtcTime": "2022-08-01 17:28:11.046",
                  "RuleName": "-"
                }
              },
              {
                "values": {
                  "TerminalSessionId": "1",
                  "ProcessGuid": "5240FBE6-0D2F-62E8-C700-000000002400",
                  "ProcessId": "2572",
                  "Product": "Microsoft\u00ae Windows\u00ae Operating System",
                  "Description": "TCP/IP Ping Command",
                  "Company": "Microsoft Corporation",
                  "ParentProcessGuid": "5240FBE6-0D21-62E8-A700-000000002400",
                  "User": "work\\admin",
                  "Hashes": "MD5=6242E3D67787CCBF4E06AD2982853144,SHA256=4CA10DBA7FF487FDB3F1362A3681D7D929F5AA1262CDFD31B04C30826983FB1D,IMPHASH=608DEBBDFBEAC87355579C189F9BDFC5",
                  "OriginalFileName": "ping.exe",
                  "ParentImage": "C:\\Windows\\SysWOW64\\cmd.exe",
                  "FileVersion": "6.1.7600.16385 (win7_rtm.090713-1255)",
                  "ParentProcessId": "2412",
                  "CurrentDirectory": "C:\\Users\\admin\\Downloads\\",
                  "CommandLine": "\"C:\\Users\\admin\\AppData\\Local\\Temp\\smss.exe\"  127.1 -n 5",
                  "EventID": "1",
                  "LogonGuid": "5240FBE6-0C95-62E8-AC1E-010000000000",
                  "LogonId": "73388",
                  "Image": "C:\\Users\\admin\\AppData\\Local\\Temp\\smss.exe",
                  "IntegrityLevel": "High",
                  "ParentCommandLine": "C:\\Windows\\system32\\cmd.exe /c \"C:\\Users\\admin\\AppData\\Local\\Temp\\6826.tmp.cmd \"C:\\Users\\admin\\AppData\\Local\\Temp\\rasdnsip.exe\"\"",
                  "UtcTime": "2022-08-01 17:28:15.562",
                  "RuleName": "-"
                }
              },
              {
                "values": {
                  "TerminalSessionId": "1",
                  "ProcessGuid": "5240FBE6-0D35-62E8-D200-000000002400",
                  "ProcessId": "2712",
                  "Product": "Microsoft\u00ae Windows\u00ae Operating System",
                  "Description": "TCP/IP Ping Command",
                  "Company": "Microsoft Corporation",
                  "ParentProcessGuid": "5240FBE6-0D21-62E8-A700-000000002400",
                  "User": "work\\admin",
                  "Hashes": "MD5=6242E3D67787CCBF4E06AD2982853144,SHA256=4CA10DBA7FF487FDB3F1362A3681D7D929F5AA1262CDFD31B04C30826983FB1D,IMPHASH=608DEBBDFBEAC87355579C189F9BDFC5",
                  "OriginalFileName": "ping.exe",
                  "ParentImage": "C:\\Windows\\SysWOW64\\cmd.exe",
                  "FileVersion": "6.1.7600.16385 (win7_rtm.090713-1255)",
                  "ParentProcessId": "2412",
                  "CurrentDirectory": "C:\\Users\\admin\\Downloads\\",
                  "CommandLine": "\"C:\\Users\\admin\\AppData\\Local\\Temp\\smss.exe\"  127.1 -n 5",
                  "EventID": "1",
                  "LogonGuid": "5240FBE6-0C95-62E8-AC1E-010000000000",
                  "LogonId": "73388",
                  "Image": "C:\\Users\\admin\\AppData\\Local\\Temp\\smss.exe",
                  "IntegrityLevel": "High",
                  "ParentCommandLine": "C:\\Windows\\system32\\cmd.exe /c \"C:\\Users\\admin\\AppData\\Local\\Temp\\6826.tmp.cmd \"C:\\Users\\admin\\AppData\\Local\\Temp\\rasdnsip.exe\"\"",
                  "UtcTime": "2022-08-01 17:28:21.312",
                  "RuleName": "-"
                }
              }
            ]
          },
          {
            "rule_level": "high",
            "rule_id": "e4d5f1be0673fa786cc8379c15338af08cdd11eed433bead9e801d6204d42a2d",
            "rule_source": "Sigma Integrated Rule Set (GitHub)",
            "rule_title": "Python Initiated Connection",
            "rule_description": "Adversaries may attempt to get a listing of services running on remote hosts, including those that may be vulnerable to remote software exploitation",
            "rule_author": "frack113",
            "match_context": [
              {
                "values": {
                  "EventID": "3",
                  "ProcessId": "2044",
                  "DestinationPortName": "-",
                  "SourceIsIpv6": "false",
                  "DestinationIp": "255.255.255.255",
                  "Initiated": "true",
                  "SourcePortName": "-",
                  "Image": "C:\\Users\\admin\\AppData\\Local\\Programs\\Python\\Python37\\pythonw.exe",
                  "RuleName": "Usermode",
                  "DestinationHostname": "-",
                  "UtcTime": "2022-08-01 17:27:47.947",
                  "User": "work\\admin",
                  "DestinationPort": "12345",
                  "ProcessGuid": "5240FBE6-0D08-62E8-3B00-000000002400",
                  "SourcePort": "63989",
                  "Protocol": "udp",
                  "SourceHostname": "-",
                  "SourceIp": "192.168.122.101",
                  "DestinationIsIpv6": "false"
                }
              },
              {
                "values": {
                  "EventID": "3",
                  "ProcessId": "2044",
                  "DestinationPortName": "-",
                  "SourceIsIpv6": "false",
                  "DestinationIp": "142.251.16.153",
                  "Initiated": "true",
                  "SourcePortName": "-",
                  "Image": "C:\\Users\\admin\\AppData\\Local\\Programs\\Python\\Python37\\pythonw.exe",
                  "RuleName": "Usermode",
                  "DestinationHostname": "-",
                  "UtcTime": "2022-08-01 17:27:58.094",
                  "User": "work\\admin",
                  "DestinationPort": "443",
                  "ProcessGuid": "5240FBE6-0D08-62E8-3B00-000000002400",
                  "SourcePort": "49169",
                  "Protocol": "tcp",
                  "SourceHostname": "-",
                  "SourceIp": "192.168.122.101",
                  "DestinationIsIpv6": "false"
                }
              },
              {
                "values": {
                  "EventID": "3",
                  "ProcessId": "2044",
                  "DestinationPortName": "-",
                  "Protocol": "tcp",
                  "Initiated": "true",
                  "DestinationIp": "142.251.16.153",
                  "SourcePortName": "-",
                  "Image": "C:\\Users\\admin\\AppData\\Local\\Programs\\Python\\Python37\\pythonw.exe",
                  "RuleName": "Usermode",
                  "DestinationHostname": "-",
                  "UtcTime": "2022-08-01 17:27:58.528",
                  "User": "work\\admin",
                  "DestinationPort": "443",
                  "ProcessGuid": "5240FBE6-0D08-62E8-3B00-000000002400",
                  "SourcePort": "49171",
                  "SourceIsIpv6": "false",
                  "SourceHostname": "-",
                  "SourceIp": "192.168.122.101",
                  "DestinationIsIpv6": "false"
                }
              },
              {
                "values": {
                  "EventID": "3",
                  "ProcessId": "2044",
                  "DestinationPortName": "-",
                  "SourceIsIpv6": "false",
                  "Initiated": "true",
                  "DestinationIp": "142.251.16.153",
                  "SourcePortName": "-",
                  "Image": "C:\\Users\\admin\\AppData\\Local\\Programs\\Python\\Python37\\pythonw.exe",
                  "RuleName": "Usermode",
                  "DestinationHostname": "-",
                  "UtcTime": "2022-08-01 17:28:03.711",
                  "User": "work\\admin",
                  "DestinationPort": "443",
                  "ProcessGuid": "5240FBE6-0D08-62E8-3B00-000000002400",
                  "SourcePort": "49172",
                  "Protocol": "tcp",
                  "SourceHostname": "-",
                  "SourceIp": "192.168.122.101",
                  "DestinationIsIpv6": "false"
                }
              },
              {
                "values": {
                  "EventID": "3",
                  "ProcessId": "2044",
                  "DestinationPortName": "-",
                  "Protocol": "tcp",
                  "DestinationIp": "142.251.16.153",
                  "Initiated": "true",
                  "SourcePortName": "-",
                  "Image": "C:\\Users\\admin\\AppData\\Local\\Programs\\Python\\Python37\\pythonw.exe",
                  "RuleName": "Usermode",
                  "DestinationHostname": "-",
                  "UtcTime": "2022-08-01 17:28:09.344",
                  "User": "work\\admin",
                  "DestinationPort": "443",
                  "ProcessGuid": "5240FBE6-0D08-62E8-3B00-000000002400",
                  "SourcePort": "49173",
                  "SourceIsIpv6": "false",
                  "SourceHostname": "-",
                  "SourceIp": "192.168.122.101",
                  "DestinationIsIpv6": "false"
                }
              }
            ]
          },
          {
            "rule_level": "medium",
            "rule_id": "18842e32896dd83b8aca4d5e1ac78c1f66b1d252479c0023cdd02f108c42c8cd",
            "rule_source": "Sigma Integrated Rule Set (GitHub)",
            "rule_title": "Wow6432Node CurrentVersion Autorun Keys Modification",
            "rule_description": "Detects modification of autostart extensibility point (ASEP) in registry.",
            "rule_author": "Victor Sergeev, Daniil Yugoslavskiy, Gleb Sukhodolskiy, Timur Zinniatullin, oscd.community, Tim Shelton, frack113 (split)",
            "match_context": [
              {
                "values": {
                  "RuleName": "T1176",
                  "Details": "AcroIEHelperStub",
                  "EventID": "13",
                  "Image": "C:\\Users\\george\\Desktop\\executable.exe",
                  "EventType": "SetValue",
                  "TargetObject": "HKLM\\SOFTWARE\\WOW6432Node\\Microsoft\\Windows\\CurrentVersion\\Explorer\\Browser Helper Objects\\{18DF081C-E8AD-4283-A596-FA578C2EBDC3}\\(Default)"
                }
              },
              {
                "values": {
                  "RuleName": "T1176",
                  "Details": "DWORD (0x00000001)",
                  "EventType": "SetValue",
                  "Image": "C:\\Users\\george\\Desktop\\executable.exe",
                  "EventID": "13",
                  "TargetObject": "HKLM\\SOFTWARE\\WOW6432Node\\Microsoft\\Windows\\CurrentVersion\\Explorer\\Browser Helper Objects\\{18DF081C-E8AD-4283-A596-FA578C2EBDC3}\\NoExplorer"
                }
              }
            ]
          },
          {
            "rule_level": "medium",
            "rule_id": "c0bf6ba71da9d0f13368b0f1281354c8f9b3d491845ea5902282fece277ec655",
            "rule_source": "Sigma Integrated Rule Set (GitHub)",
            "rule_title": "Use NTFS Short Name in Command Line",
            "rule_description": "Detect use of the Windows 8.3 short name. Which could be used as a method to avoid command-line detection",
            "rule_author": "frack113, Nasreddine Bencherchali (Nextron Systems)",
            "match_context": [
              {
                "values": {
                  "Hashes": "MD5=F3BDBE3BB6F734E357235F4D5898582D,SHA256=3685495D051137B1C4EFDE22C26DF0883614B6453B762FA84588DA55ED2E7744,IMPHASH=0AF8419BE362159398343D7B31721726",
                  "CurrentDirectory": "C:\\Users\\george\\Desktop\\",
                  "OriginalFileName": "Cmd.Exe",
                  "Product": "Microsoft\u00ae Windows\u00ae Operating System",
                  "Description": "Windows Command Processor",
                  "EventID": "1",
                  "ParentCommandLine": "\"C:\\Users\\george\\AppData\\Local\\Temp\\lsadhcpdisp.exe\"",
                  "CommandLine": "C:\\Windows\\system32\\cmd.exe /c \"C:\\Users\\george\\AppData\\Local\\Temp\\1670.tmp.cmd \"C:\\Users\\george\\AppData\\Local\\Temp\\LSADHC~1.EXE\"\"",
                  "FileVersion": "10.0.17134.1 (WinBuild.160101.0800)",
                  "ParentImage": "C:\\Users\\george\\AppData\\Local\\Temp\\lsadhcpdisp.exe",
                  "IntegrityLevel": "High",
                  "Image": "C:\\Windows\\SysWOW64\\cmd.exe",
                  "Company": "Microsoft Corporation"
                }
              },
              {
                "values": {
                  "Hashes": "MD5=A5540E9F87D4CB083BDF8269DEC1CFF9,SHA256=9C0378382F4606E3709675CD9E28C43525156B174D0A5CECB68EC4398C31EF1C,IMPHASH=F0A82FEBA5B0EF2BE614622AE3E32C1C",
                  "CurrentDirectory": "C:\\Users\\george\\Desktop\\",
                  "OriginalFileName": "ATTRIB.EXE",
                  "Product": "Microsoft\u00ae Windows\u00ae Operating System",
                  "Description": "Attribute Utility",
                  "FileVersion": "10.0.17134.1 (WinBuild.160101.0800)",
                  "ParentCommandLine": "C:\\Windows\\system32\\cmd.exe /c \"C:\\Users\\george\\AppData\\Local\\Temp\\1670.tmp.cmd \"C:\\Users\\george\\AppData\\Local\\Temp\\LSADHC~1.EXE\"\"",
                  "CommandLine": "attrib  -s -h \"C:\\Users\\george\\AppData\\Local\\Temp\\LSADHC~1.EXE\"",
                  "EventID": "1",
                  "ParentImage": "C:\\Windows\\SysWOW64\\cmd.exe",
                  "IntegrityLevel": "High",
                  "Image": "C:\\Windows\\SysWOW64\\attrib.exe",
                  "Company": "Microsoft Corporation"
                }
              }
            ]
          },
          {
            "rule_level": "medium",
            "rule_id": "e13498937de9343f50c1e8f315ce602aa238e37e21f3dbb15d3403c25afafe3e",
            "rule_source": "Sigma Integrated Rule Set (GitHub)",
            "rule_title": "Files With System Process Name In Unsuspected Locations",
            "rule_description": "Detects the creation of an executable with a system process name in folders other than the system ones (System32, SysWOW64, etc.).\nIt is highly recommended to perform an initial baseline before using this rule in production.\n",
            "rule_author": "Sander Wiebing, Tim Shelton, Nasreddine Bencherchali (Nextron Systems)",
            "match_context": [
              {
                "values": {
                  "RuleName": "EXE",
                  "Image": "C:\\Windows\\SysWOW64\\cmd.exe",
                  "TargetFilename": "C:\\Users\\george\\AppData\\Local\\Temp\\smss.exe",
                  "EventID": "11"
                }
              }
            ]
          },
          {
            "rule_level": "low",
            "rule_id": "539d657ea3dfb52773cd8616d93fd64ba9112091984d1c3eb044c6e5dadd2c5c",
            "rule_source": "Sigma Integrated Rule Set (GitHub)",
            "rule_title": "Process Start From Suspicious Folder",
            "rule_description": "Detects process start from rare or uncommon folders like temporary folder or folders that usually don't contain executable files",
            "rule_author": "frack113",
            "match_context": [
              {
                "values": {
                  "TerminalSessionId": "1",
                  "ProcessGuid": "5240FBE6-0D1E-62E8-A600-000000002400",
                  "ProcessId": "2332",
                  "Product": "-",
                  "Description": "-",
                  "Company": "-",
                  "ParentProcessGuid": "5240FBE6-0D18-62E8-9800-000000002400",
                  "User": "work\\admin",
                  "Hashes": "MD5=DDEEEBB34DA3DEEA82EA1F4FF4C894A5,SHA256=35F911365D14FF533ACCE7367C2AB74167A9BEB7B4E8FD487F25B9DB4D68F627,IMPHASH=2758CAA95AB310089837FFB7BE996CCF",
                  "OriginalFileName": "-",
                  "ParentImage": "C:\\Users\\admin\\Downloads\\Chipset.exe",
                  "FileVersion": "-",
                  "ParentProcessId": "2988",
                  "CurrentDirectory": "C:\\Users\\admin\\Downloads\\",
                  "CommandLine": "\"C:\\Users\\admin\\AppData\\Local\\Temp\\rasdnsip.exe\"",
                  "EventID": "1",
                  "LogonGuid": "5240FBE6-0C95-62E8-AC1E-010000000000",
                  "LogonId": "73388",
                  "Image": "C:\\Users\\admin\\AppData\\Local\\Temp\\rasdnsip.exe",
                  "IntegrityLevel": "High",
                  "ParentCommandLine": "\"Chipset.exe\"",
                  "UtcTime": "2022-08-01 17:27:58.828",
                  "RuleName": "-"
                }
              },
              {
                "values": {
                  "TerminalSessionId": "1",
                  "ProcessGuid": "5240FBE6-0D21-62E8-A900-000000002400",
                  "ProcessId": "2480",
                  "Product": "Microsoft\u00ae Windows\u00ae Operating System",
                  "Description": "TCP/IP Ping Command",
                  "Company": "Microsoft Corporation",
                  "ParentProcessGuid": "5240FBE6-0D21-62E8-A700-000000002400",
                  "User": "work\\admin",
                  "Hashes": "MD5=6242E3D67787CCBF4E06AD2982853144,SHA256=4CA10DBA7FF487FDB3F1362A3681D7D929F5AA1262CDFD31B04C30826983FB1D,IMPHASH=608DEBBDFBEAC87355579C189F9BDFC5",
                  "OriginalFileName": "ping.exe",
                  "ParentImage": "C:\\Windows\\SysWOW64\\cmd.exe",
                  "FileVersion": "6.1.7600.16385 (win7_rtm.090713-1255)",
                  "ParentProcessId": "2412",
                  "CurrentDirectory": "C:\\Users\\admin\\Downloads\\",
                  "CommandLine": "\"C:\\Users\\admin\\AppData\\Local\\Temp\\smss.exe\"  127.1 -n 5",
                  "EventID": "1",
                  "LogonGuid": "5240FBE6-0C95-62E8-AC1E-010000000000",
                  "LogonId": "73388",
                  "Image": "C:\\Users\\admin\\AppData\\Local\\Temp\\smss.exe",
                  "IntegrityLevel": "High",
                  "ParentCommandLine": "C:\\Windows\\system32\\cmd.exe /c \"C:\\Users\\admin\\AppData\\Local\\Temp\\6826.tmp.cmd \"C:\\Users\\admin\\AppData\\Local\\Temp\\rasdnsip.exe\"\"",
                  "UtcTime": "2022-08-01 17:28:01.968",
                  "RuleName": "-"
                }
              },
              {
                "values": {
                  "TerminalSessionId": "1",
                  "ProcessGuid": "5240FBE6-0D26-62E8-B400-000000002400",
                  "ProcessId": "2724",
                  "Product": "Microsoft\u00ae Windows\u00ae Operating System",
                  "Description": "TCP/IP Ping Command",
                  "Company": "Microsoft Corporation",
                  "ParentProcessGuid": "5240FBE6-0D21-62E8-A700-000000002400",
                  "User": "work\\admin",
                  "Hashes": "MD5=6242E3D67787CCBF4E06AD2982853144,SHA256=4CA10DBA7FF487FDB3F1362A3681D7D929F5AA1262CDFD31B04C30826983FB1D,IMPHASH=608DEBBDFBEAC87355579C189F9BDFC5",
                  "OriginalFileName": "ping.exe",
                  "ParentImage": "C:\\Windows\\SysWOW64\\cmd.exe",
                  "FileVersion": "6.1.7600.16385 (win7_rtm.090713-1255)",
                  "ParentProcessId": "2412",
                  "CurrentDirectory": "C:\\Users\\admin\\Downloads\\",
                  "CommandLine": "\"C:\\Users\\admin\\AppData\\Local\\Temp\\smss.exe\"  127.1 -n 5",
                  "EventID": "1",
                  "LogonGuid": "5240FBE6-0C95-62E8-AC1E-010000000000",
                  "LogonId": "73388",
                  "Image": "C:\\Users\\admin\\AppData\\Local\\Temp\\smss.exe",
                  "IntegrityLevel": "High",
                  "ParentCommandLine": "C:\\Windows\\system32\\cmd.exe /c \"C:\\Users\\admin\\AppData\\Local\\Temp\\6826.tmp.cmd \"C:\\Users\\admin\\AppData\\Local\\Temp\\rasdnsip.exe\"\"",
                  "UtcTime": "2022-08-01 17:28:06.671",
                  "RuleName": "-"
                }
              },
              {
                "values": {
                  "TerminalSessionId": "1",
                  "ProcessGuid": "5240FBE6-0D2B-62E8-BF00-000000002400",
                  "ProcessId": "2192",
                  "Product": "Microsoft\u00ae Windows\u00ae Operating System",
                  "Description": "TCP/IP Ping Command",
                  "Company": "Microsoft Corporation",
                  "ParentProcessGuid": "5240FBE6-0D21-62E8-A700-000000002400",
                  "User": "work\\admin",
                  "Hashes": "MD5=6242E3D67787CCBF4E06AD2982853144,SHA256=4CA10DBA7FF487FDB3F1362A3681D7D929F5AA1262CDFD31B04C30826983FB1D,IMPHASH=608DEBBDFBEAC87355579C189F9BDFC5",
                  "OriginalFileName": "ping.exe",
                  "ParentImage": "C:\\Windows\\SysWOW64\\cmd.exe",
                  "FileVersion": "6.1.7600.16385 (win7_rtm.090713-1255)",
                  "ParentProcessId": "2412",
                  "CurrentDirectory": "C:\\Users\\admin\\Downloads\\",
                  "CommandLine": "\"C:\\Users\\admin\\AppData\\Local\\Temp\\smss.exe\"  127.1 -n 5",
                  "EventID": "1",
                  "LogonGuid": "5240FBE6-0C95-62E8-AC1E-010000000000",
                  "LogonId": "73388",
                  "Image": "C:\\Users\\admin\\AppData\\Local\\Temp\\smss.exe",
                  "IntegrityLevel": "High",
                  "ParentCommandLine": "C:\\Windows\\system32\\cmd.exe /c \"C:\\Users\\admin\\AppData\\Local\\Temp\\6826.tmp.cmd \"C:\\Users\\admin\\AppData\\Local\\Temp\\rasdnsip.exe\"\"",
                  "UtcTime": "2022-08-01 17:28:11.046",
                  "RuleName": "-"
                }
              },
              {
                "values": {
                  "TerminalSessionId": "1",
                  "ProcessGuid": "5240FBE6-0D2F-62E8-C700-000000002400",
                  "ProcessId": "2572",
                  "Product": "Microsoft\u00ae Windows\u00ae Operating System",
                  "Description": "TCP/IP Ping Command",
                  "Company": "Microsoft Corporation",
                  "ParentProcessGuid": "5240FBE6-0D21-62E8-A700-000000002400",
                  "User": "work\\admin",
                  "Hashes": "MD5=6242E3D67787CCBF4E06AD2982853144,SHA256=4CA10DBA7FF487FDB3F1362A3681D7D929F5AA1262CDFD31B04C30826983FB1D,IMPHASH=608DEBBDFBEAC87355579C189F9BDFC5",
                  "OriginalFileName": "ping.exe",
                  "ParentImage": "C:\\Windows\\SysWOW64\\cmd.exe",
                  "FileVersion": "6.1.7600.16385 (win7_rtm.090713-1255)",
                  "ParentProcessId": "2412",
                  "CurrentDirectory": "C:\\Users\\admin\\Downloads\\",
                  "CommandLine": "\"C:\\Users\\admin\\AppData\\Local\\Temp\\smss.exe\"  127.1 -n 5",
                  "EventID": "1",
                  "LogonGuid": "5240FBE6-0C95-62E8-AC1E-010000000000",
                  "LogonId": "73388",
                  "Image": "C:\\Users\\admin\\AppData\\Local\\Temp\\smss.exe",
                  "IntegrityLevel": "High",
                  "ParentCommandLine": "C:\\Windows\\system32\\cmd.exe /c \"C:\\Users\\admin\\AppData\\Local\\Temp\\6826.tmp.cmd \"C:\\Users\\admin\\AppData\\Local\\Temp\\rasdnsip.exe\"\"",
                  "UtcTime": "2022-08-01 17:28:15.562",
                  "RuleName": "-"
                }
              }
            ]
          },
          {
            "rule_level": "low",
            "rule_id": "b5386a23355681c43cfbd2f2ccfe4b16ed45324d0d7b5583487a9f302ee1e427",
            "rule_source": "Sigma Integrated Rule Set (GitHub)",
            "rule_title": "Creation of an Executable by an Executable",
            "rule_description": "Detects the creation of an executable by another executable",
            "rule_author": "frack113",
            "match_context": [
              {
                "values": {
                  "EventID": "11",
                  "ProcessId": "2044",
                  "Image": "C:\\Users\\admin\\AppData\\Local\\Programs\\Python\\Python37\\pythonw.exe",
                  "ProcessGuid": "5240FBE6-0D08-62E8-3B00-000000002400",
                  "CreationUtcTime": "2022-08-01 17:27:53.515",
                  "UtcTime": "2022-08-01 17:27:53.515",
                  "RuleName": "EXE",
                  "TargetFilename": "C:\\Users\\admin\\AppData\\Local\\Temp\\frida-88581f4777ee3ba229f186721ec7d250\\frida-winjector-helper-32.exe"
                }
              },
              {
                "values": {
                  "EventID": "11",
                  "ProcessId": "2044",
                  "TargetFilename": "C:\\Users\\admin\\AppData\\Local\\Temp\\frida-88581f4777ee3ba229f186721ec7d250\\frida-winjector-helper-64.exe",
                  "ProcessGuid": "5240FBE6-0D08-62E8-3B00-000000002400",
                  "CreationUtcTime": "2022-08-01 17:27:54.281",
                  "UtcTime": "2022-08-01 17:27:54.281",
                  "RuleName": "EXE",
                  "Image": "C:\\Users\\admin\\AppData\\Local\\Programs\\Python\\Python37\\pythonw.exe"
                }
              },
              {
                "values": {
                  "EventID": "11",
                  "ProcessId": "2988",
                  "Image": "C:\\Users\\admin\\Downloads\\Chipset.exe",
                  "RuleName": "EXE",
                  "CreationUtcTime": "2022-08-01 17:27:55.609",
                  "UtcTime": "2022-08-01 17:27:55.609",
                  "ProcessGuid": "5240FBE6-0D18-62E8-9800-000000002400",
                  "TargetFilename": "C:\\Windows\\SysWOW64\\dispfwcsvc.exe"
                }
              },
              {
                "values": {
                  "EventID": "11",
                  "ProcessId": "2988",
                  "Image": "C:\\Users\\admin\\Downloads\\Chipset.exe",
                  "ProcessGuid": "5240FBE6-0D18-62E8-9800-000000002400",
                  "CreationUtcTime": "2022-08-01 17:27:55.828",
                  "UtcTime": "2022-08-01 17:27:55.828",
                  "RuleName": "EXE",
                  "TargetFilename": "C:\\Windows\\SysWOW64\\mssvcmon.exe"
                }
              },
              {
                "values": {
                  "EventID": "11",
                  "ProcessId": "2988",
                  "TargetFilename": "C:\\Users\\admin\\AppData\\Roaming\\Mozilla\\Firefox\\Profiles\\zh35t979.default-release\\extensions\\{8919CE9F-23FD-411a-A2D3-A91DAC20C4FA}\\components\\glxcodec.exe",
                  "ProcessGuid": "5240FBE6-0D18-62E8-9800-000000002400",
                  "CreationUtcTime": "2022-08-01 17:27:56.281",
                  "UtcTime": "2022-08-01 17:27:56.281",
                  "RuleName": "EXE",
                  "Image": "C:\\Users\\admin\\Downloads\\Chipset.exe"
                }
              }
            ]
          }
        ],
        "type_description": "Win32 EXE",
        "size": 1181898,
        "sigma_analysis_stats": {
          "critical": 0,
          "high": 3,
          "medium": 3,
          "low": 2
        },
        "last_modification_date": 1747894414,
        "type_tag": "peexe",
        "reputation": 0,
        "sigma_analysis_summary": {
          "Sigma Integrated Rule Set (GitHub)": {
            "critical": 0,
            "high": 3,
            "medium": 3,
            "low": 2
          }
        },
        "names": [
          "Intel Chipset Support",
          "Chipset",
          "glxcodec.exe"
        ],
        "vhash": "01604e0f1f7d1013z1011zb7z13z101013z11z11z17z",
        "unique_sources": 1,
        "type_extension": "exe",
        "tags": [
          "detect-debug-environment",
          "spreader",
          "direct-cpu-clock-access",
          "ftp-communication",
          "long-sleeps",
          "overlay",
          "upx",
          "runtime-modules",
          "peexe",
          "checks-disk-space",
          "checks-network-adapters"
        ],
        "times_submitted": 1,
        "last_analysis_stats": {
          "malicious": 60,
          "suspicious": 0,
          "undetected": 12,
          "harmless": 0,
          "timeout": 0,
          "confirmed-timeout": 0,
          "failure": 0,
          "type-unsupported": 4
        },
        "popular_threat_classification": {
          "popular_threat_name": [
            {
              "value": "cosmu",
              "count": 13
            },
            {
              "value": "dacic",
              "count": 8
            },
            {
              "value": "dump",
              "count": 7
            }
          ],
          "popular_threat_category": [
            {
              "value": "trojan",
              "count": 21
            },
            {
              "value": "dropper",
              "count": 3
            }
          ],
          "suggested_threat_label": "trojan.cosmu/dacic"
        },
        "signature_info": {
          "product": "Chipset Support",
          "description": "Intel Chipset Support Service",
          "file version": "3, 1, 1, 1",
          "x509": [
            {
              "valid usage": "0.4.1.311.10.3, Code Signing",
              "thumbprint_sha256": "A6A3D72F444AA7A05587ED6C275F07CC13949A6D3D6B8BB311CFB704DD4F9E14",
              "name": "Microsoft Windows",
              "algorithm": "sha256RSA",
              "thumbprint_md5": "2E3EBA78DC0A3799E3C893E397672C3F",
              "valid from": "2021-09-02 18:23:41",
              "valid to": "2022-09-01 18:23:41",
              "serial number": "33 00 00 03 3C 89 C6 6A 7B 45 BB 1F BD 00 00 00 00 03 3C",
              "cert issuer": "Microsoft Windows Production PCA 2011",
              "thumbprint": "FE51E838A087BB561BBB2DD9BA20143384A03B3F"
            },
            {
              "thumbprint_sha256": "E8E95F0733A55E8BAD7BE0A1413EE23C51FCEA64B3C8FA6A786935FDDCC71961",
              "name": "Microsoft Windows Production PCA 2011",
              "algorithm": "sha256RSA",
              "thumbprint_md5": "AF749A216C00C7D25C249FCA0D7FD471",
              "valid from": "2011-10-19 18:41:42",
              "valid to": "2026-10-19 18:51:42",
              "serial number": "61 07 76 56 00 00 00 00 00 08",
              "cert issuer": "Microsoft Root Certificate Authority 2010",
              "thumbprint": "580A6F4CC4E4B669B9EBDC1B2B3E087B80D0678D"
            },
            {
              "valid usage": "Timestamp Signing",
              "thumbprint_sha256": "5B7BDA1B10957A38FE040CC549F3317C743E6F1C64A82C3C2E4318FD0678A6BF",
              "name": "Microsoft Time-Stamp Service",
              "algorithm": "sha256RSA",
              "thumbprint_md5": "D49F444A337A9F821DBE20D1F2D6C0F4",
              "valid from": "2021-12-02 19:05:14",
              "valid to": "2023-02-28 19:05:14",
              "serial number": "33 00 00 01 97 03 CF 59 9C 6B 89 78 3F 00 01 00 00 01 97",
              "cert issuer": "Microsoft Time-Stamp PCA 2010",
              "thumbprint": "6140D2B08D984934CD4D760D8346314DC1D663D1"
            },
            {
              "valid usage": "Timestamp Signing",
              "thumbprint_sha256": "EBEC1EDD9E140D9C105CC62B15A915C5443DDC514A35E5773C09AFB0274C7BA5",
              "name": "Microsoft Time-Stamp PCA 2010",
              "algorithm": "sha256RSA",
              "thumbprint_md5": "F8000EF37A54CE55A45F632293786351",
              "valid from": "2021-09-30 18:22:25",
              "valid to": "2030-09-30 18:32:25",
              "serial number": "33 00 00 00 15 C5 E7 6B 9E 02 9B 49 99 00 00 00 00 00 15",
              "cert issuer": "Microsoft Root Certificate Authority 2010",
              "thumbprint": "36056A5662DCADECF82CC14C8B80EC5E0BCC59A6"
            }
          ],
          "original name": "Chipset",
          "internal name": "Intel Chipset Support",
          "copyright": "Copyright (C) 2008",
          "pkcs7": {
            "opusinfo": [
              {
                "moreInfo": "http://www.microsoft.com/windows",
                "programName": "Microsoft Windows"
              }
            ]
          }
        }
      }
    },
