              {
                "values": {
                  "EventID": "3",
                  "ProcessId": "1652",
                  "DestinationPortName": "-",
                  "Protocol": "tcp",
                  "Initiated": "true",
                  "DestinationIp": "172.253.115.153",
                  "SourcePortName": "-",
                  "Image": "C:\\Users\\admin\\AppData\\Local\\Programs\\Python\\Python37\\pythonw.exe",
                  "RuleName": "Usermode",
                  "DestinationHostname": "-",
                  "UtcTime": "2022-08-01 17:12:46.554",
                  "User": "work\\admin",
                  "DestinationPort": "443",
                  "ProcessGuid": "5240FBE6-0957-62E8-3A00-000000002400",
                  "SourcePort": "49177",
                  "SourceIsIpv6": "false",
                  "SourceHostname": "-",
                  "SourceIp": "192.168.122.84",
                  "DestinationIsIpv6": "false"
                }
              },
              {
                "values": {
                  "EventID": "3",
                  "ProcessId": "1652",
                  "DestinationPortName": "-",
                  "Protocol": "tcp",
                  "Initiated": "true",
                  "DestinationIp": "172.253.115.153",
                  "SourcePortName": "-",
                  "Image": "C:\\Users\\admin\\AppData\\Local\\Programs\\Python\\Python37\\pythonw.exe",
                  "RuleName": "Usermode",
                  "DestinationHostname": "-",
                  "UtcTime": "2022-08-01 17:12:47.061",
                  "User": "work\\admin",
                  "DestinationPort": "443",
                  "ProcessGuid": "5240FBE6-0957-62E8-3A00-000000002400",
                  "SourcePort": "49178",
                  "SourceIsIpv6": "false",
                  "SourceHostname": "-",
                  "SourceIp": "192.168.122.84",
                  "DestinationIsIpv6": "false"
                }
              },
              {
                "values": {
                  "EventID": "3",
                  "ProcessId": "1652",
                  "DestinationPortName": "-",
                  "Protocol": "tcp",
                  "DestinationIp": "172.253.115.153",
                  "Initiated": "true",
                  "SourcePortName": "-",
                  "Image": "C:\\Users\\admin\\AppData\\Local\\Programs\\Python\\Python37\\pythonw.exe",
                  "RuleName": "Usermode",
                  "DestinationHostname": "-",
                  "UtcTime": "2022-08-01 17:12:52.221",
                  "User": "work\\admin",
                  "DestinationPort": "443",
                  "ProcessGuid": "5240FBE6-0957-62E8-3A00-000000002400",
                  "SourcePort": "49180",
                  "SourceIsIpv6": "false",
                  "SourceHostname": "-",
                  "SourceIp": "192.168.122.84",
                  "DestinationIsIpv6": "false"
                }
              },
              {
                "values": {
                  "EventID": "3",
                  "ProcessId": "1652",
                  "DestinationPortName": "-",
                  "SourceIsIpv6": "false",
                  "DestinationIp": "172.253.115.153",
                  "Initiated": "true",
                  "SourcePortName": "-",
                  "Image": "C:\\Users\\admin\\AppData\\Local\\Programs\\Python\\Python37\\pythonw.exe",
                  "RuleName": "Usermode",
                  "DestinationHostname": "-",
                  "UtcTime": "2022-08-01 17:12:57.795",
                  "User": "work\\admin",
                  "DestinationPort": "443",
                  "ProcessGuid": "5240FBE6-0957-62E8-3A00-000000002400",
                  "SourcePort": "49182",
                  "Protocol": "tcp",
                  "SourceHostname": "-",
                  "SourceIp": "192.168.122.84",
                  "DestinationIsIpv6": "false"
                }
              },
              {
                "values": {
                  "EventID": "3",
                  "ProcessId": "1652",
                  "DestinationPortName": "-",
                  "SourceIsIpv6": "false",
                  "DestinationIp": "172.253.115.153",
                  "Initiated": "true",
                  "SourcePortName": "-",
                  "Image": "C:\\Users\\admin\\AppData\\Local\\Programs\\Python\\Python37\\pythonw.exe",
                  "RuleName": "Usermode",
                  "DestinationHostname": "-",
                  "UtcTime": "2022-08-01 17:12:58.247",
                  "User": "work\\admin",
                  "DestinationPort": "443",
                  "ProcessGuid": "5240FBE6-0957-62E8-3A00-000000002400",
                  "SourcePort": "49183",
                  "Protocol": "tcp",
                  "SourceHostname": "-",
                  "SourceIp": "192.168.122.84",
                  "DestinationIsIpv6": "false"
                }
              },
              {
                "values": {
                  "EventID": "3",
                  "ProcessId": "1652",
                  "DestinationPortName": "-",
                  "Protocol": "tcp",
                  "DestinationIp": "172.253.115.153",
                  "Initiated": "true",
                  "SourcePortName": "-",
                  "Image": "C:\\Users\\admin\\AppData\\Local\\Programs\\Python\\Python37\\pythonw.exe",
                  "RuleName": "Usermode",
                  "DestinationHostname": "-",
                  "UtcTime": "2022-08-01 17:13:03.454",
                  "User": "work\\admin",
                  "DestinationPort": "443",
                  "ProcessGuid": "5240FBE6-0957-62E8-3A00-000000002400",
                  "SourcePort": "49184",
                  "SourceIsIpv6": "false",
                  "SourceHostname": "-",
                  "SourceIp": "192.168.122.84",
                  "DestinationIsIpv6": "false"
                }
              },
              {
                "values": {
                  "EventID": "3",
                  "ProcessId": "1652",
                  "DestinationPortName": "-",
                  "Protocol": "tcp",
                  "DestinationIp": "172.253.115.153",
                  "Initiated": "true",
                  "SourcePortName": "-",
                  "Image": "C:\\Users\\admin\\AppData\\Local\\Programs\\Python\\Python37\\pythonw.exe",
                  "RuleName": "Usermode",
                  "DestinationHostname": "-",
                  "UtcTime": "2022-08-01 17:13:09.085",
                  "User": "work\\admin",
                  "DestinationPort": "443",
                  "ProcessGuid": "5240FBE6-0957-62E8-3A00-000000002400",
                  "SourcePort": "49187",
                  "SourceIsIpv6": "false",
                  "SourceHostname": "-",
                  "SourceIp": "192.168.122.84",
                  "DestinationIsIpv6": "false"
                }
              },
              {
                "values": {
                  "EventID": "3",
                  "ProcessId": "1652",
                  "DestinationPortName": "-",
                  "Protocol": "tcp",
                  "DestinationIp": "172.253.115.153",
                  "Initiated": "true",
                  "SourcePortName": "-",
                  "Image": "C:\\Users\\admin\\AppData\\Local\\Programs\\Python\\Python37\\pythonw.exe",
                  "RuleName": "Usermode",
                  "DestinationHostname": "-",
                  "UtcTime": "2022-08-01 17:13:09.614",
                  "User": "work\\admin",
                  "DestinationPort": "443",
                  "ProcessGuid": "5240FBE6-0957-62E8-3A00-000000002400",
                  "SourcePort": "49189",
                  "SourceIsIpv6": "false",
                  "SourceHostname": "-",
                  "SourceIp": "192.168.122.84",
                  "DestinationIsIpv6": "false"
                }
              },
              {
                "values": {
                  "EventID": "3",
                  "ProcessId": "1652",
                  "DestinationPortName": "-",
                  "SourceIsIpv6": "false",
                  "Initiated": "true",
                  "DestinationIp": "172.253.115.153",
                  "SourcePortName": "-",
                  "Image": "C:\\Users\\admin\\AppData\\Local\\Programs\\Python\\Python37\\pythonw.exe",
                  "RuleName": "Usermode",
                  "DestinationHostname": "-",
                  "UtcTime": "2022-08-01 17:13:14.845",
                  "User": "work\\admin",
                  "DestinationPort": "443",
                  "ProcessGuid": "5240FBE6-0957-62E8-3A00-000000002400",
                  "SourcePort": "49190",
                  "Protocol": "tcp",
                  "SourceHostname": "-",
                  "SourceIp": "192.168.122.84",
                  "DestinationIsIpv6": "false"
                }
              },
              {
                "values": {
                  "EventID": "3",
                  "ProcessId": "1652",
                  "DestinationPortName": "-",
                  "Protocol": "tcp",
                  "Initiated": "true",
                  "DestinationIp": "172.253.115.153",
                  "SourcePortName": "-",
                  "Image": "C:\\Users\\admin\\AppData\\Local\\Programs\\Python\\Python37\\pythonw.exe",
                  "RuleName": "Usermode",
                  "DestinationHostname": "-",
                  "UtcTime": "2022-08-01 17:13:20.480",
                  "User": "work\\admin",
                  "DestinationPort": "443",
                  "ProcessGuid": "5240FBE6-0957-62E8-3A00-000000002400",
                  "SourcePort": "49192",
                  "SourceIsIpv6": "false",
                  "SourceHostname": "-",
                  "SourceIp": "192.168.122.84",
                  "DestinationIsIpv6": "false"
                }
              },
              {
                "values": {
                  "EventID": "3",
                  "ProcessId": "1652",
                  "DestinationPortName": "-",
                  "Protocol": "tcp",
                  "DestinationIp": "172.253.115.153",
                  "Initiated": "true",
                  "SourcePortName": "-",
                  "Image": "C:\\Users\\admin\\AppData\\Local\\Programs\\Python\\Python37\\pythonw.exe",
                  "RuleName": "Usermode",
                  "DestinationHostname": "-",
                  "UtcTime": "2022-08-01 17:13:20.994",
                  "User": "work\\admin",
                  "DestinationPort": "443",
                  "ProcessGuid": "5240FBE6-0957-62E8-3A00-000000002400",
                  "SourcePort": "49193",
                  "SourceIsIpv6": "false",
                  "SourceHostname": "-",
                  "SourceIp": "192.168.122.84",
                  "DestinationIsIpv6": "false"
                }
              },
              {
                "values": {
                  "EventID": "3",
                  "ProcessId": "1652",
                  "DestinationPortName": "-",
                  "SourceIsIpv6": "false",
                  "Initiated": "true",
                  "DestinationIp": "172.253.115.153",
                  "SourcePortName": "-",
                  "Image": "C:\\Users\\admin\\AppData\\Local\\Programs\\Python\\Python37\\pythonw.exe",
                  "RuleName": "Usermode",
                  "DestinationHostname": "-",
                  "UtcTime": "2022-08-01 17:13:22.485",
                  "User": "work\\admin",
                  "DestinationPort": "443",
                  "ProcessGuid": "5240FBE6-0957-62E8-3A00-000000002400",
                  "SourcePort": "49194",
                  "Protocol": "tcp",
                  "SourceHostname": "-",
                  "SourceIp": "192.168.122.84",
                  "DestinationIsIpv6": "false"
                }
              },
              {
                "values": {
                  "EventID": "3",
                  "ProcessId": "1652",
                  "DestinationPortName": "-",
                  "SourceIsIpv6": "false",
                  "Initiated": "true",
                  "DestinationIp": "172.253.115.153",
                  "SourcePortName": "-",
                  "Image": "C:\\Users\\admin\\AppData\\Local\\Programs\\Python\\Python37\\pythonw.exe",
                  "RuleName": "Usermode",
                  "DestinationHostname": "-",
                  "UtcTime": "2022-08-01 17:13:27.678",
                  "User": "work\\admin",
                  "DestinationPort": "443",
                  "ProcessGuid": "5240FBE6-0957-62E8-3A00-000000002400",
                  "SourcePort": "49195",
                  "Protocol": "tcp",
                  "SourceHostname": "-",
                  "SourceIp": "192.168.122.84",
                  "DestinationIsIpv6": "false"
                }
              },
              {
                "values": {
                  "EventID": "3",
                  "ProcessId": "1652",
                  "DestinationPortName": "-",
                  "SourceIsIpv6": "false",
                  "Initiated": "true",
                  "DestinationIp": "172.253.115.153",
                  "SourcePortName": "-",
                  "Image": "C:\\Users\\admin\\AppData\\Local\\Programs\\Python\\Python37\\pythonw.exe",
                  "RuleName": "Usermode",
                  "DestinationHostname": "-",
                  "UtcTime": "2022-08-01 17:13:33.476",
                  "User": "work\\admin",
                  "DestinationPort": "443",
                  "ProcessGuid": "5240FBE6-0957-62E8-3A00-000000002400",
                  "SourcePort": "49197",
                  "Protocol": "tcp",
                  "SourceHostname": "-",
                  "SourceIp": "192.168.122.84",
                  "DestinationIsIpv6": "false"
                }
              },
              {
                "values": {
                  "EventID": "3",
                  "ProcessId": "1652",
                  "DestinationPortName": "-",
                  "SourceIsIpv6": "false",
                  "Initiated": "true",
                  "DestinationIp": "172.253.115.153",
                  "SourcePortName": "-",
                  "Image": "C:\\Users\\admin\\AppData\\Local\\Programs\\Python\\Python37\\pythonw.exe",
                  "RuleName": "Usermode",
                  "DestinationHostname": "-",
                  "UtcTime": "2022-08-01 17:13:34.044",
                  "User": "work\\admin",
                  "DestinationPort": "443",
                  "ProcessGuid": "5240FBE6-0957-62E8-3A00-000000002400",
                  "SourcePort": "49198",
                  "Protocol": "tcp",
                  "SourceHostname": "-",
                  "SourceIp": "192.168.122.84",
                  "DestinationIsIpv6": "false"
                }
              },
              {
                "values": {
                  "EventID": "3",
                  "ProcessId": "1652",
                  "DestinationPortName": "-",
                  "SourceIsIpv6": "false",
                  "Initiated": "true",
                  "DestinationIp": "172.253.115.153",
                  "SourcePortName": "-",
                  "Image": "C:\\Users\\admin\\AppData\\Local\\Programs\\Python\\Python37\\pythonw.exe",
                  "RuleName": "Usermode",
                  "DestinationHostname": "-",
                  "UtcTime": "2022-08-01 17:13:39.241",
                  "User": "work\\admin",
                  "DestinationPort": "443",
                  "ProcessGuid": "5240FBE6-0957-62E8-3A00-000000002400",
                  "SourcePort": "49201",
                  "Protocol": "tcp",
                  "SourceHostname": "-",
                  "SourceIp": "192.168.122.84",
                  "DestinationIsIpv6": "false"
                }
              },
              {
                "values": {
                  "EventID": "3",
                  "ProcessId": "1652",
                  "DestinationPortName": "-",
                  "Protocol": "tcp",
                  "Initiated": "true",
                  "DestinationIp": "172.253.115.153",
                  "SourcePortName": "-",
                  "Image": "C:\\Users\\admin\\AppData\\Local\\Programs\\Python\\Python37\\pythonw.exe",
                  "RuleName": "Usermode",
                  "DestinationHostname": "-",
                  "UtcTime": "2022-08-01 17:13:45.021",
                  "User": "work\\admin",
                  "DestinationPort": "443",
                  "ProcessGuid": "5240FBE6-0957-62E8-3A00-000000002400",
                  "SourcePort": "49203",
                  "SourceIsIpv6": "false",
                  "SourceHostname": "-",
                  "SourceIp": "192.168.122.84",
                  "DestinationIsIpv6": "false"
                }
              },
              {
                "values": {
                  "EventID": "3",
                  "ProcessId": "1652",
                  "DestinationPortName": "-",
                  "SourceIsIpv6": "false",
                  "DestinationIp": "172.253.115.153",
                  "Initiated": "true",
                  "SourcePortName": "-",
                  "Image": "C:\\Users\\admin\\AppData\\Local\\Programs\\Python\\Python37\\pythonw.exe",
                  "RuleName": "Usermode",
                  "DestinationHostname": "-",
                  "UtcTime": "2022-08-01 17:13:45.511",
                  "User": "work\\admin",
                  "DestinationPort": "443",
                  "ProcessGuid": "5240FBE6-0957-62E8-3A00-000000002400",
                  "SourcePort": "49204",
                  "Protocol": "tcp",
                  "SourceHostname": "-",
                  "SourceIp": "192.168.122.84",
                  "DestinationIsIpv6": "false"
                }
              },
              {
                "values": {
                  "EventID": "3",
                  "ProcessId": "1652",
                  "DestinationPortName": "-",
                  "Protocol": "tcp",
                  "DestinationIp": "172.253.115.153",
                  "Initiated": "true",
                  "SourcePortName": "-",
                  "Image": "C:\\Users\\admin\\AppData\\Local\\Programs\\Python\\Python37\\pythonw.exe",
                  "RuleName": "Usermode",
                  "DestinationHostname": "-",
                  "UtcTime": "2022-08-01 17:13:50.754",
                  "User": "work\\admin",
                  "DestinationPort": "443",
                  "ProcessGuid": "5240FBE6-0957-62E8-3A00-000000002400",
                  "SourcePort": "49205",
                  "SourceIsIpv6": "false",
                  "SourceHostname": "-",
                  "SourceIp": "192.168.122.84",
                  "DestinationIsIpv6": "false"
                }
              },
              {
                "values": {
                  "EventID": "3",
                  "ProcessId": "1652",
                  "DestinationPortName": "-",
                  "SourceIsIpv6": "false",
                  "Initiated": "true",
                  "DestinationIp": "172.253.115.153",
                  "SourcePortName": "-",
                  "Image": "C:\\Users\\admin\\AppData\\Local\\Programs\\Python\\Python37\\pythonw.exe",
                  "RuleName": "Usermode",
                  "DestinationHostname": "-",
                  "UtcTime": "2022-08-01 17:13:56.355",
                  "User": "work\\admin",
                  "DestinationPort": "443",
                  "ProcessGuid": "5240FBE6-0957-62E8-3A00-000000002400",
                  "SourcePort": "49207",
                  "Protocol": "tcp",
                  "SourceHostname": "-",
                  "SourceIp": "192.168.122.84",
                  "DestinationIsIpv6": "false"
                }
              },
              {
                "values": {
                  "EventID": "3",
                  "ProcessId": "1652",
                  "DestinationPortName": "-",
                  "SourceIsIpv6": "false",
                  "DestinationIp": "172.253.115.153",
                  "Initiated": "true",
                  "SourcePortName": "-",
                  "Image": "C:\\Users\\admin\\AppData\\Local\\Programs\\Python\\Python37\\pythonw.exe",
                  "RuleName": "Usermode",
                  "DestinationHostname": "-",
                  "UtcTime": "2022-08-01 17:13:56.860",
                  "User": "work\\admin",
                  "DestinationPort": "443",
                  "ProcessGuid": "5240FBE6-0957-62E8-3A00-000000002400",
                  "SourcePort": "49208",
                  "Protocol": "tcp",
                  "SourceHostname": "-",
                  "SourceIp": "192.168.122.84",
                  "DestinationIsIpv6": "false"
                }
              },
              {
                "values": {
                  "EventID": "3",
                  "ProcessId": "1652",
                  "DestinationPortName": "-",
                  "Protocol": "tcp",
                  "Initiated": "true",
                  "DestinationIp": "172.253.115.153",
                  "SourcePortName": "-",
                  "Image": "C:\\Users\\admin\\AppData\\Local\\Programs\\Python\\Python37\\pythonw.exe",
                  "RuleName": "Usermode",
                  "DestinationHostname": "-",
                  "UtcTime": "2022-08-01 17:14:02.058",
                  "User": "work\\admin",
                  "DestinationPort": "443",
                  "ProcessGuid": "5240FBE6-0957-62E8-3A00-000000002400",
                  "SourcePort": "49210",
                  "SourceIsIpv6": "false",
                  "SourceHostname": "-",
                  "SourceIp": "192.168.122.84",
                  "DestinationIsIpv6": "false"
                }
              },
              {
                "values": {
                  "EventID": "3",
                  "ProcessId": "1652",
                  "DestinationPortName": "-",
                  "SourceIsIpv6": "false",
                  "DestinationIp": "255.255.255.255",
                  "Initiated": "true",
                  "SourcePortName": "-",
                  "Image": "C:\\Users\\admin\\AppData\\Local\\Programs\\Python\\Python37\\pythonw.exe",
                  "RuleName": "Usermode",
                  "DestinationHostname": "-",
                  "UtcTime": "2022-08-01 17:12:02.877",
                  "User": "work\\admin",
                  "DestinationPort": "12345",
                  "ProcessGuid": "5240FBE6-0957-62E8-3A00-000000002400",
                  "SourcePort": "64365",
                  "Protocol": "udp",
                  "SourceHostname": "-",
                  "SourceIp": "192.168.122.84",
                  "DestinationIsIpv6": "false"
                }
              },
              {
                "values": {
                  "EventID": "3",
                  "ProcessId": "1652",
                  "DestinationPortName": "-",
                  "Protocol": "tcp",
                  "DestinationIp": "172.253.115.153",
                  "Initiated": "true",
                  "SourcePortName": "-",
                  "Image": "C:\\Users\\admin\\AppData\\Local\\Programs\\Python\\Python37\\pythonw.exe",
                  "RuleName": "Usermode",
                  "DestinationHostname": "-",
                  "UtcTime": "2022-08-01 17:12:18.098",
                  "User": "work\\admin",
                  "DestinationPort": "443",
                  "ProcessGuid": "5240FBE6-0957-62E8-3A00-000000002400",
                  "SourcePort": "49169",
                  "SourceIsIpv6": "false",
                  "SourceHostname": "-",
                  "SourceIp": "192.168.122.84",
                  "DestinationIsIpv6": "false"
                }
              },
              {
                "values": {
                  "EventID": "3",
                  "ProcessId": "1652",
                  "DestinationPortName": "-",
                  "Protocol": "tcp",
                  "Initiated": "true",
                  "DestinationIp": "172.253.115.153",
                  "SourcePortName": "-",
                  "Image": "C:\\Users\\admin\\AppData\\Local\\Programs\\Python\\Python37\\pythonw.exe",
                  "RuleName": "Usermode",
                  "DestinationHostname": "-",
                  "UtcTime": "2022-08-01 17:12:24.572",
                  "User": "work\\admin",
                  "DestinationPort": "443",
                  "ProcessGuid": "5240FBE6-0957-62E8-3A00-000000002400",
                  "SourcePort": "49171",
                  "SourceIsIpv6": "false",
                  "SourceHostname": "-",
                  "SourceIp": "192.168.122.84",
                  "DestinationIsIpv6": "false"
                }
              },
              {
                "values": {
                  "EventID": "3",
                  "ProcessId": "1652",
                  "DestinationPortName": "-",
                  "Protocol": "tcp",
                  "Initiated": "true",
                  "DestinationIp": "172.253.115.153",
                  "SourcePortName": "-",
                  "Image": "C:\\Users\\admin\\AppData\\Local\\Programs\\Python\\Python37\\pythonw.exe",
                  "RuleName": "Usermode",
                  "DestinationHostname": "-",
                  "UtcTime": "2022-08-01 17:12:29.722",
                  "User": "work\\admin",
                  "DestinationPort": "443",
                  "ProcessGuid": "5240FBE6-0957-62E8-3A00-000000002400",
                  "SourcePort": "49172",
                  "SourceIsIpv6": "false",
                  "SourceHostname": "-",
                  "SourceIp": "192.168.122.84",
                  "DestinationIsIpv6": "false"
                }
              },
              {
                "values": {
                  "EventID": "3",
                  "ProcessId": "1652",
                  "DestinationPortName": "-",
                  "SourceIsIpv6": "false",
                  "Initiated": "true",
                  "DestinationIp": "172.253.115.153",
                  "SourcePortName": "-",
                  "Image": "C:\\Users\\admin\\AppData\\Local\\Programs\\Python\\Python37\\pythonw.exe",
                  "RuleName": "Usermode",
                  "DestinationHostname": "-",
                  "UtcTime": "2022-08-01 17:12:35.280",
                  "User": "work\\admin",
                  "DestinationPort": "443",
                  "ProcessGuid": "5240FBE6-0957-62E8-3A00-000000002400",
                  "SourcePort": "49173",
                  "Protocol": "tcp",
                  "SourceHostname": "-",
                  "SourceIp": "192.168.122.84",
                  "DestinationIsIpv6": "false"
                }
              },
              {
                "values": {
                  "EventID": "3",
                  "ProcessId": "1652",
                  "DestinationPortName": "-",
                  "Protocol": "tcp",
                  "DestinationIp": "172.253.115.153",
                  "Initiated": "true",
                  "SourcePortName": "-",
                  "Image": "C:\\Users\\admin\\AppData\\Local\\Programs\\Python\\Python37\\pythonw.exe",
                  "RuleName": "Usermode",
                  "DestinationHostname": "-",
                  "UtcTime": "2022-08-01 17:12:46.554",
                  "User": "work\\admin",
                  "DestinationPort": "443",
                  "ProcessGuid": "5240FBE6-0957-62E8-3A00-000000002400",
                  "SourcePort": "49177",
                  "SourceIsIpv6": "false",
                  "SourceHostname": "-",
                  "SourceIp": "192.168.122.84",
                  "DestinationIsIpv6": "false"
                }
              },
              {
                "values": {
                  "EventID": "3",
                  "ProcessId": "1652",
                  "DestinationPortName": "-",
                  "SourceIsIpv6": "false",
                  "Initiated": "true",
                  "DestinationIp": "172.253.115.153",
                  "SourcePortName": "-",
                  "Image": "C:\\Users\\admin\\AppData\\Local\\Programs\\Python\\Python37\\pythonw.exe",
                  "RuleName": "Usermode",
                  "DestinationHostname": "-",
                  "UtcTime": "2022-08-01 17:12:57.795",
                  "User": "work\\admin",
                  "DestinationPort": "443",
                  "ProcessGuid": "5240FBE6-0957-62E8-3A00-000000002400",
                  "SourcePort": "49182",
                  "Protocol": "tcp",
                  "SourceHostname": "-",
                  "SourceIp": "192.168.122.84",
                  "DestinationIsIpv6": "false"
                }
              },
              {
                "values": {
                  "EventID": "3",
                  "ProcessId": "1652",
                  "DestinationPortName": "-",
                  "Protocol": "tcp",
                  "Initiated": "true",
                  "DestinationIp": "172.253.115.153",
                  "SourcePortName": "-",
                  "Image": "C:\\Users\\admin\\AppData\\Local\\Programs\\Python\\Python37\\pythonw.exe",
                  "RuleName": "Usermode",
                  "DestinationHostname": "-",
                  "UtcTime": "2022-08-01 17:12:58.247",
                  "User": "work\\admin",
                  "DestinationPort": "443",
                  "ProcessGuid": "5240FBE6-0957-62E8-3A00-000000002400",
                  "SourcePort": "49183",
                  "SourceIsIpv6": "false",
                  "SourceHostname": "-",
                  "SourceIp": "192.168.122.84",
                  "DestinationIsIpv6": "false"
                }
              },
              {
                "values": {
                  "EventID": "3",
                  "ProcessId": "1652",
                  "DestinationPortName": "-",
                  "SourceIsIpv6": "false",
                  "DestinationIp": "172.253.115.153",
                  "Initiated": "true",
                  "SourcePortName": "-",
                  "Image": "C:\\Users\\admin\\AppData\\Local\\Programs\\Python\\Python37\\pythonw.exe",
                  "RuleName": "Usermode",
                  "DestinationHostname": "-",
                  "UtcTime": "2022-08-01 17:13:03.454",
                  "User": "work\\admin",
                  "DestinationPort": "443",
                  "ProcessGuid": "5240FBE6-0957-62E8-3A00-000000002400",
                  "SourcePort": "49184",
                  "Protocol": "tcp",
                  "SourceHostname": "-",
                  "SourceIp": "192.168.122.84",
                  "DestinationIsIpv6": "false"
                }
              },
              {
                "values": {
                  "EventID": "3",
                  "ProcessId": "1652",
                  "DestinationPortName": "-",
                  "SourceIsIpv6": "false",
                  "DestinationIp": "172.253.115.153",
                  "Initiated": "true",
                  "SourcePortName": "-",
                  "Image": "C:\\Users\\admin\\AppData\\Local\\Programs\\Python\\Python37\\pythonw.exe",
                  "RuleName": "Usermode",
                  "DestinationHostname": "-",
                  "UtcTime": "2022-08-01 17:13:09.614",
                  "User": "work\\admin",
                  "DestinationPort": "443",
                  "ProcessGuid": "5240FBE6-0957-62E8-3A00-000000002400",
                  "SourcePort": "49189",
                  "Protocol": "tcp",
                  "SourceHostname": "-",
                  "SourceIp": "192.168.122.84",
                  "DestinationIsIpv6": "false"
                }
              },
              {
                "values": {
                  "EventID": "3",
                  "ProcessId": "1652",
                  "DestinationPortName": "-",
                  "SourceIsIpv6": "false",
                  "DestinationIp": "172.253.115.153",
                  "Initiated": "true",
                  "SourcePortName": "-",
                  "Image": "C:\\Users\\admin\\AppData\\Local\\Programs\\Python\\Python37\\pythonw.exe",
                  "RuleName": "Usermode",
                  "DestinationHostname": "-",
                  "UtcTime": "2022-08-01 17:13:14.845",
                  "User": "work\\admin",
                  "DestinationPort": "443",
                  "ProcessGuid": "5240FBE6-0957-62E8-3A00-000000002400",
                  "SourcePort": "49190",
                  "Protocol": "tcp",
                  "SourceHostname": "-",
                  "SourceIp": "192.168.122.84",
                  "DestinationIsIpv6": "false"
                }
              },
              {
                "values": {
                  "EventID": "3",
                  "ProcessId": "1652",
                  "DestinationPortName": "-",
                  "Protocol": "tcp",
                  "Initiated": "true",
                  "DestinationIp": "172.253.115.153",
                  "SourcePortName": "-",
                  "Image": "C:\\Users\\admin\\AppData\\Local\\Programs\\Python\\Python37\\pythonw.exe",
                  "RuleName": "Usermode",
                  "DestinationHostname": "-",
                  "UtcTime": "2022-08-01 17:13:20.994",
                  "User": "work\\admin",
                  "DestinationPort": "443",
                  "ProcessGuid": "5240FBE6-0957-62E8-3A00-000000002400",
                  "SourcePort": "49193",
                  "SourceIsIpv6": "false",
                  "SourceHostname": "-",
                  "SourceIp": "192.168.122.84",
                  "DestinationIsIpv6": "false"
                }
              },
              {
                "values": {
                  "EventID": "3",
                  "ProcessId": "1652",
                  "DestinationPortName": "-",
                  "Protocol": "tcp",
                  "DestinationIp": "172.253.115.153",
                  "Initiated": "true",
                  "SourcePortName": "-",
                  "Image": "C:\\Users\\admin\\AppData\\Local\\Programs\\Python\\Python37\\pythonw.exe",
                  "RuleName": "Usermode",
                  "DestinationHostname": "-",
                  "UtcTime": "2022-08-01 17:13:22.485",
                  "User": "work\\admin",
                  "DestinationPort": "443",
                  "ProcessGuid": "5240FBE6-0957-62E8-3A00-000000002400",
                  "SourcePort": "49194",
                  "SourceIsIpv6": "false",
                  "SourceHostname": "-",
                  "SourceIp": "192.168.122.84",
                  "DestinationIsIpv6": "false"
                }
              },
              {
                "values": {
                  "EventID": "3",
                  "ProcessId": "1652",
                  "DestinationPortName": "-",
                  "Protocol": "tcp",
                  "DestinationIp": "172.253.115.153",
                  "Initiated": "true",
                  "SourcePortName": "-",
                  "Image": "C:\\Users\\admin\\AppData\\Local\\Programs\\Python\\Python37\\pythonw.exe",
                  "RuleName": "Usermode",
                  "DestinationHostname": "-",
                  "UtcTime": "2022-08-01 17:13:34.044",
                  "User": "work\\admin",
                  "DestinationPort": "443",
                  "ProcessGuid": "5240FBE6-0957-62E8-3A00-000000002400",
                  "SourcePort": "49198",
                  "SourceIsIpv6": "false",
                  "SourceHostname": "-",
                  "SourceIp": "192.168.122.84",
                  "DestinationIsIpv6": "false"
                }
              },
              {
                "values": {
                  "EventID": "3",
                  "ProcessId": "1652",
                  "DestinationPortName": "-",
                  "Protocol": "tcp",
                  "DestinationIp": "172.253.115.153",
                  "Initiated": "true",
                  "SourcePortName": "-",
                  "Image": "C:\\Users\\admin\\AppData\\Local\\Programs\\Python\\Python37\\pythonw.exe",
                  "RuleName": "Usermode",
                  "DestinationHostname": "-",
                  "UtcTime": "2022-08-01 17:13:39.241",
                  "User": "work\\admin",
                  "DestinationPort": "443",
                  "ProcessGuid": "5240FBE6-0957-62E8-3A00-000000002400",
                  "SourcePort": "49201",
                  "SourceIsIpv6": "false",
                  "SourceHostname": "-",
                  "SourceIp": "192.168.122.84",
                  "DestinationIsIpv6": "false"
                }
              },
              {
                "values": {
                  "EventID": "3",
                  "ProcessId": "1652",
                  "DestinationPortName": "-",
                  "Protocol": "tcp",
                  "DestinationIp": "172.253.115.153",
                  "Initiated": "true",
                  "SourcePortName": "-",
                  "Image": "C:\\Users\\admin\\AppData\\Local\\Programs\\Python\\Python37\\pythonw.exe",
                  "RuleName": "Usermode",
                  "DestinationHostname": "-",
                  "UtcTime": "2022-08-01 17:13:45.021",
                  "User": "work\\admin",
                  "DestinationPort": "443",
                  "ProcessGuid": "5240FBE6-0957-62E8-3A00-000000002400",
                  "SourcePort": "49203",
                  "SourceIsIpv6": "false",
                  "SourceHostname": "-",
                  "SourceIp": "192.168.122.84",
                  "DestinationIsIpv6": "false"
                }
              },
              {
                "values": {
                  "EventID": "3",
                  "ProcessId": "1652",
                  "DestinationPortName": "-",
                  "SourceIsIpv6": "false",
                  "Initiated": "true",
                  "DestinationIp": "172.253.115.153",
                  "SourcePortName": "-",
                  "Image": "C:\\Users\\admin\\AppData\\Local\\Programs\\Python\\Python37\\pythonw.exe",
                  "RuleName": "Usermode",
                  "DestinationHostname": "-",
                  "UtcTime": "2022-08-01 17:13:45.511",
                  "User": "work\\admin",
                  "DestinationPort": "443",
                  "ProcessGuid": "5240FBE6-0957-62E8-3A00-000000002400",
                  "SourcePort": "49204",
                  "Protocol": "tcp",
                  "SourceHostname": "-",
                  "SourceIp": "192.168.122.84",
                  "DestinationIsIpv6": "false"
                }
              },
              {
                "values": {
                  "EventID": "3",
                  "ProcessId": "1652",
                  "DestinationPortName": "-",
                  "SourceIsIpv6": "false",
                  "DestinationIp": "172.253.115.153",
                  "Initiated": "true",
                  "SourcePortName": "-",
                  "Image": "C:\\Users\\admin\\AppData\\Local\\Programs\\Python\\Python37\\pythonw.exe",
                  "RuleName": "Usermode",
                  "DestinationHostname": "-",
                  "UtcTime": "2022-08-01 17:13:50.754",
                  "User": "work\\admin",
                  "DestinationPort": "443",
                  "ProcessGuid": "5240FBE6-0957-62E8-3A00-000000002400",
                  "SourcePort": "49205",
                  "Protocol": "tcp",
                  "SourceHostname": "-",
                  "SourceIp": "192.168.122.84",
                  "DestinationIsIpv6": "false"
                }
              },
              {
                "values": {
                  "EventID": "3",
                  "ProcessId": "1652",
                  "DestinationPortName": "-",
                  "Protocol": "tcp",
                  "Initiated": "true",
                  "DestinationIp": "172.253.115.153",
                  "SourcePortName": "-",
                  "Image": "C:\\Users\\admin\\AppData\\Local\\Programs\\Python\\Python37\\pythonw.exe",
                  "RuleName": "Usermode",
                  "DestinationHostname": "-",
                  "UtcTime": "2022-08-01 17:13:56.860",
                  "User": "work\\admin",
                  "DestinationPort": "443",
                  "ProcessGuid": "5240FBE6-0957-62E8-3A00-000000002400",
                  "SourcePort": "49208",
                  "SourceIsIpv6": "false",
                  "SourceHostname": "-",
                  "SourceIp": "192.168.122.84",
                  "DestinationIsIpv6": "false"
                }
              },
              {
                "values": {
                  "EventID": "3",
                  "ProcessId": "1652",
                  "DestinationPortName": "-",
                  "SourceIsIpv6": "false",
                  "DestinationIp": "172.253.115.153",
                  "Initiated": "true",
                  "SourcePortName": "-",
                  "Image": "C:\\Users\\admin\\AppData\\Local\\Programs\\Python\\Python37\\pythonw.exe",
                  "RuleName": "Usermode",
                  "DestinationHostname": "-",
                  "UtcTime": "2022-08-01 17:14:02.058",
                  "User": "work\\admin",
                  "DestinationPort": "443",
                  "ProcessGuid": "5240FBE6-0957-62E8-3A00-000000002400",
                  "SourcePort": "49210",
                  "Protocol": "tcp",
                  "SourceHostname": "-",
                  "SourceIp": "192.168.122.84",
                  "DestinationIsIpv6": "false"
                }
              }
            ],
            "rule_level": "high",
            "rule_description": "Adversaries may attempt to get a listing of services running on remote hosts, including those that may be vulnerable to remote software exploitation",
            "rule_source": "Sigma Integrated Rule Set (GitHub)",
            "rule_title": "Python Initiated Connection",
            "rule_id": "e4d5f1be0673fa786cc8379c15338af08cdd11eed433bead9e801d6204d42a2d",
            "rule_author": "frack113"
          },
          {
            "match_context": [
              {
                "values": {
                  "EventID": "5038",
                  "param1": "\\Device\\HarddiskVolume4\\Program Files (x86)\\sandbox\\driver\\sandbox-driver.sys"
                }
              }
            ],
            "rule_level": "low",
            "rule_description": "Code integrity failures may indicate tampered executables.",
            "rule_source": "Sigma Integrated Rule Set (GitHub)",
            "rule_title": "Failed Code Integrity Checks",
            "rule_id": "134564d292d785dff102940b8a1ee06dba2d462c5fb852124b3771a49d7885f1",
            "rule_author": "Thomas Patzke"
          },
          {
            "match_context": [
              {
                "values": {
                  "TerminalSessionId": "1",
                  "ProcessGuid": "5240FBE6-096F-62E8-9C00-000000002400",
                  "ProcessId": "2684",
                  "Product": "-",
                  "Description": "-",
                  "Company": "-",
                  "ParentProcessGuid": "5240FBE6-0968-62E8-9700-000000002400",
                  "User": "work\\admin",
                  "Hashes": "MD5=DDEEEBB34DA3DEEA82EA1F4FF4C894A5,SHA256=35F911365D14FF533ACCE7367C2AB74167A9BEB7B4E8FD487F25B9DB4D68F627,IMPHASH=2758CAA95AB310089837FFB7BE996CCF",
                  "OriginalFileName": "-",
                  "ParentImage": "C:\\Users\\admin\\Downloads\\lsapptpdisp.exe",
                  "FileVersion": "-",
                  "ParentProcessId": "2340",
                  "CurrentDirectory": "C:\\Users\\admin\\Downloads\\",
                  "CommandLine": "\"C:\\Users\\admin\\AppData\\Local\\Temp\\dispipctf.exe\"",
                  "EventID": "1",
                  "LogonGuid": "5240FBE6-08EB-62E8-CC15-010000000000",
                  "LogonId": "71116",
                  "Image": "C:\\Users\\admin\\AppData\\Local\\Temp\\dispipctf.exe",
                  "IntegrityLevel": "High",
                  "ParentCommandLine": "\"lsapptpdisp.exe\"",
                  "UtcTime": "2022-08-01 17:12:15.593",
                  "RuleName": "-"
                }
              },
              {
                "values": {
                  "TerminalSessionId": "1",
                  "ProcessGuid": "5240FBE6-0973-62E8-A800-000000002400",
                  "ProcessId": "2920",
                  "Product": "Microsoft\u00ae Windows\u00ae Operating System",
                  "Description": "TCP/IP Ping Command",
                  "Company": "Microsoft Corporation",
                  "ParentProcessGuid": "5240FBE6-0972-62E8-A300-000000002400",
                  "User": "work\\admin",
                  "Hashes": "MD5=6242E3D67787CCBF4E06AD2982853144,SHA256=4CA10DBA7FF487FDB3F1362A3681D7D929F5AA1262CDFD31B04C30826983FB1D,IMPHASH=608DEBBDFBEAC87355579C189F9BDFC5",
                  "OriginalFileName": "ping.exe",
                  "ParentImage": "C:\\Windows\\SysWOW64\\cmd.exe",
                  "FileVersion": "6.1.7600.16385 (win7_rtm.090713-1255)",
                  "ParentProcessId": "2824",
                  "CurrentDirectory": "C:\\Users\\admin\\Downloads\\",
                  "CommandLine": "\"C:\\Users\\admin\\AppData\\Local\\Temp\\smss.exe\"  127.1 -n 5",
                  "EventID": "1",
                  "LogonGuid": "5240FBE6-08EB-62E8-CC15-010000000000",
                  "LogonId": "71116",
                  "Image": "C:\\Users\\admin\\AppData\\Local\\Temp\\smss.exe",
                  "IntegrityLevel": "High",
                  "ParentCommandLine": "C:\\Windows\\system32\\cmd.exe /c \"C:\\Users\\admin\\AppData\\Local\\Temp\\68E1.tmp.cmd \"C:\\Users\\admin\\AppData\\Local\\Temp\\DISPIP~1.EXE\"\"",
                  "UtcTime": "2022-08-01 17:12:19.046",
                  "RuleName": "-"
                }
              },
              {
                "values": {
                  "TerminalSessionId": "1",
                  "ProcessGuid": "5240FBE6-098C-62E8-CE00-000000002400",
                  "ProcessId": "2800",
                  "Product": "Microsoft\u00ae Windows\u00ae Operating System",
                  "Description": "TCP/IP Ping Command",
                  "Company": "Microsoft Corporation",
                  "ParentProcessGuid": "5240FBE6-0972-62E8-A300-000000002400",
                  "User": "work\\admin",
                  "Hashes": "MD5=6242E3D67787CCBF4E06AD2982853144,SHA256=4CA10DBA7FF487FDB3F1362A3681D7D929F5AA1262CDFD31B04C30826983FB1D,IMPHASH=608DEBBDFBEAC87355579C189F9BDFC5",
                  "OriginalFileName": "ping.exe",
                  "ParentImage": "C:\\Windows\\SysWOW64\\cmd.exe",
                  "FileVersion": "6.1.7600.16385 (win7_rtm.090713-1255)",
                  "ParentProcessId": "2824",
                  "CurrentDirectory": "C:\\Users\\admin\\Downloads\\",
                  "CommandLine": "\"C:\\Users\\admin\\AppData\\Local\\Temp\\smss.exe\"  127.1 -n 5",
                  "EventID": "1",
                  "LogonGuid": "5240FBE6-08EB-62E8-CC15-010000000000",
                  "LogonId": "71116",
                  "Image": "C:\\Users\\admin\\AppData\\Local\\Temp\\smss.exe",
                  "IntegrityLevel": "High",
                  "ParentCommandLine": "C:\\Windows\\system32\\cmd.exe /c \"C:\\Users\\admin\\AppData\\Local\\Temp\\68E1.tmp.cmd \"C:\\Users\\admin\\AppData\\Local\\Temp\\DISPIP~1.EXE\"\"",
                  "UtcTime": "2022-08-01 17:12:44.515",
                  "RuleName": "-"
                }
              },
              {
                "values": {
                  "TerminalSessionId": "1",
                  "ProcessGuid": "5240FBE6-09C2-62E8-2B01-000000002400",
                  "ProcessId": "2268",
                  "Product": "Microsoft\u00ae Windows\u00ae Operating System",
                  "Description": "TCP/IP Ping Command",
                  "Company": "Microsoft Corporation",
                  "ParentProcessGuid": "5240FBE6-0972-62E8-A300-000000002400",
                  "User": "work\\admin",
                  "Hashes": "MD5=6242E3D67787CCBF4E06AD2982853144,SHA256=4CA10DBA7FF487FDB3F1362A3681D7D929F5AA1262CDFD31B04C30826983FB1D,IMPHASH=608DEBBDFBEAC87355579C189F9BDFC5",
                  "OriginalFileName": "ping.exe",
                  "ParentImage": "C:\\Windows\\SysWOW64\\cmd.exe",
                  "FileVersion": "6.1.7600.16385 (win7_rtm.090713-1255)",
                  "ParentProcessId": "2824",
                  "CurrentDirectory": "C:\\Users\\admin\\Downloads\\",
                  "CommandLine": "\"C:\\Users\\admin\\AppData\\Local\\Temp\\smss.exe\"  127.1 -n 5",
                  "EventID": "1",
                  "LogonGuid": "5240FBE6-08EB-62E8-CC15-010000000000",
                  "LogonId": "71116",
                  "Image": "C:\\Users\\admin\\AppData\\Local\\Temp\\smss.exe",
                  "IntegrityLevel": "High",
                  "ParentCommandLine": "C:\\Windows\\system32\\cmd.exe /c \"C:\\Users\\admin\\AppData\\Local\\Temp\\68E1.tmp.cmd \"C:\\Users\\admin\\AppData\\Local\\Temp\\DISPIP~1.EXE\"\"",
                  "UtcTime": "2022-08-01 17:13:38.640",
                  "RuleName": "-"
                }
              },
