              {
                "values": {
                  "EventID": "3",
                  "ProcessId": "1164",
                  "DestinationPortName": "-",
                  "Protocol": "tcp",
                  "Initiated": "true",
                  "DestinationIp": "74.125.20.153",
                  "SourcePortName": "-",
                  "Image": "C:\\Users\\admin\\AppData\\Local\\Programs\\Python\\Python37\\pythonw.exe",
                  "RuleName": "Usermode",
                  "DestinationHostname": "-",
                  "UtcTime": "2022-08-01 18:12:55.979",
                  "User": "work\\admin",
                  "DestinationPort": "443",
                  "ProcessGuid": "5240FBE6-1780-62E8-3B00-000000002400",
                  "SourcePort": "49174",
                  "SourceIsIpv6": "false",
                  "SourceHostname": "-",
                  "SourceIp": "192.168.122.74",
                  "DestinationIsIpv6": "false"
                }
              },
              {
                "values": {
                  "EventID": "3",
                  "ProcessId": "1164",
                  "DestinationPortName": "-",
                  "Protocol": "tcp",
                  "DestinationIp": "74.125.20.153",
                  "Initiated": "true",
                  "SourcePortName": "-",
                  "Image": "C:\\Users\\admin\\AppData\\Local\\Programs\\Python\\Python37\\pythonw.exe",
                  "RuleName": "Usermode",
                  "DestinationHostname": "-",
                  "UtcTime": "2022-08-01 18:13:04.566",
                  "User": "work\\admin",
                  "DestinationPort": "443",
                  "ProcessGuid": "5240FBE6-1780-62E8-3B00-000000002400",
                  "SourcePort": "49179",
                  "SourceIsIpv6": "false",
                  "SourceHostname": "-",
                  "SourceIp": "192.168.122.74",
                  "DestinationIsIpv6": "false"
                }
              },
              {
                "values": {
                  "EventID": "3",
                  "ProcessId": "1164",
                  "DestinationPortName": "-",
                  "SourceIsIpv6": "false",
                  "DestinationIp": "74.125.20.153",
                  "Initiated": "true",
                  "SourcePortName": "-",
                  "Image": "C:\\Users\\admin\\AppData\\Local\\Programs\\Python\\Python37\\pythonw.exe",
                  "RuleName": "Usermode",
                  "DestinationHostname": "-",
                  "UtcTime": "2022-08-01 18:13:09.752",
                  "User": "work\\admin",
                  "DestinationPort": "443",
                  "ProcessGuid": "5240FBE6-1780-62E8-3B00-000000002400",
                  "SourcePort": "49181",
                  "Protocol": "tcp",
                  "SourceHostname": "-",
                  "SourceIp": "192.168.122.74",
                  "DestinationIsIpv6": "false"
                }
              },
              {
                "values": {
                  "EventID": "3",
                  "ProcessId": "1164",
                  "DestinationPortName": "-",
                  "Protocol": "tcp",
                  "DestinationIp": "74.125.20.153",
                  "Initiated": "true",
                  "SourcePortName": "-",
                  "Image": "C:\\Users\\admin\\AppData\\Local\\Programs\\Python\\Python37\\pythonw.exe",
                  "RuleName": "Usermode",
                  "DestinationHostname": "-",
                  "UtcTime": "2022-08-01 18:13:16.419",
                  "User": "work\\admin",
                  "DestinationPort": "443",
                  "ProcessGuid": "5240FBE6-1780-62E8-3B00-000000002400",
                  "SourcePort": "49185",
                  "SourceIsIpv6": "false",
                  "SourceHostname": "-",
                  "SourceIp": "192.168.122.74",
                  "DestinationIsIpv6": "false"
                }
              },
              {
                "values": {
                  "EventID": "3",
                  "ProcessId": "1164",
                  "DestinationPortName": "-",
                  "SourceIsIpv6": "false",
                  "Initiated": "true",
                  "DestinationIp": "74.125.20.153",
                  "SourcePortName": "-",
                  "Image": "C:\\Users\\admin\\AppData\\Local\\Programs\\Python\\Python37\\pythonw.exe",
                  "RuleName": "Usermode",
                  "DestinationHostname": "-",
                  "UtcTime": "2022-08-01 18:13:17.766",
                  "User": "work\\admin",
                  "DestinationPort": "443",
                  "ProcessGuid": "5240FBE6-1780-62E8-3B00-000000002400",
                  "SourcePort": "49186",
                  "Protocol": "tcp",
                  "SourceHostname": "-",
                  "SourceIp": "192.168.122.74",
                  "DestinationIsIpv6": "false"
                }
              },
              {
                "values": {
                  "EventID": "3",
                  "ProcessId": "1164",
                  "DestinationPortName": "-",
                  "SourceIsIpv6": "false",
                  "DestinationIp": "74.125.20.153",
                  "Initiated": "true",
                  "SourcePortName": "-",
                  "Image": "C:\\Users\\admin\\AppData\\Local\\Programs\\Python\\Python37\\pythonw.exe",
                  "RuleName": "Usermode",
                  "DestinationHostname": "-",
                  "UtcTime": "2022-08-01 18:13:29.281",
                  "User": "work\\admin",
                  "DestinationPort": "443",
                  "ProcessGuid": "5240FBE6-1780-62E8-3B00-000000002400",
                  "SourcePort": "49189",
                  "Protocol": "tcp",
                  "SourceHostname": "-",
                  "SourceIp": "192.168.122.74",
                  "DestinationIsIpv6": "false"
                }
              },
              {
                "values": {
                  "EventID": "3",
                  "ProcessId": "1164",
                  "DestinationPortName": "-",
                  "Protocol": "tcp",
                  "Initiated": "true",
                  "DestinationIp": "74.125.20.153",
                  "SourcePortName": "-",
                  "Image": "C:\\Users\\admin\\AppData\\Local\\Programs\\Python\\Python37\\pythonw.exe",
                  "RuleName": "Usermode",
                  "DestinationHostname": "-",
                  "UtcTime": "2022-08-01 18:13:30.527",
                  "User": "work\\admin",
                  "DestinationPort": "443",
                  "ProcessGuid": "5240FBE6-1780-62E8-3B00-000000002400",
                  "SourcePort": "49190",
                  "SourceIsIpv6": "false",
                  "SourceHostname": "-",
                  "SourceIp": "192.168.122.74",
                  "DestinationIsIpv6": "false"
                }
              },
              {
                "values": {
                  "EventID": "3",
                  "ProcessId": "1164",
                  "DestinationPortName": "-",
                  "SourceIsIpv6": "false",
                  "DestinationIp": "74.125.20.153",
                  "Initiated": "true",
                  "SourcePortName": "-",
                  "Image": "C:\\Users\\admin\\AppData\\Local\\Programs\\Python\\Python37\\pythonw.exe",
                  "RuleName": "Usermode",
                  "DestinationHostname": "-",
                  "UtcTime": "2022-08-01 18:13:35.720",
                  "User": "work\\admin",
                  "DestinationPort": "443",
                  "ProcessGuid": "5240FBE6-1780-62E8-3B00-000000002400",
                  "SourcePort": "49192",
                  "Protocol": "tcp",
                  "SourceHostname": "-",
                  "SourceIp": "192.168.122.74",
                  "DestinationIsIpv6": "false"
                }
              },
              {
                "values": {
                  "EventID": "3",
                  "ProcessId": "1164",
                  "DestinationPortName": "-",
                  "SourceIsIpv6": "false",
                  "Initiated": "true",
                  "DestinationIp": "74.125.20.153",
                  "SourcePortName": "-",
                  "Image": "C:\\Users\\admin\\AppData\\Local\\Programs\\Python\\Python37\\pythonw.exe",
                  "RuleName": "Usermode",
                  "DestinationHostname": "-",
                  "UtcTime": "2022-08-01 18:13:42.185",
                  "User": "work\\admin",
                  "DestinationPort": "443",
                  "ProcessGuid": "5240FBE6-1780-62E8-3B00-000000002400",
                  "SourcePort": "49193",
                  "Protocol": "tcp",
                  "SourceHostname": "-",
                  "SourceIp": "192.168.122.74",
                  "DestinationIsIpv6": "false"
                }
              },
              {
                "values": {
                  "EventID": "3",
                  "ProcessId": "1164",
                  "DestinationPortName": "-",
                  "Protocol": "tcp",
                  "DestinationIp": "74.125.20.153",
                  "Initiated": "true",
                  "SourcePortName": "-",
                  "Image": "C:\\Users\\admin\\AppData\\Local\\Programs\\Python\\Python37\\pythonw.exe",
                  "RuleName": "Usermode",
                  "DestinationHostname": "-",
                  "UtcTime": "2022-08-01 18:13:43.442",
                  "User": "work\\admin",
                  "DestinationPort": "443",
                  "ProcessGuid": "5240FBE6-1780-62E8-3B00-000000002400",
                  "SourcePort": "49195",
                  "SourceIsIpv6": "false",
                  "SourceHostname": "-",
                  "SourceIp": "192.168.122.74",
                  "DestinationIsIpv6": "false"
                }
              },
              {
                "values": {
                  "EventID": "3",
                  "ProcessId": "1164",
                  "DestinationPortName": "-",
                  "Protocol": "tcp",
                  "DestinationIp": "74.125.20.153",
                  "Initiated": "true",
                  "SourcePortName": "-",
                  "Image": "C:\\Users\\admin\\AppData\\Local\\Programs\\Python\\Python37\\pythonw.exe",
                  "RuleName": "Usermode",
                  "DestinationHostname": "-",
                  "UtcTime": "2022-08-01 18:13:45.475",
                  "User": "work\\admin",
                  "DestinationPort": "443",
                  "ProcessGuid": "5240FBE6-1780-62E8-3B00-000000002400",
                  "SourcePort": "49196",
                  "SourceIsIpv6": "false",
                  "SourceHostname": "-",
                  "SourceIp": "192.168.122.74",
                  "DestinationIsIpv6": "false"
                }
              },
              {
                "values": {
                  "EventID": "3",
                  "ProcessId": "1164",
                  "DestinationPortName": "-",
                  "SourceIsIpv6": "false",
                  "DestinationIp": "74.125.20.153",
                  "Initiated": "true",
                  "SourcePortName": "-",
                  "Image": "C:\\Users\\admin\\AppData\\Local\\Programs\\Python\\Python37\\pythonw.exe",
                  "RuleName": "Usermode",
                  "DestinationHostname": "-",
                  "UtcTime": "2022-08-01 18:13:50.715",
                  "User": "work\\admin",
                  "DestinationPort": "443",
                  "ProcessGuid": "5240FBE6-1780-62E8-3B00-000000002400",
                  "SourcePort": "49197",
                  "Protocol": "tcp",
                  "SourceHostname": "-",
                  "SourceIp": "192.168.122.74",
                  "DestinationIsIpv6": "false"
                }
              },
              {
                "values": {
                  "EventID": "3",
                  "ProcessId": "1164",
                  "DestinationPortName": "-",
                  "Protocol": "tcp",
                  "Initiated": "true",
                  "DestinationIp": "74.125.20.153",
                  "SourcePortName": "-",
                  "Image": "C:\\Users\\admin\\AppData\\Local\\Programs\\Python\\Python37\\pythonw.exe",
                  "RuleName": "Usermode",
                  "DestinationHostname": "-",
                  "UtcTime": "2022-08-01 18:13:57.113",
                  "User": "work\\admin",
                  "DestinationPort": "443",
                  "ProcessGuid": "5240FBE6-1780-62E8-3B00-000000002400",
                  "SourcePort": "49199",
                  "SourceIsIpv6": "false",
                  "SourceHostname": "-",
                  "SourceIp": "192.168.122.74",
                  "DestinationIsIpv6": "false"
                }
              },
              {
                "values": {
                  "EventID": "3",
                  "ProcessId": "1164",
                  "DestinationPortName": "-",
                  "Protocol": "tcp",
                  "Initiated": "true",
                  "DestinationIp": "74.125.20.153",
                  "SourcePortName": "-",
                  "Image": "C:\\Users\\admin\\AppData\\Local\\Programs\\Python\\Python37\\pythonw.exe",
                  "RuleName": "Usermode",
                  "DestinationHostname": "-",
                  "UtcTime": "2022-08-01 18:13:58.364",
                  "User": "work\\admin",
                  "DestinationPort": "443",
                  "ProcessGuid": "5240FBE6-1780-62E8-3B00-000000002400",
                  "SourcePort": "49200",
                  "SourceIsIpv6": "false",
                  "SourceHostname": "-",
                  "SourceIp": "192.168.122.74",
                  "DestinationIsIpv6": "false"
                }
              },
              {
                "values": {
                  "EventID": "3",
                  "ProcessId": "1164",
                  "DestinationPortName": "-",
                  "SourceIsIpv6": "false",
                  "DestinationIp": "74.125.20.153",
                  "Initiated": "true",
                  "SourcePortName": "-",
                  "Image": "C:\\Users\\admin\\AppData\\Local\\Programs\\Python\\Python37\\pythonw.exe",
                  "RuleName": "Usermode",
                  "DestinationHostname": "-",
                  "UtcTime": "2022-08-01 18:14:03.651",
                  "User": "work\\admin",
                  "DestinationPort": "443",
                  "ProcessGuid": "5240FBE6-1780-62E8-3B00-000000002400",
                  "SourcePort": "49203",
                  "Protocol": "tcp",
                  "SourceHostname": "-",
                  "SourceIp": "192.168.122.74",
                  "DestinationIsIpv6": "false"
                }
              }
            ],
            "rule_level": "high",
            "rule_description": "Adversaries may attempt to get a listing of services running on remote hosts, including those that may be vulnerable to remote software exploitation",
            "rule_source": "Sigma Integrated Rule Set (GitHub)",
            "rule_title": "Python Initiated Connection",
            "rule_id": "e4d5f1be0673fa786cc8379c15338af08cdd11eed433bead9e801d6204d42a2d",
            "rule_author": "frack113"
          },
          {
            "match_context": [
              {
                "values": {
                  "EventID": "5038",
                  "param1": "\\Device\\HarddiskVolume4\\Program Files (x86)\\sandbox\\driver\\sandbox-driver.sys"
                }
              }
            ],
            "rule_level": "low",
            "rule_description": "Code integrity failures may indicate tampered executables.",
            "rule_source": "Sigma Integrated Rule Set (GitHub)",
            "rule_title": "Failed Code Integrity Checks",
            "rule_id": "134564d292d785dff102940b8a1ee06dba2d462c5fb852124b3771a49d7885f1",
            "rule_author": "Thomas Patzke"
          },
          {
            "match_context": [
              {
                "values": {
                  "TerminalSessionId": "1",
                  "ProcessGuid": "5240FBE6-1798-62E8-A600-000000002400",
                  "ProcessId": "2788",
                  "Product": "-",
                  "Description": "-",
                  "Company": "-",
                  "ParentProcessGuid": "5240FBE6-1791-62E8-9800-000000002400",
                  "User": "work\\admin",
                  "Hashes": "MD5=DDEEEBB34DA3DEEA82EA1F4FF4C894A5,SHA256=35F911365D14FF533ACCE7367C2AB74167A9BEB7B4E8FD487F25B9DB4D68F627,IMPHASH=2758CAA95AB310089837FFB7BE996CCF",
                  "OriginalFileName": "-",
                  "ParentImage": "C:\\Users\\admin\\Downloads\\Chipset.exe",
                  "FileVersion": "-",
                  "ParentProcessId": "2400",
                  "CurrentDirectory": "C:\\Users\\admin\\Downloads\\",
                  "CommandLine": "\"C:\\Users\\admin\\AppData\\Local\\Temp\\pdbmspptp.exe\"",
                  "EventID": "1",
                  "LogonGuid": "5240FBE6-1712-62E8-FF14-010000000000",
                  "LogonId": "70911",
                  "Image": "C:\\Users\\admin\\AppData\\Local\\Temp\\pdbmspptp.exe",
                  "IntegrityLevel": "High",
                  "ParentCommandLine": "\"Chipset.exe\"",
                  "UtcTime": "2022-08-01 18:12:40.015",
                  "RuleName": "-"
                }
              },
              {
                "values": {
                  "TerminalSessionId": "1",
                  "ProcessGuid": "5240FBE6-179B-62E8-A900-000000002400",
                  "ProcessId": "2920",
                  "Product": "Microsoft\u00ae Windows\u00ae Operating System",
                  "Description": "TCP/IP Ping Command",
                  "Company": "Microsoft Corporation",
                  "ParentProcessGuid": "5240FBE6-179B-62E8-A700-000000002400",
                  "User": "work\\admin",
                  "Hashes": "MD5=6242E3D67787CCBF4E06AD2982853144,SHA256=4CA10DBA7FF487FDB3F1362A3681D7D929F5AA1262CDFD31B04C30826983FB1D,IMPHASH=608DEBBDFBEAC87355579C189F9BDFC5",
                  "OriginalFileName": "ping.exe",
                  "ParentImage": "C:\\Windows\\SysWOW64\\cmd.exe",
                  "FileVersion": "6.1.7600.16385 (win7_rtm.090713-1255)",
                  "ParentProcessId": "2860",
                  "CurrentDirectory": "C:\\Users\\admin\\Downloads\\",
                  "CommandLine": "\"C:\\Users\\admin\\AppData\\Local\\Temp\\smss.exe\"  127.1 -n 5",
                  "EventID": "1",
                  "LogonGuid": "5240FBE6-1712-62E8-FF14-010000000000",
                  "LogonId": "70911",
                  "Image": "C:\\Users\\admin\\AppData\\Local\\Temp\\smss.exe",
                  "IntegrityLevel": "High",
                  "ParentCommandLine": "C:\\Windows\\system32\\cmd.exe /c \"C:\\Users\\admin\\AppData\\Local\\Temp\\63B1.tmp.cmd \"C:\\Users\\admin\\AppData\\Local\\Temp\\PDBMSP~1.EXE\"\"",
                  "UtcTime": "2022-08-01 18:12:43.609",
                  "RuleName": "-"
                }
              },
              {
                "values": {
                  "TerminalSessionId": "1",
                  "ProcessGuid": "5240FBE6-17A0-62E8-B400-000000002400",
                  "ProcessId": "2176",
                  "Product": "Microsoft\u00ae Windows\u00ae Operating System",
                  "Description": "TCP/IP Ping Command",
                  "Company": "Microsoft Corporation",
                  "ParentProcessGuid": "5240FBE6-179B-62E8-A700-000000002400",
                  "User": "work\\admin",
                  "Hashes": "MD5=6242E3D67787CCBF4E06AD2982853144,SHA256=4CA10DBA7FF487FDB3F1362A3681D7D929F5AA1262CDFD31B04C30826983FB1D,IMPHASH=608DEBBDFBEAC87355579C189F9BDFC5",
                  "OriginalFileName": "ping.exe",
                  "ParentImage": "C:\\Windows\\SysWOW64\\cmd.exe",
                  "FileVersion": "6.1.7600.16385 (win7_rtm.090713-1255)",
                  "ParentProcessId": "2860",
                  "CurrentDirectory": "C:\\Users\\admin\\Downloads\\",
                  "CommandLine": "\"C:\\Users\\admin\\AppData\\Local\\Temp\\smss.exe\"  127.1 -n 5",
                  "EventID": "1",
                  "LogonGuid": "5240FBE6-1712-62E8-FF14-010000000000",
                  "LogonId": "70911",
                  "Image": "C:\\Users\\admin\\AppData\\Local\\Temp\\smss.exe",
                  "IntegrityLevel": "High",
                  "ParentCommandLine": "C:\\Windows\\system32\\cmd.exe /c \"C:\\Users\\admin\\AppData\\Local\\Temp\\63B1.tmp.cmd \"C:\\Users\\admin\\AppData\\Local\\Temp\\PDBMSP~1.EXE\"\"",
                  "UtcTime": "2022-08-01 18:12:48.109",
                  "RuleName": "-"
                }
              },
              {
                "values": {
                  "TerminalSessionId": "1",
                  "ProcessGuid": "5240FBE6-17A4-62E8-BF00-000000002400",
                  "ProcessId": "2668",
                  "Product": "Microsoft\u00ae Windows\u00ae Operating System",
                  "Description": "TCP/IP Ping Command",
                  "Company": "Microsoft Corporation",
                  "ParentProcessGuid": "5240FBE6-179B-62E8-A700-000000002400",
                  "User": "work\\admin",
                  "Hashes": "MD5=6242E3D67787CCBF4E06AD2982853144,SHA256=4CA10DBA7FF487FDB3F1362A3681D7D929F5AA1262CDFD31B04C30826983FB1D,IMPHASH=608DEBBDFBEAC87355579C189F9BDFC5",
                  "OriginalFileName": "ping.exe",
                  "ParentImage": "C:\\Windows\\SysWOW64\\cmd.exe",
                  "FileVersion": "6.1.7600.16385 (win7_rtm.090713-1255)",
                  "ParentProcessId": "2860",
                  "CurrentDirectory": "C:\\Users\\admin\\Downloads\\",
                  "CommandLine": "\"C:\\Users\\admin\\AppData\\Local\\Temp\\smss.exe\"  127.1 -n 5",
                  "EventID": "1",
                  "LogonGuid": "5240FBE6-1712-62E8-FF14-010000000000",
                  "LogonId": "70911",
                  "Image": "C:\\Users\\admin\\AppData\\Local\\Temp\\smss.exe",
                  "IntegrityLevel": "High",
                  "ParentCommandLine": "C:\\Windows\\system32\\cmd.exe /c \"C:\\Users\\admin\\AppData\\Local\\Temp\\63B1.tmp.cmd \"C:\\Users\\admin\\AppData\\Local\\Temp\\PDBMSP~1.EXE\"\"",
                  "UtcTime": "2022-08-01 18:12:52.640",
                  "RuleName": "-"
                }
              },
              {
                "values": {
                  "TerminalSessionId": "1",
                  "ProcessGuid": "5240FBE6-17A9-62E8-C700-000000002400",
                  "ProcessId": "3004",
                  "Product": "Microsoft\u00ae Windows\u00ae Operating System",
                  "Description": "TCP/IP Ping Command",
                  "Company": "Microsoft Corporation",
                  "ParentProcessGuid": "5240FBE6-179B-62E8-A700-000000002400",
                  "User": "work\\admin",
                  "Hashes": "MD5=6242E3D67787CCBF4E06AD2982853144,SHA256=4CA10DBA7FF487FDB3F1362A3681D7D929F5AA1262CDFD31B04C30826983FB1D,IMPHASH=608DEBBDFBEAC87355579C189F9BDFC5",
                  "OriginalFileName": "ping.exe",
                  "ParentImage": "C:\\Windows\\SysWOW64\\cmd.exe",
                  "FileVersion": "6.1.7600.16385 (win7_rtm.090713-1255)",
                  "ParentProcessId": "2860",
                  "CurrentDirectory": "C:\\Users\\admin\\Downloads\\",
                  "CommandLine": "\"C:\\Users\\admin\\AppData\\Local\\Temp\\smss.exe\"  127.1 -n 5",
                  "EventID": "1",
                  "LogonGuid": "5240FBE6-1712-62E8-FF14-010000000000",
                  "LogonId": "70911",
                  "Image": "C:\\Users\\admin\\AppData\\Local\\Temp\\smss.exe",
                  "IntegrityLevel": "High",
                  "ParentCommandLine": "C:\\Windows\\system32\\cmd.exe /c \"C:\\Users\\admin\\AppData\\Local\\Temp\\63B1.tmp.cmd \"C:\\Users\\admin\\AppData\\Local\\Temp\\PDBMSP~1.EXE\"\"",
                  "UtcTime": "2022-08-01 18:12:57.000",
                  "RuleName": "-"
                }
              },
              {
                "values": {
                  "TerminalSessionId": "1",
                  "ProcessGuid": "5240FBE6-17AE-62E8-D100-000000002400",
                  "ProcessId": "2172",
                  "Product": "Microsoft\u00ae Windows\u00ae Operating System",
                  "Description": "TCP/IP Ping Command",
                  "Company": "Microsoft Corporation",
                  "ParentProcessGuid": "5240FBE6-179B-62E8-A700-000000002400",
                  "User": "work\\admin",
                  "Hashes": "MD5=6242E3D67787CCBF4E06AD2982853144,SHA256=4CA10DBA7FF487FDB3F1362A3681D7D929F5AA1262CDFD31B04C30826983FB1D,IMPHASH=608DEBBDFBEAC87355579C189F9BDFC5",
                  "OriginalFileName": "ping.exe",
                  "ParentImage": "C:\\Windows\\SysWOW64\\cmd.exe",
                  "FileVersion": "6.1.7600.16385 (win7_rtm.090713-1255)",
                  "ParentProcessId": "2860",
                  "CurrentDirectory": "C:\\Users\\admin\\Downloads\\",
                  "CommandLine": "\"C:\\Users\\admin\\AppData\\Local\\Temp\\smss.exe\"  127.1 -n 5",
                  "EventID": "1",
                  "LogonGuid": "5240FBE6-1712-62E8-FF14-010000000000",
                  "LogonId": "70911",
                  "Image": "C:\\Users\\admin\\AppData\\Local\\Temp\\smss.exe",
                  "IntegrityLevel": "High",
                  "ParentCommandLine": "C:\\Windows\\system32\\cmd.exe /c \"C:\\Users\\admin\\AppData\\Local\\Temp\\63B1.tmp.cmd \"C:\\Users\\admin\\AppData\\Local\\Temp\\PDBMSP~1.EXE\"\"",
                  "UtcTime": "2022-08-01 18:13:02.171",
                  "RuleName": "-"
                }
              },
              {
                "values": {
                  "TerminalSessionId": "1",
                  "ProcessGuid": "5240FBE6-17E4-62E8-2001-000000002400",
                  "ProcessId": "2212",
                  "Product": "Microsoft\u00ae Windows\u00ae Operating System",
                  "Description": "TCP/IP Ping Command",
                  "Company": "Microsoft Corporation",
                  "ParentProcessGuid": "5240FBE6-179B-62E8-A700-000000002400",
                  "User": "work\\admin",
                  "Hashes": "MD5=6242E3D67787CCBF4E06AD2982853144,SHA256=4CA10DBA7FF487FDB3F1362A3681D7D929F5AA1262CDFD31B04C30826983FB1D,IMPHASH=608DEBBDFBEAC87355579C189F9BDFC5",
                  "OriginalFileName": "ping.exe",
                  "ParentImage": "C:\\Windows\\SysWOW64\\cmd.exe",
                  "FileVersion": "6.1.7600.16385 (win7_rtm.090713-1255)",
                  "ParentProcessId": "2860",
                  "CurrentDirectory": "C:\\Users\\admin\\Downloads\\",
                  "CommandLine": "\"C:\\Users\\admin\\AppData\\Local\\Temp\\smss.exe\"  127.1 -n 5",
                  "EventID": "1",
                  "LogonGuid": "5240FBE6-1712-62E8-FF14-010000000000",
                  "LogonId": "70911",
                  "Image": "C:\\Users\\admin\\AppData\\Local\\Temp\\smss.exe",
                  "IntegrityLevel": "High",
                  "ParentCommandLine": "C:\\Windows\\system32\\cmd.exe /c \"C:\\Users\\admin\\AppData\\Local\\Temp\\63B1.tmp.cmd \"C:\\Users\\admin\\AppData\\Local\\Temp\\PDBMSP~1.EXE\"\"",
                  "UtcTime": "2022-08-01 18:13:56.296",
                  "RuleName": "-"
                }
              },
              {
                "values": {
                  "TerminalSessionId": "0",
                  "ProcessGuid": "C784477D-2429-629F-6005-000000001F00",
                  "ProcessId": "7020",
                  "Product": "Microsoft\u00ae Windows\u00ae Operating System",
                  "Description": "Dism Host Servicing Process",
                  "Company": "Microsoft Corporation",
                  "ParentProcessGuid": "C784477D-240F-629F-3B05-000000001F00",
                  "User": "NT AUTHORITY\\SYSTEM",
                  "Hashes": "MD5=2A1EE8DF1DD0335605DCC5015C60EBC0,SHA256=3344BE53D32153DCEF6A732E3BFF41AB2418F1B91F268567EB577314E34AA500,IMPHASH=8284817BCE2852A54A728AF71A282BBA",
                  "OriginalFileName": "DismHost.exe",
                  "ParentImage": "C:\\Program Files\\rempl\\sedlauncher.exe",
                  "FileVersion": "10.0.17134.1 (WinBuild.160101.0800)",
                  "ParentProcessId": "3812",
                  "CurrentDirectory": "C:\\Windows\\system32\\",
                  "CommandLine": "C:\\Windows\\TEMP\\18CA5654-128B-4519-AFA8-CA4B432E861D\\dismhost.exe {55967110-5E00-4FA7-AA4A-2DD532CE886E}",
                  "EventID": "1",
                  "LogonGuid": "C784477D-2359-629F-E703-000000000000",
                  "LogonId": "999",
                  "Image": "C:\\Windows\\Temp\\18CA5654-128B-4519-AFA8-CA4B432E861D\\DismHost.exe",
                  "IntegrityLevel": "System",
                  "ParentCommandLine": "\"C:\\Program Files\\rempl\\sedlauncher.exe\"",
                  "UtcTime": "2022-06-07 10:10:49.619",
                  "RuleName": "-"
                }
              },
              {
                "values": {
                  "TerminalSessionId": "1",
                  "ProcessGuid": "C784477D-A6F4-62E8-8A06-000000001F00",
                  "ProcessId": "6260",
                  "Product": "Chipset Support",
                  "Description": "Intel Chipset Support Service",
                  "Company": "Intel NGO Chipset",
                  "ParentProcessGuid": "C784477D-24AD-629F-7206-000000001F00",
                  "User": "DESKTOP-B0T93D6\\george",
                  "Hashes": "MD5=AB133E1D304C69D476D4BAF7CF7993BC,SHA256=07BFC952EC20F78F8A135FE3FC59D23A4C5B096D42BF551A2D5B13893DC87275,IMPHASH=00000000000000000000000000000000",
                  "OriginalFileName": "Chipset",
                  "ParentImage": "C:\\Program Files (x86)\\Joebox\\control\\joeboxcontrol.exe",
                  "FileVersion": "3, 1, 1, 1",
                  "ParentProcessId": "7568",
                  "CurrentDirectory": "C:\\Users\\george\\Desktop\\",
                  "CommandLine": "\"C:\\Users\\george\\Desktop\\executable.exe\" ",
                  "EventID": "1",
                  "LogonGuid": "C784477D-235F-629F-24C6-030000000000",
                  "LogonId": "247332",
                  "Image": "C:\\Users\\george\\Desktop\\executable.exe",
                  "IntegrityLevel": "High",
                  "ParentCommandLine": "\"C:\\Program Files (x86)\\Joebox\\control\\joeboxcontrol.exe\"",
                  "UtcTime": "2022-08-02 04:24:20.276",
                  "RuleName": "-"
                }
              },
              {
                "values": {
                  "TerminalSessionId": "1",
                  "ProcessGuid": "C784477D-A706-62E8-8F06-000000001F00",
                  "ProcessId": "8068",
                  "Product": "-",
                  "Description": "-",
                  "Company": "-",
                  "ParentProcessGuid": "C784477D-A6F4-62E8-8A06-000000001F00",
                  "User": "DESKTOP-B0T93D6\\george",
                  "Hashes": "MD5=DDEEEBB34DA3DEEA82EA1F4FF4C894A5,SHA256=35F911365D14FF533ACCE7367C2AB74167A9BEB7B4E8FD487F25B9DB4D68F627,IMPHASH=2758CAA95AB310089837FFB7BE996CCF",
                  "OriginalFileName": "-",
                  "ParentImage": "C:\\Users\\george\\Desktop\\executable.exe",
                  "FileVersion": "-",
                  "ParentProcessId": "6260",
                  "CurrentDirectory": "C:\\Users\\george\\Desktop\\",
                  "CommandLine": "\"C:\\Users\\george\\AppData\\Local\\Temp\\dhcppptppool.exe\"",
                  "EventID": "1",
                  "LogonGuid": "C784477D-235F-629F-24C6-030000000000",
                  "LogonId": "247332",
                  "Image": "C:\\Users\\george\\AppData\\Local\\Temp\\dhcppptppool.exe",
                  "IntegrityLevel": "High",
                  "ParentCommandLine": "\"C:\\Users\\george\\Desktop\\executable.exe\" ",
                  "UtcTime": "2022-08-02 04:24:38.546",
                  "RuleName": "-"
                }
              },
              {
                "values": {
                  "TerminalSessionId": "1",
                  "ProcessGuid": "C784477D-A70B-62E8-9206-000000001F00",
                  "ProcessId": "3352",
                  "Product": "Microsoft\u00ae Windows\u00ae Operating System",
                  "Description": "TCP/IP Ping Command",
                  "Company": "Microsoft Corporation",
                  "ParentProcessGuid": "C784477D-A70A-62E8-9006-000000001F00",
                  "User": "DESKTOP-B0T93D6\\george",
                  "Hashes": "MD5=70C24A306F768936563ABDADB9CA9108,SHA256=7BF496D5B9F227CCE033F204E21743008C3F4B081D44B02500EDA4EFBCCF3281,IMPHASH=6C1FE20B3F9688A9263FFDF9FF417272",
                  "OriginalFileName": "ping.exe",
                  "ParentImage": "C:\\Windows\\SysWOW64\\cmd.exe",
                  "FileVersion": "10.0.17134.1 (WinBuild.160101.0800)",
                  "ParentProcessId": "408",
                  "CurrentDirectory": "C:\\Users\\george\\Desktop\\",
                  "CommandLine": "\"C:\\Users\\george\\AppData\\Local\\Temp\\smss.exe\"  127.1 -n 5",
                  "EventID": "1",
                  "LogonGuid": "C784477D-235F-629F-24C6-030000000000",
                  "LogonId": "247332",
                  "Image": "C:\\Users\\george\\AppData\\Local\\Temp\\smss.exe",
                  "IntegrityLevel": "High",
                  "ParentCommandLine": "C:\\Windows\\system32\\cmd.exe /c \"C:\\Users\\george\\AppData\\Local\\Temp\\3EA8.tmp.cmd \"C:\\Users\\george\\AppData\\Local\\Temp\\DHCPPP~1.EXE\"\"",
                  "UtcTime": "2022-08-02 04:24:43.643",
                  "RuleName": "-"
                }
              },
              {
                "values": {
                  "TerminalSessionId": "1",
                  "ProcessGuid": "C784477D-A711-62E8-9406-000000001F00",
                  "ProcessId": "7160",
                  "Product": "Microsoft\u00ae Windows\u00ae Operating System",
                  "Description": "TCP/IP Ping Command",
                  "Company": "Microsoft Corporation",
                  "ParentProcessGuid": "C784477D-A70A-62E8-9006-000000001F00",
                  "User": "DESKTOP-B0T93D6\\george",
                  "Hashes": "MD5=70C24A306F768936563ABDADB9CA9108,SHA256=7BF496D5B9F227CCE033F204E21743008C3F4B081D44B02500EDA4EFBCCF3281,IMPHASH=6C1FE20B3F9688A9263FFDF9FF417272",
                  "OriginalFileName": "ping.exe",
                  "ParentImage": "C:\\Windows\\SysWOW64\\cmd.exe",
                  "FileVersion": "10.0.17134.1 (WinBuild.160101.0800)",
                  "ParentProcessId": "408",
                  "CurrentDirectory": "C:\\Users\\george\\Desktop\\",
                  "CommandLine": "\"C:\\Users\\george\\AppData\\Local\\Temp\\smss.exe\"  127.1 -n 5",
                  "EventID": "1",
                  "LogonGuid": "C784477D-235F-629F-24C6-030000000000",
                  "LogonId": "247332",
                  "Image": "C:\\Users\\george\\AppData\\Local\\Temp\\smss.exe",
                  "IntegrityLevel": "High",
                  "ParentCommandLine": "C:\\Windows\\system32\\cmd.exe /c \"C:\\Users\\george\\AppData\\Local\\Temp\\3EA8.tmp.cmd \"C:\\Users\\george\\AppData\\Local\\Temp\\DHCPPP~1.EXE\"\"",
                  "UtcTime": "2022-08-02 04:24:49.247",
                  "RuleName": "-"
                }
              },
              {
                "values": {
                  "TerminalSessionId": "1",
                  "ProcessGuid": "C784477D-A716-62E8-9606-000000001F00",
                  "ProcessId": "7344",
                  "Product": "Microsoft\u00ae Windows\u00ae Operating System",
                  "Description": "TCP/IP Ping Command",
                  "Company": "Microsoft Corporation",
                  "ParentProcessGuid": "C784477D-A70A-62E8-9006-000000001F00",
                  "User": "DESKTOP-B0T93D6\\george",
                  "Hashes": "MD5=70C24A306F768936563ABDADB9CA9108,SHA256=7BF496D5B9F227CCE033F204E21743008C3F4B081D44B02500EDA4EFBCCF3281,IMPHASH=6C1FE20B3F9688A9263FFDF9FF417272",
                  "OriginalFileName": "ping.exe",
                  "ParentImage": "C:\\Windows\\SysWOW64\\cmd.exe",
                  "FileVersion": "10.0.17134.1 (WinBuild.160101.0800)",
                  "ParentProcessId": "408",
                  "CurrentDirectory": "C:\\Users\\george\\Desktop\\",
                  "CommandLine": "\"C:\\Users\\george\\AppData\\Local\\Temp\\smss.exe\"  127.1 -n 5",
                  "EventID": "1",
                  "LogonGuid": "C784477D-235F-629F-24C6-030000000000",
                  "LogonId": "247332",
                  "Image": "C:\\Users\\george\\AppData\\Local\\Temp\\smss.exe",
                  "IntegrityLevel": "High",
                  "ParentCommandLine": "C:\\Windows\\system32\\cmd.exe /c \"C:\\Users\\george\\AppData\\Local\\Temp\\3EA8.tmp.cmd \"C:\\Users\\george\\AppData\\Local\\Temp\\DHCPPP~1.EXE\"\"",
                  "UtcTime": "2022-08-02 04:24:54.566",
                  "RuleName": "-"
                }
              },
              {
                "values": {
                  "TerminalSessionId": "1",
                  "ProcessGuid": "C784477D-A71B-62E8-9806-000000001F00",
                  "ProcessId": "7748",
                  "Product": "Microsoft\u00ae Windows\u00ae Operating System",
                  "Description": "TCP/IP Ping Command",
                  "Company": "Microsoft Corporation",
                  "ParentProcessGuid": "C784477D-A70A-62E8-9006-000000001F00",
                  "User": "DESKTOP-B0T93D6\\george",
                  "Hashes": "MD5=70C24A306F768936563ABDADB9CA9108,SHA256=7BF496D5B9F227CCE033F204E21743008C3F4B081D44B02500EDA4EFBCCF3281,IMPHASH=6C1FE20B3F9688A9263FFDF9FF417272",
                  "OriginalFileName": "ping.exe",
                  "ParentImage": "C:\\Windows\\SysWOW64\\cmd.exe",
                  "FileVersion": "10.0.17134.1 (WinBuild.160101.0800)",
                  "ParentProcessId": "408",
                  "CurrentDirectory": "C:\\Users\\george\\Desktop\\",
                  "CommandLine": "\"C:\\Users\\george\\AppData\\Local\\Temp\\smss.exe\"  127.1 -n 5",
                  "EventID": "1",
                  "LogonGuid": "C784477D-235F-629F-24C6-030000000000",
                  "LogonId": "247332",
                  "Image": "C:\\Users\\george\\AppData\\Local\\Temp\\smss.exe",
                  "IntegrityLevel": "High",
                  "ParentCommandLine": "C:\\Windows\\system32\\cmd.exe /c \"C:\\Users\\george\\AppData\\Local\\Temp\\3EA8.tmp.cmd \"C:\\Users\\george\\AppData\\Local\\Temp\\DHCPPP~1.EXE\"\"",
                  "UtcTime": "2022-08-02 04:24:59.810",
                  "RuleName": "-"
                }
              },
              {
                "values": {
                  "TerminalSessionId": "1",
                  "ProcessGuid": "C784477D-A721-62E8-9A06-000000001F00",
                  "ProcessId": "6532",
                  "Product": "Microsoft\u00ae Windows\u00ae Operating System",
                  "Description": "TCP/IP Ping Command",
                  "Company": "Microsoft Corporation",
                  "ParentProcessGuid": "C784477D-A70A-62E8-9006-000000001F00",
                  "User": "DESKTOP-B0T93D6\\george",
                  "Hashes": "MD5=70C24A306F768936563ABDADB9CA9108,SHA256=7BF496D5B9F227CCE033F204E21743008C3F4B081D44B02500EDA4EFBCCF3281,IMPHASH=6C1FE20B3F9688A9263FFDF9FF417272",
                  "OriginalFileName": "ping.exe",
                  "ParentImage": "C:\\Windows\\SysWOW64\\cmd.exe",
                  "FileVersion": "10.0.17134.1 (WinBuild.160101.0800)",
                  "ParentProcessId": "408",
                  "CurrentDirectory": "C:\\Users\\george\\Desktop\\",
                  "CommandLine": "\"C:\\Users\\george\\AppData\\Local\\Temp\\smss.exe\"  127.1 -n 5",
                  "EventID": "1",
                  "LogonGuid": "C784477D-235F-629F-24C6-030000000000",
                  "LogonId": "247332",
                  "Image": "C:\\Users\\george\\AppData\\Local\\Temp\\smss.exe",
                  "IntegrityLevel": "High",
                  "ParentCommandLine": "C:\\Windows\\system32\\cmd.exe /c \"C:\\Users\\george\\AppData\\Local\\Temp\\3EA8.tmp.cmd \"C:\\Users\\george\\AppData\\Local\\Temp\\DHCPPP~1.EXE\"\"",
                  "UtcTime": "2022-08-02 04:25:05.034",
                  "RuleName": "-"
                }
              },
              {
                "values": {
                  "TerminalSessionId": "1",
                  "ProcessGuid": "C784477D-A726-62E8-9C06-000000001F00",
                  "ProcessId": "252",
                  "Product": "Microsoft\u00ae Windows\u00ae Operating System",
                  "Description": "TCP/IP Ping Command",
                  "Company": "Microsoft Corporation",
                  "ParentProcessGuid": "C784477D-A70A-62E8-9006-000000001F00",
                  "User": "DESKTOP-B0T93D6\\george",
                  "Hashes": "MD5=70C24A306F768936563ABDADB9CA9108,SHA256=7BF496D5B9F227CCE033F204E21743008C3F4B081D44B02500EDA4EFBCCF3281,IMPHASH=6C1FE20B3F9688A9263FFDF9FF417272",
                  "OriginalFileName": "ping.exe",
                  "ParentImage": "C:\\Windows\\SysWOW64\\cmd.exe",
                  "FileVersion": "10.0.17134.1 (WinBuild.160101.0800)",
                  "ParentProcessId": "408",
                  "CurrentDirectory": "C:\\Users\\george\\Desktop\\",
                  "CommandLine": "\"C:\\Users\\george\\AppData\\Local\\Temp\\smss.exe\"  127.1 -n 5",
                  "EventID": "1",
                  "LogonGuid": "C784477D-235F-629F-24C6-030000000000",
                  "LogonId": "247332",
                  "Image": "C:\\Users\\george\\AppData\\Local\\Temp\\smss.exe",
                  "IntegrityLevel": "High",
                  "ParentCommandLine": "C:\\Windows\\system32\\cmd.exe /c \"C:\\Users\\george\\AppData\\Local\\Temp\\3EA8.tmp.cmd \"C:\\Users\\george\\AppData\\Local\\Temp\\DHCPPP~1.EXE\"\"",
                  "UtcTime": "2022-08-02 04:25:10.297",
                  "RuleName": "-"
                }
              },
              {
                "values": {
                  "TerminalSessionId": "1",
                  "ProcessGuid": "C784477D-A72B-62E8-9E06-000000001F00",
                  "ProcessId": "3396",
                  "Product": "Microsoft\u00ae Windows\u00ae Operating System",
                  "Description": "TCP/IP Ping Command",
                  "Company": "Microsoft Corporation",
                  "ParentProcessGuid": "C784477D-A70A-62E8-9006-000000001F00",
                  "User": "DESKTOP-B0T93D6\\george",
                  "Hashes": "MD5=70C24A306F768936563ABDADB9CA9108,SHA256=7BF496D5B9F227CCE033F204E21743008C3F4B081D44B02500EDA4EFBCCF3281,IMPHASH=6C1FE20B3F9688A9263FFDF9FF417272",
                  "OriginalFileName": "ping.exe",
                  "ParentImage": "C:\\Windows\\SysWOW64\\cmd.exe",
                  "FileVersion": "10.0.17134.1 (WinBuild.160101.0800)",
                  "ParentProcessId": "408",
                  "CurrentDirectory": "C:\\Users\\george\\Desktop\\",
                  "CommandLine": "\"C:\\Users\\george\\AppData\\Local\\Temp\\smss.exe\"  127.1 -n 5",
                  "EventID": "1",
                  "LogonGuid": "C784477D-235F-629F-24C6-030000000000",
                  "LogonId": "247332",
                  "Image": "C:\\Users\\george\\AppData\\Local\\Temp\\smss.exe",
                  "IntegrityLevel": "High",
                  "ParentCommandLine": "C:\\Windows\\system32\\cmd.exe /c \"C:\\Users\\george\\AppData\\Local\\Temp\\3EA8.tmp.cmd \"C:\\Users\\george\\AppData\\Local\\Temp\\DHCPPP~1.EXE\"\"",
                  "UtcTime": "2022-08-02 04:25:15.588",
                  "RuleName": "-"
                }
              },
              {
                "values": {
                  "TerminalSessionId": "1",
                  "ProcessGuid": "C784477D-A730-62E8-A006-000000001F00",
                  "ProcessId": "5700",
                  "Product": "Microsoft\u00ae Windows\u00ae Operating System",
                  "Description": "TCP/IP Ping Command",
                  "Company": "Microsoft Corporation",
                  "ParentProcessGuid": "C784477D-A70A-62E8-9006-000000001F00",
                  "User": "DESKTOP-B0T93D6\\george",
                  "Hashes": "MD5=70C24A306F768936563ABDADB9CA9108,SHA256=7BF496D5B9F227CCE033F204E21743008C3F4B081D44B02500EDA4EFBCCF3281,IMPHASH=6C1FE20B3F9688A9263FFDF9FF417272",
                  "OriginalFileName": "ping.exe",
                  "ParentImage": "C:\\Windows\\SysWOW64\\cmd.exe",
                  "FileVersion": "10.0.17134.1 (WinBuild.160101.0800)",
                  "ParentProcessId": "408",
                  "CurrentDirectory": "C:\\Users\\george\\Desktop\\",
                  "CommandLine": "\"C:\\Users\\george\\AppData\\Local\\Temp\\smss.exe\"  127.1 -n 5",
                  "EventID": "1",
                  "LogonGuid": "C784477D-235F-629F-24C6-030000000000",
                  "LogonId": "247332",
                  "Image": "C:\\Users\\george\\AppData\\Local\\Temp\\smss.exe",
                  "IntegrityLevel": "High",
                  "ParentCommandLine": "C:\\Windows\\system32\\cmd.exe /c \"C:\\Users\\george\\AppData\\Local\\Temp\\3EA8.tmp.cmd \"C:\\Users\\george\\AppData\\Local\\Temp\\DHCPPP~1.EXE\"\"",
                  "UtcTime": "2022-08-02 04:25:20.835",
                  "RuleName": "-"
                }
              },
              {
                "values": {
                  "TerminalSessionId": "1",
                  "ProcessGuid": "C784477D-A736-62E8-A206-000000001F00",
                  "ProcessId": "7608",
                  "Product": "Microsoft\u00ae Windows\u00ae Operating System",
                  "Description": "TCP/IP Ping Command",
                  "Company": "Microsoft Corporation",
                  "ParentProcessGuid": "C784477D-A70A-62E8-9006-000000001F00",
                  "User": "DESKTOP-B0T93D6\\george",
                  "Hashes": "MD5=70C24A306F768936563ABDADB9CA9108,SHA256=7BF496D5B9F227CCE033F204E21743008C3F4B081D44B02500EDA4EFBCCF3281,IMPHASH=6C1FE20B3F9688A9263FFDF9FF417272",
                  "OriginalFileName": "ping.exe",
                  "ParentImage": "C:\\Windows\\SysWOW64\\cmd.exe",
                  "FileVersion": "10.0.17134.1 (WinBuild.160101.0800)",
                  "ParentProcessId": "408",
                  "CurrentDirectory": "C:\\Users\\george\\Desktop\\",
                  "CommandLine": "\"C:\\Users\\george\\AppData\\Local\\Temp\\smss.exe\"  127.1 -n 5",
                  "EventID": "1",
                  "LogonGuid": "C784477D-235F-629F-24C6-030000000000",
                  "LogonId": "247332",
                  "Image": "C:\\Users\\george\\AppData\\Local\\Temp\\smss.exe",
                  "IntegrityLevel": "High",
                  "ParentCommandLine": "C:\\Windows\\system32\\cmd.exe /c \"C:\\Users\\george\\AppData\\Local\\Temp\\3EA8.tmp.cmd \"C:\\Users\\george\\AppData\\Local\\Temp\\DHCPPP~1.EXE\"\"",
                  "UtcTime": "2022-08-02 04:25:26.269",
                  "RuleName": "-"
                }
              },
              {
                "values": {
                  "TerminalSessionId": "1",
                  "ProcessGuid": "C784477D-A73B-62E8-A406-000000001F00",
                  "ProcessId": "8120",
                  "Product": "Microsoft\u00ae Windows\u00ae Operating System",
                  "Description": "TCP/IP Ping Command",
                  "Company": "Microsoft Corporation",
                  "ParentProcessGuid": "C784477D-A70A-62E8-9006-000000001F00",
                  "User": "DESKTOP-B0T93D6\\george",
                  "Hashes": "MD5=70C24A306F768936563ABDADB9CA9108,SHA256=7BF496D5B9F227CCE033F204E21743008C3F4B081D44B02500EDA4EFBCCF3281,IMPHASH=6C1FE20B3F9688A9263FFDF9FF417272",
                  "OriginalFileName": "ping.exe",
                  "ParentImage": "C:\\Windows\\SysWOW64\\cmd.exe",
                  "FileVersion": "10.0.17134.1 (WinBuild.160101.0800)",
                  "ParentProcessId": "408",
                  "CurrentDirectory": "C:\\Users\\george\\Desktop\\",
                  "CommandLine": "\"C:\\Users\\george\\AppData\\Local\\Temp\\smss.exe\"  127.1 -n 5",
                  "EventID": "1",
                  "LogonGuid": "C784477D-235F-629F-24C6-030000000000",
                  "LogonId": "247332",
                  "Image": "C:\\Users\\george\\AppData\\Local\\Temp\\smss.exe",
                  "IntegrityLevel": "High",
                  "ParentCommandLine": "C:\\Windows\\system32\\cmd.exe /c \"C:\\Users\\george\\AppData\\Local\\Temp\\3EA8.tmp.cmd \"C:\\Users\\george\\AppData\\Local\\Temp\\DHCPPP~1.EXE\"\"",
                  "UtcTime": "2022-08-02 04:25:31.675",
                  "RuleName": "-"
                }
              },
