              {
                "values": {
                  "TerminalSessionId": "0",
                  "ProcessGuid": "C784477D-F1C0-62AA-4C05-000000003000",
                  "ProcessId": "3668",
                  "Product": "Microsoft\u00ae Windows\u00ae Operating System",
                  "Description": "Dism Host Servicing Process",
                  "Company": "Microsoft Corporation",
                  "ParentProcessGuid": "C784477D-F1AA-62AA-2805-000000003000",
                  "User": "NT AUTHORITY\\SYSTEM",
                  "Hashes": "MD5=2A1EE8DF1DD0335605DCC5015C60EBC0,SHA256=3344BE53D32153DCEF6A732E3BFF41AB2418F1B91F268567EB577314E34AA500,IMPHASH=8284817BCE2852A54A728AF71A282BBA",
                  "OriginalFileName": "DismHost.exe",
                  "ParentImage": "C:\\Program Files\\rempl\\sedlauncher.exe",
                  "FileVersion": "10.0.17134.1 (WinBuild.160101.0800)",
                  "ParentProcessId": "6244",
                  "CurrentDirectory": "C:\\Windows\\system32\\",
                  "CommandLine": "C:\\Windows\\TEMP\\3C21399D-80D5-4BE5-A3F2-E495A7982B41\\dismhost.exe {626A5A51-FFE9-41C8-BBC9-C628D21F0F18}",
                  "EventID": "1",
                  "LogonGuid": "C784477D-F0F4-62AA-E703-000000000000",
                  "LogonId": "999",
                  "Image": "C:\\Windows\\Temp\\3C21399D-80D5-4BE5-A3F2-E495A7982B41\\DismHost.exe",
                  "IntegrityLevel": "System",
                  "ParentCommandLine": "\"C:\\Program Files\\rempl\\sedlauncher.exe\"",
                  "UtcTime": "2022-06-16 09:02:56.426",
                  "RuleName": "-"
                }
              },
              {
                "values": {
                  "TerminalSessionId": "1",
                  "ProcessGuid": "C784477D-F5C8-62E8-7A06-000000003000",
                  "ProcessId": "4132",
                  "Product": "Chipset Support",
                  "Description": "Intel Chipset Support Service",
                  "Company": "Intel NGO Chipset",
                  "ParentProcessGuid": "C784477D-F250-62AA-5E06-000000003000",
                  "User": "DESKTOP-B0T93D6\\george",
                  "Hashes": "MD5=3B38DFA05D8726529F100DDFAAEE6A21,SHA256=90CC9414ECB311990A14AF3A752239753B943993617D925AFBB91F5353AB224D,IMPHASH=00000000000000000000000000000000",
                  "OriginalFileName": "Chipset",
                  "ParentImage": "C:\\Program Files (x86)\\Joebox\\control\\joeboxcontrol.exe",
                  "FileVersion": "3, 1, 1, 1",
                  "ParentProcessId": "3588",
                  "CurrentDirectory": "C:\\Users\\george\\Desktop\\",
                  "CommandLine": "\"C:\\Users\\george\\Desktop\\lsapptpdisp.exe\" ",
                  "EventID": "1",
                  "LogonGuid": "C784477D-F0FA-62AA-2FE0-030000000000",
                  "LogonId": "253999",
                  "Image": "C:\\Users\\george\\Desktop\\lsapptpdisp.exe",
                  "IntegrityLevel": "High",
                  "ParentCommandLine": "\"C:\\Program Files (x86)\\Joebox\\control\\joeboxcontrol.exe\"",
                  "UtcTime": "2022-08-02 10:00:40.627",
                  "RuleName": "-"
                }
              },
              {
                "values": {
                  "TerminalSessionId": "1",
                  "ProcessGuid": "C784477D-F5D7-62E8-7E06-000000003000",
                  "ProcessId": "6416",
                  "Product": "-",
                  "Description": "-",
                  "Company": "-",
                  "ParentProcessGuid": "C784477D-F5C8-62E8-7A06-000000003000",
                  "User": "DESKTOP-B0T93D6\\george",
                  "Hashes": "MD5=DDEEEBB34DA3DEEA82EA1F4FF4C894A5,SHA256=35F911365D14FF533ACCE7367C2AB74167A9BEB7B4E8FD487F25B9DB4D68F627,IMPHASH=2758CAA95AB310089837FFB7BE996CCF",
                  "OriginalFileName": "-",
                  "ParentImage": "C:\\Users\\george\\Desktop\\lsapptpdisp.exe",
                  "FileVersion": "-",
                  "ParentProcessId": "4132",
                  "CurrentDirectory": "C:\\Users\\george\\Desktop\\",
                  "CommandLine": "\"C:\\Users\\george\\AppData\\Local\\Temp\\lsamsnet.exe\"",
                  "EventID": "1",
                  "LogonGuid": "C784477D-F0FA-62AA-2FE0-030000000000",
                  "LogonId": "253999",
                  "Image": "C:\\Users\\george\\AppData\\Local\\Temp\\lsamsnet.exe",
                  "IntegrityLevel": "High",
                  "ParentCommandLine": "\"C:\\Users\\george\\Desktop\\lsapptpdisp.exe\" ",
                  "UtcTime": "2022-08-02 10:00:55.005",
                  "RuleName": "-"
                }
              },
              {
                "values": {
                  "TerminalSessionId": "1",
                  "ProcessGuid": "C784477D-F5DB-62E8-8106-000000003000",
                  "ProcessId": "4836",
                  "Product": "Microsoft\u00ae Windows\u00ae Operating System",
                  "Description": "TCP/IP Ping Command",
                  "Company": "Microsoft Corporation",
                  "ParentProcessGuid": "C784477D-F5DA-62E8-7F06-000000003000",
                  "User": "DESKTOP-B0T93D6\\george",
                  "Hashes": "MD5=70C24A306F768936563ABDADB9CA9108,SHA256=7BF496D5B9F227CCE033F204E21743008C3F4B081D44B02500EDA4EFBCCF3281,IMPHASH=6C1FE20B3F9688A9263FFDF9FF417272",
                  "OriginalFileName": "ping.exe",
                  "ParentImage": "C:\\Windows\\SysWOW64\\cmd.exe",
                  "FileVersion": "10.0.17134.1 (WinBuild.160101.0800)",
                  "ParentProcessId": "3836",
                  "CurrentDirectory": "C:\\Users\\george\\Desktop\\",
                  "CommandLine": "\"C:\\Users\\george\\AppData\\Local\\Temp\\smss.exe\"  127.1 -n 5",
                  "EventID": "1",
                  "LogonGuid": "C784477D-F0FA-62AA-2FE0-030000000000",
                  "LogonId": "253999",
                  "Image": "C:\\Users\\george\\AppData\\Local\\Temp\\smss.exe",
                  "IntegrityLevel": "High",
                  "ParentCommandLine": "C:\\Windows\\system32\\cmd.exe /c \"C:\\Users\\george\\AppData\\Local\\Temp\\F457.tmp.cmd \"C:\\Users\\george\\AppData\\Local\\Temp\\lsamsnet.exe\"\"",
                  "UtcTime": "2022-08-02 10:00:59.861",
                  "RuleName": "-"
                }
              },
              {
                "values": {
                  "TerminalSessionId": "1",
                  "ProcessGuid": "C784477D-F5E1-62E8-8306-000000003000",
                  "ProcessId": "3636",
                  "Product": "Microsoft\u00ae Windows\u00ae Operating System",
                  "Description": "TCP/IP Ping Command",
                  "Company": "Microsoft Corporation",
                  "ParentProcessGuid": "C784477D-F5DA-62E8-7F06-000000003000",
                  "User": "DESKTOP-B0T93D6\\george",
                  "Hashes": "MD5=70C24A306F768936563ABDADB9CA9108,SHA256=7BF496D5B9F227CCE033F204E21743008C3F4B081D44B02500EDA4EFBCCF3281,IMPHASH=6C1FE20B3F9688A9263FFDF9FF417272",
                  "OriginalFileName": "ping.exe",
                  "ParentImage": "C:\\Windows\\SysWOW64\\cmd.exe",
                  "FileVersion": "10.0.17134.1 (WinBuild.160101.0800)",
                  "ParentProcessId": "3836",
                  "CurrentDirectory": "C:\\Users\\george\\Desktop\\",
                  "CommandLine": "\"C:\\Users\\george\\AppData\\Local\\Temp\\smss.exe\"  127.1 -n 5",
                  "EventID": "1",
                  "LogonGuid": "C784477D-F0FA-62AA-2FE0-030000000000",
                  "LogonId": "253999",
                  "Image": "C:\\Users\\george\\AppData\\Local\\Temp\\smss.exe",
                  "IntegrityLevel": "High",
                  "ParentCommandLine": "C:\\Windows\\system32\\cmd.exe /c \"C:\\Users\\george\\AppData\\Local\\Temp\\F457.tmp.cmd \"C:\\Users\\george\\AppData\\Local\\Temp\\lsamsnet.exe\"\"",
                  "UtcTime": "2022-08-02 10:01:05.277",
                  "RuleName": "-"
                }
              },
              {
                "values": {
                  "TerminalSessionId": "1",
                  "ProcessGuid": "C784477D-F5E6-62E8-8506-000000003000",
                  "ProcessId": "6496",
                  "Product": "Microsoft\u00ae Windows\u00ae Operating System",
                  "Description": "TCP/IP Ping Command",
                  "Company": "Microsoft Corporation",
                  "ParentProcessGuid": "C784477D-F5DA-62E8-7F06-000000003000",
                  "User": "DESKTOP-B0T93D6\\george",
                  "Hashes": "MD5=70C24A306F768936563ABDADB9CA9108,SHA256=7BF496D5B9F227CCE033F204E21743008C3F4B081D44B02500EDA4EFBCCF3281,IMPHASH=6C1FE20B3F9688A9263FFDF9FF417272",
                  "OriginalFileName": "ping.exe",
                  "ParentImage": "C:\\Windows\\SysWOW64\\cmd.exe",
                  "FileVersion": "10.0.17134.1 (WinBuild.160101.0800)",
                  "ParentProcessId": "3836",
                  "CurrentDirectory": "C:\\Users\\george\\Desktop\\",
                  "CommandLine": "\"C:\\Users\\george\\AppData\\Local\\Temp\\smss.exe\"  127.1 -n 5",
                  "EventID": "1",
                  "LogonGuid": "C784477D-F0FA-62AA-2FE0-030000000000",
                  "LogonId": "253999",
                  "Image": "C:\\Users\\george\\AppData\\Local\\Temp\\smss.exe",
                  "IntegrityLevel": "High",
                  "ParentCommandLine": "C:\\Windows\\system32\\cmd.exe /c \"C:\\Users\\george\\AppData\\Local\\Temp\\F457.tmp.cmd \"C:\\Users\\george\\AppData\\Local\\Temp\\lsamsnet.exe\"\"",
                  "UtcTime": "2022-08-02 10:01:10.680",
                  "RuleName": "-"
                }
              },
              {
                "values": {
                  "TerminalSessionId": "1",
                  "ProcessGuid": "C784477D-F5EB-62E8-8706-000000003000",
                  "ProcessId": "3208",
                  "Product": "Microsoft\u00ae Windows\u00ae Operating System",
                  "Description": "TCP/IP Ping Command",
                  "Company": "Microsoft Corporation",
                  "ParentProcessGuid": "C784477D-F5DA-62E8-7F06-000000003000",
                  "User": "DESKTOP-B0T93D6\\george",
                  "Hashes": "MD5=70C24A306F768936563ABDADB9CA9108,SHA256=7BF496D5B9F227CCE033F204E21743008C3F4B081D44B02500EDA4EFBCCF3281,IMPHASH=6C1FE20B3F9688A9263FFDF9FF417272",
                  "OriginalFileName": "ping.exe",
                  "ParentImage": "C:\\Windows\\SysWOW64\\cmd.exe",
                  "FileVersion": "10.0.17134.1 (WinBuild.160101.0800)",
                  "ParentProcessId": "3836",
                  "CurrentDirectory": "C:\\Users\\george\\Desktop\\",
                  "CommandLine": "\"C:\\Users\\george\\AppData\\Local\\Temp\\smss.exe\"  127.1 -n 5",
                  "EventID": "1",
                  "LogonGuid": "C784477D-F0FA-62AA-2FE0-030000000000",
                  "LogonId": "253999",
                  "Image": "C:\\Users\\george\\AppData\\Local\\Temp\\smss.exe",
                  "IntegrityLevel": "High",
                  "ParentCommandLine": "C:\\Windows\\system32\\cmd.exe /c \"C:\\Users\\george\\AppData\\Local\\Temp\\F457.tmp.cmd \"C:\\Users\\george\\AppData\\Local\\Temp\\lsamsnet.exe\"\"",
                  "UtcTime": "2022-08-02 10:01:15.833",
                  "RuleName": "-"
                }
              },
              {
                "values": {
                  "TerminalSessionId": "1",
                  "ProcessGuid": "C784477D-F5F1-62E8-8906-000000003000",
                  "ProcessId": "5284",
                  "Product": "Microsoft\u00ae Windows\u00ae Operating System",
                  "Description": "TCP/IP Ping Command",
                  "Company": "Microsoft Corporation",
                  "ParentProcessGuid": "C784477D-F5DA-62E8-7F06-000000003000",
                  "User": "DESKTOP-B0T93D6\\george",
                  "Hashes": "MD5=70C24A306F768936563ABDADB9CA9108,SHA256=7BF496D5B9F227CCE033F204E21743008C3F4B081D44B02500EDA4EFBCCF3281,IMPHASH=6C1FE20B3F9688A9263FFDF9FF417272",
                  "OriginalFileName": "ping.exe",
                  "ParentImage": "C:\\Windows\\SysWOW64\\cmd.exe",
                  "FileVersion": "10.0.17134.1 (WinBuild.160101.0800)",
                  "ParentProcessId": "3836",
                  "CurrentDirectory": "C:\\Users\\george\\Desktop\\",
                  "CommandLine": "\"C:\\Users\\george\\AppData\\Local\\Temp\\smss.exe\"  127.1 -n 5",
                  "EventID": "1",
                  "LogonGuid": "C784477D-F0FA-62AA-2FE0-030000000000",
                  "LogonId": "253999",
                  "Image": "C:\\Users\\george\\AppData\\Local\\Temp\\smss.exe",
                  "IntegrityLevel": "High",
                  "ParentCommandLine": "C:\\Windows\\system32\\cmd.exe /c \"C:\\Users\\george\\AppData\\Local\\Temp\\F457.tmp.cmd \"C:\\Users\\george\\AppData\\Local\\Temp\\lsamsnet.exe\"\"",
                  "UtcTime": "2022-08-02 10:01:21.086",
                  "RuleName": "-"
                }
              },
              {
                "values": {
                  "TerminalSessionId": "1",
                  "ProcessGuid": "C784477D-F5F6-62E8-8B06-000000003000",
                  "ProcessId": "6748",
                  "Product": "Microsoft\u00ae Windows\u00ae Operating System",
                  "Description": "TCP/IP Ping Command",
                  "Company": "Microsoft Corporation",
                  "ParentProcessGuid": "C784477D-F5DA-62E8-7F06-000000003000",
                  "User": "DESKTOP-B0T93D6\\george",
                  "Hashes": "MD5=70C24A306F768936563ABDADB9CA9108,SHA256=7BF496D5B9F227CCE033F204E21743008C3F4B081D44B02500EDA4EFBCCF3281,IMPHASH=6C1FE20B3F9688A9263FFDF9FF417272",
                  "OriginalFileName": "ping.exe",
                  "ParentImage": "C:\\Windows\\SysWOW64\\cmd.exe",
                  "FileVersion": "10.0.17134.1 (WinBuild.160101.0800)",
                  "ParentProcessId": "3836",
                  "CurrentDirectory": "C:\\Users\\george\\Desktop\\",
                  "CommandLine": "\"C:\\Users\\george\\AppData\\Local\\Temp\\smss.exe\"  127.1 -n 5",
                  "EventID": "1",
                  "LogonGuid": "C784477D-F0FA-62AA-2FE0-030000000000",
                  "LogonId": "253999",
                  "Image": "C:\\Users\\george\\AppData\\Local\\Temp\\smss.exe",
                  "IntegrityLevel": "High",
                  "ParentCommandLine": "C:\\Windows\\system32\\cmd.exe /c \"C:\\Users\\george\\AppData\\Local\\Temp\\F457.tmp.cmd \"C:\\Users\\george\\AppData\\Local\\Temp\\lsamsnet.exe\"\"",
                  "UtcTime": "2022-08-02 10:01:26.462",
                  "RuleName": "-"
                }
              },
              {
                "values": {
                  "TerminalSessionId": "1",
                  "ProcessGuid": "C784477D-F5FB-62E8-8D06-000000003000",
                  "ProcessId": "5088",
                  "Product": "Microsoft\u00ae Windows\u00ae Operating System",
                  "Description": "TCP/IP Ping Command",
                  "Company": "Microsoft Corporation",
                  "ParentProcessGuid": "C784477D-F5DA-62E8-7F06-000000003000",
                  "User": "DESKTOP-B0T93D6\\george",
                  "Hashes": "MD5=70C24A306F768936563ABDADB9CA9108,SHA256=7BF496D5B9F227CCE033F204E21743008C3F4B081D44B02500EDA4EFBCCF3281,IMPHASH=6C1FE20B3F9688A9263FFDF9FF417272",
                  "OriginalFileName": "ping.exe",
                  "ParentImage": "C:\\Windows\\SysWOW64\\cmd.exe",
                  "FileVersion": "10.0.17134.1 (WinBuild.160101.0800)",
                  "ParentProcessId": "3836",
                  "CurrentDirectory": "C:\\Users\\george\\Desktop\\",
                  "CommandLine": "\"C:\\Users\\george\\AppData\\Local\\Temp\\smss.exe\"  127.1 -n 5",
                  "EventID": "1",
                  "LogonGuid": "C784477D-F0FA-62AA-2FE0-030000000000",
                  "LogonId": "253999",
                  "Image": "C:\\Users\\george\\AppData\\Local\\Temp\\smss.exe",
                  "IntegrityLevel": "High",
                  "ParentCommandLine": "C:\\Windows\\system32\\cmd.exe /c \"C:\\Users\\george\\AppData\\Local\\Temp\\F457.tmp.cmd \"C:\\Users\\george\\AppData\\Local\\Temp\\lsamsnet.exe\"\"",
                  "UtcTime": "2022-08-02 10:01:31.741",
                  "RuleName": "-"
                }
              },
              {
                "values": {
                  "TerminalSessionId": "1",
                  "ProcessGuid": "C784477D-F601-62E8-8F06-000000003000",
                  "ProcessId": "4628",
                  "Product": "Microsoft\u00ae Windows\u00ae Operating System",
                  "Description": "TCP/IP Ping Command",
                  "Company": "Microsoft Corporation",
                  "ParentProcessGuid": "C784477D-F5DA-62E8-7F06-000000003000",
                  "User": "DESKTOP-B0T93D6\\george",
                  "Hashes": "MD5=70C24A306F768936563ABDADB9CA9108,SHA256=7BF496D5B9F227CCE033F204E21743008C3F4B081D44B02500EDA4EFBCCF3281,IMPHASH=6C1FE20B3F9688A9263FFDF9FF417272",
                  "OriginalFileName": "ping.exe",
                  "ParentImage": "C:\\Windows\\SysWOW64\\cmd.exe",
                  "FileVersion": "10.0.17134.1 (WinBuild.160101.0800)",
                  "ParentProcessId": "3836",
                  "CurrentDirectory": "C:\\Users\\george\\Desktop\\",
                  "CommandLine": "\"C:\\Users\\george\\AppData\\Local\\Temp\\smss.exe\"  127.1 -n 5",
                  "EventID": "1",
                  "LogonGuid": "C784477D-F0FA-62AA-2FE0-030000000000",
                  "LogonId": "253999",
                  "Image": "C:\\Users\\george\\AppData\\Local\\Temp\\smss.exe",
                  "IntegrityLevel": "High",
                  "ParentCommandLine": "C:\\Windows\\system32\\cmd.exe /c \"C:\\Users\\george\\AppData\\Local\\Temp\\F457.tmp.cmd \"C:\\Users\\george\\AppData\\Local\\Temp\\lsamsnet.exe\"\"",
                  "UtcTime": "2022-08-02 10:01:37.178",
                  "RuleName": "-"
                }
              },
              {
                "values": {
                  "TerminalSessionId": "1",
                  "ProcessGuid": "C784477D-F606-62E8-9106-000000003000",
                  "ProcessId": "3632",
                  "Product": "Microsoft\u00ae Windows\u00ae Operating System",
                  "Description": "TCP/IP Ping Command",
                  "Company": "Microsoft Corporation",
                  "ParentProcessGuid": "C784477D-F5DA-62E8-7F06-000000003000",
                  "User": "DESKTOP-B0T93D6\\george",
                  "Hashes": "MD5=70C24A306F768936563ABDADB9CA9108,SHA256=7BF496D5B9F227CCE033F204E21743008C3F4B081D44B02500EDA4EFBCCF3281,IMPHASH=6C1FE20B3F9688A9263FFDF9FF417272",
                  "OriginalFileName": "ping.exe",
                  "ParentImage": "C:\\Windows\\SysWOW64\\cmd.exe",
                  "FileVersion": "10.0.17134.1 (WinBuild.160101.0800)",
                  "ParentProcessId": "3836",
                  "CurrentDirectory": "C:\\Users\\george\\Desktop\\",
                  "CommandLine": "\"C:\\Users\\george\\AppData\\Local\\Temp\\smss.exe\"  127.1 -n 5",
                  "EventID": "1",
                  "LogonGuid": "C784477D-F0FA-62AA-2FE0-030000000000",
                  "LogonId": "253999",
                  "Image": "C:\\Users\\george\\AppData\\Local\\Temp\\smss.exe",
                  "IntegrityLevel": "High",
                  "ParentCommandLine": "C:\\Windows\\system32\\cmd.exe /c \"C:\\Users\\george\\AppData\\Local\\Temp\\F457.tmp.cmd \"C:\\Users\\george\\AppData\\Local\\Temp\\lsamsnet.exe\"\"",
                  "UtcTime": "2022-08-02 10:01:42.380",
                  "RuleName": "-"
                }
              },
              {
                "values": {
                  "TerminalSessionId": "1",
                  "ProcessGuid": "C784477D-F60B-62E8-9306-000000003000",
                  "ProcessId": "3308",
                  "Product": "Microsoft\u00ae Windows\u00ae Operating System",
                  "Description": "TCP/IP Ping Command",
                  "Company": "Microsoft Corporation",
                  "ParentProcessGuid": "C784477D-F5DA-62E8-7F06-000000003000",
                  "User": "DESKTOP-B0T93D6\\george",
                  "Hashes": "MD5=70C24A306F768936563ABDADB9CA9108,SHA256=7BF496D5B9F227CCE033F204E21743008C3F4B081D44B02500EDA4EFBCCF3281,IMPHASH=6C1FE20B3F9688A9263FFDF9FF417272",
                  "OriginalFileName": "ping.exe",
                  "ParentImage": "C:\\Windows\\SysWOW64\\cmd.exe",
                  "FileVersion": "10.0.17134.1 (WinBuild.160101.0800)",
                  "ParentProcessId": "3836",
                  "CurrentDirectory": "C:\\Users\\george\\Desktop\\",
                  "CommandLine": "\"C:\\Users\\george\\AppData\\Local\\Temp\\smss.exe\"  127.1 -n 5",
                  "EventID": "1",
                  "LogonGuid": "C784477D-F0FA-62AA-2FE0-030000000000",
                  "LogonId": "253999",
                  "Image": "C:\\Users\\george\\AppData\\Local\\Temp\\smss.exe",
                  "IntegrityLevel": "High",
                  "ParentCommandLine": "C:\\Windows\\system32\\cmd.exe /c \"C:\\Users\\george\\AppData\\Local\\Temp\\F457.tmp.cmd \"C:\\Users\\george\\AppData\\Local\\Temp\\lsamsnet.exe\"\"",
                  "UtcTime": "2022-08-02 10:01:47.538",
                  "RuleName": "-"
                }
              },
              {
                "values": {
                  "TerminalSessionId": "1",
                  "ProcessGuid": "C784477D-F610-62E8-9506-000000003000",
                  "ProcessId": "256",
                  "Product": "Microsoft\u00ae Windows\u00ae Operating System",
                  "Description": "TCP/IP Ping Command",
                  "Company": "Microsoft Corporation",
                  "ParentProcessGuid": "C784477D-F5DA-62E8-7F06-000000003000",
                  "User": "DESKTOP-B0T93D6\\george",
                  "Hashes": "MD5=70C24A306F768936563ABDADB9CA9108,SHA256=7BF496D5B9F227CCE033F204E21743008C3F4B081D44B02500EDA4EFBCCF3281,IMPHASH=6C1FE20B3F9688A9263FFDF9FF417272",
                  "OriginalFileName": "ping.exe",
                  "ParentImage": "C:\\Windows\\SysWOW64\\cmd.exe",
                  "FileVersion": "10.0.17134.1 (WinBuild.160101.0800)",
                  "ParentProcessId": "3836",
                  "CurrentDirectory": "C:\\Users\\george\\Desktop\\",
                  "CommandLine": "\"C:\\Users\\george\\AppData\\Local\\Temp\\smss.exe\"  127.1 -n 5",
                  "EventID": "1",
                  "LogonGuid": "C784477D-F0FA-62AA-2FE0-030000000000",
                  "LogonId": "253999",
                  "Image": "C:\\Users\\george\\AppData\\Local\\Temp\\smss.exe",
                  "IntegrityLevel": "High",
                  "ParentCommandLine": "C:\\Windows\\system32\\cmd.exe /c \"C:\\Users\\george\\AppData\\Local\\Temp\\F457.tmp.cmd \"C:\\Users\\george\\AppData\\Local\\Temp\\lsamsnet.exe\"\"",
                  "UtcTime": "2022-08-02 10:01:52.998",
                  "RuleName": "-"
                }
              },
              {
                "values": {
                  "TerminalSessionId": "1",
                  "ProcessGuid": "C784477D-F616-62E8-9706-000000003000",
                  "ProcessId": "2608",
                  "Product": "Microsoft\u00ae Windows\u00ae Operating System",
                  "Description": "TCP/IP Ping Command",
                  "Company": "Microsoft Corporation",
                  "ParentProcessGuid": "C784477D-F5DA-62E8-7F06-000000003000",
                  "User": "DESKTOP-B0T93D6\\george",
                  "Hashes": "MD5=70C24A306F768936563ABDADB9CA9108,SHA256=7BF496D5B9F227CCE033F204E21743008C3F4B081D44B02500EDA4EFBCCF3281,IMPHASH=6C1FE20B3F9688A9263FFDF9FF417272",
                  "OriginalFileName": "ping.exe",
                  "ParentImage": "C:\\Windows\\SysWOW64\\cmd.exe",
                  "FileVersion": "10.0.17134.1 (WinBuild.160101.0800)",
                  "ParentProcessId": "3836",
                  "CurrentDirectory": "C:\\Users\\george\\Desktop\\",
                  "CommandLine": "\"C:\\Users\\george\\AppData\\Local\\Temp\\smss.exe\"  127.1 -n 5",
                  "EventID": "1",
                  "LogonGuid": "C784477D-F0FA-62AA-2FE0-030000000000",
                  "LogonId": "253999",
                  "Image": "C:\\Users\\george\\AppData\\Local\\Temp\\smss.exe",
                  "IntegrityLevel": "High",
                  "ParentCommandLine": "C:\\Windows\\system32\\cmd.exe /c \"C:\\Users\\george\\AppData\\Local\\Temp\\F457.tmp.cmd \"C:\\Users\\george\\AppData\\Local\\Temp\\lsamsnet.exe\"\"",
                  "UtcTime": "2022-08-02 10:01:58.208",
                  "RuleName": "-"
                }
              },
              {
                "values": {
                  "TerminalSessionId": "1",
                  "ProcessGuid": "C784477D-F61B-62E8-9A06-000000003000",
                  "ProcessId": "3976",
                  "Product": "Microsoft\u00ae Windows\u00ae Operating System",
                  "Description": "TCP/IP Ping Command",
                  "Company": "Microsoft Corporation",
                  "ParentProcessGuid": "C784477D-F5DA-62E8-7F06-000000003000",
                  "User": "DESKTOP-B0T93D6\\george",
                  "Hashes": "MD5=70C24A306F768936563ABDADB9CA9108,SHA256=7BF496D5B9F227CCE033F204E21743008C3F4B081D44B02500EDA4EFBCCF3281,IMPHASH=6C1FE20B3F9688A9263FFDF9FF417272",
                  "OriginalFileName": "ping.exe",
                  "ParentImage": "C:\\Windows\\SysWOW64\\cmd.exe",
                  "FileVersion": "10.0.17134.1 (WinBuild.160101.0800)",
                  "ParentProcessId": "3836",
                  "CurrentDirectory": "C:\\Users\\george\\Desktop\\",
                  "CommandLine": "\"C:\\Users\\george\\AppData\\Local\\Temp\\smss.exe\"  127.1 -n 5",
                  "EventID": "1",
                  "LogonGuid": "C784477D-F0FA-62AA-2FE0-030000000000",
                  "LogonId": "253999",
                  "Image": "C:\\Users\\george\\AppData\\Local\\Temp\\smss.exe",
                  "IntegrityLevel": "High",
                  "ParentCommandLine": "C:\\Windows\\system32\\cmd.exe /c \"C:\\Users\\george\\AppData\\Local\\Temp\\F457.tmp.cmd \"C:\\Users\\george\\AppData\\Local\\Temp\\lsamsnet.exe\"\"",
                  "UtcTime": "2022-08-02 10:02:03.459",
                  "RuleName": "-"
                }
              }
            ],
            "rule_level": "low",
            "rule_description": "Detects process start from rare or uncommon folders like temporary folder or folders that usually don't contain executable files",
            "rule_source": "Sigma Integrated Rule Set (GitHub)",
            "rule_title": "Process Start From Suspicious Folder",
            "rule_id": "539d657ea3dfb52773cd8616d93fd64ba9112091984d1c3eb044c6e5dadd2c5c",
            "rule_author": "frack113"
          },
          {
            "match_context": [
              {
                "values": {
                  "EventID": "11",
                  "ProcessId": "1652",
                  "Image": "C:\\Users\\admin\\AppData\\Local\\Programs\\Python\\Python37\\pythonw.exe",
                  "RuleName": "EXE",
                  "CreationUtcTime": "2022-08-01 17:12:09.859",
                  "UtcTime": "2022-08-01 17:12:09.859",
                  "ProcessGuid": "5240FBE6-0957-62E8-3A00-000000002400",
                  "TargetFilename": "C:\\Users\\admin\\AppData\\Local\\Temp\\frida-516b7f10bbaa9dd2583fc4407015f1f7\\frida-winjector-helper-32.exe"
                }
              },
              {
                "values": {
                  "EventID": "11",
                  "ProcessId": "1652",
                  "Image": "C:\\Users\\admin\\AppData\\Local\\Programs\\Python\\Python37\\pythonw.exe",
                  "ProcessGuid": "5240FBE6-0957-62E8-3A00-000000002400",
                  "CreationUtcTime": "2022-08-01 17:12:10.937",
                  "UtcTime": "2022-08-01 17:12:10.937",
                  "RuleName": "EXE",
                  "TargetFilename": "C:\\Users\\admin\\AppData\\Local\\Temp\\frida-516b7f10bbaa9dd2583fc4407015f1f7\\frida-winjector-helper-64.exe"
                }
              },
              {
                "values": {
                  "EventID": "11",
                  "ProcessId": "2340",
                  "Image": "C:\\Users\\admin\\Downloads\\lsapptpdisp.exe",
                  "RuleName": "EXE",
                  "CreationUtcTime": "2022-08-01 17:12:12.281",
                  "UtcTime": "2022-08-01 17:12:12.281",
                  "ProcessGuid": "5240FBE6-0968-62E8-9700-000000002400",
                  "TargetFilename": "C:\\Windows\\SysWOW64\\lsadhcpdisp.exe"
                }
              },
              {
                "values": {
                  "EventID": "11",
                  "ProcessId": "2340",
                  "Image": "C:\\Users\\admin\\Downloads\\lsapptpdisp.exe",
                  "ProcessGuid": "5240FBE6-0968-62E8-9700-000000002400",
                  "CreationUtcTime": "2022-08-01 17:12:12.500",
                  "UtcTime": "2022-08-01 17:12:12.500",
                  "RuleName": "EXE",
                  "TargetFilename": "C:\\Windows\\SysWOW64\\mslsasql.exe"
                }
              },
              {
                "values": {
                  "EventID": "11",
                  "ProcessId": "2340",
                  "TargetFilename": "C:\\Users\\admin\\AppData\\Roaming\\Mozilla\\Firefox\\Profiles\\zh35t979.default-release\\extensions\\{8919CE9F-23FD-411a-A2D3-A91DAC20C4FA}\\components\\glxcodec.exe",
                  "RuleName": "EXE",
                  "CreationUtcTime": "2022-08-01 17:12:12.968",
                  "UtcTime": "2022-08-01 17:12:12.968",
                  "ProcessGuid": "5240FBE6-0968-62E8-9700-000000002400",
                  "Image": "C:\\Users\\admin\\Downloads\\lsapptpdisp.exe"
                }
              },
              {
                "values": {
                  "EventID": "11",
                  "ProcessId": "2340",
                  "Image": "C:\\Users\\admin\\Downloads\\lsapptpdisp.exe",
                  "ProcessGuid": "5240FBE6-0968-62E8-9700-000000002400",
                  "CreationUtcTime": "2022-08-01 17:12:13.765",
                  "UtcTime": "2022-08-01 17:12:13.765",
                  "RuleName": "EXE",
                  "TargetFilename": "C:\\Windows\\SysWOW64\\mshostcms.exe"
                }
              },
              {
                "values": {
                  "EventID": "11",
                  "ProcessId": "2340",
                  "Image": "C:\\Users\\admin\\Downloads\\lsapptpdisp.exe",
                  "ProcessGuid": "5240FBE6-0968-62E8-9700-000000002400",
                  "CreationUtcTime": "2022-08-01 17:12:14.250",
                  "UtcTime": "2022-08-01 17:12:14.250",
                  "RuleName": "EXE",
                  "TargetFilename": "C:\\Windows\\SysWOW64\\pdbcmsdhcp.exe"
                }
              },
              {
                "values": {
                  "EventID": "11",
                  "ProcessId": "2340",
                  "Image": "C:\\Users\\admin\\Downloads\\lsapptpdisp.exe",
                  "RuleName": "EXE",
                  "CreationUtcTime": "2022-08-01 17:12:14.546",
                  "UtcTime": "2022-08-01 17:12:14.546",
                  "ProcessGuid": "5240FBE6-0968-62E8-9700-000000002400",
                  "TargetFilename": "C:\\Windows\\SysWOW64\\disprasdhcp.exe"
                }
              },
              {
                "values": {
                  "EventID": "11",
                  "ProcessId": "2824",
                  "Image": "C:\\Windows\\SysWOW64\\cmd.exe",
                  "RuleName": "EXE",
                  "CreationUtcTime": "2022-08-01 17:12:19.015",
                  "UtcTime": "2022-08-01 17:12:19.015",
                  "ProcessGuid": "5240FBE6-0972-62E8-A300-000000002400",
                  "TargetFilename": "C:\\Users\\admin\\AppData\\Local\\Temp\\smss.exe"
                }
              },
              {
                "values": {
                  "EventID": "11",
                  "ProcessId": "1652",
                  "TargetFilename": "C:\\Users\\admin\\AppData\\Local\\Temp\\frida-516b7f10bbaa9dd2583fc4407015f1f7\\frida-winjector-helper-32.exe",
                  "ProcessGuid": "5240FBE6-0957-62E8-3A00-000000002400",
                  "CreationUtcTime": "2022-08-01 17:12:09.859",
                  "UtcTime": "2022-08-01 17:12:09.859",
                  "RuleName": "EXE",
                  "Image": "C:\\Users\\admin\\AppData\\Local\\Programs\\Python\\Python37\\pythonw.exe"
                }
              },
              {
                "values": {
                  "EventID": "11",
                  "ProcessId": "1652",
                  "Image": "C:\\Users\\admin\\AppData\\Local\\Programs\\Python\\Python37\\pythonw.exe",
                  "RuleName": "EXE",
                  "CreationUtcTime": "2022-08-01 17:12:10.937",
                  "UtcTime": "2022-08-01 17:12:10.937",
                  "ProcessGuid": "5240FBE6-0957-62E8-3A00-000000002400",
                  "TargetFilename": "C:\\Users\\admin\\AppData\\Local\\Temp\\frida-516b7f10bbaa9dd2583fc4407015f1f7\\frida-winjector-helper-64.exe"
                }
              },
              {
                "values": {
                  "EventID": "11",
                  "ProcessId": "2340",
                  "Image": "C:\\Users\\admin\\Downloads\\lsapptpdisp.exe",
                  "ProcessGuid": "5240FBE6-0968-62E8-9700-000000002400",
                  "CreationUtcTime": "2022-08-01 17:12:12.281",
                  "UtcTime": "2022-08-01 17:12:12.281",
                  "RuleName": "EXE",
                  "TargetFilename": "C:\\Windows\\SysWOW64\\lsadhcpdisp.exe"
                }
              },
              {
                "values": {
                  "EventID": "11",
                  "ProcessId": "2340",
                  "Image": "C:\\Users\\admin\\Downloads\\lsapptpdisp.exe",
                  "RuleName": "EXE",
                  "CreationUtcTime": "2022-08-01 17:12:12.968",
                  "UtcTime": "2022-08-01 17:12:12.968",
                  "ProcessGuid": "5240FBE6-0968-62E8-9700-000000002400",
                  "TargetFilename": "C:\\Users\\admin\\AppData\\Roaming\\Mozilla\\Firefox\\Profiles\\zh35t979.default-release\\extensions\\{8919CE9F-23FD-411a-A2D3-A91DAC20C4FA}\\components\\glxcodec.exe"
                }
              },
              {
                "values": {
                  "EventID": "11",
                  "ProcessId": "2340",
                  "Image": "C:\\Users\\admin\\Downloads\\lsapptpdisp.exe",
                  "RuleName": "EXE",
                  "CreationUtcTime": "2022-08-01 17:12:13.765",
                  "UtcTime": "2022-08-01 17:12:13.765",
                  "ProcessGuid": "5240FBE6-0968-62E8-9700-000000002400",
                  "TargetFilename": "C:\\Windows\\SysWOW64\\mshostcms.exe"
                }
              },
              {
                "values": {
                  "EventID": "11",
                  "ProcessId": "2340",
                  "Image": "C:\\Users\\admin\\Downloads\\lsapptpdisp.exe",
                  "RuleName": "EXE",
                  "CreationUtcTime": "2022-08-01 17:12:14.250",
                  "UtcTime": "2022-08-01 17:12:14.250",
                  "ProcessGuid": "5240FBE6-0968-62E8-9700-000000002400",
                  "TargetFilename": "C:\\Windows\\SysWOW64\\pdbcmsdhcp.exe"
                }
              },
              {
                "values": {
                  "EventID": "11",
                  "ProcessId": "2340",
                  "Image": "C:\\Users\\admin\\Downloads\\lsapptpdisp.exe",
                  "ProcessGuid": "5240FBE6-0968-62E8-9700-000000002400",
                  "CreationUtcTime": "2022-08-01 17:12:14.546",
                  "UtcTime": "2022-08-01 17:12:14.546",
                  "RuleName": "EXE",
                  "TargetFilename": "C:\\Windows\\SysWOW64\\disprasdhcp.exe"
                }
              },
              {
                "values": {
                  "EventID": "11",
                  "ProcessId": "2824",
                  "Image": "C:\\Windows\\SysWOW64\\cmd.exe",
                  "ProcessGuid": "5240FBE6-0972-62E8-A300-000000002400",
                  "CreationUtcTime": "2022-08-01 17:12:19.015",
                  "UtcTime": "2022-08-01 17:12:19.015",
                  "RuleName": "EXE",
                  "TargetFilename": "C:\\Users\\admin\\AppData\\Local\\Temp\\smss.exe"
                }
              },
              {
                "values": {
                  "EventID": "11",
                  "ProcessId": "4132",
                  "Image": "C:\\Users\\george\\Desktop\\lsapptpdisp.exe",
                  "RuleName": "EXE",
                  "CreationUtcTime": "2022-08-02 10:00:41.800",
                  "UtcTime": "2022-08-02 10:00:41.800",
                  "ProcessGuid": "C784477D-F5C8-62E8-7A06-000000003000",
                  "TargetFilename": "C:\\Windows\\SysWOW64\\pdbdnsip.exe"
                }
              },
              {
                "values": {
                  "EventID": "11",
                  "ProcessId": "4132",
                  "Image": "C:\\Users\\george\\Desktop\\lsapptpdisp.exe",
                  "ProcessGuid": "C784477D-F5C8-62E8-7A06-000000003000",
                  "CreationUtcTime": "2022-08-02 10:00:42.909",
                  "UtcTime": "2022-08-02 10:00:42.909",
                  "RuleName": "EXE",
                  "TargetFilename": "C:\\Windows\\SysWOW64\\dispnetpool.exe"
                }
              },
              {
                "values": {
                  "EventID": "11",
                  "ProcessId": "4132",
                  "Image": "C:\\Users\\george\\Desktop\\lsapptpdisp.exe",
                  "ProcessGuid": "C784477D-F5C8-62E8-7A06-000000003000",
                  "CreationUtcTime": "2022-08-02 10:00:45.956",
                  "UtcTime": "2022-08-02 10:00:45.956",
                  "RuleName": "EXE",
                  "TargetFilename": "C:\\Users\\george\\AppData\\Roaming\\Mozilla\\Firefox\\Profiles\\05rdgbi2.default-release\\extensions\\{8919CE9F-23FD-411a-A2D3-A91DAC20C4FA}\\components\\glxcodec.exe"
                }
              },
              {
                "values": {
                  "EventID": "11",
                  "ProcessId": "4132",
                  "Image": "C:\\Users\\george\\Desktop\\lsapptpdisp.exe",
                  "RuleName": "EXE",
                  "CreationUtcTime": "2022-08-02 10:00:47.987",
                  "UtcTime": "2022-08-02 10:00:47.987",
                  "ProcessGuid": "C784477D-F5C8-62E8-7A06-000000003000",
                  "TargetFilename": "C:\\Windows\\SysWOW64\\sqldispobj.exe"
                }
              },
              {
                "values": {
                  "EventID": "11",
                  "ProcessId": "4132",
                  "Image": "C:\\Users\\george\\Desktop\\lsapptpdisp.exe",
                  "ProcessGuid": "C784477D-F5C8-62E8-7A06-000000003000",
                  "CreationUtcTime": "2022-08-02 10:00:49.456",
                  "UtcTime": "2022-08-02 10:00:49.456",
                  "RuleName": "EXE",
                  "TargetFilename": "C:\\Windows\\SysWOW64\\hostlsahost.exe"
                }
              },
              {
                "values": {
                  "EventID": "11",
                  "ProcessId": "4132",
                  "TargetFilename": "C:\\Windows\\SysWOW64\\dispprocfwc.exe",
                  "RuleName": "EXE",
                  "CreationUtcTime": "2022-08-02 10:00:51.003",
                  "UtcTime": "2022-08-02 10:00:51.003",
                  "ProcessGuid": "C784477D-F5C8-62E8-7A06-000000003000",
                  "Image": "C:\\Users\\george\\Desktop\\lsapptpdisp.exe"
                }
              },
