              {
                "values": {
                  "EventID": "3",
                  "ProcessId": "2000",
                  "DestinationPortName": "-",
                  "SourceIsIpv6": "false",
                  "DestinationIp": "173.194.216.153",
                  "Initiated": "true",
                  "SourcePortName": "-",
                  "Image": "C:\\Users\\admin\\AppData\\Local\\Programs\\Python\\Python37\\pythonw.exe",
                  "RuleName": "Usermode",
                  "DestinationHostname": "-",
                  "UtcTime": "2022-07-26 18:13:53.481",
                  "User": "work\\admin",
                  "DestinationPort": "443",
                  "ProcessGuid": "5240FBE6-2E77-62E0-3A00-000000002400",
                  "SourcePort": "49200",
                  "Protocol": "tcp",
                  "SourceHostname": "-",
                  "SourceIp": "192.168.122.61",
                  "DestinationIsIpv6": "false"
                }
              }
            ],
            "rule_level": "high",
            "rule_description": "Adversaries may attempt to get a listing of services running on remote hosts, including those that may be vulnerable to remote software exploitation",
            "rule_source": "Sigma Integrated Rule Set (GitHub)",
            "rule_title": "Python Initiated Connection",
            "rule_id": "e4d5f1be0673fa786cc8379c15338af08cdd11eed433bead9e801d6204d42a2d",
            "rule_author": "frack113"
          },
          {
            "match_context": [
              {
                "values": {
                  "EventID": "4104",
                  "ScriptBlockText": "2a9050b8b5565911bbd3de0f9fdb41c96563509fc86f87745820109398fd58d8",
                  "ScriptBlockId": "9278f156-7ae8-4683-ac51-045f107aa675",
                  "MessageNumber": "\u0001",
                  "Path": "",
                  "MessageTotal": "\u0001"
                }
              },
              {
                "values": {
                  "EventID": "4104",
                  "ScriptBlockText": "2a9050b8b5565911bbd3de0f9fdb41c96563509fc86f87745820109398fd58d8",
                  "ScriptBlockId": "579ab5bf-3a90-4c9b-a29b-d917342fab66",
                  "MessageNumber": "\u0001",
                  "Path": "",
                  "MessageTotal": "\u0001"
                }
              },
              {
                "values": {
                  "EventID": "4104",
                  "ScriptBlockText": "2eaa1f6636808924af7670efae69f14e3320f8edd673af9f3b66e86772dc84c7",
                  "ScriptBlockId": "019932d9-4719-41bc-801e-cb442fda7331",
                  "MessageNumber": "\u0002",
                  "Path": "",
                  "MessageTotal": "\u000b"
                }
              },
              {
                "values": {
                  "EventID": "4104",
                  "ScriptBlockText": "e7ca3a2ff1b81da7e8644b7a720964afec2504b64d01eb15a8f8eec420663dfd",
                  "ScriptBlockId": "019932d9-4719-41bc-801e-cb442fda7331",
                  "MessageNumber": "\u0003",
                  "Path": "",
                  "MessageTotal": "\u000b"
                }
              },
              {
                "values": {
                  "EventID": "4104",
                  "ScriptBlockText": "1e5ac551b60cb331eac006e05c16a1e0528d4f43ce1bfa5f2cf9490d257a476b",
                  "ScriptBlockId": "019932d9-4719-41bc-801e-cb442fda7331",
                  "MessageNumber": "\u0004",
                  "MessageTotal": "\u000b",
                  "Path": ""
                }
              },
              {
                "values": {
                  "EventID": "4104",
                  "ScriptBlockId": "019932d9-4719-41bc-801e-cb442fda7331",
                  "ScriptBlockText": "2df7e1586dfb9c74a43a230646f89e0eac06fbbc5e15db166ecccf571ea632fb",
                  "MessageNumber": "\u0006",
                  "MessageTotal": "\u000b",
                  "Path": ""
                }
              },
              {
                "values": {
                  "EventID": "4104",
                  "ScriptBlockText": "39bbfd5fb8b1024d7abc21b35336c9a3e74457f449997d03276e9530c06d0281",
                  "ScriptBlockId": "019932d9-4719-41bc-801e-cb442fda7331",
                  "MessageNumber": "\u0007",
                  "Path": "",
                  "MessageTotal": "\u000b"
                }
              },
              {
                "values": {
                  "EventID": "4104",
                  "ScriptBlockText": "a013b2cb46f8ca6c52fd76b235e0a4ec43ec8189f4cd5af4d56bd60bfd40b2fa",
                  "ScriptBlockId": "019932d9-4719-41bc-801e-cb442fda7331",
                  "MessageNumber": "\t",
                  "Path": "",
                  "MessageTotal": "\u000b"
                }
              },
              {
                "values": {
                  "EventID": "4104",
                  "ScriptBlockText": "a9730a61259c2081e019a624a79fa648202b13b7eb4b1d2458ac12e4df5a4c03",
                  "ScriptBlockId": "a91ded1d-8cfc-48e2-b980-4781d5e188ed",
                  "MessageNumber": "\u0002",
                  "MessageTotal": "\f",
                  "Path": ""
                }
              },
              {
                "values": {
                  "EventID": "4104",
                  "ScriptBlockText": "069a667867ad73d87e9c20dd412ce522a2532aba57f1834ec6b4398f4976809d",
                  "ScriptBlockId": "a91ded1d-8cfc-48e2-b980-4781d5e188ed",
                  "MessageNumber": "\u0003",
                  "Path": "",
                  "MessageTotal": "\f"
                }
              },
              {
                "values": {
                  "EventID": "4104",
                  "ScriptBlockText": "fd2114bd38b5b5c22f382272b92cfbf8aeb4e6f70951a5408215670734119d8f",
                  "ScriptBlockId": "a91ded1d-8cfc-48e2-b980-4781d5e188ed",
                  "MessageNumber": "\u0004",
                  "Path": "",
                  "MessageTotal": "\f"
                }
              },
              {
                "values": {
                  "EventID": "4104",
                  "ScriptBlockText": "6e2c0604c15997b2e91f99ca5f205b90b6d5521910eee2fd1e9ca2ee602a4e7c",
                  "ScriptBlockId": "a91ded1d-8cfc-48e2-b980-4781d5e188ed",
                  "MessageNumber": "\u0006",
                  "MessageTotal": "\f",
                  "Path": ""
                }
              },
              {
                "values": {
                  "EventID": "4104",
                  "ScriptBlockText": "4de23bf49575577ce4a8666ae0c41b1f1716aa947150ae136fbb922c9ff1d683",
                  "ScriptBlockId": "a91ded1d-8cfc-48e2-b980-4781d5e188ed",
                  "MessageNumber": "\b",
                  "Path": "",
                  "MessageTotal": "\f"
                }
              },
              {
                "values": {
                  "EventID": "4104",
                  "ScriptBlockId": "a91ded1d-8cfc-48e2-b980-4781d5e188ed",
                  "ScriptBlockText": "a73bf095f154cdb76f5d527afd4194ae515126d09f1993a70fa5fa26271a54ad",
                  "MessageNumber": "\n",
                  "MessageTotal": "\f",
                  "Path": ""
                }
              }
            ],
            "rule_level": "medium",
            "rule_description": "Adversaries may abuse the Windows Task Scheduler to perform task scheduling for initial or recurring execution of malicious code",
            "rule_source": "Sigma Integrated Rule Set (GitHub)",
            "rule_title": "Powershell Create Scheduled Task",
            "rule_id": "60d527fe5a592cbe8e98428d1412743b909d5625ec8bc91d20e8b6ee8b36db20",
            "rule_author": "frack113"
          },
          {
            "match_context": [
              {
                "values": {
                  "EventID": "5038",
                  "param1": "\\Device\\HarddiskVolume4\\Program Files (x86)\\sandbox\\driver\\sandbox-driver.sys"
                }
              }
            ],
            "rule_level": "low",
            "rule_description": "Code integrity failures may indicate tampered executables.",
            "rule_source": "Sigma Integrated Rule Set (GitHub)",
            "rule_title": "Failed Code Integrity Checks",
            "rule_id": "134564d292d785dff102940b8a1ee06dba2d462c5fb852124b3771a49d7885f1",
            "rule_author": "Thomas Patzke"
          },
          {
            "match_context": [
              {
                "values": {
                  "EventID": "11",
                  "ProcessId": "2000",
                  "Image": "C:\\Users\\admin\\AppData\\Local\\Programs\\Python\\Python37\\pythonw.exe",
                  "ProcessGuid": "5240FBE6-2E77-62E0-3A00-000000002400",
                  "CreationUtcTime": "2022-07-26 18:12:25.156",
                  "UtcTime": "2022-07-26 18:12:25.156",
                  "RuleName": "EXE",
                  "TargetFilename": "C:\\Users\\admin\\AppData\\Local\\Temp\\frida-bde22c64fd27154f0f3df16d1ede3e93\\frida-winjector-helper-32.exe"
                }
              },
              {
                "values": {
                  "EventID": "11",
                  "ProcessId": "2000",
                  "Image": "C:\\Users\\admin\\AppData\\Local\\Programs\\Python\\Python37\\pythonw.exe",
                  "ProcessGuid": "5240FBE6-2E77-62E0-3A00-000000002400",
                  "CreationUtcTime": "2022-07-26 18:12:26.234",
                  "UtcTime": "2022-07-26 18:12:26.234",
                  "RuleName": "EXE",
                  "TargetFilename": "C:\\Users\\admin\\AppData\\Local\\Temp\\frida-bde22c64fd27154f0f3df16d1ede3e93\\frida-winjector-helper-64.exe"
                }
              },
              {
                "values": {
                  "EventID": "11",
                  "ProcessId": "2080",
                  "Image": "C:\\Users\\admin\\Downloads\\Chipset.exe",
                  "RuleName": "EXE",
                  "CreationUtcTime": "2022-07-26 18:12:27.625",
                  "UtcTime": "2022-07-26 18:12:27.625",
                  "ProcessGuid": "5240FBE6-2E88-62E0-9500-000000002400",
                  "TargetFilename": "C:\\Windows\\SysWOW64\\pdbpptpctf.exe"
                }
              },
              {
                "values": {
                  "EventID": "11",
                  "ProcessId": "2080",
                  "Image": "C:\\Users\\admin\\Downloads\\Chipset.exe",
                  "RuleName": "EXE",
                  "CreationUtcTime": "2022-07-26 18:12:27.843",
                  "UtcTime": "2022-07-26 18:12:27.843",
                  "ProcessGuid": "5240FBE6-2E88-62E0-9500-000000002400",
                  "TargetFilename": "C:\\Windows\\SysWOW64\\srvsqlras.exe"
                }
              },
              {
                "values": {
                  "EventID": "11",
                  "ProcessId": "2080",
                  "Image": "C:\\Users\\admin\\Downloads\\Chipset.exe",
                  "ProcessGuid": "5240FBE6-2E88-62E0-9500-000000002400",
                  "CreationUtcTime": "2022-07-26 18:12:28.312",
                  "UtcTime": "2022-07-26 18:12:28.312",
                  "RuleName": "EXE",
                  "TargetFilename": "C:\\Users\\admin\\AppData\\Roaming\\Mozilla\\Firefox\\Profiles\\zh35t979.default-release\\extensions\\{8919CE9F-23FD-411a-A2D3-A91DAC20C4FA}\\components\\glxcodec.exe"
                }
              },
              {
                "values": {
                  "EventID": "11",
                  "ProcessId": "2080",
                  "TargetFilename": "C:\\Windows\\SysWOW64\\dnslsactf.exe",
                  "RuleName": "EXE",
                  "CreationUtcTime": "2022-07-26 18:12:29.093",
                  "UtcTime": "2022-07-26 18:12:29.093",
                  "ProcessGuid": "5240FBE6-2E88-62E0-9500-000000002400",
                  "Image": "C:\\Users\\admin\\Downloads\\Chipset.exe"
                }
              },
              {
                "values": {
                  "EventID": "11",
                  "ProcessId": "2080",
                  "TargetFilename": "C:\\Windows\\SysWOW64\\raspoolobj.exe",
                  "ProcessGuid": "5240FBE6-2E88-62E0-9500-000000002400",
                  "CreationUtcTime": "2022-07-26 18:12:29.562",
                  "UtcTime": "2022-07-26 18:12:29.562",
                  "RuleName": "EXE",
                  "Image": "C:\\Users\\admin\\Downloads\\Chipset.exe"
                }
              },
              {
                "values": {
                  "EventID": "11",
                  "ProcessId": "2080",
                  "Image": "C:\\Users\\admin\\Downloads\\Chipset.exe",
                  "ProcessGuid": "5240FBE6-2E88-62E0-9500-000000002400",
                  "CreationUtcTime": "2022-07-26 18:12:29.781",
                  "UtcTime": "2022-07-26 18:12:29.781",
                  "RuleName": "EXE",
                  "TargetFilename": "C:\\Windows\\SysWOW64\\infomsip.exe"
                }
              },
              {
                "values": {
                  "EventID": "11",
                  "ProcessId": "2824",
                  "Image": "C:\\Windows\\SysWOW64\\cmd.exe",
                  "RuleName": "EXE",
                  "CreationUtcTime": "2022-07-26 18:12:34.031",
                  "UtcTime": "2022-07-26 18:12:34.031",
                  "ProcessGuid": "5240FBE6-2E91-62E0-A600-000000002400",
                  "TargetFilename": "C:\\Users\\admin\\AppData\\Local\\Temp\\smss.exe"
                }
              },
              {
                "values": {
                  "EventID": "11",
                  "ProcessId": "2000",
                  "Image": "C:\\Users\\admin\\AppData\\Local\\Programs\\Python\\Python37\\pythonw.exe",
                  "RuleName": "EXE",
                  "CreationUtcTime": "2022-07-26 18:12:26.234",
                  "UtcTime": "2022-07-26 18:12:26.234",
                  "ProcessGuid": "5240FBE6-2E77-62E0-3A00-000000002400",
                  "TargetFilename": "C:\\Users\\admin\\AppData\\Local\\Temp\\frida-bde22c64fd27154f0f3df16d1ede3e93\\frida-winjector-helper-64.exe"
                }
              },
              {
                "values": {
                  "EventID": "11",
                  "ProcessId": "2080",
                  "Image": "C:\\Users\\admin\\Downloads\\Chipset.exe",
                  "ProcessGuid": "5240FBE6-2E88-62E0-9500-000000002400",
                  "CreationUtcTime": "2022-07-26 18:12:27.625",
                  "UtcTime": "2022-07-26 18:12:27.625",
                  "RuleName": "EXE",
                  "TargetFilename": "C:\\Windows\\SysWOW64\\pdbpptpctf.exe"
                }
              },
              {
                "values": {
                  "EventID": "11",
                  "ProcessId": "2080",
                  "Image": "C:\\Users\\admin\\Downloads\\Chipset.exe",
                  "ProcessGuid": "5240FBE6-2E88-62E0-9500-000000002400",
                  "CreationUtcTime": "2022-07-26 18:12:29.562",
                  "UtcTime": "2022-07-26 18:12:29.562",
                  "RuleName": "EXE",
                  "TargetFilename": "C:\\Windows\\SysWOW64\\raspoolobj.exe"
                }
              },
              {
                "values": {
                  "EventID": "11",
                  "ProcessId": "3880",
                  "TargetFilename": "C:\\Windows\\SysWOW64\\netpdbfwc.exe",
                  "RuleName": "EXE",
                  "CreationUtcTime": "2022-07-27 08:20:49.074",
                  "UtcTime": "2022-07-27 08:20:49.074",
                  "ProcessGuid": "C784477D-F55F-62E0-7B06-000000003000",
                  "Image": "C:\\Users\\george\\Desktop\\software.exe"
                }
              },
              {
                "values": {
                  "EventID": "11",
                  "ProcessId": "3880",
                  "Image": "C:\\Users\\george\\Desktop\\software.exe",
                  "ProcessGuid": "C784477D-F55F-62E0-7B06-000000003000",
                  "CreationUtcTime": "2022-07-27 08:20:50.136",
                  "UtcTime": "2022-07-27 08:20:50.136",
                  "RuleName": "EXE",
                  "TargetFilename": "C:\\Windows\\SysWOW64\\mondhcpcms.exe"
                }
              },
              {
                "values": {
                  "EventID": "11",
                  "ProcessId": "3880",
                  "Image": "C:\\Users\\george\\Desktop\\software.exe",
                  "ProcessGuid": "C784477D-F55F-62E0-7B06-000000003000",
                  "CreationUtcTime": "2022-07-27 08:20:53.433",
                  "UtcTime": "2022-07-27 08:20:53.433",
                  "RuleName": "EXE",
                  "TargetFilename": "C:\\Users\\george\\AppData\\Roaming\\Mozilla\\Firefox\\Profiles\\05rdgbi2.default-release\\extensions\\{8919CE9F-23FD-411a-A2D3-A91DAC20C4FA}\\components\\glxcodec.exe"
                }
              },
              {
                "values": {
                  "EventID": "11",
                  "ProcessId": "3880",
                  "Image": "C:\\Users\\george\\Desktop\\software.exe",
                  "ProcessGuid": "C784477D-F55F-62E0-7B06-000000003000",
                  "CreationUtcTime": "2022-07-27 08:20:55.605",
                  "UtcTime": "2022-07-27 08:20:55.605",
                  "RuleName": "EXE",
                  "TargetFilename": "C:\\Windows\\SysWOW64\\pptpfwcpptp.exe"
                }
              },
              {
                "values": {
                  "EventID": "11",
                  "ProcessId": "3880",
                  "Image": "C:\\Users\\george\\Desktop\\software.exe",
                  "RuleName": "EXE",
                  "CreationUtcTime": "2022-07-27 08:20:57.308",
                  "UtcTime": "2022-07-27 08:20:57.324",
                  "ProcessGuid": "C784477D-F55F-62E0-7B06-000000003000",
                  "TargetFilename": "C:\\Windows\\SysWOW64\\srvpptpproc.exe"
                }
              },
              {
                "values": {
                  "EventID": "11",
                  "ProcessId": "3880",
                  "TargetFilename": "C:\\Windows\\SysWOW64\\sqlinfohost.exe",
                  "ProcessGuid": "C784477D-F55F-62E0-7B06-000000003000",
                  "CreationUtcTime": "2022-07-27 08:20:59.105",
                  "UtcTime": "2022-07-27 08:20:59.105",
                  "RuleName": "EXE",
                  "Image": "C:\\Users\\george\\Desktop\\software.exe"
                }
              },
              {
                "values": {
                  "EventID": "11",
                  "ProcessId": "6660",
                  "Image": "C:\\Windows\\SysWOW64\\cmd.exe",
                  "ProcessGuid": "C784477D-F574-62E0-8006-000000003000",
                  "CreationUtcTime": "2022-07-27 08:21:09.136",
                  "UtcTime": "2022-07-27 08:21:09.136",
                  "RuleName": "EXE",
                  "TargetFilename": "C:\\Users\\george\\AppData\\Local\\Temp\\smss.exe"
                }
              }
            ],
            "rule_level": "low",
            "rule_description": "Detects the creation of an executable by another executable",
            "rule_source": "Sigma Integrated Rule Set (GitHub)",
            "rule_title": "Creation of an Executable by an Executable",
            "rule_id": "b5386a23355681c43cfbd2f2ccfe4b16ed45324d0d7b5583487a9f302ee1e427",
            "rule_author": "frack113"
          }
        ],
        "type_description": "Win32 EXE",
        "size": 222552,
        "sigma_analysis_stats": {
          "high": 2,
          "medium": 1,
          "critical": 0,
          "low": 2
        },
        "last_modification_date": 1660005381,
        "type_tag": "peexe",
        "reputation": 0,
        "sigma_analysis_summary": {
          "Sigma Integrated Rule Set (GitHub)": {
            "high": 2,
            "medium": 1,
            "critical": 0,
            "low": 2
          }
        },
        "names": [
          "a2ed0eaaeadaa90d25f8b1da23033593bb76598e_sig_replaced",
          "Intel Chipset Support",
          "Chipset"
        ],
        "vhash": "02504e0f1f7d1013z1011zb7z13z101013z11z11z17z",
        "unique_sources": 2,
        "type_extension": "exe",
        "tags": [
          "peexe",
          "overlay",
          "runtime-modules",
          "signed",
          "detect-debug-environment",
          "checks-network-adapters",
          "long-sleeps",
          "direct-cpu-clock-access",
          "upx",
          "invalid-signature",
          "spreader",
          "ftp-communication",
          "checks-disk-space"
        ],
        "times_submitted": 2,
        "last_analysis_stats": {
          "malicious": 55,
          "suspicious": 0,
          "undetected": 16,
          "harmless": 0,
          "timeout": 0,
          "confirmed-timeout": 0,
          "failure": 0,
          "type-unsupported": 4
        },
        "signature_info": {
          "product": "Chipset Support",
          "verified": "The digital signature of the object did not verify.",
          "description": "Intel Chipset Support Service",
          "file version": "3, 1, 1, 1",
          "signing date": "10:32 AM 03/22/2022",
          "x509": [
            {
              "name": "Microsoft Windows",
              "algorithm": "sha256RSA",
              "valid from": "2021-09-02 18:23:41",
              "valid to": "2022-09-01 18:23:41",
              "serial number": "33 00 00 03 3C 89 C6 6A 7B 45 BB 1F BD 00 00 00 00 03 3C",
              "cert issuer": "Microsoft Windows Production PCA 2011",
              "thumbprint": "FE51E838A087BB561BBB2DD9BA20143384A03B3F",
              "valid_usage": "0.4.1.311.10.3, Code Signing"
            },
            {
              "name": "Microsoft Windows Production PCA 2011",
              "algorithm": "sha256RSA",
              "valid from": "2011-10-19 18:41:42",
              "valid to": "2026-10-19 18:51:42",
              "serial number": "61 07 76 56 00 00 00 00 00 08",
              "cert issuer": "Microsoft Root Certificate Authority 2010",
              "thumbprint": "580A6F4CC4E4B669B9EBDC1B2B3E087B80D0678D",
              "valid_usage": null
            },
            {
              "name": "Microsoft Time-Stamp Service",
              "algorithm": "sha256RSA",
              "valid from": "2021-12-02 19:05:14",
              "valid to": "2023-02-28 19:05:14",
              "serial number": "33 00 00 01 97 03 CF 59 9C 6B 89 78 3F 00 01 00 00 01 97",
              "cert issuer": "Microsoft Time-Stamp PCA 2010",
              "thumbprint": "6140D2B08D984934CD4D760D8346314DC1D663D1",
              "valid_usage": "Timestamp Signing"
            },
            {
              "name": "Microsoft Time-Stamp PCA 2010",
              "algorithm": "sha256RSA",
              "valid from": "2021-09-30 18:22:25",
              "valid to": "2030-09-30 18:32:25",
              "serial number": "33 00 00 00 15 C5 E7 6B 9E 02 9B 49 99 00 00 00 00 00 15",
              "cert issuer": "Microsoft Root Certificate Authority 2010",
              "thumbprint": "36056A5662DCADECF82CC14C8B80EC5E0BCC59A6",
              "valid_usage": "Timestamp Signing"
            }
          ],
          "original name": "Chipset",
          "signers": "Microsoft Windows; Microsoft Windows Production PCA 2011; Microsoft Root Certificate Authority 2010",
          "counter signers details": [
            {
              "status": "Valid",
              "valid usage": "Timestamp Signing",
              "name": "Microsoft Time-Stamp Service",
              "algorithm": "sha256RSA",
              "valid from": "07:05 PM 12/02/2021",
              "valid to": "07:05 PM 02/28/2023",
              "serial number": "33 00 00 01 97 03 CF 59 9C 6B 89 78 3F 00 01 00 00 01 97",
              "cert issuer": "Microsoft Time-Stamp PCA 2010",
              "thumbprint": "6140D2B08D984934CD4D760D8346314DC1D663D1"
            },
            {
              "status": "Valid",
              "valid usage": "Timestamp Signing",
              "name": "Microsoft Time-Stamp PCA 2010",
              "algorithm": "sha256RSA",
              "valid from": "06:22 PM 09/30/2021",
              "valid to": "06:32 PM 09/30/2030",
              "serial number": "33 00 00 00 15 C5 E7 6B 9E 02 9B 49 99 00 00 00 00 00 15",
              "cert issuer": "Microsoft Root Certificate Authority 2010",
              "thumbprint": "36056A5662DCADECF82CC14C8B80EC5E0BCC59A6"
            },
            {
              "status": "Valid",
              "valid usage": "All",
              "name": "Microsoft Root Certificate Authority 2010",
              "algorithm": "sha256RSA",
              "valid from": "09:57 PM 06/23/2010",
              "valid to": "10:04 PM 06/23/2035",
              "serial number": "28 CC 3A 25 BF BA 44 AC 44 9A 9B 58 6B 43 39 AA",
              "cert issuer": "Microsoft Root Certificate Authority 2010",
              "thumbprint": "3B1EFD3A66EA28B16697394703A72CA340A05BD5"
            }
          ],
          "counter signers": "Microsoft Time-Stamp Service; Microsoft Time-Stamp PCA 2010; Microsoft Root Certificate Authority 2010",
          "internal name": "Intel Chipset Support",
          "copyright": "Copyright (C) 2008",
          "signers details": [
            {
              "status": "Valid",
              "valid usage": "NT5 Crypto, Code Signing",
              "name": "Microsoft Windows",
              "algorithm": "sha256RSA",
              "valid from": "06:23 PM 09/02/2021",
              "valid to": "06:23 PM 09/01/2022",
              "serial number": "33 00 00 03 3C 89 C6 6A 7B 45 BB 1F BD 00 00 00 00 03 3C",
              "cert issuer": "Microsoft Windows Production PCA 2011",
              "thumbprint": "FE51E838A087BB561BBB2DD9BA20143384A03B3F"
            },
            {
              "status": "Valid",
              "valid usage": "All",
              "name": "Microsoft Windows Production PCA 2011",
              "algorithm": "sha256RSA",
              "valid from": "06:41 PM 10/19/2011",
              "valid to": "06:51 PM 10/19/2026",
              "serial number": "61 07 76 56 00 00 00 00 00 08",
              "cert issuer": "Microsoft Root Certificate Authority 2010",
              "thumbprint": "580A6F4CC4E4B669B9EBDC1B2B3E087B80D0678D"
            },
            {
              "status": "Valid",
              "valid usage": "All",
              "name": "Microsoft Root Certificate Authority 2010",
              "algorithm": "sha256RSA",
              "valid from": "09:57 PM 06/23/2010",
              "valid to": "10:04 PM 06/23/2035",
              "serial number": "28 CC 3A 25 BF BA 44 AC 44 9A 9B 58 6B 43 39 AA",
              "cert issuer": "Microsoft Root Certificate Authority 2010",
              "thumbprint": "3B1EFD3A66EA28B16697394703A72CA340A05BD5"
            }
          ]
        }
      }
    },
