              {
                "values": {
                  "TerminalSessionId": "1",
                  "ProcessGuid": "C784477D-F585-62E0-8806-000000003000",
                  "ProcessId": "6984",
                  "Product": "Microsoft\u00ae Windows\u00ae Operating System",
                  "Description": "TCP/IP Ping Command",
                  "Company": "Microsoft Corporation",
                  "ParentProcessGuid": "C784477D-F574-62E0-8006-000000003000",
                  "User": "DESKTOP-B0T93D6\\george",
                  "Hashes": "MD5=70C24A306F768936563ABDADB9CA9108,SHA256=7BF496D5B9F227CCE033F204E21743008C3F4B081D44B02500EDA4EFBCCF3281,IMPHASH=6C1FE20B3F9688A9263FFDF9FF417272",
                  "OriginalFileName": "ping.exe",
                  "ParentImage": "C:\\Windows\\SysWOW64\\cmd.exe",
                  "FileVersion": "10.0.17134.1 (WinBuild.160101.0800)",
                  "ParentProcessId": "6660",
                  "CurrentDirectory": "C:\\Users\\george\\Desktop\\",
                  "CommandLine": "\"C:\\Users\\george\\AppData\\Local\\Temp\\smss.exe\"  127.1 -n 5",
                  "EventID": "1",
                  "LogonGuid": "C784477D-DAAC-629E-FBB2-030000000000",
                  "LogonId": "242427",
                  "Image": "C:\\Users\\george\\AppData\\Local\\Temp\\smss.exe",
                  "IntegrityLevel": "High",
                  "ParentCommandLine": "C:\\Windows\\system32\\cmd.exe /c \"C:\\Users\\george\\AppData\\Local\\Temp\\33AB.tmp.cmd \"C:\\Users\\george\\AppData\\Local\\Temp\\HOSTLS~1.EXE\"\"",
                  "UtcTime": "2022-07-27 08:21:25.926",
                  "RuleName": "-"
                }
              },
              {
                "values": {
                  "TerminalSessionId": "1",
                  "ProcessGuid": "C784477D-F58B-62E0-8A06-000000003000",
                  "ProcessId": "1616",
                  "Product": "Microsoft\u00ae Windows\u00ae Operating System",
                  "Description": "TCP/IP Ping Command",
                  "Company": "Microsoft Corporation",
                  "ParentProcessGuid": "C784477D-F574-62E0-8006-000000003000",
                  "User": "DESKTOP-B0T93D6\\george",
                  "Hashes": "MD5=70C24A306F768936563ABDADB9CA9108,SHA256=7BF496D5B9F227CCE033F204E21743008C3F4B081D44B02500EDA4EFBCCF3281,IMPHASH=6C1FE20B3F9688A9263FFDF9FF417272",
                  "OriginalFileName": "ping.exe",
                  "ParentImage": "C:\\Windows\\SysWOW64\\cmd.exe",
                  "FileVersion": "10.0.17134.1 (WinBuild.160101.0800)",
                  "ParentProcessId": "6660",
                  "CurrentDirectory": "C:\\Users\\george\\Desktop\\",
                  "CommandLine": "\"C:\\Users\\george\\AppData\\Local\\Temp\\smss.exe\"  127.1 -n 5",
                  "EventID": "1",
                  "LogonGuid": "C784477D-DAAC-629E-FBB2-030000000000",
                  "LogonId": "242427",
                  "Image": "C:\\Users\\george\\AppData\\Local\\Temp\\smss.exe",
                  "IntegrityLevel": "High",
                  "ParentCommandLine": "C:\\Windows\\system32\\cmd.exe /c \"C:\\Users\\george\\AppData\\Local\\Temp\\33AB.tmp.cmd \"C:\\Users\\george\\AppData\\Local\\Temp\\HOSTLS~1.EXE\"\"",
                  "UtcTime": "2022-07-27 08:21:31.202",
                  "RuleName": "-"
                }
              },
              {
                "values": {
                  "TerminalSessionId": "1",
                  "ProcessGuid": "C784477D-F591-62E0-8C06-000000003000",
                  "ProcessId": "6740",
                  "Product": "Microsoft\u00ae Windows\u00ae Operating System",
                  "Description": "TCP/IP Ping Command",
                  "Company": "Microsoft Corporation",
                  "ParentProcessGuid": "C784477D-F574-62E0-8006-000000003000",
                  "User": "DESKTOP-B0T93D6\\george",
                  "Hashes": "MD5=70C24A306F768936563ABDADB9CA9108,SHA256=7BF496D5B9F227CCE033F204E21743008C3F4B081D44B02500EDA4EFBCCF3281,IMPHASH=6C1FE20B3F9688A9263FFDF9FF417272",
                  "OriginalFileName": "ping.exe",
                  "ParentImage": "C:\\Windows\\SysWOW64\\cmd.exe",
                  "FileVersion": "10.0.17134.1 (WinBuild.160101.0800)",
                  "ParentProcessId": "6660",
                  "CurrentDirectory": "C:\\Users\\george\\Desktop\\",
                  "CommandLine": "\"C:\\Users\\george\\AppData\\Local\\Temp\\smss.exe\"  127.1 -n 5",
                  "EventID": "1",
                  "LogonGuid": "C784477D-DAAC-629E-FBB2-030000000000",
                  "LogonId": "242427",
                  "Image": "C:\\Users\\george\\AppData\\Local\\Temp\\smss.exe",
                  "IntegrityLevel": "High",
                  "ParentCommandLine": "C:\\Windows\\system32\\cmd.exe /c \"C:\\Users\\george\\AppData\\Local\\Temp\\33AB.tmp.cmd \"C:\\Users\\george\\AppData\\Local\\Temp\\HOSTLS~1.EXE\"\"",
                  "UtcTime": "2022-07-27 08:21:37.063",
                  "RuleName": "-"
                }
              },
              {
                "values": {
                  "TerminalSessionId": "1",
                  "ProcessGuid": "C784477D-F597-62E0-8E06-000000003000",
                  "ProcessId": "5392",
                  "Product": "Microsoft\u00ae Windows\u00ae Operating System",
                  "Description": "TCP/IP Ping Command",
                  "Company": "Microsoft Corporation",
                  "ParentProcessGuid": "C784477D-F574-62E0-8006-000000003000",
                  "User": "DESKTOP-B0T93D6\\george",
                  "Hashes": "MD5=70C24A306F768936563ABDADB9CA9108,SHA256=7BF496D5B9F227CCE033F204E21743008C3F4B081D44B02500EDA4EFBCCF3281,IMPHASH=6C1FE20B3F9688A9263FFDF9FF417272",
                  "OriginalFileName": "ping.exe",
                  "ParentImage": "C:\\Windows\\SysWOW64\\cmd.exe",
                  "FileVersion": "10.0.17134.1 (WinBuild.160101.0800)",
                  "ParentProcessId": "6660",
                  "CurrentDirectory": "C:\\Users\\george\\Desktop\\",
                  "CommandLine": "\"C:\\Users\\george\\AppData\\Local\\Temp\\smss.exe\"  127.1 -n 5",
                  "EventID": "1",
                  "LogonGuid": "C784477D-DAAC-629E-FBB2-030000000000",
                  "LogonId": "242427",
                  "Image": "C:\\Users\\george\\AppData\\Local\\Temp\\smss.exe",
                  "IntegrityLevel": "High",
                  "ParentCommandLine": "C:\\Windows\\system32\\cmd.exe /c \"C:\\Users\\george\\AppData\\Local\\Temp\\33AB.tmp.cmd \"C:\\Users\\george\\AppData\\Local\\Temp\\HOSTLS~1.EXE\"\"",
                  "UtcTime": "2022-07-27 08:21:43.790",
                  "RuleName": "-"
                }
              },
              {
                "values": {
                  "TerminalSessionId": "1",
                  "ProcessGuid": "C784477D-F59D-62E0-9006-000000003000",
                  "ProcessId": "6684",
                  "Product": "Microsoft\u00ae Windows\u00ae Operating System",
                  "Description": "TCP/IP Ping Command",
                  "Company": "Microsoft Corporation",
                  "ParentProcessGuid": "C784477D-F574-62E0-8006-000000003000",
                  "User": "DESKTOP-B0T93D6\\george",
                  "Hashes": "MD5=70C24A306F768936563ABDADB9CA9108,SHA256=7BF496D5B9F227CCE033F204E21743008C3F4B081D44B02500EDA4EFBCCF3281,IMPHASH=6C1FE20B3F9688A9263FFDF9FF417272",
                  "OriginalFileName": "ping.exe",
                  "ParentImage": "C:\\Windows\\SysWOW64\\cmd.exe",
                  "FileVersion": "10.0.17134.1 (WinBuild.160101.0800)",
                  "ParentProcessId": "6660",
                  "CurrentDirectory": "C:\\Users\\george\\Desktop\\",
                  "CommandLine": "\"C:\\Users\\george\\AppData\\Local\\Temp\\smss.exe\"  127.1 -n 5",
                  "EventID": "1",
                  "LogonGuid": "C784477D-DAAC-629E-FBB2-030000000000",
                  "LogonId": "242427",
                  "Image": "C:\\Users\\george\\AppData\\Local\\Temp\\smss.exe",
                  "IntegrityLevel": "High",
                  "ParentCommandLine": "C:\\Windows\\system32\\cmd.exe /c \"C:\\Users\\george\\AppData\\Local\\Temp\\33AB.tmp.cmd \"C:\\Users\\george\\AppData\\Local\\Temp\\HOSTLS~1.EXE\"\"",
                  "UtcTime": "2022-07-27 08:21:49.239",
                  "RuleName": "-"
                }
              },
              {
                "values": {
                  "TerminalSessionId": "1",
                  "ProcessGuid": "C784477D-F5A2-62E0-9206-000000003000",
                  "ProcessId": "5932",
                  "Product": "Microsoft\u00ae Windows\u00ae Operating System",
                  "Description": "TCP/IP Ping Command",
                  "Company": "Microsoft Corporation",
                  "ParentProcessGuid": "C784477D-F574-62E0-8006-000000003000",
                  "User": "DESKTOP-B0T93D6\\george",
                  "Hashes": "MD5=70C24A306F768936563ABDADB9CA9108,SHA256=7BF496D5B9F227CCE033F204E21743008C3F4B081D44B02500EDA4EFBCCF3281,IMPHASH=6C1FE20B3F9688A9263FFDF9FF417272",
                  "OriginalFileName": "ping.exe",
                  "ParentImage": "C:\\Windows\\SysWOW64\\cmd.exe",
                  "FileVersion": "10.0.17134.1 (WinBuild.160101.0800)",
                  "ParentProcessId": "6660",
                  "CurrentDirectory": "C:\\Users\\george\\Desktop\\",
                  "CommandLine": "\"C:\\Users\\george\\AppData\\Local\\Temp\\smss.exe\"  127.1 -n 5",
                  "EventID": "1",
                  "LogonGuid": "C784477D-DAAC-629E-FBB2-030000000000",
                  "LogonId": "242427",
                  "Image": "C:\\Users\\george\\AppData\\Local\\Temp\\smss.exe",
                  "IntegrityLevel": "High",
                  "ParentCommandLine": "C:\\Windows\\system32\\cmd.exe /c \"C:\\Users\\george\\AppData\\Local\\Temp\\33AB.tmp.cmd \"C:\\Users\\george\\AppData\\Local\\Temp\\HOSTLS~1.EXE\"\"",
                  "UtcTime": "2022-07-27 08:21:54.674",
                  "RuleName": "-"
                }
              }
            ],
            "rule_level": "high",
            "rule_description": "Detects a Windows program executable started in a suspicious folder",
            "rule_source": "Sigma Integrated Rule Set (GitHub)",
            "rule_title": "System File Execution Location Anomaly",
            "rule_id": "25fc56c1bee673d7ff3edcf371e4d2a36c0af83222da348961b87735c8efa61f",
            "rule_author": "Florian Roth, Patrick Bareiss, Anton Kutepov, oscd.community, Nasreddine Bencherchali"
          },
          {
            "match_context": [
              {
                "values": {
                  "EventID": "3",
                  "ProcessId": "2000",
                  "DestinationPortName": "-",
                  "Protocol": "udp",
                  "Initiated": "true",
                  "DestinationIp": "255.255.255.255",
                  "SourcePortName": "-",
                  "Image": "C:\\Users\\admin\\AppData\\Local\\Programs\\Python\\Python37\\pythonw.exe",
                  "RuleName": "Usermode",
                  "DestinationHostname": "-",
                  "UtcTime": "2022-07-26 18:12:18.304",
                  "User": "work\\admin",
                  "DestinationPort": "12345",
                  "ProcessGuid": "5240FBE6-2E77-62E0-3A00-000000002400",
                  "SourcePort": "61780",
                  "SourceIsIpv6": "false",
                  "SourceHostname": "-",
                  "SourceIp": "192.168.122.61",
                  "DestinationIsIpv6": "false"
                }
              },
              {
                "values": {
                  "EventID": "3",
                  "ProcessId": "2000",
                  "DestinationPortName": "-",
                  "SourceIsIpv6": "false",
                  "Initiated": "true",
                  "DestinationIp": "142.250.98.153",
                  "SourcePortName": "-",
                  "Image": "C:\\Users\\admin\\AppData\\Local\\Programs\\Python\\Python37\\pythonw.exe",
                  "RuleName": "Usermode",
                  "DestinationHostname": "-",
                  "UtcTime": "2022-07-26 18:12:28.435",
                  "User": "work\\admin",
                  "DestinationPort": "443",
                  "ProcessGuid": "5240FBE6-2E77-62E0-3A00-000000002400",
                  "SourcePort": "49168",
                  "Protocol": "tcp",
                  "SourceHostname": "-",
                  "SourceIp": "192.168.122.61",
                  "DestinationIsIpv6": "false"
                }
              },
              {
                "values": {
                  "EventID": "3",
                  "ProcessId": "2000",
                  "DestinationPortName": "-",
                  "Protocol": "tcp",
                  "Initiated": "true",
                  "DestinationIp": "142.250.98.153",
                  "SourcePortName": "-",
                  "Image": "C:\\Users\\admin\\AppData\\Local\\Programs\\Python\\Python37\\pythonw.exe",
                  "RuleName": "Usermode",
                  "DestinationHostname": "-",
                  "UtcTime": "2022-07-26 18:12:28.842",
                  "User": "work\\admin",
                  "DestinationPort": "443",
                  "ProcessGuid": "5240FBE6-2E77-62E0-3A00-000000002400",
                  "SourcePort": "49169",
                  "SourceIsIpv6": "false",
                  "SourceHostname": "-",
                  "SourceIp": "192.168.122.61",
                  "DestinationIsIpv6": "false"
                }
              },
              {
                "values": {
                  "EventID": "3",
                  "ProcessId": "2000",
                  "DestinationPortName": "-",
                  "Protocol": "tcp",
                  "Initiated": "true",
                  "DestinationIp": "142.250.98.153",
                  "SourcePortName": "-",
                  "Image": "C:\\Users\\admin\\AppData\\Local\\Programs\\Python\\Python37\\pythonw.exe",
                  "RuleName": "Usermode",
                  "DestinationHostname": "-",
                  "UtcTime": "2022-07-26 18:12:34.088",
                  "User": "work\\admin",
                  "DestinationPort": "443",
                  "ProcessGuid": "5240FBE6-2E77-62E0-3A00-000000002400",
                  "SourcePort": "49171",
                  "SourceIsIpv6": "false",
                  "SourceHostname": "-",
                  "SourceIp": "192.168.122.61",
                  "DestinationIsIpv6": "false"
                }
              },
              {
                "values": {
                  "EventID": "3",
                  "ProcessId": "2000",
                  "DestinationPortName": "-",
                  "SourceIsIpv6": "false",
                  "DestinationIp": "142.250.98.153",
                  "Initiated": "true",
                  "SourcePortName": "-",
                  "Image": "C:\\Users\\admin\\AppData\\Local\\Programs\\Python\\Python37\\pythonw.exe",
                  "RuleName": "Usermode",
                  "DestinationHostname": "-",
                  "UtcTime": "2022-07-26 18:12:39.726",
                  "User": "work\\admin",
                  "DestinationPort": "443",
                  "ProcessGuid": "5240FBE6-2E77-62E0-3A00-000000002400",
                  "SourcePort": "49172",
                  "Protocol": "tcp",
                  "SourceHostname": "-",
                  "SourceIp": "192.168.122.61",
                  "DestinationIsIpv6": "false"
                }
              },
              {
                "values": {
                  "EventID": "3",
                  "ProcessId": "2000",
                  "DestinationPortName": "-",
                  "SourceIsIpv6": "false",
                  "Initiated": "true",
                  "DestinationIp": "142.250.98.153",
                  "SourcePortName": "-",
                  "Image": "C:\\Users\\admin\\AppData\\Local\\Programs\\Python\\Python37\\pythonw.exe",
                  "RuleName": "Usermode",
                  "DestinationHostname": "-",
                  "UtcTime": "2022-07-26 18:12:40.483",
                  "User": "work\\admin",
                  "DestinationPort": "443",
                  "ProcessGuid": "5240FBE6-2E77-62E0-3A00-000000002400",
                  "SourcePort": "49173",
                  "Protocol": "tcp",
                  "SourceHostname": "-",
                  "SourceIp": "192.168.122.61",
                  "DestinationIsIpv6": "false"
                }
              },
              {
                "values": {
                  "EventID": "3",
                  "ProcessId": "2000",
                  "DestinationPortName": "-",
                  "Protocol": "tcp",
                  "Initiated": "true",
                  "DestinationIp": "142.250.98.153",
                  "SourcePortName": "-",
                  "Image": "C:\\Users\\admin\\AppData\\Local\\Programs\\Python\\Python37\\pythonw.exe",
                  "RuleName": "Usermode",
                  "DestinationHostname": "-",
                  "UtcTime": "2022-07-26 18:12:45.651",
                  "User": "work\\admin",
                  "DestinationPort": "443",
                  "ProcessGuid": "5240FBE6-2E77-62E0-3A00-000000002400",
                  "SourcePort": "49174",
                  "SourceIsIpv6": "false",
                  "SourceHostname": "-",
                  "SourceIp": "192.168.122.61",
                  "DestinationIsIpv6": "false"
                }
              },
              {
                "values": {
                  "EventID": "3",
                  "ProcessId": "2000",
                  "DestinationPortName": "-",
                  "SourceIsIpv6": "false",
                  "DestinationIp": "142.250.98.153",
                  "Initiated": "true",
                  "SourcePortName": "-",
                  "Image": "C:\\Users\\admin\\AppData\\Local\\Programs\\Python\\Python37\\pythonw.exe",
                  "RuleName": "Usermode",
                  "DestinationHostname": "-",
                  "UtcTime": "2022-07-26 18:12:51.671",
                  "User": "work\\admin",
                  "DestinationPort": "443",
                  "ProcessGuid": "5240FBE6-2E77-62E0-3A00-000000002400",
                  "SourcePort": "49176",
                  "Protocol": "tcp",
                  "SourceHostname": "-",
                  "SourceIp": "192.168.122.61",
                  "DestinationIsIpv6": "false"
                }
              },
              {
                "values": {
                  "EventID": "3",
                  "ProcessId": "2000",
                  "DestinationPortName": "-",
                  "Protocol": "tcp",
                  "DestinationIp": "142.250.98.153",
                  "Initiated": "true",
                  "SourcePortName": "-",
                  "Image": "C:\\Users\\admin\\AppData\\Local\\Programs\\Python\\Python37\\pythonw.exe",
                  "RuleName": "Usermode",
                  "DestinationHostname": "-",
                  "UtcTime": "2022-07-26 18:12:52.688",
                  "User": "work\\admin",
                  "DestinationPort": "443",
                  "ProcessGuid": "5240FBE6-2E77-62E0-3A00-000000002400",
                  "SourcePort": "49177",
                  "SourceIsIpv6": "false",
                  "SourceHostname": "-",
                  "SourceIp": "192.168.122.61",
                  "DestinationIsIpv6": "false"
                }
              },
              {
                "values": {
                  "EventID": "3",
                  "ProcessId": "2000",
                  "DestinationPortName": "-",
                  "Protocol": "tcp",
                  "Initiated": "true",
                  "DestinationIp": "142.250.98.153",
                  "SourcePortName": "-",
                  "Image": "C:\\Users\\admin\\AppData\\Local\\Programs\\Python\\Python37\\pythonw.exe",
                  "RuleName": "Usermode",
                  "DestinationHostname": "-",
                  "UtcTime": "2022-07-26 18:12:57.890",
                  "User": "work\\admin",
                  "DestinationPort": "443",
                  "ProcessGuid": "5240FBE6-2E77-62E0-3A00-000000002400",
                  "SourcePort": "49178",
                  "SourceIsIpv6": "false",
                  "SourceHostname": "-",
                  "SourceIp": "192.168.122.61",
                  "DestinationIsIpv6": "false"
                }
              },
              {
                "values": {
                  "EventID": "3",
                  "ProcessId": "2000",
                  "DestinationPortName": "-",
                  "Protocol": "tcp",
                  "DestinationIp": "173.194.216.153",
                  "Initiated": "true",
                  "SourcePortName": "-",
                  "Image": "C:\\Users\\admin\\AppData\\Local\\Programs\\Python\\Python37\\pythonw.exe",
                  "RuleName": "Usermode",
                  "DestinationHostname": "-",
                  "UtcTime": "2022-07-26 18:13:04.199",
                  "User": "work\\admin",
                  "DestinationPort": "443",
                  "ProcessGuid": "5240FBE6-2E77-62E0-3A00-000000002400",
                  "SourcePort": "49180",
                  "SourceIsIpv6": "false",
                  "SourceHostname": "-",
                  "SourceIp": "192.168.122.61",
                  "DestinationIsIpv6": "false"
                }
              },
              {
                "values": {
                  "EventID": "3",
                  "ProcessId": "2000",
                  "DestinationPortName": "-",
                  "SourceIsIpv6": "false",
                  "Initiated": "true",
                  "DestinationIp": "173.194.216.153",
                  "SourcePortName": "-",
                  "Image": "C:\\Users\\admin\\AppData\\Local\\Programs\\Python\\Python37\\pythonw.exe",
                  "RuleName": "Usermode",
                  "DestinationHostname": "-",
                  "UtcTime": "2022-07-26 18:13:06.011",
                  "User": "work\\admin",
                  "DestinationPort": "443",
                  "ProcessGuid": "5240FBE6-2E77-62E0-3A00-000000002400",
                  "SourcePort": "49181",
                  "Protocol": "tcp",
                  "SourceHostname": "-",
                  "SourceIp": "192.168.122.61",
                  "DestinationIsIpv6": "false"
                }
              },
              {
                "values": {
                  "EventID": "3",
                  "ProcessId": "2000",
                  "DestinationPortName": "-",
                  "SourceIsIpv6": "false",
                  "Initiated": "true",
                  "DestinationIp": "173.194.216.153",
                  "SourcePortName": "-",
                  "Image": "C:\\Users\\admin\\AppData\\Local\\Programs\\Python\\Python37\\pythonw.exe",
                  "RuleName": "Usermode",
                  "DestinationHostname": "-",
                  "UtcTime": "2022-07-26 18:13:11.244",
                  "User": "work\\admin",
                  "DestinationPort": "443",
                  "ProcessGuid": "5240FBE6-2E77-62E0-3A00-000000002400",
                  "SourcePort": "49184",
                  "Protocol": "tcp",
                  "SourceHostname": "-",
                  "SourceIp": "192.168.122.61",
                  "DestinationIsIpv6": "false"
                }
              },
              {
                "values": {
                  "EventID": "3",
                  "ProcessId": "2000",
                  "DestinationPortName": "-",
                  "Protocol": "tcp",
                  "Initiated": "true",
                  "DestinationIp": "173.194.216.153",
                  "SourcePortName": "-",
                  "Image": "C:\\Users\\admin\\AppData\\Local\\Programs\\Python\\Python37\\pythonw.exe",
                  "RuleName": "Usermode",
                  "DestinationHostname": "-",
                  "UtcTime": "2022-07-26 18:13:17.829",
                  "User": "work\\admin",
                  "DestinationPort": "443",
                  "ProcessGuid": "5240FBE6-2E77-62E0-3A00-000000002400",
                  "SourcePort": "49186",
                  "SourceIsIpv6": "false",
                  "SourceHostname": "-",
                  "SourceIp": "192.168.122.61",
                  "DestinationIsIpv6": "false"
                }
              },
              {
                "values": {
                  "EventID": "3",
                  "ProcessId": "2000",
                  "DestinationPortName": "-",
                  "SourceIsIpv6": "false",
                  "Initiated": "true",
                  "DestinationIp": "173.194.216.153",
                  "SourcePortName": "-",
                  "Image": "C:\\Users\\admin\\AppData\\Local\\Programs\\Python\\Python37\\pythonw.exe",
                  "RuleName": "Usermode",
                  "DestinationHostname": "-",
                  "UtcTime": "2022-07-26 18:13:19.358",
                  "User": "work\\admin",
                  "DestinationPort": "443",
                  "ProcessGuid": "5240FBE6-2E77-62E0-3A00-000000002400",
                  "SourcePort": "49187",
                  "Protocol": "tcp",
                  "SourceHostname": "-",
                  "SourceIp": "192.168.122.61",
                  "DestinationIsIpv6": "false"
                }
              },
              {
                "values": {
                  "EventID": "3",
                  "ProcessId": "2000",
                  "DestinationPortName": "-",
                  "Protocol": "tcp",
                  "DestinationIp": "173.194.216.153",
                  "Initiated": "true",
                  "SourcePortName": "-",
                  "Image": "C:\\Users\\admin\\AppData\\Local\\Programs\\Python\\Python37\\pythonw.exe",
                  "RuleName": "Usermode",
                  "DestinationHostname": "-",
                  "UtcTime": "2022-07-26 18:13:24.607",
                  "User": "work\\admin",
                  "DestinationPort": "443",
                  "ProcessGuid": "5240FBE6-2E77-62E0-3A00-000000002400",
                  "SourcePort": "49188",
                  "SourceIsIpv6": "false",
                  "SourceHostname": "-",
                  "SourceIp": "192.168.122.61",
                  "DestinationIsIpv6": "false"
                }
              },
              {
                "values": {
                  "EventID": "3",
                  "ProcessId": "2000",
                  "DestinationPortName": "-",
                  "SourceIsIpv6": "false",
                  "DestinationIp": "173.194.216.153",
                  "Initiated": "true",
                  "SourcePortName": "-",
                  "Image": "C:\\Users\\admin\\AppData\\Local\\Programs\\Python\\Python37\\pythonw.exe",
                  "RuleName": "Usermode",
                  "DestinationHostname": "-",
                  "UtcTime": "2022-07-26 18:13:31.301",
                  "User": "work\\admin",
                  "DestinationPort": "443",
                  "ProcessGuid": "5240FBE6-2E77-62E0-3A00-000000002400",
                  "SourcePort": "49190",
                  "Protocol": "tcp",
                  "SourceHostname": "-",
                  "SourceIp": "192.168.122.61",
                  "DestinationIsIpv6": "false"
                }
              },
              {
                "values": {
                  "EventID": "3",
                  "ProcessId": "2000",
                  "DestinationPortName": "-",
                  "Protocol": "tcp",
                  "DestinationIp": "173.194.216.153",
                  "Initiated": "true",
                  "SourcePortName": "-",
                  "Image": "C:\\Users\\admin\\AppData\\Local\\Programs\\Python\\Python37\\pythonw.exe",
                  "RuleName": "Usermode",
                  "DestinationHostname": "-",
                  "UtcTime": "2022-07-26 18:13:33.096",
                  "User": "work\\admin",
                  "DestinationPort": "443",
                  "ProcessGuid": "5240FBE6-2E77-62E0-3A00-000000002400",
                  "SourcePort": "49191",
                  "SourceIsIpv6": "false",
                  "SourceHostname": "-",
                  "SourceIp": "192.168.122.61",
                  "DestinationIsIpv6": "false"
                }
              },
              {
                "values": {
                  "EventID": "3",
                  "ProcessId": "2000",
                  "DestinationPortName": "-",
                  "SourceIsIpv6": "false",
                  "DestinationIp": "173.194.216.153",
                  "Initiated": "true",
                  "SourcePortName": "-",
                  "Image": "C:\\Users\\admin\\AppData\\Local\\Programs\\Python\\Python37\\pythonw.exe",
                  "RuleName": "Usermode",
                  "DestinationHostname": "-",
                  "UtcTime": "2022-07-26 18:13:34.847",
                  "User": "work\\admin",
                  "DestinationPort": "443",
                  "ProcessGuid": "5240FBE6-2E77-62E0-3A00-000000002400",
                  "SourcePort": "49193",
                  "Protocol": "tcp",
                  "SourceHostname": "-",
                  "SourceIp": "192.168.122.61",
                  "DestinationIsIpv6": "false"
                }
              },
              {
                "values": {
                  "EventID": "3",
                  "ProcessId": "2000",
                  "DestinationPortName": "-",
                  "SourceIsIpv6": "false",
                  "DestinationIp": "173.194.216.153",
                  "Initiated": "true",
                  "SourcePortName": "-",
                  "Image": "C:\\Users\\admin\\AppData\\Local\\Programs\\Python\\Python37\\pythonw.exe",
                  "RuleName": "Usermode",
                  "DestinationHostname": "-",
                  "UtcTime": "2022-07-26 18:13:40.132",
                  "User": "work\\admin",
                  "DestinationPort": "443",
                  "ProcessGuid": "5240FBE6-2E77-62E0-3A00-000000002400",
                  "SourcePort": "49194",
                  "Protocol": "tcp",
                  "SourceHostname": "-",
                  "SourceIp": "192.168.122.61",
                  "DestinationIsIpv6": "false"
                }
              },
              {
                "values": {
                  "EventID": "3",
                  "ProcessId": "2000",
                  "DestinationPortName": "-",
                  "SourceIsIpv6": "false",
                  "DestinationIp": "173.194.216.153",
                  "Initiated": "true",
                  "SourcePortName": "-",
                  "Image": "C:\\Users\\admin\\AppData\\Local\\Programs\\Python\\Python37\\pythonw.exe",
                  "RuleName": "Usermode",
                  "DestinationHostname": "-",
                  "UtcTime": "2022-07-26 18:13:46.721",
                  "User": "work\\admin",
                  "DestinationPort": "443",
                  "ProcessGuid": "5240FBE6-2E77-62E0-3A00-000000002400",
                  "SourcePort": "49195",
                  "Protocol": "tcp",
                  "SourceHostname": "-",
                  "SourceIp": "192.168.122.61",
                  "DestinationIsIpv6": "false"
                }
              },
              {
                "values": {
                  "EventID": "3",
                  "ProcessId": "2000",
                  "DestinationPortName": "-",
                  "Protocol": "tcp",
                  "Initiated": "true",
                  "DestinationIp": "173.194.216.153",
                  "SourcePortName": "-",
                  "Image": "C:\\Users\\admin\\AppData\\Local\\Programs\\Python\\Python37\\pythonw.exe",
                  "RuleName": "Usermode",
                  "DestinationHostname": "-",
                  "UtcTime": "2022-07-26 18:13:48.179",
                  "User": "work\\admin",
                  "DestinationPort": "443",
                  "ProcessGuid": "5240FBE6-2E77-62E0-3A00-000000002400",
                  "SourcePort": "49197",
                  "SourceIsIpv6": "false",
                  "SourceHostname": "-",
                  "SourceIp": "192.168.122.61",
                  "DestinationIsIpv6": "false"
                }
              },
              {
                "values": {
                  "EventID": "3",
                  "ProcessId": "2000",
                  "DestinationPortName": "-",
                  "Protocol": "tcp",
                  "Initiated": "true",
                  "DestinationIp": "173.194.216.153",
                  "SourcePortName": "-",
                  "Image": "C:\\Users\\admin\\AppData\\Local\\Programs\\Python\\Python37\\pythonw.exe",
                  "RuleName": "Usermode",
                  "DestinationHostname": "-",
                  "UtcTime": "2022-07-26 18:13:53.481",
                  "User": "work\\admin",
                  "DestinationPort": "443",
                  "ProcessGuid": "5240FBE6-2E77-62E0-3A00-000000002400",
                  "SourcePort": "49200",
                  "SourceIsIpv6": "false",
                  "SourceHostname": "-",
                  "SourceIp": "192.168.122.61",
                  "DestinationIsIpv6": "false"
                }
              },
              {
                "values": {
                  "EventID": "3",
                  "ProcessId": "2000",
                  "DestinationPortName": "-",
                  "SourceIsIpv6": "false",
                  "DestinationIp": "255.255.255.255",
                  "Initiated": "true",
                  "SourcePortName": "-",
                  "Image": "C:\\Users\\admin\\AppData\\Local\\Programs\\Python\\Python37\\pythonw.exe",
                  "RuleName": "Usermode",
                  "DestinationHostname": "-",
                  "UtcTime": "2022-07-26 18:12:18.304",
                  "User": "work\\admin",
                  "DestinationPort": "12345",
                  "ProcessGuid": "5240FBE6-2E77-62E0-3A00-000000002400",
                  "SourcePort": "61780",
                  "Protocol": "udp",
                  "SourceHostname": "-",
                  "SourceIp": "192.168.122.61",
                  "DestinationIsIpv6": "false"
                }
              },
              {
                "values": {
                  "EventID": "3",
                  "ProcessId": "2000",
                  "DestinationPortName": "-",
                  "Protocol": "tcp",
                  "DestinationIp": "142.250.98.153",
                  "Initiated": "true",
                  "SourcePortName": "-",
                  "Image": "C:\\Users\\admin\\AppData\\Local\\Programs\\Python\\Python37\\pythonw.exe",
                  "RuleName": "Usermode",
                  "DestinationHostname": "-",
                  "UtcTime": "2022-07-26 18:12:28.842",
                  "User": "work\\admin",
                  "DestinationPort": "443",
                  "ProcessGuid": "5240FBE6-2E77-62E0-3A00-000000002400",
                  "SourcePort": "49169",
                  "SourceIsIpv6": "false",
                  "SourceHostname": "-",
                  "SourceIp": "192.168.122.61",
                  "DestinationIsIpv6": "false"
                }
              },
              {
                "values": {
                  "EventID": "3",
                  "ProcessId": "2000",
                  "DestinationPortName": "-",
                  "Protocol": "tcp",
                  "DestinationIp": "142.250.98.153",
                  "Initiated": "true",
                  "SourcePortName": "-",
                  "Image": "C:\\Users\\admin\\AppData\\Local\\Programs\\Python\\Python37\\pythonw.exe",
                  "RuleName": "Usermode",
                  "DestinationHostname": "-",
                  "UtcTime": "2022-07-26 18:12:34.088",
                  "User": "work\\admin",
                  "DestinationPort": "443",
                  "ProcessGuid": "5240FBE6-2E77-62E0-3A00-000000002400",
                  "SourcePort": "49171",
                  "SourceIsIpv6": "false",
                  "SourceHostname": "-",
                  "SourceIp": "192.168.122.61",
                  "DestinationIsIpv6": "false"
                }
              },
              {
                "values": {
                  "EventID": "3",
                  "ProcessId": "2000",
                  "DestinationPortName": "-",
                  "Protocol": "tcp",
                  "DestinationIp": "142.250.98.153",
                  "Initiated": "true",
                  "SourcePortName": "-",
                  "Image": "C:\\Users\\admin\\AppData\\Local\\Programs\\Python\\Python37\\pythonw.exe",
                  "RuleName": "Usermode",
                  "DestinationHostname": "-",
                  "UtcTime": "2022-07-26 18:12:39.726",
                  "User": "work\\admin",
                  "DestinationPort": "443",
                  "ProcessGuid": "5240FBE6-2E77-62E0-3A00-000000002400",
                  "SourcePort": "49172",
                  "SourceIsIpv6": "false",
                  "SourceHostname": "-",
                  "SourceIp": "192.168.122.61",
                  "DestinationIsIpv6": "false"
                }
              },
              {
                "values": {
                  "EventID": "3",
                  "ProcessId": "2000",
                  "DestinationPortName": "-",
                  "SourceIsIpv6": "false",
                  "DestinationIp": "142.250.98.153",
                  "Initiated": "true",
                  "SourcePortName": "-",
                  "Image": "C:\\Users\\admin\\AppData\\Local\\Programs\\Python\\Python37\\pythonw.exe",
                  "RuleName": "Usermode",
                  "DestinationHostname": "-",
                  "UtcTime": "2022-07-26 18:12:40.483",
                  "User": "work\\admin",
                  "DestinationPort": "443",
                  "ProcessGuid": "5240FBE6-2E77-62E0-3A00-000000002400",
                  "SourcePort": "49173",
                  "Protocol": "tcp",
                  "SourceHostname": "-",
                  "SourceIp": "192.168.122.61",
                  "DestinationIsIpv6": "false"
                }
              },
              {
                "values": {
                  "EventID": "3",
                  "ProcessId": "2000",
                  "DestinationPortName": "-",
                  "SourceIsIpv6": "false",
                  "Initiated": "true",
                  "DestinationIp": "142.250.98.153",
                  "SourcePortName": "-",
                  "Image": "C:\\Users\\admin\\AppData\\Local\\Programs\\Python\\Python37\\pythonw.exe",
                  "RuleName": "Usermode",
                  "DestinationHostname": "-",
                  "UtcTime": "2022-07-26 18:12:45.651",
                  "User": "work\\admin",
                  "DestinationPort": "443",
                  "ProcessGuid": "5240FBE6-2E77-62E0-3A00-000000002400",
                  "SourcePort": "49174",
                  "Protocol": "tcp",
                  "SourceHostname": "-",
                  "SourceIp": "192.168.122.61",
                  "DestinationIsIpv6": "false"
                }
              },
              {
                "values": {
                  "EventID": "3",
                  "ProcessId": "2000",
                  "DestinationPortName": "-",
                  "Protocol": "tcp",
                  "Initiated": "true",
                  "DestinationIp": "142.250.98.153",
                  "SourcePortName": "-",
                  "Image": "C:\\Users\\admin\\AppData\\Local\\Programs\\Python\\Python37\\pythonw.exe",
                  "RuleName": "Usermode",
                  "DestinationHostname": "-",
                  "UtcTime": "2022-07-26 18:12:52.688",
                  "User": "work\\admin",
                  "DestinationPort": "443",
                  "ProcessGuid": "5240FBE6-2E77-62E0-3A00-000000002400",
                  "SourcePort": "49177",
                  "SourceIsIpv6": "false",
                  "SourceHostname": "-",
                  "SourceIp": "192.168.122.61",
                  "DestinationIsIpv6": "false"
                }
              },
              {
                "values": {
                  "EventID": "3",
                  "ProcessId": "2000",
                  "DestinationPortName": "-",
                  "SourceIsIpv6": "false",
                  "DestinationIp": "142.250.98.153",
                  "Initiated": "true",
                  "SourcePortName": "-",
                  "Image": "C:\\Users\\admin\\AppData\\Local\\Programs\\Python\\Python37\\pythonw.exe",
                  "RuleName": "Usermode",
                  "DestinationHostname": "-",
                  "UtcTime": "2022-07-26 18:12:57.890",
                  "User": "work\\admin",
                  "DestinationPort": "443",
                  "ProcessGuid": "5240FBE6-2E77-62E0-3A00-000000002400",
                  "SourcePort": "49178",
                  "Protocol": "tcp",
                  "SourceHostname": "-",
                  "SourceIp": "192.168.122.61",
                  "DestinationIsIpv6": "false"
                }
              },
              {
                "values": {
                  "EventID": "3",
                  "ProcessId": "2000",
                  "DestinationPortName": "-",
                  "Protocol": "tcp",
                  "Initiated": "true",
                  "DestinationIp": "173.194.216.153",
                  "SourcePortName": "-",
                  "Image": "C:\\Users\\admin\\AppData\\Local\\Programs\\Python\\Python37\\pythonw.exe",
                  "RuleName": "Usermode",
                  "DestinationHostname": "-",
                  "UtcTime": "2022-07-26 18:13:04.199",
                  "User": "work\\admin",
                  "DestinationPort": "443",
                  "ProcessGuid": "5240FBE6-2E77-62E0-3A00-000000002400",
                  "SourcePort": "49180",
                  "SourceIsIpv6": "false",
                  "SourceHostname": "-",
                  "SourceIp": "192.168.122.61",
                  "DestinationIsIpv6": "false"
                }
              },
              {
                "values": {
                  "EventID": "3",
                  "ProcessId": "2000",
                  "DestinationPortName": "-",
                  "SourceIsIpv6": "false",
                  "DestinationIp": "173.194.216.153",
                  "Initiated": "true",
                  "SourcePortName": "-",
                  "Image": "C:\\Users\\admin\\AppData\\Local\\Programs\\Python\\Python37\\pythonw.exe",
                  "RuleName": "Usermode",
                  "DestinationHostname": "-",
                  "UtcTime": "2022-07-26 18:13:06.011",
                  "User": "work\\admin",
                  "DestinationPort": "443",
                  "ProcessGuid": "5240FBE6-2E77-62E0-3A00-000000002400",
                  "SourcePort": "49181",
                  "Protocol": "tcp",
                  "SourceHostname": "-",
                  "SourceIp": "192.168.122.61",
                  "DestinationIsIpv6": "false"
                }
              },
              {
                "values": {
                  "EventID": "3",
                  "ProcessId": "2000",
                  "DestinationPortName": "-",
                  "SourceIsIpv6": "false",
                  "Initiated": "true",
                  "DestinationIp": "173.194.216.153",
                  "SourcePortName": "-",
                  "Image": "C:\\Users\\admin\\AppData\\Local\\Programs\\Python\\Python37\\pythonw.exe",
                  "RuleName": "Usermode",
                  "DestinationHostname": "-",
                  "UtcTime": "2022-07-26 18:13:17.829",
                  "User": "work\\admin",
                  "DestinationPort": "443",
                  "ProcessGuid": "5240FBE6-2E77-62E0-3A00-000000002400",
                  "SourcePort": "49186",
                  "Protocol": "tcp",
                  "SourceHostname": "-",
                  "SourceIp": "192.168.122.61",
                  "DestinationIsIpv6": "false"
                }
              },
              {
                "values": {
                  "EventID": "3",
                  "ProcessId": "2000",
                  "DestinationPortName": "-",
                  "Protocol": "tcp",
                  "Initiated": "true",
                  "DestinationIp": "173.194.216.153",
                  "SourcePortName": "-",
                  "Image": "C:\\Users\\admin\\AppData\\Local\\Programs\\Python\\Python37\\pythonw.exe",
                  "RuleName": "Usermode",
                  "DestinationHostname": "-",
                  "UtcTime": "2022-07-26 18:13:24.607",
                  "User": "work\\admin",
                  "DestinationPort": "443",
                  "ProcessGuid": "5240FBE6-2E77-62E0-3A00-000000002400",
                  "SourcePort": "49188",
                  "SourceIsIpv6": "false",
                  "SourceHostname": "-",
                  "SourceIp": "192.168.122.61",
                  "DestinationIsIpv6": "false"
                }
              },
              {
                "values": {
                  "EventID": "3",
                  "ProcessId": "2000",
                  "DestinationPortName": "-",
                  "SourceIsIpv6": "false",
                  "Initiated": "true",
                  "DestinationIp": "173.194.216.153",
                  "SourcePortName": "-",
                  "Image": "C:\\Users\\admin\\AppData\\Local\\Programs\\Python\\Python37\\pythonw.exe",
                  "RuleName": "Usermode",
                  "DestinationHostname": "-",
                  "UtcTime": "2022-07-26 18:13:33.096",
                  "User": "work\\admin",
                  "DestinationPort": "443",
                  "ProcessGuid": "5240FBE6-2E77-62E0-3A00-000000002400",
                  "SourcePort": "49191",
                  "Protocol": "tcp",
                  "SourceHostname": "-",
                  "SourceIp": "192.168.122.61",
                  "DestinationIsIpv6": "false"
                }
              },
              {
                "values": {
                  "EventID": "3",
                  "ProcessId": "2000",
                  "DestinationPortName": "-",
                  "Protocol": "tcp",
                  "DestinationIp": "173.194.216.153",
                  "Initiated": "true",
                  "SourcePortName": "-",
                  "Image": "C:\\Users\\admin\\AppData\\Local\\Programs\\Python\\Python37\\pythonw.exe",
                  "RuleName": "Usermode",
                  "DestinationHostname": "-",
                  "UtcTime": "2022-07-26 18:13:34.847",
                  "User": "work\\admin",
                  "DestinationPort": "443",
                  "ProcessGuid": "5240FBE6-2E77-62E0-3A00-000000002400",
                  "SourcePort": "49193",
                  "SourceIsIpv6": "false",
                  "SourceHostname": "-",
                  "SourceIp": "192.168.122.61",
                  "DestinationIsIpv6": "false"
                }
              },
              {
                "values": {
                  "EventID": "3",
                  "ProcessId": "2000",
                  "DestinationPortName": "-",
                  "SourceIsIpv6": "false",
                  "Initiated": "true",
                  "DestinationIp": "173.194.216.153",
                  "SourcePortName": "-",
                  "Image": "C:\\Users\\admin\\AppData\\Local\\Programs\\Python\\Python37\\pythonw.exe",
                  "RuleName": "Usermode",
                  "DestinationHostname": "-",
                  "UtcTime": "2022-07-26 18:13:46.721",
                  "User": "work\\admin",
                  "DestinationPort": "443",
                  "ProcessGuid": "5240FBE6-2E77-62E0-3A00-000000002400",
                  "SourcePort": "49195",
                  "Protocol": "tcp",
                  "SourceHostname": "-",
                  "SourceIp": "192.168.122.61",
                  "DestinationIsIpv6": "false"
                }
              },
              {
                "values": {
                  "EventID": "3",
                  "ProcessId": "2000",
                  "DestinationPortName": "-",
                  "SourceIsIpv6": "false",
                  "Initiated": "true",
                  "DestinationIp": "173.194.216.153",
                  "SourcePortName": "-",
                  "Image": "C:\\Users\\admin\\AppData\\Local\\Programs\\Python\\Python37\\pythonw.exe",
                  "RuleName": "Usermode",
                  "DestinationHostname": "-",
                  "UtcTime": "2022-07-26 18:13:48.179",
                  "User": "work\\admin",
                  "DestinationPort": "443",
                  "ProcessGuid": "5240FBE6-2E77-62E0-3A00-000000002400",
                  "SourcePort": "49197",
                  "Protocol": "tcp",
                  "SourceHostname": "-",
                  "SourceIp": "192.168.122.61",
                  "DestinationIsIpv6": "false"
                }
              },
