              {
                "values": {
                  "TerminalSessionId": "1",
                  "ProcessGuid": "C784477D-0BE6-62F6-7E06-000000003000",
                  "ProcessId": "5744",
                  "Product": "-",
                  "Description": "-",
                  "Company": "-",
                  "ParentProcessGuid": "C784477D-0BD5-62F6-7A06-000000003000",
                  "User": "DESKTOP-B0T93D6\\george",
                  "Hashes": "MD5=DDEEEBB34DA3DEEA82EA1F4FF4C894A5,SHA256=35F911365D14FF533ACCE7367C2AB74167A9BEB7B4E8FD487F25B9DB4D68F627,IMPHASH=2758CAA95AB310089837FFB7BE996CCF",
                  "OriginalFileName": "-",
                  "ParentImage": "C:\\Users\\george\\Desktop\\executable.exe",
                  "FileVersion": "-",
                  "ParentProcessId": "7928",
                  "CurrentDirectory": "C:\\Users\\george\\Desktop\\",
                  "CommandLine": "\"C:\\Users\\george\\AppData\\Local\\Temp\\objpoolip.exe\"",
                  "EventID": "1",
                  "LogonGuid": "C784477D-E7E8-629D-09B6-030000000000",
                  "LogonId": "243209",
                  "Image": "C:\\Users\\george\\AppData\\Local\\Temp\\objpoolip.exe",
                  "IntegrityLevel": "High",
                  "ParentCommandLine": "\"C:\\Users\\george\\Desktop\\executable.exe\" ",
                  "UtcTime": "2022-08-12 08:14:30.355",
                  "RuleName": "-"
                }
              },
              {
                "values": {
                  "TerminalSessionId": "1",
                  "ProcessGuid": "C784477D-0BEB-62F6-8106-000000003000",
                  "ProcessId": "7460",
                  "Product": "Microsoft\u00ae Windows\u00ae Operating System",
                  "Description": "TCP/IP Ping Command",
                  "Company": "Microsoft Corporation",
                  "ParentProcessGuid": "C784477D-0BE9-62F6-7F06-000000003000",
                  "User": "DESKTOP-B0T93D6\\george",
                  "Hashes": "MD5=70C24A306F768936563ABDADB9CA9108,SHA256=7BF496D5B9F227CCE033F204E21743008C3F4B081D44B02500EDA4EFBCCF3281,IMPHASH=6C1FE20B3F9688A9263FFDF9FF417272",
                  "OriginalFileName": "ping.exe",
                  "ParentImage": "C:\\Windows\\SysWOW64\\cmd.exe",
                  "FileVersion": "10.0.17134.1 (WinBuild.160101.0800)",
                  "ParentProcessId": "8132",
                  "CurrentDirectory": "C:\\Users\\george\\Desktop\\",
                  "CommandLine": "\"C:\\Users\\george\\AppData\\Local\\Temp\\smss.exe\"  127.1 -n 5",
                  "EventID": "1",
                  "LogonGuid": "C784477D-E7E8-629D-09B6-030000000000",
                  "LogonId": "243209",
                  "Image": "C:\\Users\\george\\AppData\\Local\\Temp\\smss.exe",
                  "IntegrityLevel": "High",
                  "ParentCommandLine": "C:\\Windows\\system32\\cmd.exe /c \"C:\\Users\\george\\AppData\\Local\\Temp\\65E4.tmp.cmd \"C:\\Users\\george\\AppData\\Local\\Temp\\OBJPOO~1.EXE\"\"",
                  "UtcTime": "2022-08-12 08:14:35.241",
                  "RuleName": "-"
                }
              },
              {
                "values": {
                  "TerminalSessionId": "1",
                  "ProcessGuid": "C784477D-0BF1-62F6-8306-000000003000",
                  "ProcessId": "7448",
                  "Product": "Microsoft\u00ae Windows\u00ae Operating System",
                  "Description": "TCP/IP Ping Command",
                  "Company": "Microsoft Corporation",
                  "ParentProcessGuid": "C784477D-0BE9-62F6-7F06-000000003000",
                  "User": "DESKTOP-B0T93D6\\george",
                  "Hashes": "MD5=70C24A306F768936563ABDADB9CA9108,SHA256=7BF496D5B9F227CCE033F204E21743008C3F4B081D44B02500EDA4EFBCCF3281,IMPHASH=6C1FE20B3F9688A9263FFDF9FF417272",
                  "OriginalFileName": "ping.exe",
                  "ParentImage": "C:\\Windows\\SysWOW64\\cmd.exe",
                  "FileVersion": "10.0.17134.1 (WinBuild.160101.0800)",
                  "ParentProcessId": "8132",
                  "CurrentDirectory": "C:\\Users\\george\\Desktop\\",
                  "CommandLine": "\"C:\\Users\\george\\AppData\\Local\\Temp\\smss.exe\"  127.1 -n 5",
                  "EventID": "1",
                  "LogonGuid": "C784477D-E7E8-629D-09B6-030000000000",
                  "LogonId": "243209",
                  "Image": "C:\\Users\\george\\AppData\\Local\\Temp\\smss.exe",
                  "IntegrityLevel": "High",
                  "ParentCommandLine": "C:\\Windows\\system32\\cmd.exe /c \"C:\\Users\\george\\AppData\\Local\\Temp\\65E4.tmp.cmd \"C:\\Users\\george\\AppData\\Local\\Temp\\OBJPOO~1.EXE\"\"",
                  "UtcTime": "2022-08-12 08:14:41.165",
                  "RuleName": "-"
                }
              },
              {
                "values": {
                  "TerminalSessionId": "1",
                  "ProcessGuid": "C784477D-0BF6-62F6-8506-000000003000",
                  "ProcessId": "7496",
                  "Product": "Microsoft\u00ae Windows\u00ae Operating System",
                  "Description": "TCP/IP Ping Command",
                  "Company": "Microsoft Corporation",
                  "ParentProcessGuid": "C784477D-0BE9-62F6-7F06-000000003000",
                  "User": "DESKTOP-B0T93D6\\george",
                  "Hashes": "MD5=70C24A306F768936563ABDADB9CA9108,SHA256=7BF496D5B9F227CCE033F204E21743008C3F4B081D44B02500EDA4EFBCCF3281,IMPHASH=6C1FE20B3F9688A9263FFDF9FF417272",
                  "OriginalFileName": "ping.exe",
                  "ParentImage": "C:\\Windows\\SysWOW64\\cmd.exe",
                  "FileVersion": "10.0.17134.1 (WinBuild.160101.0800)",
                  "ParentProcessId": "8132",
                  "CurrentDirectory": "C:\\Users\\george\\Desktop\\",
                  "CommandLine": "\"C:\\Users\\george\\AppData\\Local\\Temp\\smss.exe\"  127.1 -n 5",
                  "EventID": "1",
                  "LogonGuid": "C784477D-E7E8-629D-09B6-030000000000",
                  "LogonId": "243209",
                  "Image": "C:\\Users\\george\\AppData\\Local\\Temp\\smss.exe",
                  "IntegrityLevel": "High",
                  "ParentCommandLine": "C:\\Windows\\system32\\cmd.exe /c \"C:\\Users\\george\\AppData\\Local\\Temp\\65E4.tmp.cmd \"C:\\Users\\george\\AppData\\Local\\Temp\\OBJPOO~1.EXE\"\"",
                  "UtcTime": "2022-08-12 08:14:46.968",
                  "RuleName": "-"
                }
              },
              {
                "values": {
                  "TerminalSessionId": "1",
                  "ProcessGuid": "C784477D-0BFC-62F6-8706-000000003000",
                  "ProcessId": "3648",
                  "Product": "Microsoft\u00ae Windows\u00ae Operating System",
                  "Description": "TCP/IP Ping Command",
                  "Company": "Microsoft Corporation",
                  "ParentProcessGuid": "C784477D-0BE9-62F6-7F06-000000003000",
                  "User": "DESKTOP-B0T93D6\\george",
                  "Hashes": "MD5=70C24A306F768936563ABDADB9CA9108,SHA256=7BF496D5B9F227CCE033F204E21743008C3F4B081D44B02500EDA4EFBCCF3281,IMPHASH=6C1FE20B3F9688A9263FFDF9FF417272",
                  "OriginalFileName": "ping.exe",
                  "ParentImage": "C:\\Windows\\SysWOW64\\cmd.exe",
                  "FileVersion": "10.0.17134.1 (WinBuild.160101.0800)",
                  "ParentProcessId": "8132",
                  "CurrentDirectory": "C:\\Users\\george\\Desktop\\",
                  "CommandLine": "\"C:\\Users\\george\\AppData\\Local\\Temp\\smss.exe\"  127.1 -n 5",
                  "EventID": "1",
                  "LogonGuid": "C784477D-E7E8-629D-09B6-030000000000",
                  "LogonId": "243209",
                  "Image": "C:\\Users\\george\\AppData\\Local\\Temp\\smss.exe",
                  "IntegrityLevel": "High",
                  "ParentCommandLine": "C:\\Windows\\system32\\cmd.exe /c \"C:\\Users\\george\\AppData\\Local\\Temp\\65E4.tmp.cmd \"C:\\Users\\george\\AppData\\Local\\Temp\\OBJPOO~1.EXE\"\"",
                  "UtcTime": "2022-08-12 08:14:52.515",
                  "RuleName": "-"
                }
              },
              {
                "values": {
                  "TerminalSessionId": "1",
                  "ProcessGuid": "C784477D-0C01-62F6-8906-000000003000",
                  "ProcessId": "5936",
                  "Product": "Microsoft\u00ae Windows\u00ae Operating System",
                  "Description": "TCP/IP Ping Command",
                  "Company": "Microsoft Corporation",
                  "ParentProcessGuid": "C784477D-0BE9-62F6-7F06-000000003000",
                  "User": "DESKTOP-B0T93D6\\george",
                  "Hashes": "MD5=70C24A306F768936563ABDADB9CA9108,SHA256=7BF496D5B9F227CCE033F204E21743008C3F4B081D44B02500EDA4EFBCCF3281,IMPHASH=6C1FE20B3F9688A9263FFDF9FF417272",
                  "OriginalFileName": "ping.exe",
                  "ParentImage": "C:\\Windows\\SysWOW64\\cmd.exe",
                  "FileVersion": "10.0.17134.1 (WinBuild.160101.0800)",
                  "ParentProcessId": "8132",
                  "CurrentDirectory": "C:\\Users\\george\\Desktop\\",
                  "CommandLine": "\"C:\\Users\\george\\AppData\\Local\\Temp\\smss.exe\"  127.1 -n 5",
                  "EventID": "1",
                  "LogonGuid": "C784477D-E7E8-629D-09B6-030000000000",
                  "LogonId": "243209",
                  "Image": "C:\\Users\\george\\AppData\\Local\\Temp\\smss.exe",
                  "IntegrityLevel": "High",
                  "ParentCommandLine": "C:\\Windows\\system32\\cmd.exe /c \"C:\\Users\\george\\AppData\\Local\\Temp\\65E4.tmp.cmd \"C:\\Users\\george\\AppData\\Local\\Temp\\OBJPOO~1.EXE\"\"",
                  "UtcTime": "2022-08-12 08:14:57.951",
                  "RuleName": "-"
                }
              },
              {
                "values": {
                  "TerminalSessionId": "1",
                  "ProcessGuid": "C784477D-0C07-62F6-8B06-000000003000",
                  "ProcessId": "8020",
                  "Product": "Microsoft\u00ae Windows\u00ae Operating System",
                  "Description": "TCP/IP Ping Command",
                  "Company": "Microsoft Corporation",
                  "ParentProcessGuid": "C784477D-0BE9-62F6-7F06-000000003000",
                  "User": "DESKTOP-B0T93D6\\george",
                  "Hashes": "MD5=70C24A306F768936563ABDADB9CA9108,SHA256=7BF496D5B9F227CCE033F204E21743008C3F4B081D44B02500EDA4EFBCCF3281,IMPHASH=6C1FE20B3F9688A9263FFDF9FF417272",
                  "OriginalFileName": "ping.exe",
                  "ParentImage": "C:\\Windows\\SysWOW64\\cmd.exe",
                  "FileVersion": "10.0.17134.1 (WinBuild.160101.0800)",
                  "ParentProcessId": "8132",
                  "CurrentDirectory": "C:\\Users\\george\\Desktop\\",
                  "CommandLine": "\"C:\\Users\\george\\AppData\\Local\\Temp\\smss.exe\"  127.1 -n 5",
                  "EventID": "1",
                  "LogonGuid": "C784477D-E7E8-629D-09B6-030000000000",
                  "LogonId": "243209",
                  "Image": "C:\\Users\\george\\AppData\\Local\\Temp\\smss.exe",
                  "IntegrityLevel": "High",
                  "ParentCommandLine": "C:\\Windows\\system32\\cmd.exe /c \"C:\\Users\\george\\AppData\\Local\\Temp\\65E4.tmp.cmd \"C:\\Users\\george\\AppData\\Local\\Temp\\OBJPOO~1.EXE\"\"",
                  "UtcTime": "2022-08-12 08:15:03.651",
                  "RuleName": "-"
                }
              },
              {
                "values": {
                  "TerminalSessionId": "1",
                  "ProcessGuid": "C784477D-0C0D-62F6-8D06-000000003000",
                  "ProcessId": "1456",
                  "Product": "Microsoft\u00ae Windows\u00ae Operating System",
                  "Description": "TCP/IP Ping Command",
                  "Company": "Microsoft Corporation",
                  "ParentProcessGuid": "C784477D-0BE9-62F6-7F06-000000003000",
                  "User": "DESKTOP-B0T93D6\\george",
                  "Hashes": "MD5=70C24A306F768936563ABDADB9CA9108,SHA256=7BF496D5B9F227CCE033F204E21743008C3F4B081D44B02500EDA4EFBCCF3281,IMPHASH=6C1FE20B3F9688A9263FFDF9FF417272",
                  "OriginalFileName": "ping.exe",
                  "ParentImage": "C:\\Windows\\SysWOW64\\cmd.exe",
                  "FileVersion": "10.0.17134.1 (WinBuild.160101.0800)",
                  "ParentProcessId": "8132",
                  "CurrentDirectory": "C:\\Users\\george\\Desktop\\",
                  "CommandLine": "\"C:\\Users\\george\\AppData\\Local\\Temp\\smss.exe\"  127.1 -n 5",
                  "EventID": "1",
                  "LogonGuid": "C784477D-E7E8-629D-09B6-030000000000",
                  "LogonId": "243209",
                  "Image": "C:\\Users\\george\\AppData\\Local\\Temp\\smss.exe",
                  "IntegrityLevel": "High",
                  "ParentCommandLine": "C:\\Windows\\system32\\cmd.exe /c \"C:\\Users\\george\\AppData\\Local\\Temp\\65E4.tmp.cmd \"C:\\Users\\george\\AppData\\Local\\Temp\\OBJPOO~1.EXE\"\"",
                  "UtcTime": "2022-08-12 08:15:09.000",
                  "RuleName": "-"
                }
              },
              {
                "values": {
                  "TerminalSessionId": "1",
                  "ProcessGuid": "C784477D-0C12-62F6-8F06-000000003000",
                  "ProcessId": "3192",
                  "Product": "Microsoft\u00ae Windows\u00ae Operating System",
                  "Description": "TCP/IP Ping Command",
                  "Company": "Microsoft Corporation",
                  "ParentProcessGuid": "C784477D-0BE9-62F6-7F06-000000003000",
                  "User": "DESKTOP-B0T93D6\\george",
                  "Hashes": "MD5=70C24A306F768936563ABDADB9CA9108,SHA256=7BF496D5B9F227CCE033F204E21743008C3F4B081D44B02500EDA4EFBCCF3281,IMPHASH=6C1FE20B3F9688A9263FFDF9FF417272",
                  "OriginalFileName": "ping.exe",
                  "ParentImage": "C:\\Windows\\SysWOW64\\cmd.exe",
                  "FileVersion": "10.0.17134.1 (WinBuild.160101.0800)",
                  "ParentProcessId": "8132",
                  "CurrentDirectory": "C:\\Users\\george\\Desktop\\",
                  "CommandLine": "\"C:\\Users\\george\\AppData\\Local\\Temp\\smss.exe\"  127.1 -n 5",
                  "EventID": "1",
                  "LogonGuid": "C784477D-E7E8-629D-09B6-030000000000",
                  "LogonId": "243209",
                  "Image": "C:\\Users\\george\\AppData\\Local\\Temp\\smss.exe",
                  "IntegrityLevel": "High",
                  "ParentCommandLine": "C:\\Windows\\system32\\cmd.exe /c \"C:\\Users\\george\\AppData\\Local\\Temp\\65E4.tmp.cmd \"C:\\Users\\george\\AppData\\Local\\Temp\\OBJPOO~1.EXE\"\"",
                  "UtcTime": "2022-08-12 08:15:14.440",
                  "RuleName": "-"
                }
              },
              {
                "values": {
                  "TerminalSessionId": "1",
                  "ProcessGuid": "C784477D-0C17-62F6-9106-000000003000",
                  "ProcessId": "6664",
                  "Product": "Microsoft\u00ae Windows\u00ae Operating System",
                  "Description": "TCP/IP Ping Command",
                  "Company": "Microsoft Corporation",
                  "ParentProcessGuid": "C784477D-0BE9-62F6-7F06-000000003000",
                  "User": "DESKTOP-B0T93D6\\george",
                  "Hashes": "MD5=70C24A306F768936563ABDADB9CA9108,SHA256=7BF496D5B9F227CCE033F204E21743008C3F4B081D44B02500EDA4EFBCCF3281,IMPHASH=6C1FE20B3F9688A9263FFDF9FF417272",
                  "OriginalFileName": "ping.exe",
                  "ParentImage": "C:\\Windows\\SysWOW64\\cmd.exe",
                  "FileVersion": "10.0.17134.1 (WinBuild.160101.0800)",
                  "ParentProcessId": "8132",
                  "CurrentDirectory": "C:\\Users\\george\\Desktop\\",
                  "CommandLine": "\"C:\\Users\\george\\AppData\\Local\\Temp\\smss.exe\"  127.1 -n 5",
                  "EventID": "1",
                  "LogonGuid": "C784477D-E7E8-629D-09B6-030000000000",
                  "LogonId": "243209",
                  "Image": "C:\\Users\\george\\AppData\\Local\\Temp\\smss.exe",
                  "IntegrityLevel": "High",
                  "ParentCommandLine": "C:\\Windows\\system32\\cmd.exe /c \"C:\\Users\\george\\AppData\\Local\\Temp\\65E4.tmp.cmd \"C:\\Users\\george\\AppData\\Local\\Temp\\OBJPOO~1.EXE\"\"",
                  "UtcTime": "2022-08-12 08:15:19.893",
                  "RuleName": "-"
                }
              },
              {
                "values": {
                  "TerminalSessionId": "1",
                  "ProcessGuid": "C784477D-0C1D-62F6-9306-000000003000",
                  "ProcessId": "864",
                  "Product": "Microsoft\u00ae Windows\u00ae Operating System",
                  "Description": "TCP/IP Ping Command",
                  "Company": "Microsoft Corporation",
                  "ParentProcessGuid": "C784477D-0BE9-62F6-7F06-000000003000",
                  "User": "DESKTOP-B0T93D6\\george",
                  "Hashes": "MD5=70C24A306F768936563ABDADB9CA9108,SHA256=7BF496D5B9F227CCE033F204E21743008C3F4B081D44B02500EDA4EFBCCF3281,IMPHASH=6C1FE20B3F9688A9263FFDF9FF417272",
                  "OriginalFileName": "ping.exe",
                  "ParentImage": "C:\\Windows\\SysWOW64\\cmd.exe",
                  "FileVersion": "10.0.17134.1 (WinBuild.160101.0800)",
                  "ParentProcessId": "8132",
                  "CurrentDirectory": "C:\\Users\\george\\Desktop\\",
                  "CommandLine": "\"C:\\Users\\george\\AppData\\Local\\Temp\\smss.exe\"  127.1 -n 5",
                  "EventID": "1",
                  "LogonGuid": "C784477D-E7E8-629D-09B6-030000000000",
                  "LogonId": "243209",
                  "Image": "C:\\Users\\george\\AppData\\Local\\Temp\\smss.exe",
                  "IntegrityLevel": "High",
                  "ParentCommandLine": "C:\\Windows\\system32\\cmd.exe /c \"C:\\Users\\george\\AppData\\Local\\Temp\\65E4.tmp.cmd \"C:\\Users\\george\\AppData\\Local\\Temp\\OBJPOO~1.EXE\"\"",
                  "UtcTime": "2022-08-12 08:15:25.201",
                  "RuleName": "-"
                }
              },
              {
                "values": {
                  "TerminalSessionId": "1",
                  "ProcessGuid": "C784477D-0C22-62F6-9506-000000003000",
                  "ProcessId": "3528",
                  "Product": "Microsoft\u00ae Windows\u00ae Operating System",
                  "Description": "TCP/IP Ping Command",
                  "Company": "Microsoft Corporation",
                  "ParentProcessGuid": "C784477D-0BE9-62F6-7F06-000000003000",
                  "User": "DESKTOP-B0T93D6\\george",
                  "Hashes": "MD5=70C24A306F768936563ABDADB9CA9108,SHA256=7BF496D5B9F227CCE033F204E21743008C3F4B081D44B02500EDA4EFBCCF3281,IMPHASH=6C1FE20B3F9688A9263FFDF9FF417272",
                  "OriginalFileName": "ping.exe",
                  "ParentImage": "C:\\Windows\\SysWOW64\\cmd.exe",
                  "FileVersion": "10.0.17134.1 (WinBuild.160101.0800)",
                  "ParentProcessId": "8132",
                  "CurrentDirectory": "C:\\Users\\george\\Desktop\\",
                  "CommandLine": "\"C:\\Users\\george\\AppData\\Local\\Temp\\smss.exe\"  127.1 -n 5",
                  "EventID": "1",
                  "LogonGuid": "C784477D-E7E8-629D-09B6-030000000000",
                  "LogonId": "243209",
                  "Image": "C:\\Users\\george\\AppData\\Local\\Temp\\smss.exe",
                  "IntegrityLevel": "High",
                  "ParentCommandLine": "C:\\Windows\\system32\\cmd.exe /c \"C:\\Users\\george\\AppData\\Local\\Temp\\65E4.tmp.cmd \"C:\\Users\\george\\AppData\\Local\\Temp\\OBJPOO~1.EXE\"\"",
                  "UtcTime": "2022-08-12 08:15:30.565",
                  "RuleName": "-"
                }
              },
              {
                "values": {
                  "TerminalSessionId": "1",
                  "ProcessGuid": "C784477D-0C28-62F6-9806-000000003000",
                  "ProcessId": "8004",
                  "Product": "Microsoft\u00ae Windows\u00ae Operating System",
                  "Description": "TCP/IP Ping Command",
                  "Company": "Microsoft Corporation",
                  "ParentProcessGuid": "C784477D-0BE9-62F6-7F06-000000003000",
                  "User": "DESKTOP-B0T93D6\\george",
                  "Hashes": "MD5=70C24A306F768936563ABDADB9CA9108,SHA256=7BF496D5B9F227CCE033F204E21743008C3F4B081D44B02500EDA4EFBCCF3281,IMPHASH=6C1FE20B3F9688A9263FFDF9FF417272",
                  "OriginalFileName": "ping.exe",
                  "ParentImage": "C:\\Windows\\SysWOW64\\cmd.exe",
                  "FileVersion": "10.0.17134.1 (WinBuild.160101.0800)",
                  "ParentProcessId": "8132",
                  "CurrentDirectory": "C:\\Users\\george\\Desktop\\",
                  "CommandLine": "\"C:\\Users\\george\\AppData\\Local\\Temp\\smss.exe\"  127.1 -n 5",
                  "EventID": "1",
                  "LogonGuid": "C784477D-E7E8-629D-09B6-030000000000",
                  "LogonId": "243209",
                  "Image": "C:\\Users\\george\\AppData\\Local\\Temp\\smss.exe",
                  "IntegrityLevel": "High",
                  "ParentCommandLine": "C:\\Windows\\system32\\cmd.exe /c \"C:\\Users\\george\\AppData\\Local\\Temp\\65E4.tmp.cmd \"C:\\Users\\george\\AppData\\Local\\Temp\\OBJPOO~1.EXE\"\"",
                  "UtcTime": "2022-08-12 08:15:36.465",
                  "RuleName": "-"
                }
              },
              {
                "values": {
                  "TerminalSessionId": "1",
                  "ProcessGuid": "C784477D-0C2D-62F6-9A06-000000003000",
                  "ProcessId": "4752",
                  "Product": "Microsoft\u00ae Windows\u00ae Operating System",
                  "Description": "TCP/IP Ping Command",
                  "Company": "Microsoft Corporation",
                  "ParentProcessGuid": "C784477D-0BE9-62F6-7F06-000000003000",
                  "User": "DESKTOP-B0T93D6\\george",
                  "Hashes": "MD5=70C24A306F768936563ABDADB9CA9108,SHA256=7BF496D5B9F227CCE033F204E21743008C3F4B081D44B02500EDA4EFBCCF3281,IMPHASH=6C1FE20B3F9688A9263FFDF9FF417272",
                  "OriginalFileName": "ping.exe",
                  "ParentImage": "C:\\Windows\\SysWOW64\\cmd.exe",
                  "FileVersion": "10.0.17134.1 (WinBuild.160101.0800)",
                  "ParentProcessId": "8132",
                  "CurrentDirectory": "C:\\Users\\george\\Desktop\\",
                  "CommandLine": "\"C:\\Users\\george\\AppData\\Local\\Temp\\smss.exe\"  127.1 -n 5",
                  "EventID": "1",
                  "LogonGuid": "C784477D-E7E8-629D-09B6-030000000000",
                  "LogonId": "243209",
                  "Image": "C:\\Users\\george\\AppData\\Local\\Temp\\smss.exe",
                  "IntegrityLevel": "High",
                  "ParentCommandLine": "C:\\Windows\\system32\\cmd.exe /c \"C:\\Users\\george\\AppData\\Local\\Temp\\65E4.tmp.cmd \"C:\\Users\\george\\AppData\\Local\\Temp\\OBJPOO~1.EXE\"\"",
                  "UtcTime": "2022-08-12 08:15:41.844",
                  "RuleName": "-"
                }
              }
            ],
            "rule_level": "low",
            "rule_description": "Detects process start from rare or uncommon folders like temporary folder or folders that usually don't contain executable files",
            "rule_source": "Sigma Integrated Rule Set (GitHub)",
            "rule_title": "Process Start From Suspicious Folder",
            "rule_id": "539d657ea3dfb52773cd8616d93fd64ba9112091984d1c3eb044c6e5dadd2c5c",
            "rule_author": "frack113"
          },
          {
            "match_context": [
              {
                "values": {
                  "EventID": "11",
                  "ProcessId": "7928",
                  "TargetFilename": "C:\\Windows\\SysWOW64\\netfwcpdb.exe",
                  "RuleName": "EXE",
                  "CreationUtcTime": "2022-08-12 08:14:14.979",
                  "UtcTime": "2022-08-12 08:14:14.994",
                  "ProcessGuid": "C784477D-0BD5-62F6-7A06-000000003000",
                  "Image": "C:\\Users\\george\\Desktop\\executable.exe"
                }
              },
              {
                "values": {
                  "EventID": "11",
                  "ProcessId": "7928",
                  "Image": "C:\\Users\\george\\Desktop\\executable.exe",
                  "ProcessGuid": "C784477D-0BD5-62F6-7A06-000000003000",
                  "CreationUtcTime": "2022-08-12 08:14:16.354",
                  "UtcTime": "2022-08-12 08:14:16.354",
                  "RuleName": "EXE",
                  "TargetFilename": "C:\\Windows\\SysWOW64\\infolsahost.exe"
                }
              },
              {
                "values": {
                  "EventID": "11",
                  "ProcessId": "7928",
                  "TargetFilename": "C:\\Users\\george\\AppData\\Roaming\\Mozilla\\Firefox\\Profiles\\05rdgbi2.default-release\\extensions\\{8919CE9F-23FD-411a-A2D3-A91DAC20C4FA}\\components\\glxcodec.exe",
                  "RuleName": "EXE",
                  "CreationUtcTime": "2022-08-12 08:14:20.229",
                  "UtcTime": "2022-08-12 08:14:20.229",
                  "ProcessGuid": "C784477D-0BD5-62F6-7A06-000000003000",
                  "Image": "C:\\Users\\george\\Desktop\\executable.exe"
                }
              },
              {
                "values": {
                  "EventID": "11",
                  "ProcessId": "7928",
                  "Image": "C:\\Users\\george\\Desktop\\executable.exe",
                  "RuleName": "EXE",
                  "CreationUtcTime": "2022-08-12 08:14:22.463",
                  "UtcTime": "2022-08-12 08:14:22.463",
                  "ProcessGuid": "C784477D-0BD5-62F6-7A06-000000003000",
                  "TargetFilename": "C:\\Windows\\SysWOW64\\hostsrvmon.exe"
                }
              },
              {
                "values": {
                  "EventID": "11",
                  "ProcessId": "7928",
                  "TargetFilename": "C:\\Windows\\SysWOW64\\procsqlsrv.exe",
                  "ProcessGuid": "C784477D-0BD5-62F6-7A06-000000003000",
                  "CreationUtcTime": "2022-08-12 08:14:23.963",
                  "UtcTime": "2022-08-12 08:14:23.963",
                  "RuleName": "EXE",
                  "Image": "C:\\Users\\george\\Desktop\\executable.exe"
                }
              },
              {
                "values": {
                  "EventID": "11",
                  "ProcessId": "7928",
                  "Image": "C:\\Users\\george\\Desktop\\executable.exe",
                  "ProcessGuid": "C784477D-0BD5-62F6-7A06-000000003000",
                  "CreationUtcTime": "2022-08-12 08:14:25.791",
                  "UtcTime": "2022-08-12 08:14:25.791",
                  "RuleName": "EXE",
                  "TargetFilename": "C:\\Windows\\SysWOW64\\sqldhcpsql.exe"
                }
              },
