          {
            "match_context": [
              {
                "values": {
                  "TerminalSessionId": "1",
                  "ProcessGuid": "5240FBE6-294D-62E8-9D00-000000002400",
                  "ProcessId": "2676",
                  "Product": "-",
                  "Description": "-",
                  "Company": "-",
                  "ParentProcessGuid": "5240FBE6-2946-62E8-9500-000000002400",
                  "User": "work\\admin",
                  "Hashes": "MD5=DDEEEBB34DA3DEEA82EA1F4FF4C894A5,SHA256=35F911365D14FF533ACCE7367C2AB74167A9BEB7B4E8FD487F25B9DB4D68F627,IMPHASH=2758CAA95AB310089837FFB7BE996CCF",
                  "OriginalFileName": "-",
                  "ParentImage": "C:\\Users\\admin\\Downloads\\Chipset.exe",
                  "FileVersion": "-",
                  "ParentProcessId": "2068",
                  "CurrentDirectory": "C:\\Users\\admin\\Downloads\\",
                  "CommandLine": "\"C:\\Users\\admin\\AppData\\Local\\Temp\\ctfdnslsa.exe\"",
                  "EventID": "1",
                  "LogonGuid": "5240FBE6-28CD-62E8-0A18-010000000000",
                  "LogonId": "71690",
                  "Image": "C:\\Users\\admin\\AppData\\Local\\Temp\\ctfdnslsa.exe",
                  "IntegrityLevel": "High",
                  "ParentCommandLine": "\"Chipset.exe\"",
                  "UtcTime": "2022-08-01 19:28:13.968",
                  "RuleName": "-"
                }
              },
              {
                "values": {
                  "TerminalSessionId": "1",
                  "ProcessGuid": "5240FBE6-2951-62E8-A900-000000002400",
                  "ProcessId": "2928",
                  "Product": "Microsoft\u00ae Windows\u00ae Operating System",
                  "Description": "TCP/IP Ping Command",
                  "Company": "Microsoft Corporation",
                  "ParentProcessGuid": "5240FBE6-2951-62E8-A700-000000002400",
                  "User": "work\\admin",
                  "Hashes": "MD5=6242E3D67787CCBF4E06AD2982853144,SHA256=4CA10DBA7FF487FDB3F1362A3681D7D929F5AA1262CDFD31B04C30826983FB1D,IMPHASH=608DEBBDFBEAC87355579C189F9BDFC5",
                  "OriginalFileName": "ping.exe",
                  "ParentImage": "C:\\Windows\\SysWOW64\\cmd.exe",
                  "FileVersion": "6.1.7600.16385 (win7_rtm.090713-1255)",
                  "ParentProcessId": "2864",
                  "CurrentDirectory": "C:\\Users\\admin\\Downloads\\",
                  "CommandLine": "\"C:\\Users\\admin\\AppData\\Local\\Temp\\smss.exe\"  127.1 -n 5",
                  "EventID": "1",
                  "LogonGuid": "5240FBE6-28CD-62E8-0A18-010000000000",
                  "LogonId": "71690",
                  "Image": "C:\\Users\\admin\\AppData\\Local\\Temp\\smss.exe",
                  "IntegrityLevel": "High",
                  "ParentCommandLine": "C:\\Windows\\system32\\cmd.exe /c \"C:\\Users\\admin\\AppData\\Local\\Temp\\5857.tmp.cmd \"C:\\Users\\admin\\AppData\\Local\\Temp\\CTFDNS~1.EXE\"\"",
                  "UtcTime": "2022-08-01 19:28:17.484",
                  "RuleName": "-"
                }
              },
              {
                "values": {
                  "TerminalSessionId": "1",
                  "ProcessGuid": "5240FBE6-2956-62E8-B100-000000002400",
                  "ProcessId": "2200",
                  "Product": "Microsoft\u00ae Windows\u00ae Operating System",
                  "Description": "TCP/IP Ping Command",
                  "Company": "Microsoft Corporation",
                  "ParentProcessGuid": "5240FBE6-2951-62E8-A700-000000002400",
                  "User": "work\\admin",
                  "Hashes": "MD5=6242E3D67787CCBF4E06AD2982853144,SHA256=4CA10DBA7FF487FDB3F1362A3681D7D929F5AA1262CDFD31B04C30826983FB1D,IMPHASH=608DEBBDFBEAC87355579C189F9BDFC5",
                  "OriginalFileName": "ping.exe",
                  "ParentImage": "C:\\Windows\\SysWOW64\\cmd.exe",
                  "FileVersion": "6.1.7600.16385 (win7_rtm.090713-1255)",
                  "ParentProcessId": "2864",
                  "CurrentDirectory": "C:\\Users\\admin\\Downloads\\",
                  "CommandLine": "\"C:\\Users\\admin\\AppData\\Local\\Temp\\smss.exe\"  127.1 -n 5",
                  "EventID": "1",
                  "LogonGuid": "5240FBE6-28CD-62E8-0A18-010000000000",
                  "LogonId": "71690",
                  "Image": "C:\\Users\\admin\\AppData\\Local\\Temp\\smss.exe",
                  "IntegrityLevel": "High",
                  "ParentCommandLine": "C:\\Windows\\system32\\cmd.exe /c \"C:\\Users\\admin\\AppData\\Local\\Temp\\5857.tmp.cmd \"C:\\Users\\admin\\AppData\\Local\\Temp\\CTFDNS~1.EXE\"\"",
                  "UtcTime": "2022-08-01 19:28:22.281",
                  "RuleName": "-"
                }
              },
              {
                "values": {
                  "TerminalSessionId": "1",
                  "ProcessGuid": "5240FBE6-295A-62E8-B600-000000002400",
                  "ProcessId": "2572",
                  "Product": "Microsoft\u00ae Windows\u00ae Operating System",
                  "Description": "TCP/IP Ping Command",
                  "Company": "Microsoft Corporation",
                  "ParentProcessGuid": "5240FBE6-2951-62E8-A700-000000002400",
                  "User": "work\\admin",
                  "Hashes": "MD5=6242E3D67787CCBF4E06AD2982853144,SHA256=4CA10DBA7FF487FDB3F1362A3681D7D929F5AA1262CDFD31B04C30826983FB1D,IMPHASH=608DEBBDFBEAC87355579C189F9BDFC5",
                  "OriginalFileName": "ping.exe",
                  "ParentImage": "C:\\Windows\\SysWOW64\\cmd.exe",
                  "FileVersion": "6.1.7600.16385 (win7_rtm.090713-1255)",
                  "ParentProcessId": "2864",
                  "CurrentDirectory": "C:\\Users\\admin\\Downloads\\",
                  "CommandLine": "\"C:\\Users\\admin\\AppData\\Local\\Temp\\smss.exe\"  127.1 -n 5",
                  "EventID": "1",
                  "LogonGuid": "5240FBE6-28CD-62E8-0A18-010000000000",
                  "LogonId": "71690",
                  "Image": "C:\\Users\\admin\\AppData\\Local\\Temp\\smss.exe",
                  "IntegrityLevel": "High",
                  "ParentCommandLine": "C:\\Windows\\system32\\cmd.exe /c \"C:\\Users\\admin\\AppData\\Local\\Temp\\5857.tmp.cmd \"C:\\Users\\admin\\AppData\\Local\\Temp\\CTFDNS~1.EXE\"\"",
                  "UtcTime": "2022-08-01 19:28:26.843",
                  "RuleName": "-"
                }
              },
              {
                "values": {
                  "TerminalSessionId": "1",
                  "ProcessGuid": "5240FBE6-294D-62E8-9D00-000000002400",
                  "ProcessId": "2676",
                  "Product": "-",
                  "Description": "-",
                  "Company": "-",
                  "ParentProcessGuid": "5240FBE6-2946-62E8-9500-000000002400",
                  "User": "work\\admin",
                  "Hashes": "MD5=DDEEEBB34DA3DEEA82EA1F4FF4C894A5,SHA256=35F911365D14FF533ACCE7367C2AB74167A9BEB7B4E8FD487F25B9DB4D68F627,IMPHASH=2758CAA95AB310089837FFB7BE996CCF",
                  "OriginalFileName": "-",
                  "ParentImage": "C:\\Users\\admin\\Downloads\\Chipset.exe",
                  "FileVersion": "-",
                  "ParentProcessId": "2068",
                  "CurrentDirectory": "C:\\Users\\admin\\Downloads\\",
                  "CommandLine": "\"C:\\Users\\admin\\AppData\\Local\\Temp\\ctfdnslsa.exe\"",
                  "EventID": "1",
                  "LogonGuid": "5240FBE6-28CD-62E8-0A18-010000000000",
                  "LogonId": "71690",
                  "Image": "C:\\Users\\admin\\AppData\\Local\\Temp\\ctfdnslsa.exe",
                  "IntegrityLevel": "High",
                  "ParentCommandLine": "\"Chipset.exe\"",
                  "UtcTime": "2022-08-01 19:28:13.968",
                  "RuleName": "-"
                }
              },
              {
                "values": {
                  "TerminalSessionId": "1",
                  "ProcessGuid": "5240FBE6-2951-62E8-A900-000000002400",
                  "ProcessId": "2928",
                  "Product": "Microsoft\u00ae Windows\u00ae Operating System",
                  "Description": "TCP/IP Ping Command",
                  "Company": "Microsoft Corporation",
                  "ParentProcessGuid": "5240FBE6-2951-62E8-A700-000000002400",
                  "User": "work\\admin",
                  "Hashes": "MD5=6242E3D67787CCBF4E06AD2982853144,SHA256=4CA10DBA7FF487FDB3F1362A3681D7D929F5AA1262CDFD31B04C30826983FB1D,IMPHASH=608DEBBDFBEAC87355579C189F9BDFC5",
                  "OriginalFileName": "ping.exe",
                  "ParentImage": "C:\\Windows\\SysWOW64\\cmd.exe",
                  "FileVersion": "6.1.7600.16385 (win7_rtm.090713-1255)",
                  "ParentProcessId": "2864",
                  "CurrentDirectory": "C:\\Users\\admin\\Downloads\\",
                  "CommandLine": "\"C:\\Users\\admin\\AppData\\Local\\Temp\\smss.exe\"  127.1 -n 5",
                  "EventID": "1",
                  "LogonGuid": "5240FBE6-28CD-62E8-0A18-010000000000",
                  "LogonId": "71690",
                  "Image": "C:\\Users\\admin\\AppData\\Local\\Temp\\smss.exe",
                  "IntegrityLevel": "High",
                  "ParentCommandLine": "C:\\Windows\\system32\\cmd.exe /c \"C:\\Users\\admin\\AppData\\Local\\Temp\\5857.tmp.cmd \"C:\\Users\\admin\\AppData\\Local\\Temp\\CTFDNS~1.EXE\"\"",
                  "UtcTime": "2022-08-01 19:28:17.484",
                  "RuleName": "-"
                }
              },
              {
                "values": {
                  "TerminalSessionId": "1",
                  "ProcessGuid": "5240FBE6-2956-62E8-B100-000000002400",
                  "ProcessId": "2200",
                  "Product": "Microsoft\u00ae Windows\u00ae Operating System",
                  "Description": "TCP/IP Ping Command",
                  "Company": "Microsoft Corporation",
                  "ParentProcessGuid": "5240FBE6-2951-62E8-A700-000000002400",
                  "User": "work\\admin",
                  "Hashes": "MD5=6242E3D67787CCBF4E06AD2982853144,SHA256=4CA10DBA7FF487FDB3F1362A3681D7D929F5AA1262CDFD31B04C30826983FB1D,IMPHASH=608DEBBDFBEAC87355579C189F9BDFC5",
                  "OriginalFileName": "ping.exe",
                  "ParentImage": "C:\\Windows\\SysWOW64\\cmd.exe",
                  "FileVersion": "6.1.7600.16385 (win7_rtm.090713-1255)",
                  "ParentProcessId": "2864",
                  "CurrentDirectory": "C:\\Users\\admin\\Downloads\\",
                  "CommandLine": "\"C:\\Users\\admin\\AppData\\Local\\Temp\\smss.exe\"  127.1 -n 5",
                  "EventID": "1",
                  "LogonGuid": "5240FBE6-28CD-62E8-0A18-010000000000",
                  "LogonId": "71690",
                  "Image": "C:\\Users\\admin\\AppData\\Local\\Temp\\smss.exe",
                  "IntegrityLevel": "High",
                  "ParentCommandLine": "C:\\Windows\\system32\\cmd.exe /c \"C:\\Users\\admin\\AppData\\Local\\Temp\\5857.tmp.cmd \"C:\\Users\\admin\\AppData\\Local\\Temp\\CTFDNS~1.EXE\"\"",
                  "UtcTime": "2022-08-01 19:28:22.281",
                  "RuleName": "-"
                }
              },
              {
                "values": {
                  "TerminalSessionId": "1",
                  "ProcessGuid": "5240FBE6-295A-62E8-B600-000000002400",
                  "ProcessId": "2572",
                  "Product": "Microsoft\u00ae Windows\u00ae Operating System",
                  "Description": "TCP/IP Ping Command",
                  "Company": "Microsoft Corporation",
                  "ParentProcessGuid": "5240FBE6-2951-62E8-A700-000000002400",
                  "User": "work\\admin",
                  "Hashes": "MD5=6242E3D67787CCBF4E06AD2982853144,SHA256=4CA10DBA7FF487FDB3F1362A3681D7D929F5AA1262CDFD31B04C30826983FB1D,IMPHASH=608DEBBDFBEAC87355579C189F9BDFC5",
                  "OriginalFileName": "ping.exe",
                  "ParentImage": "C:\\Windows\\SysWOW64\\cmd.exe",
                  "FileVersion": "6.1.7600.16385 (win7_rtm.090713-1255)",
                  "ParentProcessId": "2864",
                  "CurrentDirectory": "C:\\Users\\admin\\Downloads\\",
                  "CommandLine": "\"C:\\Users\\admin\\AppData\\Local\\Temp\\smss.exe\"  127.1 -n 5",
                  "EventID": "1",
                  "LogonGuid": "5240FBE6-28CD-62E8-0A18-010000000000",
                  "LogonId": "71690",
                  "Image": "C:\\Users\\admin\\AppData\\Local\\Temp\\smss.exe",
                  "IntegrityLevel": "High",
                  "ParentCommandLine": "C:\\Windows\\system32\\cmd.exe /c \"C:\\Users\\admin\\AppData\\Local\\Temp\\5857.tmp.cmd \"C:\\Users\\admin\\AppData\\Local\\Temp\\CTFDNS~1.EXE\"\"",
                  "UtcTime": "2022-08-01 19:28:26.843",
                  "RuleName": "-"
                }
              }
            ],
            "rule_level": "low",
            "rule_description": "Detects process start from rare or uncommon folders like temporary folder or folders that usually don't contain executable files",
            "rule_source": "Sigma Integrated Rule Set (GitHub)",
            "rule_title": "Process Start From Suspicious Folder",
            "rule_id": "539d657ea3dfb52773cd8616d93fd64ba9112091984d1c3eb044c6e5dadd2c5c",
            "rule_author": "frack113"
          },
          {
            "match_context": [
              {
                "values": {
                  "EventID": "11",
                  "ProcessId": "1172",
                  "TargetFilename": "C:\\Users\\admin\\AppData\\Local\\Temp\\frida-26058ea8676ea19d6e5f027eb1edf912\\frida-winjector-helper-32.exe",
                  "ProcessGuid": "5240FBE6-2935-62E8-3B00-000000002400",
                  "CreationUtcTime": "2022-08-01 19:28:06.875",
                  "UtcTime": "2022-08-01 19:28:06.875",
                  "RuleName": "EXE",
                  "Image": "C:\\Users\\admin\\AppData\\Local\\Programs\\Python\\Python37\\pythonw.exe"
                }
              },
              {
                "values": {
                  "EventID": "11",
                  "ProcessId": "1172",
                  "Image": "C:\\Users\\admin\\AppData\\Local\\Programs\\Python\\Python37\\pythonw.exe",
                  "RuleName": "EXE",
                  "CreationUtcTime": "2022-08-01 19:28:08.062",
                  "UtcTime": "2022-08-01 19:28:08.078",
                  "ProcessGuid": "5240FBE6-2935-62E8-3B00-000000002400",
                  "TargetFilename": "C:\\Users\\admin\\AppData\\Local\\Temp\\frida-26058ea8676ea19d6e5f027eb1edf912\\frida-winjector-helper-64.exe"
                }
              },
              {
                "values": {
                  "EventID": "11",
                  "ProcessId": "2068",
                  "Image": "C:\\Users\\admin\\Downloads\\Chipset.exe",
                  "ProcessGuid": "5240FBE6-2946-62E8-9500-000000002400",
                  "CreationUtcTime": "2022-08-01 19:28:10.531",
                  "UtcTime": "2022-08-01 19:28:10.531",
                  "RuleName": "EXE",
                  "TargetFilename": "C:\\Windows\\SysWOW64\\dhcpnetpool.exe"
                }
              },
              {
                "values": {
                  "EventID": "11",
                  "ProcessId": "2068",
                  "Image": "C:\\Users\\admin\\Downloads\\Chipset.exe",
                  "RuleName": "EXE",
                  "CreationUtcTime": "2022-08-01 19:28:10.765",
                  "UtcTime": "2022-08-01 19:28:10.765",
                  "ProcessGuid": "5240FBE6-2946-62E8-9500-000000002400",
                  "TargetFilename": "C:\\Windows\\SysWOW64\\dnspdbdns.exe"
                }
              },
              {
                "values": {
                  "EventID": "11",
                  "ProcessId": "2068",
                  "TargetFilename": "C:\\Users\\admin\\AppData\\Roaming\\Mozilla\\Firefox\\Profiles\\zh35t979.default-release\\extensions\\{8919CE9F-23FD-411a-A2D3-A91DAC20C4FA}\\components\\glxcodec.exe",
                  "ProcessGuid": "5240FBE6-2946-62E8-9500-000000002400",
                  "CreationUtcTime": "2022-08-01 19:28:11.328",
                  "UtcTime": "2022-08-01 19:28:11.328",
                  "RuleName": "EXE",
                  "Image": "C:\\Users\\admin\\Downloads\\Chipset.exe"
                }
              },
              {
                "values": {
                  "EventID": "11",
                  "ProcessId": "2068",
                  "Image": "C:\\Users\\admin\\Downloads\\Chipset.exe",
                  "ProcessGuid": "5240FBE6-2946-62E8-9500-000000002400",
                  "CreationUtcTime": "2022-08-01 19:28:12.125",
                  "UtcTime": "2022-08-01 19:28:12.125",
                  "RuleName": "EXE",
                  "TargetFilename": "C:\\Windows\\SysWOW64\\pdbdhcpsvc.exe"
                }
              },
              {
                "values": {
                  "EventID": "11",
                  "ProcessId": "2068",
                  "Image": "C:\\Users\\admin\\Downloads\\Chipset.exe",
                  "ProcessGuid": "5240FBE6-2946-62E8-9500-000000002400",
                  "CreationUtcTime": "2022-08-01 19:28:12.656",
                  "UtcTime": "2022-08-01 19:28:12.656",
                  "RuleName": "EXE",
                  "TargetFilename": "C:\\Windows\\SysWOW64\\mondhcpobj.exe"
                }
              },
              {
                "values": {
                  "EventID": "11",
                  "ProcessId": "2068",
                  "TargetFilename": "C:\\Windows\\SysWOW64\\ctfsqldhcp.exe",
                  "RuleName": "EXE",
                  "CreationUtcTime": "2022-08-01 19:28:12.890",
                  "UtcTime": "2022-08-01 19:28:12.890",
                  "ProcessGuid": "5240FBE6-2946-62E8-9500-000000002400",
                  "Image": "C:\\Users\\admin\\Downloads\\Chipset.exe"
                }
              },
              {
                "values": {
                  "EventID": "11",
                  "ProcessId": "2864",
                  "TargetFilename": "C:\\Users\\admin\\AppData\\Local\\Temp\\smss.exe",
                  "ProcessGuid": "5240FBE6-2951-62E8-A700-000000002400",
                  "CreationUtcTime": "2022-08-01 19:28:17.453",
                  "UtcTime": "2022-08-01 19:28:17.453",
                  "RuleName": "EXE",
                  "Image": "C:\\Windows\\SysWOW64\\cmd.exe"
                }
              },
              {
                "values": {
                  "EventID": "11",
                  "ProcessId": "1172",
                  "Image": "C:\\Users\\admin\\AppData\\Local\\Programs\\Python\\Python37\\pythonw.exe",
                  "ProcessGuid": "5240FBE6-2935-62E8-3B00-000000002400",
                  "CreationUtcTime": "2022-08-01 19:28:06.875",
                  "UtcTime": "2022-08-01 19:28:06.875",
                  "RuleName": "EXE",
                  "TargetFilename": "C:\\Users\\admin\\AppData\\Local\\Temp\\frida-26058ea8676ea19d6e5f027eb1edf912\\frida-winjector-helper-32.exe"
                }
              },
              {
                "values": {
                  "EventID": "11",
                  "ProcessId": "2068",
                  "Image": "C:\\Users\\admin\\Downloads\\Chipset.exe",
                  "ProcessGuid": "5240FBE6-2946-62E8-9500-000000002400",
                  "CreationUtcTime": "2022-08-01 19:28:11.328",
                  "UtcTime": "2022-08-01 19:28:11.328",
                  "RuleName": "EXE",
                  "TargetFilename": "C:\\Users\\admin\\AppData\\Roaming\\Mozilla\\Firefox\\Profiles\\zh35t979.default-release\\extensions\\{8919CE9F-23FD-411a-A2D3-A91DAC20C4FA}\\components\\glxcodec.exe"
                }
              },
              {
                "values": {
                  "EventID": "11",
                  "ProcessId": "2068",
                  "Image": "C:\\Users\\admin\\Downloads\\Chipset.exe",
                  "RuleName": "EXE",
                  "CreationUtcTime": "2022-08-01 19:28:12.125",
                  "UtcTime": "2022-08-01 19:28:12.125",
                  "ProcessGuid": "5240FBE6-2946-62E8-9500-000000002400",
                  "TargetFilename": "C:\\Windows\\SysWOW64\\pdbdhcpsvc.exe"
                }
              },
              {
                "values": {
                  "EventID": "11",
                  "ProcessId": "2068",
                  "TargetFilename": "C:\\Windows\\SysWOW64\\mondhcpobj.exe",
                  "RuleName": "EXE",
                  "CreationUtcTime": "2022-08-01 19:28:12.656",
                  "UtcTime": "2022-08-01 19:28:12.656",
                  "ProcessGuid": "5240FBE6-2946-62E8-9500-000000002400",
                  "Image": "C:\\Users\\admin\\Downloads\\Chipset.exe"
                }
              },
              {
                "values": {
                  "EventID": "11",
                  "ProcessId": "2068",
                  "Image": "C:\\Users\\admin\\Downloads\\Chipset.exe",
                  "ProcessGuid": "5240FBE6-2946-62E8-9500-000000002400",
                  "CreationUtcTime": "2022-08-01 19:28:12.890",
                  "UtcTime": "2022-08-01 19:28:12.890",
                  "RuleName": "EXE",
                  "TargetFilename": "C:\\Windows\\SysWOW64\\ctfsqldhcp.exe"
                }
              },
              {
                "values": {
                  "EventID": "11",
                  "ProcessId": "2864",
                  "Image": "C:\\Windows\\SysWOW64\\cmd.exe",
                  "ProcessGuid": "5240FBE6-2951-62E8-A700-000000002400",
                  "CreationUtcTime": "2022-08-01 19:28:17.453",
                  "UtcTime": "2022-08-01 19:28:17.453",
                  "RuleName": "EXE",
                  "TargetFilename": "C:\\Users\\admin\\AppData\\Local\\Temp\\smss.exe"
                }
              }
            ],
            "rule_level": "low",
            "rule_description": "Detects the creation of an executable by another executable",
            "rule_source": "Sigma Integrated Rule Set (GitHub)",
            "rule_title": "Creation of an Executable by an Executable",
            "rule_id": "b5386a23355681c43cfbd2f2ccfe4b16ed45324d0d7b5583487a9f302ee1e427",
            "rule_author": "frack113"
          }
        ],
        "type_description": "Win32 EXE",
        "size": 1715954,
        "sigma_analysis_stats": {
          "high": 2,
          "medium": 0,
          "critical": 0,
          "low": 2
        },
        "last_modification_date": 1659531426,
        "type_tag": "peexe",
        "reputation": 0,
        "sigma_analysis_summary": {
          "Sigma Integrated Rule Set (GitHub)": {
            "high": 2,
            "medium": 0,
            "critical": 0,
            "low": 2
          }
        },
        "names": [
          "poolinfonet.exe",
          "Intel Chipset Support",
          "Chipset"
        ],
        "vhash": "01604e0f1f7d1013z1011zb7z13z101013z11z11z17z",
        "unique_sources": 1,
        "type_extension": "exe",
        "tags": [
          "peexe",
          "checks-disk-space",
          "runtime-modules",
          "overlay",
          "detect-debug-environment",
          "checks-network-adapters",
          "long-sleeps",
          "direct-cpu-clock-access",
          "upx",
          "spreader",
          "ftp-communication"
        ],
        "times_submitted": 1,
        "last_analysis_stats": {
          "malicious": 49,
          "suspicious": 0,
          "undetected": 21,
          "harmless": 0,
          "timeout": 1,
          "confirmed-timeout": 0,
          "failure": 0,
          "type-unsupported": 4
        },
        "signature_info": {
          "product": "Chipset Support",
          "description": "Intel Chipset Support Service",
          "file version": "3, 1, 1, 1",
          "original name": "Chipset",
          "x509": [
            {
              "name": "Microsoft Windows",
              "algorithm": "sha256RSA",
              "valid from": "2021-09-02 18:23:41",
              "valid to": "2022-09-01 18:23:41",
              "serial number": "33 00 00 03 3C 89 C6 6A 7B 45 BB 1F BD 00 00 00 00 03 3C",
              "cert issuer": "Microsoft Windows Production PCA 2011",
              "thumbprint": "FE51E838A087BB561BBB2DD9BA20143384A03B3F",
              "valid_usage": "0.4.1.311.10.3, Code Signing"
            },
            {
              "name": "Microsoft Windows Production PCA 2011",
              "algorithm": "sha256RSA",
              "valid from": "2011-10-19 18:41:42",
              "valid to": "2026-10-19 18:51:42",
              "serial number": "61 07 76 56 00 00 00 00 00 08",
              "cert issuer": "Microsoft Root Certificate Authority 2010",
              "thumbprint": "580A6F4CC4E4B669B9EBDC1B2B3E087B80D0678D",
              "valid_usage": null
            },
            {
              "name": "Microsoft Time-Stamp Service",
              "algorithm": "sha256RSA",
              "valid from": "2021-12-02 19:05:14",
              "valid to": "2023-02-28 19:05:14",
              "serial number": "33 00 00 01 97 03 CF 59 9C 6B 89 78 3F 00 01 00 00 01 97",
              "cert issuer": "Microsoft Time-Stamp PCA 2010",
              "thumbprint": "6140D2B08D984934CD4D760D8346314DC1D663D1",
              "valid_usage": "Timestamp Signing"
            },
            {
              "name": "Microsoft Time-Stamp PCA 2010",
              "algorithm": "sha256RSA",
              "valid from": "2021-09-30 18:22:25",
              "valid to": "2030-09-30 18:32:25",
              "serial number": "33 00 00 00 15 C5 E7 6B 9E 02 9B 49 99 00 00 00 00 00 15",
              "cert issuer": "Microsoft Root Certificate Authority 2010",
              "thumbprint": "36056A5662DCADECF82CC14C8B80EC5E0BCC59A6",
              "valid_usage": "Timestamp Signing"
            }
          ],
          "internal name": "Intel Chipset Support",
          "copyright": "Copyright (C) 2008"
        }
      }
    },
