              {
                "values": {
                  "EventID": "3",
                  "ProcessId": "2020",
                  "DestinationPortName": "-",
                  "Protocol": "tcp",
                  "Initiated": "true",
                  "DestinationIp": "74.125.139.153",
                  "SourcePortName": "-",
                  "Image": "C:\\Users\\admin\\AppData\\Local\\Programs\\Python\\Python37\\pythonw.exe",
                  "ProcessGuid": "5240FBE6-0B07-62E4-3A00-000000002400",
                  "DestinationHostname": "-",
                  "UtcTime": "2022-07-29 16:31:13.043",
                  "User": "work\\admin",
                  "DestinationPort": "443",
                  "RuleName": "Usermode",
                  "SourcePort": "49181",
                  "SourceIsIpv6": "false",
                  "SourceHostname": "-",
                  "SourceIp": "192.168.122.10",
                  "DestinationIsIpv6": "false"
                }
              },
              {
                "values": {
                  "EventID": "3",
                  "ProcessId": "2020",
                  "DestinationPortName": "-",
                  "SourceIsIpv6": "false",
                  "Initiated": "true",
                  "DestinationIp": "74.125.139.153",
                  "SourcePortName": "-",
                  "Image": "C:\\Users\\admin\\AppData\\Local\\Programs\\Python\\Python37\\pythonw.exe",
                  "ProcessGuid": "5240FBE6-0B07-62E4-3A00-000000002400",
                  "DestinationHostname": "-",
                  "UtcTime": "2022-07-29 16:31:18.299",
                  "User": "work\\admin",
                  "DestinationPort": "443",
                  "RuleName": "Usermode",
                  "SourcePort": "49182",
                  "Protocol": "tcp",
                  "SourceHostname": "-",
                  "SourceIp": "192.168.122.10",
                  "DestinationIsIpv6": "false"
                }
              },
              {
                "values": {
                  "EventID": "3",
                  "ProcessId": "2020",
                  "DestinationPortName": "-",
                  "SourceIsIpv6": "false",
                  "DestinationIp": "74.125.139.153",
                  "Initiated": "true",
                  "SourcePortName": "-",
                  "Image": "C:\\Users\\admin\\AppData\\Local\\Programs\\Python\\Python37\\pythonw.exe",
                  "ProcessGuid": "5240FBE6-0B07-62E4-3A00-000000002400",
                  "DestinationHostname": "-",
                  "UtcTime": "2022-07-29 16:31:32.706",
                  "User": "work\\admin",
                  "DestinationPort": "443",
                  "RuleName": "Usermode",
                  "SourcePort": "49186",
                  "Protocol": "tcp",
                  "SourceHostname": "-",
                  "SourceIp": "192.168.122.10",
                  "DestinationIsIpv6": "false"
                }
              },
              {
                "values": {
                  "EventID": "3",
                  "ProcessId": "2020",
                  "DestinationPortName": "-",
                  "Protocol": "tcp",
                  "Initiated": "true",
                  "DestinationIp": "74.125.139.153",
                  "SourcePortName": "-",
                  "Image": "C:\\Users\\admin\\AppData\\Local\\Programs\\Python\\Python37\\pythonw.exe",
                  "ProcessGuid": "5240FBE6-0B07-62E4-3A00-000000002400",
                  "DestinationHostname": "-",
                  "UtcTime": "2022-07-29 16:31:34.779",
                  "User": "work\\admin",
                  "DestinationPort": "443",
                  "RuleName": "Usermode",
                  "SourcePort": "49187",
                  "SourceIsIpv6": "false",
                  "SourceHostname": "-",
                  "SourceIp": "192.168.122.10",
                  "DestinationIsIpv6": "false"
                }
              },
              {
                "values": {
                  "EventID": "3",
                  "ProcessId": "2020",
                  "DestinationPortName": "-",
                  "Protocol": "tcp",
                  "Initiated": "true",
                  "DestinationIp": "74.125.139.153",
                  "SourcePortName": "-",
                  "Image": "C:\\Users\\admin\\AppData\\Local\\Programs\\Python\\Python37\\pythonw.exe",
                  "ProcessGuid": "5240FBE6-0B07-62E4-3A00-000000002400",
                  "DestinationHostname": "-",
                  "UtcTime": "2022-07-29 16:31:55.681",
                  "User": "work\\admin",
                  "DestinationPort": "443",
                  "RuleName": "Usermode",
                  "SourcePort": "49197",
                  "SourceIsIpv6": "false",
                  "SourceHostname": "-",
                  "SourceIp": "192.168.122.10",
                  "DestinationIsIpv6": "false"
                }
              },
              {
                "values": {
                  "EventID": "3",
                  "ProcessId": "2020",
                  "DestinationPortName": "-",
                  "SourceIsIpv6": "false",
                  "Initiated": "true",
                  "DestinationIp": "74.125.139.153",
                  "SourcePortName": "-",
                  "Image": "C:\\Users\\admin\\AppData\\Local\\Programs\\Python\\Python37\\pythonw.exe",
                  "ProcessGuid": "5240FBE6-0B07-62E4-3A00-000000002400",
                  "DestinationHostname": "-",
                  "UtcTime": "2022-07-29 16:32:01.095",
                  "User": "work\\admin",
                  "DestinationPort": "443",
                  "RuleName": "Usermode",
                  "SourcePort": "49198",
                  "Protocol": "tcp",
                  "SourceHostname": "-",
                  "SourceIp": "192.168.122.10",
                  "DestinationIsIpv6": "false"
                }
              }
            ],
            "rule_level": "high",
            "rule_id": "e4d5f1be0673fa786cc8379c15338af08cdd11eed433bead9e801d6204d42a2d",
            "rule_source": "Sigma Integrated Rule Set (GitHub)",
            "rule_title": "Python Initiated Connection",
            "rule_description": "Adversaries may attempt to get a listing of services running on remote hosts, including those that may be vulnerable to remote software exploitation",
            "rule_author": "frack113"
          },
          {
            "match_context": [
              {
                "values": {
                  "EventID": "4104",
                  "ScriptBlockText": "2a9050b8b5565911bbd3de0f9fdb41c96563509fc86f87745820109398fd58d8",
                  "ScriptBlockId": "3aec03c9-140b-43e1-8faa-af999ff4c6bc",
                  "MessageNumber": "\u0001",
                  "Path": "",
                  "MessageTotal": "\u0001"
                }
              },
              {
                "values": {
                  "EventID": "4104",
                  "ScriptBlockId": "c244b26d-3893-4284-8d2e-3955f645a13b",
                  "ScriptBlockText": "2a9050b8b5565911bbd3de0f9fdb41c96563509fc86f87745820109398fd58d8",
                  "MessageNumber": "\u0001",
                  "Path": "",
                  "MessageTotal": "\u0001"
                }
              },
              {
                "values": {
                  "EventID": "4104",
                  "ScriptBlockText": "7553373ce36e39426f74a6b05e85e743cc5c3f821f9d856b2ff1827cc2881a43",
                  "ScriptBlockId": "5a77c7dc-ff0b-458e-8913-68f26c1f6fc5",
                  "MessageNumber": "\u0004",
                  "Path": "",
                  "MessageTotal": "\u0015"
                }
              },
              {
                "values": {
                  "EventID": "4104",
                  "ScriptBlockText": "288294cfefa6f336f5df7d55181011d8ad1f1f158a3fa4a83eb6f972e90747df",
                  "ScriptBlockId": "5a77c7dc-ff0b-458e-8913-68f26c1f6fc5",
                  "MessageNumber": "\u0005",
                  "Path": "",
                  "MessageTotal": "\u0015"
                }
              },
              {
                "values": {
                  "EventID": "4104",
                  "ScriptBlockText": "4e5ba0aec684698aa65c44bdcf3da213e010c76762ebe39693e33a84ab6a75fe",
                  "ScriptBlockId": "5a77c7dc-ff0b-458e-8913-68f26c1f6fc5",
                  "MessageNumber": "\u0006",
                  "MessageTotal": "\u0015",
                  "Path": ""
                }
              },
              {
                "values": {
                  "EventID": "4104",
                  "ScriptBlockText": "4b31807538772be983a2286083b3611bc383a676fbfe6613a449a90220b57183",
                  "ScriptBlockId": "5a77c7dc-ff0b-458e-8913-68f26c1f6fc5",
                  "MessageNumber": "\u0007",
                  "MessageTotal": "\u0015",
                  "Path": ""
                }
              },
              {
                "values": {
                  "EventID": "4104",
                  "ScriptBlockText": "8ebc0fee562bf36684d77aae702e997f83e141ef1e89d63ee679c4adc1ca1de2",
                  "ScriptBlockId": "5a77c7dc-ff0b-458e-8913-68f26c1f6fc5",
                  "MessageNumber": "\u000b",
                  "Path": "",
                  "MessageTotal": "\u0015"
                }
              },
              {
                "values": {
                  "EventID": "4104",
                  "ScriptBlockText": "cd34c4f28c11f3206ff7537bc1fe210af7253cc2f92e93fbb147edcf9921ff37",
                  "ScriptBlockId": "5a77c7dc-ff0b-458e-8913-68f26c1f6fc5",
                  "MessageNumber": "\r",
                  "Path": "",
                  "MessageTotal": "\u0015"
                }
              },
              {
                "values": {
                  "EventID": "4104",
                  "ScriptBlockText": "bbc00f028f5bd660a07ad89ce51a2b149df2ae74404da0e7c357cee224feb23e",
                  "ScriptBlockId": "5a77c7dc-ff0b-458e-8913-68f26c1f6fc5",
                  "MessageNumber": "\u0011",
                  "MessageTotal": "\u0015",
                  "Path": ""
                }
              },
              {
                "values": {
                  "EventID": "4104",
                  "ScriptBlockId": "a35d2cc8-7a45-46dd-8ed7-58e811dca4b9",
                  "ScriptBlockText": "7553373ce36e39426f74a6b05e85e743cc5c3f821f9d856b2ff1827cc2881a43",
                  "MessageNumber": "\u0004",
                  "Path": "",
                  "MessageTotal": "\u0015"
                }
              },
              {
                "values": {
                  "EventID": "4104",
                  "ScriptBlockText": "288294cfefa6f336f5df7d55181011d8ad1f1f158a3fa4a83eb6f972e90747df",
                  "ScriptBlockId": "a35d2cc8-7a45-46dd-8ed7-58e811dca4b9",
                  "MessageNumber": "\u0005",
                  "MessageTotal": "\u0015",
                  "Path": ""
                }
              },
              {
                "values": {
                  "EventID": "4104",
                  "ScriptBlockText": "4e5ba0aec684698aa65c44bdcf3da213e010c76762ebe39693e33a84ab6a75fe",
                  "ScriptBlockId": "a35d2cc8-7a45-46dd-8ed7-58e811dca4b9",
                  "MessageNumber": "\u0006",
                  "MessageTotal": "\u0015",
                  "Path": ""
                }
              },
              {
                "values": {
                  "EventID": "4104",
                  "ScriptBlockText": "4b31807538772be983a2286083b3611bc383a676fbfe6613a449a90220b57183",
                  "ScriptBlockId": "a35d2cc8-7a45-46dd-8ed7-58e811dca4b9",
                  "MessageNumber": "\u0007",
                  "MessageTotal": "\u0015",
                  "Path": ""
                }
              },
              {
                "values": {
                  "EventID": "4104",
                  "ScriptBlockText": "8ebc0fee562bf36684d77aae702e997f83e141ef1e89d63ee679c4adc1ca1de2",
                  "ScriptBlockId": "a35d2cc8-7a45-46dd-8ed7-58e811dca4b9",
                  "MessageNumber": "\u000b",
                  "MessageTotal": "\u0015",
                  "Path": ""
                }
              },
              {
                "values": {
                  "EventID": "4104",
                  "ScriptBlockText": "cd34c4f28c11f3206ff7537bc1fe210af7253cc2f92e93fbb147edcf9921ff37",
                  "ScriptBlockId": "a35d2cc8-7a45-46dd-8ed7-58e811dca4b9",
                  "MessageNumber": "\r",
                  "Path": "",
                  "MessageTotal": "\u0015"
                }
              },
              {
                "values": {
                  "EventID": "4104",
                  "ScriptBlockText": "bbc00f028f5bd660a07ad89ce51a2b149df2ae74404da0e7c357cee224feb23e",
                  "ScriptBlockId": "a35d2cc8-7a45-46dd-8ed7-58e811dca4b9",
                  "MessageNumber": "\u0011",
                  "MessageTotal": "\u0015",
                  "Path": ""
                }
              }
            ],
            "rule_level": "medium",
            "rule_id": "60d527fe5a592cbe8e98428d1412743b909d5625ec8bc91d20e8b6ee8b36db20",
            "rule_source": "Sigma Integrated Rule Set (GitHub)",
            "rule_title": "Powershell Create Scheduled Task",
            "rule_description": "Adversaries may abuse the Windows Task Scheduler to perform task scheduling for initial or recurring execution of malicious code",
            "rule_author": "frack113"
          },
          {
            "match_context": [
              {
                "values": {
                  "EventID": "13",
                  "ProcessId": "2140",
                  "EventType": "SetValue",
                  "Image": "C:\\Users\\admin\\Downloads\\amdsupp.exe",
                  "ProcessGuid": "5240FBE6-0B18-62E4-9700-000000002400",
                  "UtcTime": "2022-07-29 16:30:21.562",
                  "Details": "C:\\Windows\\system32\\pcengcfg.exe",
                  "RuleName": "T1060,RunPolicy",
                  "TargetObject": "HKLM\\SOFTWARE\\Microsoft\\Windows\\CurrentVersion\\Policies\\Explorer\\Run\\recovery"
                }
              },
              {
                "values": {
                  "EventID": "13",
                  "ProcessId": "2140",
                  "EventType": "SetValue",
                  "Image": "C:\\Users\\admin\\Downloads\\amdsupp.exe",
                  "RuleName": "T1060,RunPolicy",
                  "UtcTime": "2022-07-29 16:30:21.562",
                  "Details": "C:\\Windows\\system32\\pcengcfg.exe",
                  "ProcessGuid": "5240FBE6-0B18-62E4-9700-000000002400",
                  "TargetObject": "HKLM\\SOFTWARE\\Microsoft\\Windows\\CurrentVersion\\Policies\\Explorer\\Run\\recovery"
                }
              },
              {
                "values": {
                  "EventID": "13",
                  "ProcessId": "6500",
                  "EventType": "SetValue",
                  "Image": "C:\\Users\\george\\Desktop\\amdsupp.exe",
                  "RuleName": "T1060,RunPolicy",
                  "UtcTime": "2022-08-01 11:21:59.232",
                  "Details": "C:\\Windows\\system32\\fsenglib.exe",
                  "ProcessGuid": "C784477D-B722-62E7-D30A-000000004700",
                  "TargetObject": "HKLM\\SOFTWARE\\Microsoft\\Windows\\CurrentVersion\\Policies\\Explorer\\Run\\recovery"
                }
              }
            ],
            "rule_level": "medium",
            "rule_id": "8b5db9da5732dc549b0e8b56fe5933d7c95ed760f3ac20568ab95347ef8c5bcc",
            "rule_source": "Sigma Integrated Rule Set (GitHub)",
            "rule_title": "CurrentVersion Autorun Keys Modification",
            "rule_description": "Detects modification of autostart extensibility point (ASEP) in registry.",
            "rule_author": "Victor Sergeev, Daniil Yugoslavskiy, Gleb Sukhodolskiy, Timur Zinniatullin, oscd.community, Tim Shelton, frack113 (split)"
          },
          {
            "match_context": [
              {
                "values": {
                  "EventID": "5038",
                  "param1": "\\Device\\HarddiskVolume4\\Program Files (x86)\\sandbox\\driver\\sandbox-driver.sys"
                }
              }
            ],
            "rule_level": "low",
            "rule_id": "134564d292d785dff102940b8a1ee06dba2d462c5fb852124b3771a49d7885f1",
            "rule_source": "Sigma Integrated Rule Set (GitHub)",
            "rule_title": "Failed Code Integrity Checks",
            "rule_description": "Code integrity failures may indicate tampered executables.",
            "rule_author": "Thomas Patzke"
          },
          {
            "match_context": [
              {
                "values": {
                  "EventID": "11",
                  "ProcessId": "2020",
                  "Image": "C:\\Users\\admin\\AppData\\Local\\Programs\\Python\\Python37\\pythonw.exe",
                  "ProcessGuid": "5240FBE6-0B07-62E4-3A00-000000002400",
                  "CreationUtcTime": "2022-07-29 16:30:17.500",
                  "UtcTime": "2022-07-29 16:30:17.500",
                  "RuleName": "EXE",
                  "TargetFilename": "C:\\Users\\admin\\AppData\\Local\\Temp\\frida-477ad2f4e89e544203e4b01cf2ff7ec2\\frida-winjector-helper-32.exe"
                }
              },
              {
                "values": {
                  "EventID": "11",
                  "ProcessId": "2020",
                  "Image": "C:\\Users\\admin\\AppData\\Local\\Programs\\Python\\Python37\\pythonw.exe",
                  "RuleName": "EXE",
                  "CreationUtcTime": "2022-07-29 16:30:18.765",
                  "UtcTime": "2022-07-29 16:30:18.765",
                  "ProcessGuid": "5240FBE6-0B07-62E4-3A00-000000002400",
                  "TargetFilename": "C:\\Users\\admin\\AppData\\Local\\Temp\\frida-477ad2f4e89e544203e4b01cf2ff7ec2\\frida-winjector-helper-64.exe"
                }
              },
              {
                "values": {
                  "EventID": "11",
                  "ProcessId": "2140",
                  "Image": "C:\\Users\\admin\\Downloads\\amdsupp.exe",
                  "RuleName": "EXE",
                  "CreationUtcTime": "2022-07-29 16:30:20.234",
                  "UtcTime": "2022-07-29 16:30:20.234",
                  "ProcessGuid": "5240FBE6-0B18-62E4-9700-000000002400",
                  "TargetFilename": "C:\\Windows\\SysWOW64\\libctffs.exe"
                }
              },
              {
                "values": {
                  "EventID": "11",
                  "ProcessId": "2140",
                  "TargetFilename": "C:\\Windows\\SysWOW64\\ntwmpdb.exe",
                  "ProcessGuid": "5240FBE6-0B18-62E4-9700-000000002400",
                  "CreationUtcTime": "2022-07-29 16:30:20.453",
                  "UtcTime": "2022-07-29 16:30:20.453",
                  "RuleName": "EXE",
                  "Image": "C:\\Users\\admin\\Downloads\\amdsupp.exe"
                }
              },
              {
                "values": {
                  "EventID": "11",
                  "ProcessId": "2140",
                  "Image": "C:\\Users\\admin\\Downloads\\amdsupp.exe",
                  "RuleName": "EXE",
                  "CreationUtcTime": "2022-07-29 16:30:20.593",
                  "UtcTime": "2022-07-29 16:30:20.593",
                  "ProcessGuid": "5240FBE6-0B18-62E4-9700-000000002400",
                  "TargetFilename": "C:\\Users\\admin\\AppData\\Roaming\\Mozilla\\Firefox\\Profiles\\zh35t979.default-release\\extensions\\{8919CE9F-23FD-411a-A2D3-A91DAC20C4FA}\\components\\glxcodec.exe"
                }
              },
              {
                "values": {
                  "EventID": "11",
                  "ProcessId": "2140",
                  "Image": "C:\\Users\\admin\\Downloads\\amdsupp.exe",
                  "RuleName": "EXE",
                  "CreationUtcTime": "2022-07-29 16:30:20.859",
                  "UtcTime": "2022-07-29 16:30:20.859",
                  "ProcessGuid": "5240FBE6-0B18-62E4-9700-000000002400",
                  "TargetFilename": "C:\\Windows\\SysWOW64\\wdmfstapi.exe"
                }
              },
              {
                "values": {
                  "EventID": "11",
                  "ProcessId": "2140",
                  "Image": "C:\\Users\\admin\\Downloads\\amdsupp.exe",
                  "ProcessGuid": "5240FBE6-0B18-62E4-9700-000000002400",
                  "CreationUtcTime": "2022-07-29 16:30:21.343",
                  "UtcTime": "2022-07-29 16:30:21.343",
                  "RuleName": "EXE",
                  "TargetFilename": "C:\\Windows\\SysWOW64\\srvcfgobj.exe"
                }
              },
              {
                "values": {
                  "EventID": "11",
                  "ProcessId": "2140",
                  "Image": "C:\\Users\\admin\\Downloads\\amdsupp.exe",
                  "RuleName": "EXE",
                  "CreationUtcTime": "2022-07-29 16:30:21.562",
                  "UtcTime": "2022-07-29 16:30:21.562",
                  "ProcessGuid": "5240FBE6-0B18-62E4-9700-000000002400",
                  "TargetFilename": "C:\\Windows\\SysWOW64\\pcengcfg.exe"
                }
              },
              {
                "values": {
                  "EventID": "11",
                  "ProcessId": "2140",
                  "TargetFilename": "C:\\Windows\\SysWOW64\\wdmcmsid.exe",
                  "ProcessGuid": "5240FBE6-0B18-62E4-9700-000000002400",
                  "CreationUtcTime": "2022-07-29 16:30:21.796",
                  "UtcTime": "2022-07-29 16:30:21.796",
                  "RuleName": "EXE",
                  "Image": "C:\\Users\\admin\\Downloads\\amdsupp.exe"
                }
              },
              {
                "values": {
                  "EventID": "11",
                  "ProcessId": "2708",
                  "Image": "C:\\Windows\\SysWOW64\\cmd.exe",
                  "ProcessGuid": "5240FBE6-0B46-62E4-C800-000000002400",
                  "CreationUtcTime": "2022-07-29 16:31:03.281",
                  "UtcTime": "2022-07-29 16:31:03.281",
                  "RuleName": "EXE",
                  "TargetFilename": "C:\\Users\\admin\\AppData\\Local\\Temp\\smss.exe"
                }
              },
              {
                "values": {
                  "EventID": "11",
                  "ProcessId": "2020",
                  "TargetFilename": "C:\\Users\\admin\\AppData\\Local\\Temp\\frida-477ad2f4e89e544203e4b01cf2ff7ec2\\frida-winjector-helper-64.exe",
                  "ProcessGuid": "5240FBE6-0B07-62E4-3A00-000000002400",
                  "CreationUtcTime": "2022-07-29 16:30:18.765",
                  "UtcTime": "2022-07-29 16:30:18.765",
                  "RuleName": "EXE",
                  "Image": "C:\\Users\\admin\\AppData\\Local\\Programs\\Python\\Python37\\pythonw.exe"
                }
              },
              {
                "values": {
                  "EventID": "11",
                  "ProcessId": "2140",
                  "Image": "C:\\Users\\admin\\Downloads\\amdsupp.exe",
                  "RuleName": "EXE",
                  "CreationUtcTime": "2022-07-29 16:30:20.453",
                  "UtcTime": "2022-07-29 16:30:20.453",
                  "ProcessGuid": "5240FBE6-0B18-62E4-9700-000000002400",
                  "TargetFilename": "C:\\Windows\\SysWOW64\\ntwmpdb.exe"
                }
              },
              {
                "values": {
                  "EventID": "11",
                  "ProcessId": "2140",
                  "TargetFilename": "C:\\Users\\admin\\AppData\\Roaming\\Mozilla\\Firefox\\Profiles\\zh35t979.default-release\\extensions\\{8919CE9F-23FD-411a-A2D3-A91DAC20C4FA}\\components\\glxcodec.exe",
                  "RuleName": "EXE",
                  "CreationUtcTime": "2022-07-29 16:30:20.593",
                  "UtcTime": "2022-07-29 16:30:20.593",
                  "ProcessGuid": "5240FBE6-0B18-62E4-9700-000000002400",
                  "Image": "C:\\Users\\admin\\Downloads\\amdsupp.exe"
                }
              },
              {
                "values": {
                  "EventID": "11",
                  "ProcessId": "2140",
                  "Image": "C:\\Users\\admin\\Downloads\\amdsupp.exe",
                  "ProcessGuid": "5240FBE6-0B18-62E4-9700-000000002400",
                  "CreationUtcTime": "2022-07-29 16:30:20.859",
                  "UtcTime": "2022-07-29 16:30:20.859",
                  "RuleName": "EXE",
                  "TargetFilename": "C:\\Windows\\SysWOW64\\wdmfstapi.exe"
                }
              },
              {
                "values": {
                  "EventID": "11",
                  "ProcessId": "2140",
                  "TargetFilename": "C:\\Windows\\SysWOW64\\srvcfgobj.exe",
                  "RuleName": "EXE",
                  "CreationUtcTime": "2022-07-29 16:30:21.343",
                  "UtcTime": "2022-07-29 16:30:21.343",
                  "ProcessGuid": "5240FBE6-0B18-62E4-9700-000000002400",
                  "Image": "C:\\Users\\admin\\Downloads\\amdsupp.exe"
                }
              },
              {
                "values": {
                  "EventID": "11",
                  "ProcessId": "2140",
                  "Image": "C:\\Users\\admin\\Downloads\\amdsupp.exe",
                  "ProcessGuid": "5240FBE6-0B18-62E4-9700-000000002400",
                  "CreationUtcTime": "2022-07-29 16:30:21.562",
                  "UtcTime": "2022-07-29 16:30:21.562",
                  "RuleName": "EXE",
                  "TargetFilename": "C:\\Windows\\SysWOW64\\pcengcfg.exe"
                }
              },
              {
                "values": {
                  "EventID": "11",
                  "ProcessId": "2140",
                  "Image": "C:\\Users\\admin\\Downloads\\amdsupp.exe",
                  "RuleName": "EXE",
                  "CreationUtcTime": "2022-07-29 16:30:21.796",
                  "UtcTime": "2022-07-29 16:30:21.796",
                  "ProcessGuid": "5240FBE6-0B18-62E4-9700-000000002400",
                  "TargetFilename": "C:\\Windows\\SysWOW64\\wdmcmsid.exe"
                }
              },
              {
                "values": {
                  "EventID": "11",
                  "ProcessId": "6500",
                  "Image": "C:\\Users\\george\\Desktop\\amdsupp.exe",
                  "ProcessGuid": "C784477D-B722-62E7-D30A-000000004700",
                  "CreationUtcTime": "2022-08-01 11:21:13.716",
                  "UtcTime": "2022-08-01 11:21:13.716",
                  "RuleName": "EXE",
                  "TargetFilename": "C:\\Windows\\SysWOW64\\systapiwm.exe"
                }
              },
              {
                "values": {
                  "EventID": "11",
                  "ProcessId": "6500",
                  "Image": "C:\\Users\\george\\Desktop\\amdsupp.exe",
                  "RuleName": "EXE",
                  "CreationUtcTime": "2022-08-01 11:21:16.872",
                  "UtcTime": "2022-08-01 11:21:16.872",
                  "ProcessGuid": "C784477D-B722-62E7-D30A-000000004700",
                  "TargetFilename": "C:\\Windows\\SysWOW64\\dnscmsfw.exe"
                }
              },
              {
                "values": {
                  "EventID": "11",
                  "ProcessId": "6500",
                  "Image": "C:\\Users\\george\\Desktop\\amdsupp.exe",
                  "RuleName": "EXE",
                  "CreationUtcTime": "2022-08-01 11:21:45.810",
                  "UtcTime": "2022-08-01 11:21:45.810",
                  "ProcessGuid": "C784477D-B722-62E7-D30A-000000004700",
                  "TargetFilename": "C:\\Users\\george\\AppData\\Roaming\\Mozilla\\Firefox\\Profiles\\05rdgbi2.default-release\\extensions\\{8919CE9F-23FD-411a-A2D3-A91DAC20C4FA}\\components\\glxcodec.exe"
                }
              },
              {
                "values": {
                  "EventID": "11",
                  "ProcessId": "6500",
                  "TargetFilename": "C:\\Windows\\SysWOW64\\cplenvcpl.exe",
                  "RuleName": "EXE",
                  "CreationUtcTime": "2022-08-01 11:21:50.076",
                  "UtcTime": "2022-08-01 11:21:50.076",
                  "ProcessGuid": "C784477D-B722-62E7-D30A-000000004700",
                  "Image": "C:\\Users\\george\\Desktop\\amdsupp.exe"
                }
              },
              {
                "values": {
                  "EventID": "11",
                  "ProcessId": "6500",
                  "Image": "C:\\Users\\george\\Desktop\\amdsupp.exe",
                  "ProcessGuid": "C784477D-B722-62E7-D30A-000000004700",
                  "CreationUtcTime": "2022-08-01 11:21:54.435",
                  "UtcTime": "2022-08-01 11:21:54.435",
                  "RuleName": "EXE",
                  "TargetFilename": "C:\\Windows\\SysWOW64\\monfwid.exe"
                }
              },
              {
                "values": {
                  "EventID": "11",
                  "ProcessId": "6500",
                  "TargetFilename": "C:\\Windows\\SysWOW64\\fsenglib.exe",
                  "ProcessGuid": "C784477D-B722-62E7-D30A-000000004700",
                  "CreationUtcTime": "2022-08-01 11:21:57.279",
                  "UtcTime": "2022-08-01 11:21:57.279",
                  "RuleName": "EXE",
                  "Image": "C:\\Users\\george\\Desktop\\amdsupp.exe"
                }
              },
              {
                "values": {
                  "EventID": "11",
                  "ProcessId": "6500",
                  "Image": "C:\\Users\\george\\Desktop\\amdsupp.exe",
                  "ProcessGuid": "C784477D-B722-62E7-D30A-000000004700",
                  "CreationUtcTime": "2022-08-01 11:22:03.810",
                  "UtcTime": "2022-08-01 11:22:03.810",
                  "RuleName": "EXE",
                  "TargetFilename": "C:\\Windows\\SysWOW64\\srvmonwm.exe"
                }
              }
            ],
            "rule_level": "low",
            "rule_id": "b5386a23355681c43cfbd2f2ccfe4b16ed45324d0d7b5583487a9f302ee1e427",
            "rule_source": "Sigma Integrated Rule Set (GitHub)",
            "rule_title": "Creation of an Executable by an Executable",
            "rule_description": "Detects the creation of an executable by another executable",
            "rule_author": "frack113"
          }
        ],
        "sigma_analysis_summary": {
          "Sigma Integrated Rule Set (GitHub)": {
            "high": 2,
            "medium": 2,
            "critical": 0,
            "low": 2
          }
        },
        "trid": [
          {
            "file_type": "Win32 Executable MS Visual C++ (generic)",
            "probability": 48.8
          },
