              {
                "values": {
                  "TerminalSessionId": "1",
                  "ProcessGuid": "5240FBE6-0B4B-62E4-CF00-000000002400",
                  "ProcessId": "2768",
                  "Product": "Microsoft\u00ae Windows\u00ae Operating System",
                  "Description": "TCP/IP Ping Command",
                  "Company": "Microsoft Corporation",
                  "ParentProcessGuid": "5240FBE6-0B46-62E4-C800-000000002400",
                  "User": "work\\admin",
                  "Hashes": "MD5=6242E3D67787CCBF4E06AD2982853144,SHA256=4CA10DBA7FF487FDB3F1362A3681D7D929F5AA1262CDFD31B04C30826983FB1D,IMPHASH=608DEBBDFBEAC87355579C189F9BDFC5",
                  "OriginalFileName": "ping.exe",
                  "ParentImage": "C:\\Windows\\SysWOW64\\cmd.exe",
                  "FileVersion": "6.1.7600.16385 (win7_rtm.090713-1255)",
                  "ParentProcessId": "2708",
                  "CurrentDirectory": "C:\\Users\\admin\\Downloads\\",
                  "CommandLine": "\"C:\\Users\\admin\\AppData\\Local\\Temp\\smss.exe\"  127.1 -n 5",
                  "EventID": "1",
                  "LogonGuid": "5240FBE6-0A9C-62E4-9A17-010000000000",
                  "LogonId": "71578",
                  "Image": "C:\\Users\\admin\\AppData\\Local\\Temp\\smss.exe",
                  "IntegrityLevel": "High",
                  "ParentCommandLine": "C:\\Windows\\system32\\cmd.exe /c \"C:\\Users\\admin\\AppData\\Local\\Temp\\E7AC.tmp.cmd \"C:\\Users\\admin\\AppData\\Local\\Temp\\DNSPPT~1.EXE\"\"",
                  "UtcTime": "2022-07-29 16:31:07.828",
                  "RuleName": "-"
                }
              },
              {
                "values": {
                  "TerminalSessionId": "1",
                  "ProcessGuid": "5240FBE6-0B50-62E4-D700-000000002400",
                  "ProcessId": "1884",
                  "Product": "Microsoft\u00ae Windows\u00ae Operating System",
                  "Description": "TCP/IP Ping Command",
                  "Company": "Microsoft Corporation",
                  "ParentProcessGuid": "5240FBE6-0B46-62E4-C800-000000002400",
                  "User": "work\\admin",
                  "Hashes": "MD5=6242E3D67787CCBF4E06AD2982853144,SHA256=4CA10DBA7FF487FDB3F1362A3681D7D929F5AA1262CDFD31B04C30826983FB1D,IMPHASH=608DEBBDFBEAC87355579C189F9BDFC5",
                  "OriginalFileName": "ping.exe",
                  "ParentImage": "C:\\Windows\\SysWOW64\\cmd.exe",
                  "FileVersion": "6.1.7600.16385 (win7_rtm.090713-1255)",
                  "ParentProcessId": "2708",
                  "CurrentDirectory": "C:\\Users\\admin\\Downloads\\",
                  "CommandLine": "\"C:\\Users\\admin\\AppData\\Local\\Temp\\smss.exe\"  127.1 -n 5",
                  "EventID": "1",
                  "LogonGuid": "5240FBE6-0A9C-62E4-9A17-010000000000",
                  "LogonId": "71578",
                  "Image": "C:\\Users\\admin\\AppData\\Local\\Temp\\smss.exe",
                  "IntegrityLevel": "High",
                  "ParentCommandLine": "C:\\Windows\\system32\\cmd.exe /c \"C:\\Users\\admin\\AppData\\Local\\Temp\\E7AC.tmp.cmd \"C:\\Users\\admin\\AppData\\Local\\Temp\\DNSPPT~1.EXE\"\"",
                  "UtcTime": "2022-07-29 16:31:12.250",
                  "RuleName": "-"
                }
              },
              {
                "values": {
                  "TerminalSessionId": "1",
                  "ProcessGuid": "5240FBE6-0B54-62E4-E500-000000002400",
                  "ProcessId": "2824",
                  "Product": "Microsoft\u00ae Windows\u00ae Operating System",
                  "Description": "TCP/IP Ping Command",
                  "Company": "Microsoft Corporation",
                  "ParentProcessGuid": "5240FBE6-0B46-62E4-C800-000000002400",
                  "User": "work\\admin",
                  "Hashes": "MD5=6242E3D67787CCBF4E06AD2982853144,SHA256=4CA10DBA7FF487FDB3F1362A3681D7D929F5AA1262CDFD31B04C30826983FB1D,IMPHASH=608DEBBDFBEAC87355579C189F9BDFC5",
                  "OriginalFileName": "ping.exe",
                  "ParentImage": "C:\\Windows\\SysWOW64\\cmd.exe",
                  "FileVersion": "6.1.7600.16385 (win7_rtm.090713-1255)",
                  "ParentProcessId": "2708",
                  "CurrentDirectory": "C:\\Users\\admin\\Downloads\\",
                  "CommandLine": "\"C:\\Users\\admin\\AppData\\Local\\Temp\\smss.exe\"  127.1 -n 5",
                  "EventID": "1",
                  "LogonGuid": "5240FBE6-0A9C-62E4-9A17-010000000000",
                  "LogonId": "71578",
                  "Image": "C:\\Users\\admin\\AppData\\Local\\Temp\\smss.exe",
                  "IntegrityLevel": "High",
                  "ParentCommandLine": "C:\\Windows\\system32\\cmd.exe /c \"C:\\Users\\admin\\AppData\\Local\\Temp\\E7AC.tmp.cmd \"C:\\Users\\admin\\AppData\\Local\\Temp\\DNSPPT~1.EXE\"\"",
                  "UtcTime": "2022-07-29 16:31:16.812",
                  "RuleName": "-"
                }
              },
              {
                "values": {
                  "TerminalSessionId": "1",
                  "ProcessGuid": "5240FBE6-0B59-62E4-ED00-000000002400",
                  "ProcessId": "2984",
                  "Product": "Microsoft\u00ae Windows\u00ae Operating System",
                  "Description": "TCP/IP Ping Command",
                  "Company": "Microsoft Corporation",
                  "ParentProcessGuid": "5240FBE6-0B46-62E4-C800-000000002400",
                  "User": "work\\admin",
                  "Hashes": "MD5=6242E3D67787CCBF4E06AD2982853144,SHA256=4CA10DBA7FF487FDB3F1362A3681D7D929F5AA1262CDFD31B04C30826983FB1D,IMPHASH=608DEBBDFBEAC87355579C189F9BDFC5",
                  "OriginalFileName": "ping.exe",
                  "ParentImage": "C:\\Windows\\SysWOW64\\cmd.exe",
                  "FileVersion": "6.1.7600.16385 (win7_rtm.090713-1255)",
                  "ParentProcessId": "2708",
                  "CurrentDirectory": "C:\\Users\\admin\\Downloads\\",
                  "CommandLine": "\"C:\\Users\\admin\\AppData\\Local\\Temp\\smss.exe\"  127.1 -n 5",
                  "EventID": "1",
                  "LogonGuid": "5240FBE6-0A9C-62E4-9A17-010000000000",
                  "LogonId": "71578",
                  "Image": "C:\\Users\\admin\\AppData\\Local\\Temp\\smss.exe",
                  "IntegrityLevel": "High",
                  "ParentCommandLine": "C:\\Windows\\system32\\cmd.exe /c \"C:\\Users\\admin\\AppData\\Local\\Temp\\E7AC.tmp.cmd \"C:\\Users\\admin\\AppData\\Local\\Temp\\DNSPPT~1.EXE\"\"",
                  "UtcTime": "2022-07-29 16:31:21.218",
                  "RuleName": "-"
                }
              },
              {
                "values": {
                  "TerminalSessionId": "1",
                  "ProcessGuid": "5240FBE6-0B5D-62E4-F200-000000002400",
                  "ProcessId": "1968",
                  "Product": "Microsoft\u00ae Windows\u00ae Operating System",
                  "Description": "TCP/IP Ping Command",
                  "Company": "Microsoft Corporation",
                  "ParentProcessGuid": "5240FBE6-0B46-62E4-C800-000000002400",
                  "User": "work\\admin",
                  "Hashes": "MD5=6242E3D67787CCBF4E06AD2982853144,SHA256=4CA10DBA7FF487FDB3F1362A3681D7D929F5AA1262CDFD31B04C30826983FB1D,IMPHASH=608DEBBDFBEAC87355579C189F9BDFC5",
                  "OriginalFileName": "ping.exe",
                  "ParentImage": "C:\\Windows\\SysWOW64\\cmd.exe",
                  "FileVersion": "6.1.7600.16385 (win7_rtm.090713-1255)",
                  "ParentProcessId": "2708",
                  "CurrentDirectory": "C:\\Users\\admin\\Downloads\\",
                  "CommandLine": "\"C:\\Users\\admin\\AppData\\Local\\Temp\\smss.exe\"  127.1 -n 5",
                  "EventID": "1",
                  "LogonGuid": "5240FBE6-0A9C-62E4-9A17-010000000000",
                  "LogonId": "71578",
                  "Image": "C:\\Users\\admin\\AppData\\Local\\Temp\\smss.exe",
                  "IntegrityLevel": "High",
                  "ParentCommandLine": "C:\\Windows\\system32\\cmd.exe /c \"C:\\Users\\admin\\AppData\\Local\\Temp\\E7AC.tmp.cmd \"C:\\Users\\admin\\AppData\\Local\\Temp\\DNSPPT~1.EXE\"\"",
                  "UtcTime": "2022-07-29 16:31:25.765",
                  "RuleName": "-"
                }
              },
              {
                "values": {
                  "TerminalSessionId": "1",
                  "ProcessGuid": "5240FBE6-0B62-62E4-FB00-000000002400",
                  "ProcessId": "2760",
                  "Product": "Microsoft\u00ae Windows\u00ae Operating System",
                  "Description": "TCP/IP Ping Command",
                  "Company": "Microsoft Corporation",
                  "ParentProcessGuid": "5240FBE6-0B46-62E4-C800-000000002400",
                  "User": "work\\admin",
                  "Hashes": "MD5=6242E3D67787CCBF4E06AD2982853144,SHA256=4CA10DBA7FF487FDB3F1362A3681D7D929F5AA1262CDFD31B04C30826983FB1D,IMPHASH=608DEBBDFBEAC87355579C189F9BDFC5",
                  "OriginalFileName": "ping.exe",
                  "ParentImage": "C:\\Windows\\SysWOW64\\cmd.exe",
                  "FileVersion": "6.1.7600.16385 (win7_rtm.090713-1255)",
                  "ParentProcessId": "2708",
                  "CurrentDirectory": "C:\\Users\\admin\\Downloads\\",
                  "CommandLine": "\"C:\\Users\\admin\\AppData\\Local\\Temp\\smss.exe\"  127.1 -n 5",
                  "EventID": "1",
                  "LogonGuid": "5240FBE6-0A9C-62E4-9A17-010000000000",
                  "LogonId": "71578",
                  "Image": "C:\\Users\\admin\\AppData\\Local\\Temp\\smss.exe",
                  "IntegrityLevel": "High",
                  "ParentCommandLine": "C:\\Windows\\system32\\cmd.exe /c \"C:\\Users\\admin\\AppData\\Local\\Temp\\E7AC.tmp.cmd \"C:\\Users\\admin\\AppData\\Local\\Temp\\DNSPPT~1.EXE\"\"",
                  "UtcTime": "2022-07-29 16:31:30.625",
                  "RuleName": "-"
                }
              },
              {
                "values": {
                  "TerminalSessionId": "1",
                  "ProcessGuid": "5240FBE6-0B67-62E4-0001-000000002400",
                  "ProcessId": "2948",
                  "Product": "Microsoft\u00ae Windows\u00ae Operating System",
                  "Description": "TCP/IP Ping Command",
                  "Company": "Microsoft Corporation",
                  "ParentProcessGuid": "5240FBE6-0B46-62E4-C800-000000002400",
                  "User": "work\\admin",
                  "Hashes": "MD5=6242E3D67787CCBF4E06AD2982853144,SHA256=4CA10DBA7FF487FDB3F1362A3681D7D929F5AA1262CDFD31B04C30826983FB1D,IMPHASH=608DEBBDFBEAC87355579C189F9BDFC5",
                  "OriginalFileName": "ping.exe",
                  "ParentImage": "C:\\Windows\\SysWOW64\\cmd.exe",
                  "FileVersion": "6.1.7600.16385 (win7_rtm.090713-1255)",
                  "ParentProcessId": "2708",
                  "CurrentDirectory": "C:\\Users\\admin\\Downloads\\",
                  "CommandLine": "\"C:\\Users\\admin\\AppData\\Local\\Temp\\smss.exe\"  127.1 -n 5",
                  "EventID": "1",
                  "LogonGuid": "5240FBE6-0A9C-62E4-9A17-010000000000",
                  "LogonId": "71578",
                  "Image": "C:\\Users\\admin\\AppData\\Local\\Temp\\smss.exe",
                  "IntegrityLevel": "High",
                  "ParentCommandLine": "C:\\Windows\\system32\\cmd.exe /c \"C:\\Users\\admin\\AppData\\Local\\Temp\\E7AC.tmp.cmd \"C:\\Users\\admin\\AppData\\Local\\Temp\\DNSPPT~1.EXE\"\"",
                  "UtcTime": "2022-07-29 16:31:35.171",
                  "RuleName": "-"
                }
              },
              {
                "values": {
                  "TerminalSessionId": "1",
                  "ProcessGuid": "5240FBE6-0B6B-62E4-0301-000000002400",
                  "ProcessId": "760",
                  "Product": "Microsoft\u00ae Windows\u00ae Operating System",
                  "Description": "TCP/IP Ping Command",
                  "Company": "Microsoft Corporation",
                  "ParentProcessGuid": "5240FBE6-0B46-62E4-C800-000000002400",
                  "User": "work\\admin",
                  "Hashes": "MD5=6242E3D67787CCBF4E06AD2982853144,SHA256=4CA10DBA7FF487FDB3F1362A3681D7D929F5AA1262CDFD31B04C30826983FB1D,IMPHASH=608DEBBDFBEAC87355579C189F9BDFC5",
                  "OriginalFileName": "ping.exe",
                  "ParentImage": "C:\\Windows\\SysWOW64\\cmd.exe",
                  "FileVersion": "6.1.7600.16385 (win7_rtm.090713-1255)",
                  "ParentProcessId": "2708",
                  "CurrentDirectory": "C:\\Users\\admin\\Downloads\\",
                  "CommandLine": "\"C:\\Users\\admin\\AppData\\Local\\Temp\\smss.exe\"  127.1 -n 5",
                  "EventID": "1",
                  "LogonGuid": "5240FBE6-0A9C-62E4-9A17-010000000000",
                  "LogonId": "71578",
                  "Image": "C:\\Users\\admin\\AppData\\Local\\Temp\\smss.exe",
                  "IntegrityLevel": "High",
                  "ParentCommandLine": "C:\\Windows\\system32\\cmd.exe /c \"C:\\Users\\admin\\AppData\\Local\\Temp\\E7AC.tmp.cmd \"C:\\Users\\admin\\AppData\\Local\\Temp\\DNSPPT~1.EXE\"\"",
                  "UtcTime": "2022-07-29 16:31:39.921",
                  "RuleName": "-"
                }
              },
              {
                "values": {
                  "TerminalSessionId": "1",
                  "ProcessGuid": "5240FBE6-0B70-62E4-0A01-000000002400",
                  "ProcessId": "2084",
                  "Product": "Microsoft\u00ae Windows\u00ae Operating System",
                  "Description": "TCP/IP Ping Command",
                  "Company": "Microsoft Corporation",
                  "ParentProcessGuid": "5240FBE6-0B46-62E4-C800-000000002400",
                  "User": "work\\admin",
                  "Hashes": "MD5=6242E3D67787CCBF4E06AD2982853144,SHA256=4CA10DBA7FF487FDB3F1362A3681D7D929F5AA1262CDFD31B04C30826983FB1D,IMPHASH=608DEBBDFBEAC87355579C189F9BDFC5",
                  "OriginalFileName": "ping.exe",
                  "ParentImage": "C:\\Windows\\SysWOW64\\cmd.exe",
                  "FileVersion": "6.1.7600.16385 (win7_rtm.090713-1255)",
                  "ParentProcessId": "2708",
                  "CurrentDirectory": "C:\\Users\\admin\\Downloads\\",
                  "CommandLine": "\"C:\\Users\\admin\\AppData\\Local\\Temp\\smss.exe\"  127.1 -n 5",
                  "EventID": "1",
                  "LogonGuid": "5240FBE6-0A9C-62E4-9A17-010000000000",
                  "LogonId": "71578",
                  "Image": "C:\\Users\\admin\\AppData\\Local\\Temp\\smss.exe",
                  "IntegrityLevel": "High",
                  "ParentCommandLine": "C:\\Windows\\system32\\cmd.exe /c \"C:\\Users\\admin\\AppData\\Local\\Temp\\E7AC.tmp.cmd \"C:\\Users\\admin\\AppData\\Local\\Temp\\DNSPPT~1.EXE\"\"",
                  "UtcTime": "2022-07-29 16:31:44.500",
                  "RuleName": "-"
                }
              },
              {
                "values": {
                  "TerminalSessionId": "1",
                  "ProcessGuid": "5240FBE6-0B75-62E4-0F01-000000002400",
                  "ProcessId": "2668",
                  "Product": "Microsoft\u00ae Windows\u00ae Operating System",
                  "Description": "TCP/IP Ping Command",
                  "Company": "Microsoft Corporation",
                  "ParentProcessGuid": "5240FBE6-0B46-62E4-C800-000000002400",
                  "User": "work\\admin",
                  "Hashes": "MD5=6242E3D67787CCBF4E06AD2982853144,SHA256=4CA10DBA7FF487FDB3F1362A3681D7D929F5AA1262CDFD31B04C30826983FB1D,IMPHASH=608DEBBDFBEAC87355579C189F9BDFC5",
                  "OriginalFileName": "ping.exe",
                  "ParentImage": "C:\\Windows\\SysWOW64\\cmd.exe",
                  "FileVersion": "6.1.7600.16385 (win7_rtm.090713-1255)",
                  "ParentProcessId": "2708",
                  "CurrentDirectory": "C:\\Users\\admin\\Downloads\\",
                  "CommandLine": "\"C:\\Users\\admin\\AppData\\Local\\Temp\\smss.exe\"  127.1 -n 5",
                  "EventID": "1",
                  "LogonGuid": "5240FBE6-0A9C-62E4-9A17-010000000000",
                  "LogonId": "71578",
                  "Image": "C:\\Users\\admin\\AppData\\Local\\Temp\\smss.exe",
                  "IntegrityLevel": "High",
                  "ParentCommandLine": "C:\\Windows\\system32\\cmd.exe /c \"C:\\Users\\admin\\AppData\\Local\\Temp\\E7AC.tmp.cmd \"C:\\Users\\admin\\AppData\\Local\\Temp\\DNSPPT~1.EXE\"\"",
                  "UtcTime": "2022-07-29 16:31:49.109",
                  "RuleName": "-"
                }
              },
              {
                "values": {
                  "TerminalSessionId": "1",
                  "ProcessGuid": "5240FBE6-0B79-62E4-1701-000000002400",
                  "ProcessId": "3032",
                  "Product": "Microsoft\u00ae Windows\u00ae Operating System",
                  "Description": "TCP/IP Ping Command",
                  "Company": "Microsoft Corporation",
                  "ParentProcessGuid": "5240FBE6-0B46-62E4-C800-000000002400",
                  "User": "work\\admin",
                  "Hashes": "MD5=6242E3D67787CCBF4E06AD2982853144,SHA256=4CA10DBA7FF487FDB3F1362A3681D7D929F5AA1262CDFD31B04C30826983FB1D,IMPHASH=608DEBBDFBEAC87355579C189F9BDFC5",
                  "OriginalFileName": "ping.exe",
                  "ParentImage": "C:\\Windows\\SysWOW64\\cmd.exe",
                  "FileVersion": "6.1.7600.16385 (win7_rtm.090713-1255)",
                  "ParentProcessId": "2708",
                  "CurrentDirectory": "C:\\Users\\admin\\Downloads\\",
                  "CommandLine": "\"C:\\Users\\admin\\AppData\\Local\\Temp\\smss.exe\"  127.1 -n 5",
                  "EventID": "1",
                  "LogonGuid": "5240FBE6-0A9C-62E4-9A17-010000000000",
                  "LogonId": "71578",
                  "Image": "C:\\Users\\admin\\AppData\\Local\\Temp\\smss.exe",
                  "IntegrityLevel": "High",
                  "ParentCommandLine": "C:\\Windows\\system32\\cmd.exe /c \"C:\\Users\\admin\\AppData\\Local\\Temp\\E7AC.tmp.cmd \"C:\\Users\\admin\\AppData\\Local\\Temp\\DNSPPT~1.EXE\"\"",
                  "UtcTime": "2022-07-29 16:31:53.593",
                  "RuleName": "-"
                }
              },
              {
                "values": {
                  "TerminalSessionId": "1",
                  "ProcessGuid": "5240FBE6-0B7E-62E4-1C01-000000002400",
                  "ProcessId": "580",
                  "Product": "Microsoft\u00ae Windows\u00ae Operating System",
                  "Description": "TCP/IP Ping Command",
                  "Company": "Microsoft Corporation",
                  "ParentProcessGuid": "5240FBE6-0B46-62E4-C800-000000002400",
                  "User": "work\\admin",
                  "Hashes": "MD5=6242E3D67787CCBF4E06AD2982853144,SHA256=4CA10DBA7FF487FDB3F1362A3681D7D929F5AA1262CDFD31B04C30826983FB1D,IMPHASH=608DEBBDFBEAC87355579C189F9BDFC5",
                  "OriginalFileName": "ping.exe",
                  "ParentImage": "C:\\Windows\\SysWOW64\\cmd.exe",
                  "FileVersion": "6.1.7600.16385 (win7_rtm.090713-1255)",
                  "ParentProcessId": "2708",
                  "CurrentDirectory": "C:\\Users\\admin\\Downloads\\",
                  "CommandLine": "\"C:\\Users\\admin\\AppData\\Local\\Temp\\smss.exe\"  127.1 -n 5",
                  "EventID": "1",
                  "LogonGuid": "5240FBE6-0A9C-62E4-9A17-010000000000",
                  "LogonId": "71578",
                  "Image": "C:\\Users\\admin\\AppData\\Local\\Temp\\smss.exe",
                  "IntegrityLevel": "High",
                  "ParentCommandLine": "C:\\Windows\\system32\\cmd.exe /c \"C:\\Users\\admin\\AppData\\Local\\Temp\\E7AC.tmp.cmd \"C:\\Users\\admin\\AppData\\Local\\Temp\\DNSPPT~1.EXE\"\"",
                  "UtcTime": "2022-07-29 16:31:58.078",
                  "RuleName": "-"
                }
              },
              {
                "values": {
                  "TerminalSessionId": "1",
                  "ProcessGuid": "5240FBE6-0B82-62E4-2401-000000002400",
                  "ProcessId": "1292",
                  "Product": "Microsoft\u00ae Windows\u00ae Operating System",
                  "Description": "TCP/IP Ping Command",
                  "Company": "Microsoft Corporation",
                  "ParentProcessGuid": "5240FBE6-0B46-62E4-C800-000000002400",
                  "User": "work\\admin",
                  "Hashes": "MD5=6242E3D67787CCBF4E06AD2982853144,SHA256=4CA10DBA7FF487FDB3F1362A3681D7D929F5AA1262CDFD31B04C30826983FB1D,IMPHASH=608DEBBDFBEAC87355579C189F9BDFC5",
                  "OriginalFileName": "ping.exe",
                  "ParentImage": "C:\\Windows\\SysWOW64\\cmd.exe",
                  "FileVersion": "6.1.7600.16385 (win7_rtm.090713-1255)",
                  "ParentProcessId": "2708",
                  "CurrentDirectory": "C:\\Users\\admin\\Downloads\\",
                  "CommandLine": "\"C:\\Users\\admin\\AppData\\Local\\Temp\\smss.exe\"  127.1 -n 5",
                  "EventID": "1",
                  "LogonGuid": "5240FBE6-0A9C-62E4-9A17-010000000000",
                  "LogonId": "71578",
                  "Image": "C:\\Users\\admin\\AppData\\Local\\Temp\\smss.exe",
                  "IntegrityLevel": "High",
                  "ParentCommandLine": "C:\\Windows\\system32\\cmd.exe /c \"C:\\Users\\admin\\AppData\\Local\\Temp\\E7AC.tmp.cmd \"C:\\Users\\admin\\AppData\\Local\\Temp\\DNSPPT~1.EXE\"\"",
                  "UtcTime": "2022-07-29 16:32:02.687",
                  "RuleName": "-"
                }
              },
              {
                "values": {
                  "TerminalSessionId": "1",
                  "ProcessGuid": "5240FBE6-0B87-62E4-2901-000000002400",
                  "ProcessId": "1120",
                  "Product": "Microsoft\u00ae Windows\u00ae Operating System",
                  "Description": "TCP/IP Ping Command",
                  "Company": "Microsoft Corporation",
                  "ParentProcessGuid": "5240FBE6-0B46-62E4-C800-000000002400",
                  "User": "work\\admin",
                  "Hashes": "MD5=6242E3D67787CCBF4E06AD2982853144,SHA256=4CA10DBA7FF487FDB3F1362A3681D7D929F5AA1262CDFD31B04C30826983FB1D,IMPHASH=608DEBBDFBEAC87355579C189F9BDFC5",
                  "OriginalFileName": "ping.exe",
                  "ParentImage": "C:\\Windows\\SysWOW64\\cmd.exe",
                  "FileVersion": "6.1.7600.16385 (win7_rtm.090713-1255)",
                  "ParentProcessId": "2708",
                  "CurrentDirectory": "C:\\Users\\admin\\Downloads\\",
                  "CommandLine": "\"C:\\Users\\admin\\AppData\\Local\\Temp\\smss.exe\"  127.1 -n 5",
                  "EventID": "1",
                  "LogonGuid": "5240FBE6-0A9C-62E4-9A17-010000000000",
                  "LogonId": "71578",
                  "Image": "C:\\Users\\admin\\AppData\\Local\\Temp\\smss.exe",
                  "IntegrityLevel": "High",
                  "ParentCommandLine": "C:\\Windows\\system32\\cmd.exe /c \"C:\\Users\\admin\\AppData\\Local\\Temp\\E7AC.tmp.cmd \"C:\\Users\\admin\\AppData\\Local\\Temp\\DNSPPT~1.EXE\"\"",
                  "UtcTime": "2022-07-29 16:32:07.062",
                  "RuleName": "-"
                }
              }
            ],
            "rule_level": "high",
            "rule_id": "25fc56c1bee673d7ff3edcf371e4d2a36c0af83222da348961b87735c8efa61f",
            "rule_source": "Sigma Integrated Rule Set (GitHub)",
            "rule_title": "System File Execution Location Anomaly",
            "rule_description": "Detects a Windows program executable started in a suspicious folder",
            "rule_author": "Florian Roth, Patrick Bareiss, Anton Kutepov, oscd.community, Nasreddine Bencherchali"
          },
          {
            "match_context": [
              {
                "values": {
                  "EventID": "3",
                  "ProcessId": "2020",
                  "DestinationPortName": "-",
                  "Protocol": "udp",
                  "DestinationIp": "255.255.255.255",
                  "Initiated": "true",
                  "SourcePortName": "-",
                  "Image": "C:\\Users\\admin\\AppData\\Local\\Programs\\Python\\Python37\\pythonw.exe",
                  "ProcessGuid": "5240FBE6-0B07-62E4-3A00-000000002400",
                  "DestinationHostname": "-",
                  "UtcTime": "2022-07-29 16:30:09.932",
                  "User": "work\\admin",
                  "DestinationPort": "12345",
                  "RuleName": "Usermode",
                  "SourcePort": "54119",
                  "SourceIsIpv6": "false",
                  "SourceHostname": "-",
                  "SourceIp": "192.168.122.10",
                  "DestinationIsIpv6": "false"
                }
              },
              {
                "values": {
                  "EventID": "3",
                  "ProcessId": "2020",
                  "DestinationPortName": "-",
                  "SourceIsIpv6": "false",
                  "DestinationIp": "74.125.139.153",
                  "Initiated": "true",
                  "SourcePortName": "-",
                  "Image": "C:\\Users\\admin\\AppData\\Local\\Programs\\Python\\Python37\\pythonw.exe",
                  "ProcessGuid": "5240FBE6-0B07-62E4-3A00-000000002400",
                  "DestinationHostname": "-",
                  "UtcTime": "2022-07-29 16:30:25.097",
                  "User": "work\\admin",
                  "DestinationPort": "443",
                  "RuleName": "Usermode",
                  "SourcePort": "49168",
                  "Protocol": "tcp",
                  "SourceHostname": "-",
                  "SourceIp": "192.168.122.10",
                  "DestinationIsIpv6": "false"
                }
              },
              {
                "values": {
                  "EventID": "3",
                  "ProcessId": "2020",
                  "DestinationPortName": "-",
                  "SourceIsIpv6": "false",
                  "Initiated": "true",
                  "DestinationIp": "74.125.139.153",
                  "SourcePortName": "-",
                  "Image": "C:\\Users\\admin\\AppData\\Local\\Programs\\Python\\Python37\\pythonw.exe",
                  "ProcessGuid": "5240FBE6-0B07-62E4-3A00-000000002400",
                  "DestinationHostname": "-",
                  "UtcTime": "2022-07-29 16:30:31.359",
                  "User": "work\\admin",
                  "DestinationPort": "443",
                  "RuleName": "Usermode",
                  "SourcePort": "49172",
                  "Protocol": "tcp",
                  "SourceHostname": "-",
                  "SourceIp": "192.168.122.10",
                  "DestinationIsIpv6": "false"
                }
              },
              {
                "values": {
                  "EventID": "3",
                  "ProcessId": "2020",
                  "DestinationPortName": "-",
                  "SourceIsIpv6": "false",
                  "DestinationIp": "74.125.139.153",
                  "Initiated": "true",
                  "SourcePortName": "-",
                  "Image": "C:\\Users\\admin\\AppData\\Local\\Programs\\Python\\Python37\\pythonw.exe",
                  "ProcessGuid": "5240FBE6-0B07-62E4-3A00-000000002400",
                  "DestinationHostname": "-",
                  "UtcTime": "2022-07-29 16:30:35.080",
                  "User": "work\\admin",
                  "DestinationPort": "443",
                  "RuleName": "Usermode",
                  "SourcePort": "49173",
                  "Protocol": "tcp",
                  "SourceHostname": "-",
                  "SourceIp": "192.168.122.10",
                  "DestinationIsIpv6": "false"
                }
              },
              {
                "values": {
                  "EventID": "3",
                  "ProcessId": "2020",
                  "DestinationPortName": "-",
                  "SourceIsIpv6": "false",
                  "DestinationIp": "74.125.139.153",
                  "Initiated": "true",
                  "SourcePortName": "-",
                  "Image": "C:\\Users\\admin\\AppData\\Local\\Programs\\Python\\Python37\\pythonw.exe",
                  "ProcessGuid": "5240FBE6-0B07-62E4-3A00-000000002400",
                  "DestinationHostname": "-",
                  "UtcTime": "2022-07-29 16:30:40.286",
                  "User": "work\\admin",
                  "DestinationPort": "443",
                  "RuleName": "Usermode",
                  "SourcePort": "49174",
                  "Protocol": "tcp",
                  "SourceHostname": "-",
                  "SourceIp": "192.168.122.10",
                  "DestinationIsIpv6": "false"
                }
              },
              {
                "values": {
                  "EventID": "3",
                  "ProcessId": "2020",
                  "DestinationPortName": "-",
                  "Protocol": "tcp",
                  "DestinationIp": "74.125.139.153",
                  "Initiated": "true",
                  "SourcePortName": "-",
                  "Image": "C:\\Users\\admin\\AppData\\Local\\Programs\\Python\\Python37\\pythonw.exe",
                  "ProcessGuid": "5240FBE6-0B07-62E4-3A00-000000002400",
                  "DestinationHostname": "-",
                  "UtcTime": "2022-07-29 16:30:49.730",
                  "User": "work\\admin",
                  "DestinationPort": "443",
                  "RuleName": "Usermode",
                  "SourcePort": "49176",
                  "SourceIsIpv6": "false",
                  "SourceHostname": "-",
                  "SourceIp": "192.168.122.10",
                  "DestinationIsIpv6": "false"
                }
              },
              {
                "values": {
                  "EventID": "3",
                  "ProcessId": "2020",
                  "DestinationPortName": "-",
                  "Protocol": "tcp",
                  "Initiated": "true",
                  "DestinationIp": "74.125.139.153",
                  "SourcePortName": "-",
                  "Image": "C:\\Users\\admin\\AppData\\Local\\Programs\\Python\\Python37\\pythonw.exe",
                  "ProcessGuid": "5240FBE6-0B07-62E4-3A00-000000002400",
                  "DestinationHostname": "-",
                  "UtcTime": "2022-07-29 16:30:53.977",
                  "User": "work\\admin",
                  "DestinationPort": "443",
                  "RuleName": "Usermode",
                  "SourcePort": "49177",
                  "SourceIsIpv6": "false",
                  "SourceHostname": "-",
                  "SourceIp": "192.168.122.10",
                  "DestinationIsIpv6": "false"
                }
              },
              {
                "values": {
                  "EventID": "3",
                  "ProcessId": "2020",
                  "DestinationPortName": "-",
                  "Protocol": "tcp",
                  "Initiated": "true",
                  "DestinationIp": "74.125.139.153",
                  "SourcePortName": "-",
                  "Image": "C:\\Users\\admin\\AppData\\Local\\Programs\\Python\\Python37\\pythonw.exe",
                  "ProcessGuid": "5240FBE6-0B07-62E4-3A00-000000002400",
                  "DestinationHostname": "-",
                  "UtcTime": "2022-07-29 16:30:59.181",
                  "User": "work\\admin",
                  "DestinationPort": "443",
                  "RuleName": "Usermode",
                  "SourcePort": "49178",
                  "SourceIsIpv6": "false",
                  "SourceHostname": "-",
                  "SourceIp": "192.168.122.10",
                  "DestinationIsIpv6": "false"
                }
              },
              {
                "values": {
                  "EventID": "3",
                  "ProcessId": "2020",
                  "DestinationPortName": "-",
                  "SourceIsIpv6": "false",
                  "Initiated": "true",
                  "DestinationIp": "74.125.139.153",
                  "SourcePortName": "-",
                  "Image": "C:\\Users\\admin\\AppData\\Local\\Programs\\Python\\Python37\\pythonw.exe",
                  "ProcessGuid": "5240FBE6-0B07-62E4-3A00-000000002400",
                  "DestinationHostname": "-",
                  "UtcTime": "2022-07-29 16:31:08.692",
                  "User": "work\\admin",
                  "DestinationPort": "443",
                  "RuleName": "Usermode",
                  "SourcePort": "49180",
                  "Protocol": "tcp",
                  "SourceHostname": "-",
                  "SourceIp": "192.168.122.10",
                  "DestinationIsIpv6": "false"
                }
              },
              {
                "values": {
                  "EventID": "3",
                  "ProcessId": "2020",
                  "DestinationPortName": "-",
                  "SourceIsIpv6": "false",
                  "Initiated": "true",
                  "DestinationIp": "74.125.139.153",
                  "SourcePortName": "-",
                  "Image": "C:\\Users\\admin\\AppData\\Local\\Programs\\Python\\Python37\\pythonw.exe",
                  "ProcessGuid": "5240FBE6-0B07-62E4-3A00-000000002400",
                  "DestinationHostname": "-",
                  "UtcTime": "2022-07-29 16:31:13.043",
                  "User": "work\\admin",
                  "DestinationPort": "443",
                  "RuleName": "Usermode",
                  "SourcePort": "49181",
                  "Protocol": "tcp",
                  "SourceHostname": "-",
                  "SourceIp": "192.168.122.10",
                  "DestinationIsIpv6": "false"
                }
              },
              {
                "values": {
                  "EventID": "3",
                  "ProcessId": "2020",
                  "DestinationPortName": "-",
                  "Protocol": "tcp",
                  "DestinationIp": "74.125.139.153",
                  "Initiated": "true",
                  "SourcePortName": "-",
                  "Image": "C:\\Users\\admin\\AppData\\Local\\Programs\\Python\\Python37\\pythonw.exe",
                  "ProcessGuid": "5240FBE6-0B07-62E4-3A00-000000002400",
                  "DestinationHostname": "-",
                  "UtcTime": "2022-07-29 16:31:18.299",
                  "User": "work\\admin",
                  "DestinationPort": "443",
                  "RuleName": "Usermode",
                  "SourcePort": "49182",
                  "SourceIsIpv6": "false",
                  "SourceHostname": "-",
                  "SourceIp": "192.168.122.10",
                  "DestinationIsIpv6": "false"
                }
              },
              {
                "values": {
                  "EventID": "3",
                  "ProcessId": "2020",
                  "DestinationPortName": "-",
                  "SourceIsIpv6": "false",
                  "Initiated": "true",
                  "DestinationIp": "74.125.139.153",
                  "SourcePortName": "-",
                  "Image": "C:\\Users\\admin\\AppData\\Local\\Programs\\Python\\Python37\\pythonw.exe",
                  "ProcessGuid": "5240FBE6-0B07-62E4-3A00-000000002400",
                  "DestinationHostname": "-",
                  "UtcTime": "2022-07-29 16:31:28.013",
                  "User": "work\\admin",
                  "DestinationPort": "443",
                  "RuleName": "Usermode",
                  "SourcePort": "49183",
                  "Protocol": "tcp",
                  "SourceHostname": "-",
                  "SourceIp": "192.168.122.10",
                  "DestinationIsIpv6": "false"
                }
              },
              {
                "values": {
                  "EventID": "3",
                  "ProcessId": "2020",
                  "DestinationPortName": "-",
                  "SourceIsIpv6": "false",
                  "Initiated": "true",
                  "DestinationIp": "74.125.139.153",
                  "SourcePortName": "-",
                  "Image": "C:\\Users\\admin\\AppData\\Local\\Programs\\Python\\Python37\\pythonw.exe",
                  "ProcessGuid": "5240FBE6-0B07-62E4-3A00-000000002400",
                  "DestinationHostname": "-",
                  "UtcTime": "2022-07-29 16:31:32.706",
                  "User": "work\\admin",
                  "DestinationPort": "443",
                  "RuleName": "Usermode",
                  "SourcePort": "49186",
                  "Protocol": "tcp",
                  "SourceHostname": "-",
                  "SourceIp": "192.168.122.10",
                  "DestinationIsIpv6": "false"
                }
              },
              {
                "values": {
                  "EventID": "3",
                  "ProcessId": "2020",
                  "DestinationPortName": "-",
                  "SourceIsIpv6": "false",
                  "DestinationIp": "74.125.139.153",
                  "Initiated": "true",
                  "SourcePortName": "-",
                  "Image": "C:\\Users\\admin\\AppData\\Local\\Programs\\Python\\Python37\\pythonw.exe",
                  "ProcessGuid": "5240FBE6-0B07-62E4-3A00-000000002400",
                  "DestinationHostname": "-",
                  "UtcTime": "2022-07-29 16:31:34.779",
                  "User": "work\\admin",
                  "DestinationPort": "443",
                  "RuleName": "Usermode",
                  "SourcePort": "49187",
                  "Protocol": "tcp",
                  "SourceHostname": "-",
                  "SourceIp": "192.168.122.10",
                  "DestinationIsIpv6": "false"
                }
              },
              {
                "values": {
                  "EventID": "3",
                  "ProcessId": "2020",
                  "DestinationPortName": "-",
                  "SourceIsIpv6": "false",
                  "Initiated": "true",
                  "DestinationIp": "74.125.139.153",
                  "SourcePortName": "-",
                  "Image": "C:\\Users\\admin\\AppData\\Local\\Programs\\Python\\Python37\\pythonw.exe",
                  "ProcessGuid": "5240FBE6-0B07-62E4-3A00-000000002400",
                  "DestinationHostname": "-",
                  "UtcTime": "2022-07-29 16:31:40.165",
                  "User": "work\\admin",
                  "DestinationPort": "443",
                  "RuleName": "Usermode",
                  "SourcePort": "49188",
                  "Protocol": "tcp",
                  "SourceHostname": "-",
                  "SourceIp": "192.168.122.10",
                  "DestinationIsIpv6": "false"
                }
              },
              {
                "values": {
                  "EventID": "3",
                  "ProcessId": "2020",
                  "DestinationPortName": "-",
                  "Protocol": "tcp",
                  "DestinationIp": "74.125.139.153",
                  "Initiated": "true",
                  "SourcePortName": "-",
                  "Image": "C:\\Users\\admin\\AppData\\Local\\Programs\\Python\\Python37\\pythonw.exe",
                  "ProcessGuid": "5240FBE6-0B07-62E4-3A00-000000002400",
                  "DestinationHostname": "-",
                  "UtcTime": "2022-07-29 16:31:50.368",
                  "User": "work\\admin",
                  "DestinationPort": "443",
                  "RuleName": "Usermode",
                  "SourcePort": "49195",
                  "SourceIsIpv6": "false",
                  "SourceHostname": "-",
                  "SourceIp": "192.168.122.10",
                  "DestinationIsIpv6": "false"
                }
              },
              {
                "values": {
                  "EventID": "3",
                  "ProcessId": "2020",
                  "DestinationPortName": "-",
                  "SourceIsIpv6": "false",
                  "Initiated": "true",
                  "DestinationIp": "74.125.139.153",
                  "SourcePortName": "-",
                  "Image": "C:\\Users\\admin\\AppData\\Local\\Programs\\Python\\Python37\\pythonw.exe",
                  "ProcessGuid": "5240FBE6-0B07-62E4-3A00-000000002400",
                  "DestinationHostname": "-",
                  "UtcTime": "2022-07-29 16:31:55.681",
                  "User": "work\\admin",
                  "DestinationPort": "443",
                  "RuleName": "Usermode",
                  "SourcePort": "49197",
                  "Protocol": "tcp",
                  "SourceHostname": "-",
                  "SourceIp": "192.168.122.10",
                  "DestinationIsIpv6": "false"
                }
              },
              {
                "values": {
                  "EventID": "3",
                  "ProcessId": "2020",
                  "DestinationPortName": "-",
                  "SourceIsIpv6": "false",
                  "DestinationIp": "74.125.139.153",
                  "Initiated": "true",
                  "SourcePortName": "-",
                  "Image": "C:\\Users\\admin\\AppData\\Local\\Programs\\Python\\Python37\\pythonw.exe",
                  "ProcessGuid": "5240FBE6-0B07-62E4-3A00-000000002400",
                  "DestinationHostname": "-",
                  "UtcTime": "2022-07-29 16:32:01.095",
                  "User": "work\\admin",
                  "DestinationPort": "443",
                  "RuleName": "Usermode",
                  "SourcePort": "49198",
                  "Protocol": "tcp",
                  "SourceHostname": "-",
                  "SourceIp": "192.168.122.10",
                  "DestinationIsIpv6": "false"
                }
              },
              {
                "values": {
                  "EventID": "3",
                  "ProcessId": "2020",
                  "DestinationPortName": "-",
                  "SourceIsIpv6": "false",
                  "DestinationIp": "255.255.255.255",
                  "Initiated": "true",
                  "SourcePortName": "-",
                  "Image": "C:\\Users\\admin\\AppData\\Local\\Programs\\Python\\Python37\\pythonw.exe",
                  "ProcessGuid": "5240FBE6-0B07-62E4-3A00-000000002400",
                  "DestinationHostname": "-",
                  "UtcTime": "2022-07-29 16:30:09.932",
                  "User": "work\\admin",
                  "DestinationPort": "12345",
                  "RuleName": "Usermode",
                  "SourcePort": "54119",
                  "Protocol": "udp",
                  "SourceHostname": "-",
                  "SourceIp": "192.168.122.10",
                  "DestinationIsIpv6": "false"
                }
              },
              {
                "values": {
                  "EventID": "3",
                  "ProcessId": "2020",
                  "DestinationPortName": "-",
                  "SourceIsIpv6": "false",
                  "Initiated": "true",
                  "DestinationIp": "74.125.139.153",
                  "SourcePortName": "-",
                  "Image": "C:\\Users\\admin\\AppData\\Local\\Programs\\Python\\Python37\\pythonw.exe",
                  "ProcessGuid": "5240FBE6-0B07-62E4-3A00-000000002400",
                  "DestinationHostname": "-",
                  "UtcTime": "2022-07-29 16:30:25.097",
                  "User": "work\\admin",
                  "DestinationPort": "443",
                  "RuleName": "Usermode",
                  "SourcePort": "49168",
                  "Protocol": "tcp",
                  "SourceHostname": "-",
                  "SourceIp": "192.168.122.10",
                  "DestinationIsIpv6": "false"
                }
              },
              {
                "values": {
                  "EventID": "3",
                  "ProcessId": "2020",
                  "DestinationPortName": "-",
                  "SourceIsIpv6": "false",
                  "DestinationIp": "74.125.139.153",
                  "Initiated": "true",
                  "SourcePortName": "-",
                  "Image": "C:\\Users\\admin\\AppData\\Local\\Programs\\Python\\Python37\\pythonw.exe",
                  "ProcessGuid": "5240FBE6-0B07-62E4-3A00-000000002400",
                  "DestinationHostname": "-",
                  "UtcTime": "2022-07-29 16:30:31.359",
                  "User": "work\\admin",
                  "DestinationPort": "443",
                  "RuleName": "Usermode",
                  "SourcePort": "49172",
                  "Protocol": "tcp",
                  "SourceHostname": "-",
                  "SourceIp": "192.168.122.10",
                  "DestinationIsIpv6": "false"
                }
              },
              {
                "values": {
                  "EventID": "3",
                  "ProcessId": "2020",
                  "DestinationPortName": "-",
                  "Protocol": "tcp",
                  "Initiated": "true",
                  "DestinationIp": "74.125.139.153",
                  "SourcePortName": "-",
                  "Image": "C:\\Users\\admin\\AppData\\Local\\Programs\\Python\\Python37\\pythonw.exe",
                  "ProcessGuid": "5240FBE6-0B07-62E4-3A00-000000002400",
                  "DestinationHostname": "-",
                  "UtcTime": "2022-07-29 16:30:35.080",
                  "User": "work\\admin",
                  "DestinationPort": "443",
                  "RuleName": "Usermode",
                  "SourcePort": "49173",
                  "SourceIsIpv6": "false",
                  "SourceHostname": "-",
                  "SourceIp": "192.168.122.10",
                  "DestinationIsIpv6": "false"
                }
              },
              {
                "values": {
                  "EventID": "3",
                  "ProcessId": "2020",
                  "DestinationPortName": "-",
                  "Protocol": "tcp",
                  "Initiated": "true",
                  "DestinationIp": "74.125.139.153",
                  "SourcePortName": "-",
                  "Image": "C:\\Users\\admin\\AppData\\Local\\Programs\\Python\\Python37\\pythonw.exe",
                  "ProcessGuid": "5240FBE6-0B07-62E4-3A00-000000002400",
                  "DestinationHostname": "-",
                  "UtcTime": "2022-07-29 16:30:49.730",
                  "User": "work\\admin",
                  "DestinationPort": "443",
                  "RuleName": "Usermode",
                  "SourcePort": "49176",
                  "SourceIsIpv6": "false",
                  "SourceHostname": "-",
                  "SourceIp": "192.168.122.10",
                  "DestinationIsIpv6": "false"
                }
              },
              {
                "values": {
                  "EventID": "3",
                  "ProcessId": "2020",
                  "DestinationPortName": "-",
                  "SourceIsIpv6": "false",
                  "DestinationIp": "74.125.139.153",
                  "Initiated": "true",
                  "SourcePortName": "-",
                  "Image": "C:\\Users\\admin\\AppData\\Local\\Programs\\Python\\Python37\\pythonw.exe",
                  "ProcessGuid": "5240FBE6-0B07-62E4-3A00-000000002400",
                  "DestinationHostname": "-",
                  "UtcTime": "2022-07-29 16:30:53.977",
                  "User": "work\\admin",
                  "DestinationPort": "443",
                  "RuleName": "Usermode",
                  "SourcePort": "49177",
                  "Protocol": "tcp",
                  "SourceHostname": "-",
                  "SourceIp": "192.168.122.10",
                  "DestinationIsIpv6": "false"
                }
              },
              {
                "values": {
                  "EventID": "3",
                  "ProcessId": "2020",
                  "DestinationPortName": "-",
                  "SourceIsIpv6": "false",
                  "DestinationIp": "74.125.139.153",
                  "Initiated": "true",
                  "SourcePortName": "-",
                  "Image": "C:\\Users\\admin\\AppData\\Local\\Programs\\Python\\Python37\\pythonw.exe",
                  "ProcessGuid": "5240FBE6-0B07-62E4-3A00-000000002400",
                  "DestinationHostname": "-",
                  "UtcTime": "2022-07-29 16:30:59.181",
                  "User": "work\\admin",
                  "DestinationPort": "443",
                  "RuleName": "Usermode",
                  "SourcePort": "49178",
                  "Protocol": "tcp",
                  "SourceHostname": "-",
                  "SourceIp": "192.168.122.10",
                  "DestinationIsIpv6": "false"
                }
              },
              {
                "values": {
                  "EventID": "3",
                  "ProcessId": "2020",
                  "DestinationPortName": "-",
                  "Protocol": "tcp",
                  "DestinationIp": "74.125.139.153",
                  "Initiated": "true",
                  "SourcePortName": "-",
                  "Image": "C:\\Users\\admin\\AppData\\Local\\Programs\\Python\\Python37\\pythonw.exe",
                  "ProcessGuid": "5240FBE6-0B07-62E4-3A00-000000002400",
                  "DestinationHostname": "-",
                  "UtcTime": "2022-07-29 16:31:08.692",
                  "User": "work\\admin",
                  "DestinationPort": "443",
                  "RuleName": "Usermode",
                  "SourcePort": "49180",
                  "SourceIsIpv6": "false",
                  "SourceHostname": "-",
                  "SourceIp": "192.168.122.10",
                  "DestinationIsIpv6": "false"
                }
              },
